<?xml version="1.0" encoding="UTF-8"?>
<robot generator="Robot 3.2.2 (Python 3.6.8 on win32)" generated="20210205 16:07:41.402" rpa="false">
<suite id="s1" name="T0 verify admin &amp; T0 verify test adhoc assign &amp; T1 user management &amp; T1 verify budget guidelines &amp; T1 verify capex prebudget &amp; T2 verify hr prebudget &amp; T3 verify activity prebudget &amp; T4 verify bs prebudget &amp; T5 verify profitloss prebudget &amp; T6 simulation after prebudget &amp; T7 quarterlyReport consolidation &amp; T8 specialReport consolidation &amp; T9 template Consolidation &amp; Test">
<suite id="s1-s1" name="T0 verify admin" source="E:\QAautomation\Budget-Automation\budget_admin\test_suites\T0_verify_admin.robot">
<kw name="Open Budget Application" library="loginPage" type="setup">
<kw name="Open Browser" library="SeleniumLibrary">
<doc>Opens a new browser instance to the optional ``url``.</doc>
<arguments>
<arg>${url}</arg>
<arg>Chrome</arg>
<arg>add_argument("--disable-popup-blocking"); add_argument("--ignore-certificate-errors") error</arg>
</arguments>
<msg timestamp="20210205 16:07:41.797" level="INFO">Opening browser 'Chrome' to base url 'https://10.13.189.56:8443/cas/login?service=https%3A%2F%2F10.13.189.56%3A8443%2Fbudget%2Flogin%2Fcas'.</msg>
<status status="PASS" starttime="20210205 16:07:41.797" endtime="20210205 16:07:45.711"></status>
</kw>
<kw name="Maximize Browser Window" library="SeleniumLibrary">
<doc>Maximizes current browser window.</doc>
<status status="PASS" starttime="20210205 16:07:45.711" endtime="20210205 16:07:47.881"></status>
</kw>
<kw name="Click Button" library="SeleniumLibrary">
<doc>Clicks the button identified by ``locator``.</doc>
<arguments>
<arg>details-button</arg>
</arguments>
<msg timestamp="20210205 16:07:47.881" level="INFO">Clicking button 'details-button'.</msg>
<status status="PASS" starttime="20210205 16:07:47.881" endtime="20210205 16:07:47.951"></status>
</kw>
<kw name="Click Element" library="SeleniumLibrary">
<doc>Click the element identified by ``locator``.</doc>
<arguments>
<arg>proceed-link</arg>
</arguments>
<msg timestamp="20210205 16:07:47.952" level="INFO">Clicking element 'proceed-link'.</msg>
<status status="PASS" starttime="20210205 16:07:47.952" endtime="20210205 16:07:49.704"></status>
</kw>
<kw name="Sleep" library="BuiltIn">
<doc>Pauses the test executed for the given time.</doc>
<arguments>
<arg>2S</arg>
</arguments>
<msg timestamp="20210205 16:07:51.715" level="INFO">Slept 2 seconds</msg>
<status status="PASS" starttime="20210205 16:07:49.704" endtime="20210205 16:07:51.715"></status>
</kw>
<status status="PASS" starttime="20210205 16:07:41.796" endtime="20210205 16:07:51.715"></status>
</kw>
<test id="s1-s1-t1" name="Verify that login page works properly and is authenticated">
<kw name="Run Keyword And Continue On Failure" library="BuiltIn">
<doc>Runs the keyword and continues execution even if a failure occurs.</doc>
<arguments>
<arg>Verify Invalid Login</arg>
</arguments>
<kw name="Verify Invalid Login" library="loginPage">
<kw name="Enter Invalid Username" library="loginPage">
<arguments>
<arg>asds</arg>
</arguments>
<kw name="Wait Until Element Is Visible" library="SeleniumLibrary">
<doc>Waits until the element ``locator`` is visible.</doc>
<arguments>
<arg>id=username</arg>
</arguments>
<status status="PASS" starttime="20210205 16:07:51.719" endtime="20210205 16:07:51.754"></status>
</kw>
<kw name="Input Text" library="SeleniumLibrary">
<doc>Types the given ``text`` into the text field identified by ``locator``.</doc>
<arguments>
<arg>id=username</arg>
<arg>${invalid_username}</arg>
</arguments>
<msg timestamp="20210205 16:07:51.755" level="INFO">Typing text 'asds' into text field 'id=username'.</msg>
<status status="PASS" starttime="20210205 16:07:51.754" endtime="20210205 16:07:51.820"></status>
</kw>
<status status="PASS" starttime="20210205 16:07:51.719" endtime="20210205 16:07:51.820"></status>
</kw>
<kw name="Enter Invalid Password" library="loginPage">
<arguments>
<arg>sdfds</arg>
</arguments>
<kw name="Wait Until Element Is Visible" library="SeleniumLibrary">
<doc>Waits until the element ``locator`` is visible.</doc>
<arguments>
<arg>id=password</arg>
</arguments>
<status status="PASS" starttime="20210205 16:07:51.821" endtime="20210205 16:07:51.844"></status>
</kw>
<kw name="Input Text" library="SeleniumLibrary">
<doc>Types the given ``text`` into the text field identified by ``locator``.</doc>
<arguments>
<arg>id=password</arg>
<arg>${invalid_password}</arg>
</arguments>
<msg timestamp="20210205 16:07:51.845" level="INFO">Typing text 'sdfds' into text field 'id=password'.</msg>
<status status="PASS" starttime="20210205 16:07:51.845" endtime="20210205 16:07:51.929"></status>
</kw>
<status status="PASS" starttime="20210205 16:07:51.821" endtime="20210205 16:07:51.929"></status>
</kw>
<kw name="Run Keyword And Continue On Failure" library="BuiltIn">
<doc>Runs the keyword and continues execution even if a failure occurs.</doc>
<arguments>
<arg>title should be login</arg>
</arguments>
<kw name="Title should be login" library="loginPage">
<kw name="Title Should Be" library="SeleniumLibrary">
<doc>Verifies that the current page title equals ``title``.</doc>
<arguments>
<arg>Login - CAS – Central Authentication Service</arg>
</arguments>
<msg timestamp="20210205 16:07:51.936" level="INFO">Page title is 'Login - CAS – Central Authentication Service'.</msg>
<status status="PASS" starttime="20210205 16:07:51.931" endtime="20210205 16:07:51.936"></status>
</kw>
<status status="PASS" starttime="20210205 16:07:51.930" endtime="20210205 16:07:51.936"></status>
</kw>
<status status="PASS" starttime="20210205 16:07:51.930" endtime="20210205 16:07:51.936"></status>
</kw>
<kw name="Run Keyword And Continue On Failure" library="BuiltIn">
<doc>Runs the keyword and continues execution even if a failure occurs.</doc>
<arguments>
<arg>page should contain header text</arg>
</arguments>
<kw name="page should contain header text" library="loginPage">
<kw name="Run Keyword And Continue On Failure" library="BuiltIn">
<doc>Runs the keyword and continues execution even if a failure occurs.</doc>
<arguments>
<arg>element should be visible</arg>
<arg>${header_text}</arg>
<arg>message=Extenso Data Budget Operation Secured Login</arg>
</arguments>
<kw name="Element Should Be Visible" library="SeleniumLibrary">
<doc>Verifies that the element identified by ``locator`` is visible.</doc>
<arguments>
<arg>${header_text}</arg>
<arg>message=Extenso Data Budget Operation Secured Login</arg>
</arguments>
<msg timestamp="20210205 16:07:51.957" level="INFO">Element 'id=servicedesc' is displayed.</msg>
<status status="PASS" starttime="20210205 16:07:51.937" endtime="20210205 16:07:51.958"></status>
</kw>
<status status="PASS" starttime="20210205 16:07:51.937" endtime="20210205 16:07:51.958"></status>
</kw>
<status status="PASS" starttime="20210205 16:07:51.937" endtime="20210205 16:07:51.958"></status>
</kw>
<status status="PASS" starttime="20210205 16:07:51.936" endtime="20210205 16:07:51.958"></status>
</kw>
<kw name="Click Submit" library="loginPage">
<kw name="Press Keys" library="SeleniumLibrary">
<doc>Simulates the user pressing key(s) to an element or on the active browser.</doc>
<arguments>
<arg>name=submit</arg>
<arg>RETURN</arg>
</arguments>
<msg timestamp="20210205 16:07:51.959" level="INFO">Sending key(s) ('RETURN',) to name=submit element.</msg>
<msg timestamp="20210205 16:07:57.785" level="INFO">Pressing special key RETURN to element.</msg>
<msg timestamp="20210205 16:07:57.785" level="INFO">Releasing special key RETURN.</msg>
<status status="PASS" starttime="20210205 16:07:51.958" endtime="20210205 16:07:59.005"></status>
</kw>
<kw name="Sleep" library="BuiltIn">
<doc>Pauses the test executed for the given time.</doc>
<arguments>
<arg>2s</arg>
</arguments>
<msg timestamp="20210205 16:08:01.013" level="INFO">Slept 2 seconds</msg>
<status status="PASS" starttime="20210205 16:07:59.005" endtime="20210205 16:08:01.013"></status>
</kw>
<status status="PASS" starttime="20210205 16:07:51.958" endtime="20210205 16:08:01.014"></status>
</kw>
<kw name="Message after invalid username or password" library="loginPage">
<kw name="Run Keyword And Continue On Failure" library="BuiltIn">
<doc>Runs the keyword and continues execution even if a failure occurs.</doc>
<arguments>
<arg>element should be visible</arg>
<arg>${message_invalid_password}</arg>
<arg>message=Your account is not recognized and cannot login at this time.</arg>
</arguments>
<kw name="Element Should Be Visible" library="SeleniumLibrary">
<doc>Verifies that the element identified by ``locator`` is visible.</doc>
<arguments>
<arg>${message_invalid_password}</arg>
<arg>message=Your account is not recognized and cannot login at this time.</arg>
</arguments>
<msg timestamp="20210205 16:08:01.039" level="INFO">Element '//*[@id="fm1"]/div/span' is displayed.</msg>
<status status="PASS" starttime="20210205 16:08:01.015" endtime="20210205 16:08:01.039"></status>
</kw>
<status status="PASS" starttime="20210205 16:08:01.014" endtime="20210205 16:08:01.039"></status>
</kw>
<status status="PASS" starttime="20210205 16:08:01.014" endtime="20210205 16:08:01.039"></status>
</kw>
<status status="PASS" starttime="20210205 16:07:51.718" endtime="20210205 16:08:01.040"></status>
</kw>
<status status="PASS" starttime="20210205 16:07:51.718" endtime="20210205 16:08:01.040"></status>
</kw>
<kw name="Run Keyword And Continue On Failure" library="BuiltIn">
<doc>Runs the keyword and continues execution even if a failure occurs.</doc>
<arguments>
<arg>Verify Login Page is successful</arg>
</arguments>
<kw name="Verify Login Page is successful" library="loginPage">
<kw name="Run Keyword And Continue On Failure" library="BuiltIn">
<doc>Runs the keyword and continues execution even if a failure occurs.</doc>
<arguments>
<arg>title should be login</arg>
</arguments>
<kw name="Title should be login" library="loginPage">
<kw name="Title Should Be" library="SeleniumLibrary">
<doc>Verifies that the current page title equals ``title``.</doc>
<arguments>
<arg>Login - CAS – Central Authentication Service</arg>
</arguments>
<msg timestamp="20210205 16:08:01.047" level="INFO">Page title is 'Login - CAS – Central Authentication Service'.</msg>
<status status="PASS" starttime="20210205 16:08:01.042" endtime="20210205 16:08:01.047"></status>
</kw>
<status status="PASS" starttime="20210205 16:08:01.042" endtime="20210205 16:08:01.047"></status>
</kw>
<status status="PASS" starttime="20210205 16:08:01.041" endtime="20210205 16:08:01.047"></status>
</kw>
<kw name="Run Keyword And Continue On Failure" library="BuiltIn">
<doc>Runs the keyword and continues execution even if a failure occurs.</doc>
<arguments>
<arg>page should contain header text</arg>
</arguments>
<kw name="page should contain header text" library="loginPage">
<kw name="Run Keyword And Continue On Failure" library="BuiltIn">
<doc>Runs the keyword and continues execution even if a failure occurs.</doc>
<arguments>
<arg>element should be visible</arg>
<arg>${header_text}</arg>
<arg>message=Extenso Data Budget Operation Secured Login</arg>
</arguments>
<kw name="Element Should Be Visible" library="SeleniumLibrary">
<doc>Verifies that the element identified by ``locator`` is visible.</doc>
<arguments>
<arg>${header_text}</arg>
<arg>message=Extenso Data Budget Operation Secured Login</arg>
</arguments>
<msg timestamp="20210205 16:08:01.065" level="INFO">Element 'id=servicedesc' is displayed.</msg>
<status status="PASS" starttime="20210205 16:08:01.048" endtime="20210205 16:08:01.065"></status>
</kw>
<status status="PASS" starttime="20210205 16:08:01.048" endtime="20210205 16:08:01.065"></status>
</kw>
<status status="PASS" starttime="20210205 16:08:01.048" endtime="20210205 16:08:01.065"></status>
</kw>
<status status="PASS" starttime="20210205 16:08:01.048" endtime="20210205 16:08:01.065"></status>
</kw>
<kw name="Enter valid Username" library="loginPage">
<arguments>
<arg>admin</arg>
</arguments>
<kw name="Wait Until Element Is Visible" library="SeleniumLibrary">
<doc>Waits until the element ``locator`` is visible.</doc>
<arguments>
<arg>id=username</arg>
</arguments>
<status status="PASS" starttime="20210205 16:08:01.066" endtime="20210205 16:08:01.090"></status>
</kw>
<kw name="Input Text" library="SeleniumLibrary">
<doc>Types the given ``text`` into the text field identified by ``locator``.</doc>
<arguments>
<arg>id=username</arg>
<arg>${username}</arg>
</arguments>
<msg timestamp="20210205 16:08:01.090" level="INFO">Typing text 'admin' into text field 'id=username'.</msg>
<status status="PASS" starttime="20210205 16:08:01.090" endtime="20210205 16:08:01.186"></status>
</kw>
<status status="PASS" starttime="20210205 16:08:01.065" endtime="20210205 16:08:01.186"></status>
</kw>
<kw name="Enter valid Password" library="loginPage">
<arguments>
<arg>admin123</arg>
</arguments>
<kw name="Wait Until Element Is Visible" library="SeleniumLibrary">
<doc>Waits until the element ``locator`` is visible.</doc>
<arguments>
<arg>id=password</arg>
</arguments>
<status status="PASS" starttime="20210205 16:08:01.187" endtime="20210205 16:08:01.203"></status>
</kw>
<kw name="Input Text" library="SeleniumLibrary">
<doc>Types the given ``text`` into the text field identified by ``locator``.</doc>
<arguments>
<arg>id=password</arg>
<arg>${password}</arg>
</arguments>
<msg timestamp="20210205 16:08:01.203" level="INFO">Typing text 'admin123' into text field 'id=password'.</msg>
<status status="PASS" starttime="20210205 16:08:01.203" endtime="20210205 16:08:01.282"></status>
</kw>
<status status="PASS" starttime="20210205 16:08:01.186" endtime="20210205 16:08:01.282"></status>
</kw>
<kw name="Click Submit" library="loginPage">
<kw name="Press Keys" library="SeleniumLibrary">
<doc>Simulates the user pressing key(s) to an element or on the active browser.</doc>
<arguments>
<arg>name=submit</arg>
<arg>RETURN</arg>
</arguments>
<msg timestamp="20210205 16:08:01.283" level="INFO">Sending key(s) ('RETURN',) to name=submit element.</msg>
<msg timestamp="20210205 16:08:10.417" level="INFO">Pressing special key RETURN to element.</msg>
<msg timestamp="20210205 16:08:10.417" level="INFO">Releasing special key RETURN.</msg>
<status status="PASS" starttime="20210205 16:08:01.283" endtime="20210205 16:08:10.451"></status>
</kw>
<kw name="Sleep" library="BuiltIn">
<doc>Pauses the test executed for the given time.</doc>
<arguments>
<arg>2s</arg>
</arguments>
<msg timestamp="20210205 16:08:12.459" level="INFO">Slept 2 seconds</msg>
<status status="PASS" starttime="20210205 16:08:10.451" endtime="20210205 16:08:12.459"></status>
</kw>
<status status="PASS" starttime="20210205 16:08:01.282" endtime="20210205 16:08:12.460"></status>
</kw>
<status status="PASS" starttime="20210205 16:08:01.041" endtime="20210205 16:08:12.460"></status>
</kw>
<status status="PASS" starttime="20210205 16:08:01.041" endtime="20210205 16:08:12.460"></status>
</kw>
<status status="PASS" starttime="20210205 16:07:51.716" endtime="20210205 16:08:12.461" critical="yes"></status>
</test>
<doc>this suite verifies admin pge.</doc>
<status status="PASS" starttime="20210205 16:07:41.433" endtime="20210205 16:08:12.463"></status>
</suite>
<suite id="s1-s2" name="T0 verify test adhoc assign" source="E:\QAautomation\Budget-Automation\budget_admin\test_suites\T0_verify_test_adhoc_assign.robot">
<test id="s1-s2-t1" name="Click on budget">
<kw name="Run Keyword And Continue On Failure" library="BuiltIn">
<doc>Runs the keyword and continues execution even if a failure occurs.</doc>
<arguments>
<arg>Click Budget</arg>
</arguments>
<kw name="Click Budget" library="navigateSidebar">
<kw name="Sleep" library="BuiltIn">
<doc>Pauses the test executed for the given time.</doc>
<arguments>
<arg>1s</arg>
</arguments>
<msg timestamp="20210205 16:08:13.496" level="INFO">Slept 1 second</msg>
<status status="PASS" starttime="20210205 16:08:12.488" endtime="20210205 16:08:13.496"></status>
</kw>
<kw name="Wait Until Element Is Visible" library="SeleniumLibrary">
<doc>Waits until the element ``locator`` is visible.</doc>
<arguments>
<arg>//li[@id='budget']</arg>
</arguments>
<status status="PASS" starttime="20210205 16:08:13.496" endtime="20210205 16:08:13.516"></status>
</kw>
<kw name="Click Element" library="SeleniumLibrary">
<doc>Click the element identified by ``locator``.</doc>
<arguments>
<arg>//li[@id='budget']</arg>
</arguments>
<msg timestamp="20210205 16:08:13.516" level="INFO">Clicking element '//li[@id='budget']'.</msg>
<status status="PASS" starttime="20210205 16:08:13.516" endtime="20210205 16:08:13.562"></status>
</kw>
<status status="PASS" starttime="20210205 16:08:12.488" endtime="20210205 16:08:13.563"></status>
</kw>
<status status="PASS" starttime="20210205 16:08:12.488" endtime="20210205 16:08:13.563"></status>
</kw>
<status status="PASS" starttime="20210205 16:08:12.487" endtime="20210205 16:08:13.563" critical="yes"></status>
</test>
<doc>this suite verifies Capex page.</doc>
<status status="PASS" starttime="20210205 16:08:12.468" endtime="20210205 16:08:13.566"></status>
</suite>
<suite id="s1-s3" name="T1 user management" source="E:\QAautomation\Budget-Automation\budget_admin\test_suites\T1_user_management.robot">
<test id="s1-s3-t1" name="Verify User Add">
<kw name="Run Keyword And Continue On Failure" library="BuiltIn">
<doc>Runs the keyword and continues execution even if a failure occurs.</doc>
<arguments>
<arg>Click on User Management</arg>
</arguments>
<kw name="Click on User Management" library="userManagementPage">
<kw name="Wait Until Element Is Visible" library="SeleniumLibrary">
<doc>Waits until the element ``locator`` is visible.</doc>
<arguments>
<arg>${toggle_usermanagement_xpath}</arg>
</arguments>
<status status="PASS" starttime="20210205 16:08:13.602" endtime="20210205 16:08:13.658"></status>
</kw>
<kw name="Click Element" library="SeleniumLibrary">
<doc>Click the element identified by ``locator``.</doc>
<arguments>
<arg>${toggle_usermanagement_xpath}</arg>
</arguments>
<msg timestamp="20210205 16:08:13.659" level="INFO">Clicking element '//li[@id='user']//div'.</msg>
<status status="PASS" starttime="20210205 16:08:13.658" endtime="20210205 16:08:13.733"></status>
</kw>
<kw name="Sleep" library="BuiltIn">
<doc>Pauses the test executed for the given time.</doc>
<arguments>
<arg>3s</arg>
</arguments>
<msg timestamp="20210205 16:08:16.736" level="INFO">Slept 3 seconds</msg>
<status status="PASS" starttime="20210205 16:08:13.733" endtime="20210205 16:08:16.736"></status>
</kw>
<status status="PASS" starttime="20210205 16:08:13.602" endtime="20210205 16:08:16.736"></status>
</kw>
<status status="PASS" starttime="20210205 16:08:13.602" endtime="20210205 16:08:16.736"></status>
</kw>
<kw name="Run Keyword And Continue On Failure" library="BuiltIn">
<doc>Runs the keyword and continues execution even if a failure occurs.</doc>
<arguments>
<arg>Click Users</arg>
</arguments>
<kw name="Click Users" library="userManagementPage">
<kw name="Wait Until Element Is Visible" library="SeleniumLibrary">
<doc>Waits until the element ``locator`` is visible.</doc>
<arguments>
<arg>${click_users_xpath}</arg>
</arguments>
<status status="PASS" starttime="20210205 16:08:16.738" endtime="20210205 16:08:16.758"></status>
</kw>
<kw name="Click Element" library="SeleniumLibrary">
<doc>Click the element identified by ``locator``.</doc>
<arguments>
<arg>${click_users_xpath}</arg>
</arguments>
<msg timestamp="20210205 16:08:16.758" level="INFO">Clicking element '//li//a[@id='user_info']'.</msg>
<status status="PASS" starttime="20210205 16:08:16.758" endtime="20210205 16:08:16.899"></status>
</kw>
<kw name="Sleep" library="BuiltIn">
<doc>Pauses the test executed for the given time.</doc>
<arguments>
<arg>3s</arg>
</arguments>
<msg timestamp="20210205 16:08:19.900" level="INFO">Slept 3 seconds</msg>
<status status="PASS" starttime="20210205 16:08:16.899" endtime="20210205 16:08:19.900"></status>
</kw>
<status status="PASS" starttime="20210205 16:08:16.738" endtime="20210205 16:08:19.900"></status>
</kw>
<status status="PASS" starttime="20210205 16:08:16.737" endtime="20210205 16:08:19.900"></status>
</kw>
<status status="PASS" starttime="20210205 16:08:13.601" endtime="20210205 16:08:19.900" critical="yes"></status>
</test>
<test id="s1-s3-t2" name="Refresh User Button">
<kw name="Run Keyword And Continue On Failure" library="BuiltIn">
<doc>Runs the keyword and continues execution even if a failure occurs.</doc>
<arguments>
<arg>Refresh User Button</arg>
</arguments>
<kw name="Refresh User Button" library="userManagementPage">
<kw name="Wait Until Element Is Visible" library="SeleniumLibrary">
<doc>Waits until the element ``locator`` is visible.</doc>
<arguments>
<arg>${refresh_button_xpath}</arg>
</arguments>
<status status="PASS" starttime="20210205 16:08:19.904" endtime="20210205 16:08:19.926"></status>
</kw>
<kw name="Click Element" library="SeleniumLibrary">
<doc>Click the element identified by ``locator``.</doc>
<arguments>
<arg>${refresh_button_xpath}</arg>
</arguments>
<msg timestamp="20210205 16:08:19.927" level="INFO">Clicking element '//app-userdashboard/div/div/div/div/div[2]/div[1]/span/button[2]'.</msg>
<status status="PASS" starttime="20210205 16:08:19.927" endtime="20210205 16:08:20.023"></status>
</kw>
<kw name="Sleep" library="BuiltIn">
<doc>Pauses the test executed for the given time.</doc>
<arguments>
<arg>1s</arg>
</arguments>
<msg timestamp="20210205 16:08:21.032" level="INFO">Slept 1 second</msg>
<status status="PASS" starttime="20210205 16:08:20.023" endtime="20210205 16:08:21.032"></status>
</kw>
<status status="PASS" starttime="20210205 16:08:19.903" endtime="20210205 16:08:21.033"></status>
</kw>
<status status="PASS" starttime="20210205 16:08:19.903" endtime="20210205 16:08:21.033"></status>
</kw>
<status status="PASS" starttime="20210205 16:08:19.902" endtime="20210205 16:08:21.034" critical="yes"></status>
</test>
<test id="s1-s3-t3" name="Click Add User">
<kw name="Run Keyword And Continue On Failure" library="BuiltIn">
<doc>Runs the keyword and continues execution even if a failure occurs.</doc>
<arguments>
<arg>Click Add User</arg>
</arguments>
<kw name="Click Add User" library="userManagementPage">
<kw name="Wait Until Element Is Visible" library="SeleniumLibrary">
<doc>Waits until the element ``locator`` is visible.</doc>
<arguments>
<arg>${add_button}</arg>
</arguments>
<status status="PASS" starttime="20210205 16:08:21.039" endtime="20210205 16:08:21.064"></status>
</kw>
<kw name="Click Element" library="SeleniumLibrary">
<doc>Click the element identified by ``locator``.</doc>
<arguments>
<arg>${add_button}</arg>
</arguments>
<msg timestamp="20210205 16:08:21.065" level="INFO">Clicking element '//app-userdashboard/div/div/div/div/div[2]/div[1]/span/button[1]'.</msg>
<status status="PASS" starttime="20210205 16:08:21.064" endtime="20210205 16:08:21.336"></status>
</kw>
<kw name="Sleep" library="BuiltIn">
<doc>Pauses the test executed for the given time.</doc>
<arguments>
<arg>1s</arg>
</arguments>
<msg timestamp="20210205 16:08:22.342" level="INFO">Slept 1 second</msg>
<status status="PASS" starttime="20210205 16:08:21.336" endtime="20210205 16:08:22.342"></status>
</kw>
<status status="PASS" starttime="20210205 16:08:21.039" endtime="20210205 16:08:22.343"></status>
</kw>
<status status="PASS" starttime="20210205 16:08:21.039" endtime="20210205 16:08:22.343"></status>
</kw>
<status status="PASS" starttime="20210205 16:08:21.038" endtime="20210205 16:08:22.344" critical="yes"></status>
</test>
<test id="s1-s3-t4" name="vaidate inputs of users name">
<kw name="Run Keyword And Continue On Failure" library="BuiltIn">
<doc>Runs the keyword and continues execution even if a failure occurs.</doc>
<arguments>
<arg>validate inputs of users name</arg>
</arguments>
<kw name="validate inputs of users name" library="userManagementPage">
<kw name="Click Element" library="SeleniumLibrary">
<doc>Click the element identified by ``locator``.</doc>
<arguments>
<arg>${input_name}</arg>
</arguments>
<msg timestamp="20210205 16:08:22.349" level="INFO">Clicking element '//input[@id='name']'.</msg>
<status status="PASS" starttime="20210205 16:08:22.349" endtime="20210205 16:08:22.423"></status>
</kw>
<kw name="Input Text" library="SeleniumLibrary">
<doc>Types the given ``text`` into the text field identified by ``locator``.</doc>
<arguments>
<arg>${input_name}</arg>
<arg>testing1a1</arg>
</arguments>
<msg timestamp="20210205 16:08:22.424" level="INFO">Typing text 'testing1a1' into text field '//input[@id='name']'.</msg>
<status status="PASS" starttime="20210205 16:08:22.423" endtime="20210205 16:08:22.528"></status>
</kw>
<kw name="Sleep" library="BuiltIn">
<doc>Pauses the test executed for the given time.</doc>
<arguments>
<arg>1s</arg>
</arguments>
<msg timestamp="20210205 16:08:23.538" level="INFO">Slept 1 second</msg>
<status status="PASS" starttime="20210205 16:08:22.528" endtime="20210205 16:08:23.538"></status>
</kw>
<status status="PASS" starttime="20210205 16:08:22.348" endtime="20210205 16:08:23.538"></status>
</kw>
<status status="PASS" starttime="20210205 16:08:22.348" endtime="20210205 16:08:23.538"></status>
</kw>
<status status="PASS" starttime="20210205 16:08:22.348" endtime="20210205 16:08:23.539" critical="yes"></status>
</test>
<test id="s1-s3-t5" name="validate inputs of users username">
<kw name="Run Keyword And Continue On Failure" library="BuiltIn">
<doc>Runs the keyword and continues execution even if a failure occurs.</doc>
<arguments>
<arg>validate inputs of users username</arg>
</arguments>
<kw name="validate inputs of users username" library="userManagementPage">
<kw name="Click Element" library="SeleniumLibrary">
<doc>Click the element identified by ``locator``.</doc>
<arguments>
<arg>${input_username}</arg>
</arguments>
<msg timestamp="20210205 16:08:23.543" level="INFO">Clicking element '//input[@id='username']'.</msg>
<status status="PASS" starttime="20210205 16:08:23.542" endtime="20210205 16:08:23.620"></status>
</kw>
<kw name="Input Text" library="SeleniumLibrary">
<doc>Types the given ``text`` into the text field identified by ``locator``.</doc>
<arguments>
<arg>${input_username}</arg>
<arg>testing1a1</arg>
</arguments>
<msg timestamp="20210205 16:08:23.620" level="INFO">Typing text 'testing1a1' into text field '//input[@id='username']'.</msg>
<status status="PASS" starttime="20210205 16:08:23.620" endtime="20210205 16:08:23.722"></status>
</kw>
<kw name="Sleep" library="BuiltIn">
<doc>Pauses the test executed for the given time.</doc>
<arguments>
<arg>1s</arg>
</arguments>
<msg timestamp="20210205 16:08:24.723" level="INFO">Slept 1 second</msg>
<status status="PASS" starttime="20210205 16:08:23.722" endtime="20210205 16:08:24.724"></status>
</kw>
<status status="PASS" starttime="20210205 16:08:23.542" endtime="20210205 16:08:24.724"></status>
</kw>
<status status="PASS" starttime="20210205 16:08:23.542" endtime="20210205 16:08:24.725"></status>
</kw>
<status status="PASS" starttime="20210205 16:08:23.541" endtime="20210205 16:08:24.726" critical="yes"></status>
</test>
<test id="s1-s3-t6" name="validate inputs of users password">
<kw name="Run Keyword And Continue On Failure" library="BuiltIn">
<doc>Runs the keyword and continues execution even if a failure occurs.</doc>
<arguments>
<arg>validate inputs of users password</arg>
</arguments>
<kw name="validate inputs of users password" library="userManagementPage">
<kw name="Click Element" library="SeleniumLibrary">
<doc>Click the element identified by ``locator``.</doc>
<arguments>
<arg>${input_password}</arg>
</arguments>
<msg timestamp="20210205 16:08:24.733" level="INFO">Clicking element '//input[@id='password']'.</msg>
<status status="PASS" starttime="20210205 16:08:24.732" endtime="20210205 16:08:24.836"></status>
</kw>
<kw name="Input Text" library="SeleniumLibrary">
<doc>Types the given ``text`` into the text field identified by ``locator``.</doc>
<arguments>
<arg>${input_password}</arg>
<arg>testing1a1</arg>
</arguments>
<msg timestamp="20210205 16:08:24.837" level="INFO">Typing text 'testing1a1' into text field '//input[@id='password']'.</msg>
<status status="PASS" starttime="20210205 16:08:24.836" endtime="20210205 16:08:24.955"></status>
</kw>
<kw name="Sleep" library="BuiltIn">
<doc>Pauses the test executed for the given time.</doc>
<arguments>
<arg>1s</arg>
</arguments>
<msg timestamp="20210205 16:08:25.971" level="INFO">Slept 1 second</msg>
<status status="PASS" starttime="20210205 16:08:24.955" endtime="20210205 16:08:25.971"></status>
</kw>
<status status="PASS" starttime="20210205 16:08:24.731" endtime="20210205 16:08:25.972"></status>
</kw>
<status status="PASS" starttime="20210205 16:08:24.731" endtime="20210205 16:08:25.972"></status>
</kw>
<status status="PASS" starttime="20210205 16:08:24.729" endtime="20210205 16:08:25.973" critical="yes"></status>
</test>
<test id="s1-s3-t7" name="validate inputs of users email">
<kw name="Run Keyword And Continue On Failure" library="BuiltIn">
<doc>Runs the keyword and continues execution even if a failure occurs.</doc>
<arguments>
<arg>validate inputs of users email</arg>
</arguments>
<kw name="validate inputs of users email" library="userManagementPage">
<kw name="Click Element" library="SeleniumLibrary">
<doc>Click the element identified by ``locator``.</doc>
<arguments>
<arg>${input_email}</arg>
</arguments>
<msg timestamp="20210205 16:08:25.980" level="INFO">Clicking element '//input[@id='email']'.</msg>
<status status="PASS" starttime="20210205 16:08:25.979" endtime="20210205 16:08:26.043"></status>
</kw>
<kw name="Input Text" library="SeleniumLibrary">
<doc>Types the given ``text`` into the text field identified by ``locator``.</doc>
<arguments>
<arg>${input_email}</arg>
<arg>testing1a1@gmail.com</arg>
</arguments>
<msg timestamp="20210205 16:08:26.044" level="INFO">Typing text 'testing1a1@gmail.com' into text field '//input[@id='email']'.</msg>
<status status="PASS" starttime="20210205 16:08:26.044" endtime="20210205 16:08:26.192"></status>
</kw>
<kw name="Sleep" library="BuiltIn">
<doc>Pauses the test executed for the given time.</doc>
<arguments>
<arg>1s</arg>
</arguments>
<msg timestamp="20210205 16:08:27.200" level="INFO">Slept 1 second</msg>
<status status="PASS" starttime="20210205 16:08:26.192" endtime="20210205 16:08:27.200"></status>
</kw>
<status status="PASS" starttime="20210205 16:08:25.979" endtime="20210205 16:08:27.201"></status>
</kw>
<status status="PASS" starttime="20210205 16:08:25.977" endtime="20210205 16:08:27.201"></status>
</kw>
<status status="PASS" starttime="20210205 16:08:25.975" endtime="20210205 16:08:27.202" critical="yes"></status>
</test>
<test id="s1-s3-t8" name="verify click in input roles">
<kw name="Run Keyword And Continue On Failure" library="BuiltIn">
<doc>Runs the keyword and continues execution even if a failure occurs.</doc>
<arguments>
<arg>verify click in input roles</arg>
</arguments>
<kw name="verify click in input roles" library="userManagementPage">
<kw name="Click Element" library="SeleniumLibrary">
<doc>Click the element identified by ``locator``.</doc>
<arguments>
<arg>${click_role_list}</arg>
</arguments>
<msg timestamp="20210205 16:08:27.206" level="INFO">Clicking element '//mat-select[@id='mat-select-0']'.</msg>
<status status="PASS" starttime="20210205 16:08:27.205" endtime="20210205 16:08:27.289"></status>
</kw>
<kw name="Click Element" library="SeleniumLibrary">
<doc>Click the element identified by ``locator``.</doc>
<arguments>
<arg>${input_role}</arg>
</arguments>
<msg timestamp="20210205 16:08:27.289" level="INFO">Clicking element '//mat-option[@id='role_2']'.</msg>
<status status="PASS" starttime="20210205 16:08:27.289" endtime="20210205 16:08:27.363"></status>
</kw>
<status status="PASS" starttime="20210205 16:08:27.205" endtime="20210205 16:08:27.364"></status>
</kw>
<status status="PASS" starttime="20210205 16:08:27.205" endtime="20210205 16:08:27.364"></status>
</kw>
<status status="PASS" starttime="20210205 16:08:27.204" endtime="20210205 16:08:27.364" critical="yes"></status>
</test>
<test id="s1-s3-t9" name="verify click list and input region">
<kw name="Run Keyword And Continue On Failure" library="BuiltIn">
<doc>Runs the keyword and continues execution even if a failure occurs.</doc>
<arguments>
<arg>verify click list and input region</arg>
</arguments>
<kw name="verify click list and input region" library="userManagementPage">
<kw name="Click Element" library="SeleniumLibrary">
<doc>Click the element identified by ``locator``.</doc>
<arguments>
<arg>${region_list}</arg>
</arguments>
<msg timestamp="20210205 16:08:27.368" level="INFO">Clicking element '//mat-select[@id='mat-select-1']'.</msg>
<status status="PASS" starttime="20210205 16:08:27.368" endtime="20210205 16:08:27.450"></status>
</kw>
<kw name="Click Element" library="SeleniumLibrary">
<doc>Click the element identified by ``locator``.</doc>
<arguments>
<arg>${unclick_input_region_all}</arg>
</arguments>
<msg timestamp="20210205 16:08:27.451" level="INFO">Clicking element '//mat-option[@id='region_0']'.</msg>
<status status="PASS" starttime="20210205 16:08:27.450" endtime="20210205 16:08:27.550"></status>
</kw>
<kw name="Click Element" library="SeleniumLibrary">
<doc>Click the element identified by ``locator``.</doc>
<arguments>
<arg>${unclick_input_region_all}</arg>
</arguments>
<msg timestamp="20210205 16:08:27.551" level="INFO">Clicking element '//mat-option[@id='region_0']'.</msg>
<status status="PASS" starttime="20210205 16:08:27.550" endtime="20210205 16:08:27.633"></status>
</kw>
<kw name="Click Element" library="SeleniumLibrary">
<doc>Click the element identified by ``locator``.</doc>
<arguments>
<arg>${click_input_region_1}</arg>
</arguments>
<msg timestamp="20210205 16:08:27.633" level="INFO">Clicking element '//mat-option[@id='region_0']'.</msg>
<status status="PASS" starttime="20210205 16:08:27.633" endtime="20210205 16:08:27.678"></status>
</kw>
<kw name="Click Element" library="SeleniumLibrary">
<doc>Click the element identified by ``locator``.</doc>
<arguments>
<arg>${click_outside_role}</arg>
</arguments>
<msg timestamp="20210205 16:08:27.678" level="INFO">Clicking element '//div[@class='cdk-overlay-backdrop cdk-overlay-transparent-backdrop cdk-overlay-backdrop-showing']'.</msg>
<status status="PASS" starttime="20210205 16:08:27.678" endtime="20210205 16:08:27.732"></status>
</kw>
<status status="PASS" starttime="20210205 16:08:27.367" endtime="20210205 16:08:27.732"></status>
</kw>
<status status="PASS" starttime="20210205 16:08:27.367" endtime="20210205 16:08:27.732"></status>
</kw>
<status status="PASS" starttime="20210205 16:08:27.366" endtime="20210205 16:08:27.733" critical="yes"></status>
</test>
<test id="s1-s3-t10" name="verify that click in branch list">
<kw name="Run Keyword And Continue On Failure" library="BuiltIn">
<doc>Runs the keyword and continues execution even if a failure occurs.</doc>
<arguments>
<arg>verify that click in branch list</arg>
</arguments>
<kw name="verify that click in branch list" library="userManagementPage">
<kw name="Click Element" library="SeleniumLibrary">
<doc>Click the element identified by ``locator``.</doc>
<arguments>
<arg>${click_branch_list}</arg>
</arguments>
<msg timestamp="20210205 16:08:27.736" level="INFO">Clicking element '//mat-select[@id='mat-select-2']'.</msg>
<status status="PASS" starttime="20210205 16:08:27.736" endtime="20210205 16:08:27.821"></status>
</kw>
<kw name="Click Element" library="SeleniumLibrary">
<doc>Click the element identified by ``locator``.</doc>
<arguments>
<arg>${click_branch}</arg>
</arguments>
<msg timestamp="20210205 16:08:27.822" level="INFO">Clicking element '//perfect-scrollbar//mat-option[@id='branch_1']'.</msg>
<status status="PASS" starttime="20210205 16:08:27.821" endtime="20210205 16:08:28.013"></status>
</kw>
<kw name="Sleep" library="BuiltIn">
<doc>Pauses the test executed for the given time.</doc>
<arguments>
<arg>1s</arg>
</arguments>
<msg timestamp="20210205 16:08:29.014" level="INFO">Slept 1 second</msg>
<status status="PASS" starttime="20210205 16:08:28.013" endtime="20210205 16:08:29.014"></status>
</kw>
<kw name="Click Element" library="SeleniumLibrary">
<doc>Click the element identified by ``locator``.</doc>
<arguments>
<arg>${click_outside_role}</arg>
</arguments>
<msg timestamp="20210205 16:08:29.015" level="INFO">Clicking element '//div[@class='cdk-overlay-backdrop cdk-overlay-transparent-backdrop cdk-overlay-backdrop-showing']'.</msg>
<status status="PASS" starttime="20210205 16:08:29.014" endtime="20210205 16:08:29.065"></status>
</kw>
<kw name="Sleep" library="BuiltIn">
<doc>Pauses the test executed for the given time.</doc>
<arguments>
<arg>2s</arg>
</arguments>
<msg timestamp="20210205 16:08:31.066" level="INFO">Slept 2 seconds</msg>
<status status="PASS" starttime="20210205 16:08:29.066" endtime="20210205 16:08:31.066"></status>
</kw>
<status status="PASS" starttime="20210205 16:08:27.736" endtime="20210205 16:08:31.067"></status>
</kw>
<status status="PASS" starttime="20210205 16:08:27.735" endtime="20210205 16:08:31.067"></status>
</kw>
<status status="PASS" starttime="20210205 16:08:27.734" endtime="20210205 16:08:31.068" critical="yes"></status>
</test>
<test id="s1-s3-t11" name="Click User Add Button">
<kw name="Run Keyword And Continue On Failure" library="BuiltIn">
<doc>Runs the keyword and continues execution even if a failure occurs.</doc>
<arguments>
<arg>Click User Add Button</arg>
</arguments>
<kw name="Click User Add Button" library="userManagementPage">
<kw name="Wait Until Element Is Visible" library="SeleniumLibrary">
<doc>Waits until the element ``locator`` is visible.</doc>
<arguments>
<arg>${add_user_click_button_xpath}</arg>
</arguments>
<status status="PASS" starttime="20210205 16:08:31.072" endtime="20210205 16:08:31.105"></status>
</kw>
<kw name="Click Button" library="SeleniumLibrary">
<doc>Clicks the button identified by ``locator``.</doc>
<arguments>
<arg>${add_user_click_button_xpath}</arg>
</arguments>
<msg timestamp="20210205 16:08:31.106" level="INFO">Clicking button '//button[@id='add_user_btn']'.</msg>
<status status="PASS" starttime="20210205 16:08:31.106" endtime="20210205 16:08:31.203"></status>
</kw>
<kw name="Get Element Count" library="SeleniumLibrary">
<doc>Returns the number of elements matching ``locator``.</doc>
<arguments>
<arg>${notify_xpath}</arg>
</arguments>
<assign>
<var>${count_notify}</var>
</assign>
<msg timestamp="20210205 16:08:31.234" level="INFO">${count_notify} = 0</msg>
<status status="PASS" starttime="20210205 16:08:31.204" endtime="20210205 16:08:31.234"></status>
</kw>
<kw name="Run Keyword If" library="BuiltIn">
<doc>Runs the given keyword with the given arguments, if ``condition`` is true.</doc>
<arguments>
<arg>${count_notify}&gt;0</arg>
<arg>wait until element is not visible</arg>
<arg>${notify_xpath}</arg>
<arg>ELSE</arg>
<arg>click element</arg>
<arg>${close_button}</arg>
</arguments>
<kw name="Click Element" library="SeleniumLibrary">
<doc>Click the element identified by ``locator``.</doc>
<arguments>
<arg>${close_button}</arg>
</arguments>
<msg timestamp="20210205 16:08:31.235" level="INFO">Clicking element '//button[@id='close_btn']'.</msg>
<status status="PASS" starttime="20210205 16:08:31.234" endtime="20210205 16:08:31.320"></status>
</kw>
<status status="PASS" starttime="20210205 16:08:31.234" endtime="20210205 16:08:31.321"></status>
</kw>
<kw name="Sleep" library="BuiltIn">
<doc>Pauses the test executed for the given time.</doc>
<arguments>
<arg>2s</arg>
</arguments>
<msg timestamp="20210205 16:08:33.323" level="INFO">Slept 2 seconds</msg>
<status status="PASS" starttime="20210205 16:08:31.321" endtime="20210205 16:08:33.323"></status>
</kw>
<status status="PASS" starttime="20210205 16:08:31.071" endtime="20210205 16:08:33.324"></status>
</kw>
<status status="PASS" starttime="20210205 16:08:31.070" endtime="20210205 16:08:33.324"></status>
</kw>
<status status="PASS" starttime="20210205 16:08:31.070" endtime="20210205 16:08:33.325" critical="yes"></status>
</test>
<test id="s1-s3-t12" name="Pagination change">
<kw name="Run Keyword And Continue On Failure" library="BuiltIn">
<doc>Runs the keyword and continues execution even if a failure occurs.</doc>
<arguments>
<arg>Pagination change</arg>
</arguments>
<kw name="Pagination change" library="templateButtonPage">
<kw name="Click Element" library="SeleniumLibrary">
<doc>Click the element identified by ``locator``.</doc>
<arguments>
<arg>//div[@class='ant-select-selection__rendered']</arg>
</arguments>
<msg timestamp="20210205 16:08:33.332" level="INFO">Clicking element '//div[@class='ant-select-selection__rendered']'.</msg>
<status status="PASS" starttime="20210205 16:08:33.332" endtime="20210205 16:08:33.431"></status>
</kw>
<kw name="Sleep" library="BuiltIn">
<doc>Pauses the test executed for the given time.</doc>
<arguments>
<arg>1s</arg>
</arguments>
<msg timestamp="20210205 16:08:34.443" level="INFO">Slept 1 second</msg>
<status status="PASS" starttime="20210205 16:08:33.431" endtime="20210205 16:08:34.443"></status>
</kw>
<kw name="Click Element" library="SeleniumLibrary">
<doc>Click the element identified by ``locator``.</doc>
<arguments>
<arg>//li[starts-with(@class,'ant-select-dropdown-menu-item')][last()-1]</arg>
</arguments>
<msg timestamp="20210205 16:08:34.443" level="INFO">Clicking element '//li[starts-with(@class,'ant-select-dropdown-menu-item')][last()-1]'.</msg>
<status status="PASS" starttime="20210205 16:08:34.443" endtime="20210205 16:08:34.607"></status>
</kw>
<kw name="Sleep" library="BuiltIn">
<doc>Pauses the test executed for the given time.</doc>
<arguments>
<arg>1s</arg>
</arguments>
<msg timestamp="20210205 16:08:35.610" level="INFO">Slept 1 second</msg>
<status status="PASS" starttime="20210205 16:08:34.608" endtime="20210205 16:08:35.610"></status>
</kw>
<status status="PASS" starttime="20210205 16:08:33.332" endtime="20210205 16:08:35.610"></status>
</kw>
<status status="PASS" starttime="20210205 16:08:33.331" endtime="20210205 16:08:35.610"></status>
</kw>
<status status="PASS" starttime="20210205 16:08:33.330" endtime="20210205 16:08:35.611" critical="yes"></status>
</test>
<test id="s1-s3-t13" name="Click on User Management">
<kw name="Run Keyword And Continue On Failure" library="BuiltIn">
<doc>Runs the keyword and continues execution even if a failure occurs.</doc>
<arguments>
<arg>Click on User Management</arg>
</arguments>
<kw name="Click on User Management" library="userManagementPage">
<kw name="Wait Until Element Is Visible" library="SeleniumLibrary">
<doc>Waits until the element ``locator`` is visible.</doc>
<arguments>
<arg>${toggle_usermanagement_xpath}</arg>
</arguments>
<status status="PASS" starttime="20210205 16:08:35.614" endtime="20210205 16:08:35.640"></status>
</kw>
<kw name="Click Element" library="SeleniumLibrary">
<doc>Click the element identified by ``locator``.</doc>
<arguments>
<arg>${toggle_usermanagement_xpath}</arg>
</arguments>
<msg timestamp="20210205 16:08:35.641" level="INFO">Clicking element '//li[@id='user']//div'.</msg>
<status status="PASS" starttime="20210205 16:08:35.641" endtime="20210205 16:08:35.719"></status>
</kw>
<kw name="Sleep" library="BuiltIn">
<doc>Pauses the test executed for the given time.</doc>
<arguments>
<arg>3s</arg>
</arguments>
<msg timestamp="20210205 16:08:38.719" level="INFO">Slept 3 seconds</msg>
<status status="PASS" starttime="20210205 16:08:35.719" endtime="20210205 16:08:38.719"></status>
</kw>
<status status="PASS" starttime="20210205 16:08:35.614" endtime="20210205 16:08:38.720"></status>
</kw>
<status status="PASS" starttime="20210205 16:08:35.613" endtime="20210205 16:08:38.720"></status>
</kw>
<status status="PASS" starttime="20210205 16:08:35.612" endtime="20210205 16:08:38.721" critical="yes"></status>
</test>
<doc>this suite verifies User Management page.</doc>
<status status="PASS" starttime="20210205 16:08:13.571" endtime="20210205 16:08:38.729"></status>
</suite>
<suite id="s1-s4" name="T1 verify budget guidelines" source="E:\QAautomation\Budget-Automation\budget_admin\test_suites\T1_verify_budget_guidelines.robot">
<test id="s1-s4-t1" name="Click guidelines">
<kw name="Run Keyword And Continue On Failure" library="BuiltIn">
<doc>Runs the keyword and continues execution even if a failure occurs.</doc>
<arguments>
<arg>Click guidelines</arg>
</arguments>
<kw name="Click guidelines" library="guidelines">
<kw name="Click Element" library="SeleniumLibrary">
<doc>Click the element identified by ``locator``.</doc>
<arguments>
<arg>//a[@id="budget_guideline"]</arg>
</arguments>
<msg timestamp="20210205 16:08:38.758" level="INFO">Clicking element '//a[@id="budget_guideline"]'.</msg>
<status status="PASS" starttime="20210205 16:08:38.758" endtime="20210205 16:08:38.940"></status>
</kw>
<kw name="Sleep" library="BuiltIn">
<doc>Pauses the test executed for the given time.</doc>
<arguments>
<arg>1s</arg>
</arguments>
<msg timestamp="20210205 16:08:39.952" level="INFO">Slept 1 second</msg>
<status status="PASS" starttime="20210205 16:08:38.940" endtime="20210205 16:08:39.952"></status>
</kw>
<kw name="Wait Until Element Is Visible" library="SeleniumLibrary">
<doc>Waits until the element ``locator`` is visible.</doc>
<arguments>
<arg>//mat-card[@class="card card-raised mat-elevation-z9 mat-card"]</arg>
</arguments>
<status status="PASS" starttime="20210205 16:08:39.953" endtime="20210205 16:08:39.977"></status>
</kw>
<status status="PASS" starttime="20210205 16:08:38.757" endtime="20210205 16:08:39.977"></status>
</kw>
<status status="PASS" starttime="20210205 16:08:38.756" endtime="20210205 16:08:39.977"></status>
</kw>
<status status="PASS" starttime="20210205 16:08:38.755" endtime="20210205 16:08:39.978" critical="yes"></status>
</test>
<test id="s1-s4-t2" name="Add guideline">
<kw name="Run Keyword And Continue On Failure" library="BuiltIn">
<doc>Runs the keyword and continues execution even if a failure occurs.</doc>
<arguments>
<arg>Add guideline</arg>
</arguments>
<kw name="Add guideline" library="guidelines">
<kw name="Click Button" library="SeleniumLibrary">
<doc>Clicks the button identified by ``locator``.</doc>
<arguments>
<arg>css=app-root.ng-star-inserted:nth-child(2) nz-layout.app-layout.ant-layout.ant-layout-has-sider nz-layout.ant-layout nz-content.ant-layout-content div.inner-content app-guideline.ng-star-inserted:nth-child(2) div:nth-child(1) mat-card.card.card-raised.mat-elevation-z9.mat-card mat-card-content.row.mat-card-content div:nth-child(1) &gt; button.mat-raised-button.mat-button-base.mat-accent:nth-child(4)</arg>
</arguments>
<msg timestamp="20210205 16:08:39.981" level="INFO">Clicking button 'css=app-root.ng-star-inserted:nth-child(2) nz-layout.app-layout.ant-layout.ant-layout-has-sider nz-layout.ant-layout nz-content.ant-layout-content div.inner-content app-guideline.ng-star-inserted:nth-child(2) div:nth-child(1) mat-card.card.card-raised.mat-elevation-z9.mat-card mat-card-content.row.mat-card-content div:nth-child(1) &gt; button.mat-raised-button.mat-button-base.mat-accent:nth-child(4)'.</msg>
<status status="PASS" starttime="20210205 16:08:39.981" endtime="20210205 16:08:40.126"></status>
</kw>
<kw name="Sleep" library="BuiltIn">
<doc>Pauses the test executed for the given time.</doc>
<arguments>
<arg>1s</arg>
</arguments>
<msg timestamp="20210205 16:08:41.136" level="INFO">Slept 1 second</msg>
<status status="PASS" starttime="20210205 16:08:40.126" endtime="20210205 16:08:41.136"></status>
</kw>
<status status="PASS" starttime="20210205 16:08:39.981" endtime="20210205 16:08:41.136"></status>
</kw>
<status status="PASS" starttime="20210205 16:08:39.980" endtime="20210205 16:08:41.136"></status>
</kw>
<status status="PASS" starttime="20210205 16:08:39.980" endtime="20210205 16:08:41.136" critical="yes"></status>
</test>
<test id="s1-s4-t3" name="Input name and value">
<kw name="Run Keyword And Continue On Failure" library="BuiltIn">
<doc>Runs the keyword and continues execution even if a failure occurs.</doc>
<arguments>
<arg>Input name and value</arg>
</arguments>
<kw name="Input name and value" library="guidelines">
<kw name="Input Text" library="SeleniumLibrary">
<doc>Types the given ``text`` into the text field identified by ``locator``.</doc>
<arguments>
<arg>//mat-dialog-container/app-guideline-parent/form/mat-card/div/mat-form-field/div/div[1]/div/label/input</arg>
<arg>test12</arg>
</arguments>
<msg timestamp="20210205 16:08:41.140" level="INFO">Typing text 'test12' into text field '//mat-dialog-container/app-guideline-parent/form/mat-card/div/mat-form-field/div/div[1]/div/label/input'.</msg>
<status status="PASS" starttime="20210205 16:08:41.140" endtime="20210205 16:08:41.258"></status>
</kw>
<kw name="Input Text" library="SeleniumLibrary">
<doc>Types the given ``text`` into the text field identified by ``locator``.</doc>
<arguments>
<arg>//mat-card/mat-card-content/div/mat-form-field[1]/div/div[1]/div/label/input[@placeholder="Name"][1]</arg>
<arg>t1</arg>
</arguments>
<msg timestamp="20210205 16:08:41.258" level="INFO">Typing text 't1' into text field '//mat-card/mat-card-content/div/mat-form-field[1]/div/div[1]/div/label/input[@placeholder="Name"][1]'.</msg>
<status status="PASS" starttime="20210205 16:08:41.258" endtime="20210205 16:08:41.381"></status>
</kw>
<kw name="Input Text" library="SeleniumLibrary">
<doc>Types the given ``text`` into the text field identified by ``locator``.</doc>
<arguments>
<arg>//mat-card/mat-card-content/div[1]/mat-form-field[2]/div/div[1]/div/label/input[@placeholder="Value"][1]</arg>
<arg>12</arg>
</arguments>
<msg timestamp="20210205 16:08:41.381" level="INFO">Typing text '12' into text field '//mat-card/mat-card-content/div[1]/mat-form-field[2]/div/div[1]/div/label/input[@placeholder="Value"][1]'.</msg>
<status status="PASS" starttime="20210205 16:08:41.381" endtime="20210205 16:08:41.536"></status>
</kw>
<kw name="Sleep" library="BuiltIn">
<doc>Pauses the test executed for the given time.</doc>
<arguments>
<arg>1s</arg>
</arguments>
<msg timestamp="20210205 16:08:42.546" level="INFO">Slept 1 second</msg>
<status status="PASS" starttime="20210205 16:08:41.536" endtime="20210205 16:08:42.546"></status>
</kw>
<status status="PASS" starttime="20210205 16:08:41.140" endtime="20210205 16:08:42.546"></status>
</kw>
<status status="PASS" starttime="20210205 16:08:41.139" endtime="20210205 16:08:42.546"></status>
</kw>
<status status="PASS" starttime="20210205 16:08:41.138" endtime="20210205 16:08:42.547" critical="yes"></status>
</test>
<test id="s1-s4-t4" name="click add items in guidelines">
<kw name="Run Keyword And Continue On Failure" library="BuiltIn">
<doc>Runs the keyword and continues execution even if a failure occurs.</doc>
<arguments>
<arg>click add items in guidelines</arg>
</arguments>
<kw name="click add items in guidelines" library="guidelines">
<kw name="Click Button" library="SeleniumLibrary">
<doc>Clicks the button identified by ``locator``.</doc>
<arguments>
<arg>//mat-dialog-container/app-guideline-parent/form/mat-card/mat-card-content/button</arg>
</arguments>
<msg timestamp="20210205 16:08:42.550" level="INFO">Clicking button '//mat-dialog-container/app-guideline-parent/form/mat-card/mat-card-content/button'.</msg>
<status status="PASS" starttime="20210205 16:08:42.550" endtime="20210205 16:08:42.645"></status>
</kw>
<kw name="Input Text" library="SeleniumLibrary">
<doc>Types the given ``text`` into the text field identified by ``locator``.</doc>
<arguments>
<arg>//mat-card/mat-card-content/div[2]/mat-form-field[1]/div/div[1]/div/label/input[@placeholder="Name"][1]</arg>
<arg>t2</arg>
</arguments>
<msg timestamp="20210205 16:08:42.646" level="INFO">Typing text 't2' into text field '//mat-card/mat-card-content/div[2]/mat-form-field[1]/div/div[1]/div/label/input[@placeholder="Name"][1]'.</msg>
<status status="PASS" starttime="20210205 16:08:42.646" endtime="20210205 16:08:42.819"></status>
</kw>
<kw name="Input Text" library="SeleniumLibrary">
<doc>Types the given ``text`` into the text field identified by ``locator``.</doc>
<arguments>
<arg>//mat-card/mat-card-content/div[2]/mat-form-field[2]/div/div[1]/div/label/input[@placeholder="Value"][1]</arg>
<arg>10</arg>
</arguments>
<msg timestamp="20210205 16:08:42.819" level="INFO">Typing text '10' into text field '//mat-card/mat-card-content/div[2]/mat-form-field[2]/div/div[1]/div/label/input[@placeholder="Value"][1]'.</msg>
<status status="PASS" starttime="20210205 16:08:42.819" endtime="20210205 16:08:42.940"></status>
</kw>
<kw name="Sleep" library="BuiltIn">
<doc>Pauses the test executed for the given time.</doc>
<arguments>
<arg>1s</arg>
</arguments>
<msg timestamp="20210205 16:08:43.951" level="INFO">Slept 1 second</msg>
<status status="PASS" starttime="20210205 16:08:42.940" endtime="20210205 16:08:43.952"></status>
</kw>
<status status="PASS" starttime="20210205 16:08:42.550" endtime="20210205 16:08:43.952"></status>
</kw>
<status status="PASS" starttime="20210205 16:08:42.549" endtime="20210205 16:08:43.952"></status>
</kw>
<status status="PASS" starttime="20210205 16:08:42.549" endtime="20210205 16:08:43.953" critical="yes"></status>
</test>
<test id="s1-s4-t5" name="click close guidelines button">
<kw name="Run Keyword And Continue On Failure" library="BuiltIn">
<doc>Runs the keyword and continues execution even if a failure occurs.</doc>
<arguments>
<arg>click close guidelines button</arg>
</arguments>
<kw name="click close guidelines button" library="guidelines">
<kw name="Sleep" library="BuiltIn">
<doc>Pauses the test executed for the given time.</doc>
<arguments>
<arg>2s</arg>
</arguments>
<msg timestamp="20210205 16:08:45.972" level="INFO">Slept 2 seconds</msg>
<status status="PASS" starttime="20210205 16:08:43.960" endtime="20210205 16:08:45.973"></status>
</kw>
<kw name="Click Button" library="SeleniumLibrary">
<doc>Clicks the button identified by ``locator``.</doc>
<arguments>
<arg>//mat-dialog-container/app-guideline-parent/form/mat-card/div/button[2]</arg>
</arguments>
<msg timestamp="20210205 16:08:45.973" level="INFO">Clicking button '//mat-dialog-container/app-guideline-parent/form/mat-card/div/button[2]'.</msg>
<status status="PASS" starttime="20210205 16:08:45.973" endtime="20210205 16:08:46.087"></status>
</kw>
<status status="PASS" starttime="20210205 16:08:43.960" endtime="20210205 16:08:46.087"></status>
</kw>
<status status="PASS" starttime="20210205 16:08:43.960" endtime="20210205 16:08:46.087"></status>
</kw>
<status status="PASS" starttime="20210205 16:08:43.959" endtime="20210205 16:08:46.089" critical="yes"></status>
</test>
<doc>this suite verifies Guidelines page.</doc>
<status status="PASS" starttime="20210205 16:08:38.743" endtime="20210205 16:08:46.096"></status>
</suite>
<suite id="s1-s5" name="T1 verify capex prebudget" source="E:\QAautomation\Budget-Automation\budget_admin\test_suites\T1_verify_capex_prebudget.robot">
<test id="s1-s5-t1" name="Verify Capex Prebudget">
<kw name="Run Keyword And Continue On Failure" library="BuiltIn">
<doc>Runs the keyword and continues execution even if a failure occurs.</doc>
<arguments>
<arg>Click on Prebudget menu</arg>
</arguments>
<kw name="Click on Prebudget menu" library="navigateSidebar">
<kw name="Wait Until Element Is Visible" library="SeleniumLibrary">
<doc>Waits until the element ``locator`` is visible.</doc>
<arguments>
<arg>xpath=//li[@id="${menu_prebudget_xpath}"]//span</arg>
</arguments>
<status status="PASS" starttime="20210205 16:08:46.133" endtime="20210205 16:08:46.194"></status>
</kw>
<kw name="Click Element" library="SeleniumLibrary">
<doc>Click the element identified by ``locator``.</doc>
<arguments>
<arg>xpath=//li[@id="${menu_prebudget_xpath}"]//span</arg>
</arguments>
<msg timestamp="20210205 16:08:46.194" level="INFO">Clicking element 'xpath=//li[@id="prebudget"]//span'.</msg>
<status status="PASS" starttime="20210205 16:08:46.194" endtime="20210205 16:08:46.252"></status>
</kw>
<kw name="Sleep" library="BuiltIn">
<doc>Pauses the test executed for the given time.</doc>
<arguments>
<arg>2s</arg>
</arguments>
<msg timestamp="20210205 16:08:48.265" level="INFO">Slept 2 seconds</msg>
<status status="PASS" starttime="20210205 16:08:46.252" endtime="20210205 16:08:48.265"></status>
</kw>
<status status="PASS" starttime="20210205 16:08:46.133" endtime="20210205 16:08:48.265"></status>
</kw>
<status status="PASS" starttime="20210205 16:08:46.133" endtime="20210205 16:08:48.266"></status>
</kw>
<kw name="Run Keyword And Continue On Failure" library="BuiltIn">
<doc>Runs the keyword and continues execution even if a failure occurs.</doc>
<arguments>
<arg>Click Capex Prebudget Sidebar</arg>
</arguments>
<kw name="Click Capex Prebudget Sidebar" library="capexPrebudget">
<kw name="Wait Until Element Is Visible" library="SeleniumLibrary">
<doc>Waits until the element ``locator`` is visible.</doc>
<arguments>
<arg>xpath=//a[@id='${menu_name_xpath}_3']</arg>
<arg>timeout=5s</arg>
</arguments>
<status status="PASS" starttime="20210205 16:08:48.267" endtime="20210205 16:08:48.292"></status>
</kw>
<kw name="Click Element" library="SeleniumLibrary">
<doc>Click the element identified by ``locator``.</doc>
<arguments>
<arg>xpath=//a[@id='${menu_name_xpath}_3']</arg>
</arguments>
<msg timestamp="20210205 16:08:48.293" level="INFO">Clicking element 'xpath=//a[@id='prebudget_3']'.</msg>
<status status="PASS" starttime="20210205 16:08:48.292" endtime="20210205 16:08:48.595"></status>
</kw>
<kw name="Sleep" library="BuiltIn">
<doc>Pauses the test executed for the given time.</doc>
<arguments>
<arg>2s</arg>
</arguments>
<msg timestamp="20210205 16:08:50.610" level="INFO">Slept 2 seconds</msg>
<status status="PASS" starttime="20210205 16:08:48.595" endtime="20210205 16:08:50.610"></status>
</kw>
<status status="PASS" starttime="20210205 16:08:48.267" endtime="20210205 16:08:50.611"></status>
</kw>
<status status="PASS" starttime="20210205 16:08:48.266" endtime="20210205 16:08:50.611"></status>
</kw>
<status status="PASS" starttime="20210205 16:08:46.132" endtime="20210205 16:08:50.611" critical="yes"></status>
</test>
<test id="s1-s5-t2" name="Test api">
<kw name="Compare capex Land month1" library="commonApiKeywords">
<kw name="Compare capex Land data" library="commonApiKeywords">
<assign>
<var>${capex}</var>
</assign>
<kw name="Create Session" library="RequestsLibrary">
<doc>Create Session: create a HTTP session to a server</doc>
<arguments>
<arg>sessionstest</arg>
<arg>${base_url}</arg>
<arg>verify=FALSE</arg>
</arguments>
<msg timestamp="20210205 16:08:50.618" level="INFO">Creating Session using : alias=sessionstest, url=https://10.13.189.56:8443/budget, headers={},                     cookies={}, auth=None, timeout=None, proxies=None, verify=False,                     debug=0 </msg>
<status status="PASS" starttime="20210205 16:08:50.617" endtime="20210205 16:08:50.618"></status>
</kw>
<kw name="Create Dictionary" library="BuiltIn">
<doc>Creates and returns a dictionary based on the given ``items``.</doc>
<arguments>
<arg>Cookie=JSESSIONID=3388648A676CDB26EFAE26707056EA55</arg>
</arguments>
<assign>
<var>&amp;{headers}</var>
</assign>
<msg timestamp="20210205 16:08:50.619" level="INFO">&amp;{headers} = { Cookie=JSESSIONID=3388648A676CDB26EFAE26707056EA55 }</msg>
<status status="PASS" starttime="20210205 16:08:50.618" endtime="20210205 16:08:50.619"></status>
</kw>
<kw name="Get Request" library="RequestsLibrary">
<doc>Send a GET request on the session object found using the
given `alias`</doc>
<arguments>
<arg>sessionstest</arg>
<arg>/api/budgets/budgetbyBranch/999/1</arg>
<arg>data=None</arg>
<arg>headers=${headers}</arg>
</arguments>
<assign>
<var>${response}</var>
</assign>
<msg timestamp="20210205 16:08:51.303" level="INFO">GET Request : url=https://10.13.189.56:8443/budget/api/budgets/budgetbyBranch/999/1 
 path_url=/budget/api/budgets/budgetbyBranch/999/1 
 headers={'User-Agent': 'python-requests/2.25.0', 'Accept-Encoding': 'gzip, deflate', 'Accept': '*/*', 'Connection': 'keep-alive', 'Cookie': 'JSESSIONID=3388648A676CDB26EFAE26707056EA55'} 
 body=None 
 </msg>
<msg timestamp="20210205 16:08:51.307" level="INFO">GET Response : url=https://10.13.189.56:8443/budget/api/budgets/budgetbyBranch/999/1 
 status=200, reason= 
 body=[{"remaining_value":0.0,"quarter_2":1.87775E7,"monthly_id":4393,"quarter_1":1.87775E7,"act_unt_count":0.0,"description":"N/A","status_id":1,"target_value":0.0,"month_7_rate":0.0,"is_intertemplate":0,"is_number_base":false,"account_category_id":386,"curr_bud_var":147159800890.14,"this_year_ytd_count":0.0,"this_year_budget_count":0.0,"lst_yr_curr_mth_ytd_unt_count":0.0,"lst_yr_curr_mth_wght_avg_rate":0.00,"quarter_4_amount":0.0,"branch_id":999,"budget_rate":0.0,"lst_mth_ytd_unt_count":0.0,"month_6_rate":0.0,"this_yr_curr_wght_avg_rate":0.00,"month_11_rate":0.0,"month_9_rate":0.0,"forcasted_year_count":0.0,"cy_fees":0.0,"quarter_4":1.87775E7,"quarter_2_amount":0.0,"has_exception":1,"quarter_3":1.87775E7,"id":9253,"weighted_avg_rate":0.0,"month_9_amount":0.0,"end_date":null,"curr_mth_ytd_var":0.00,"mth_ytd":156390230876.46,"month_7":2.3742470319639E9,"exp_list":"[{\"eid\":1,\"ecode\":\"BLY\",\"ename\":\"Budget Less Than Last Year\"}]","month_5":2.4134021976047E9,"month_4":2.4332319639711E9,"remarks":"test","start_date":null,"curr_this_yr_mth_bud_var":0.00,"month_5_rate":0.0,"month_8_rate":0.0,"month_10_rate":0.0,"created_date":"2020-01-21T07:53:16.000+0000","month_2_rate":0.0,"budget_period":10,"lst_mth_act":0.00,"mth_ytd_lst_yr_mth_ytd_var":0.00,"is_editable":1,"name":"Assets","month_6":2.3937376792913E9,"month_2_amount":0.0,"lst_mth_ytd":0.00,"spended_budget":0,"modified_by":null,"month_6_amount":0.0,"quarter_1_amount":0.0,"this_yr_curr_bud_unt_count":0.0,"template_id":1,"month_10_amount":0.0,"month_1":2.5504969483248E9,"lst_yr_curr_mth_ytd":0.00,"is_computational":0,"lst_mth_act_unt":0.0,"month_12":2.2791444607233E9,"this_yr_curr_mth_bud":9230429986.32,"month_8":2.3548988900309E9,"ytd_unt_count":0.00,"mth_ytd_this_yr_mth_bud_var":0.00,"month_1_rate":0.0,"month_2":2.4722328070888E9,"month_9":2.3357218992806E9,"ytd_unt_this_yr_mth_bud_unt_var":0.0,"forcasted_year":2.0852030783791132E11,"curr_unt_lst_mth_unt_var":0.0,"lst_yr_curr_mth_act":0.00,"curr_unt_lst_yr_mth_ytd_unt_var":0.0,"curr_lst_mth_var":156390230876.46,"modified_date":null,"created_by":null,"month_10":2.3167047167866E9,"mth_act":156390230876.46,"month_11_amount":0.0,"month_3_rate":0.0,"lst_yr_curr_mth_act_unt_count":0.0,"mth_bud_unt_count":0.0,"month_3_amount":0.0,"parent_id":0,"month_1_amount":0.0,"curr_lst_yr_mth_var":156390230876.46,"month_5_amount":0.0,"measure_id":1,"actual_value":2.3529544607232842E9,"month_7_amount":0.0,"month_8_amount":0.0,"curr_unt_ytd_unt_var":0.0,"carried_over_budget":0.0,"this_year_budget":1.56390230876461E11,"mth_bud":9230429986.32,"cat_item_id":"386","account_item_id":null,"suggested_rate":0.0,"growth_rate":-98.87,"month_4_rate":0.0,"budget_id":9253,"suggested_actual_value":0.0,"curr_unt_this_yr_mth_bud_unt_var":0.0,"month_3":2.4532283670297E9,"month_11":2.2978460108134E9,"quarter_3_amount":0.0,"month_12_rate":0.0,"month_4_amount":0.0,"this_year_ytd":1.56390230876461E11,"month_12_amount":0.0,"budget_amount":0.0},{"remaining_value":0.0,"act_unt_count":0.0,"description":"N/A","status_id":1,"this_year_budget":1.88266407879E9,"quarter_4":0.0,"target_value":0.0,"month_7_rate":0.0,"quarter_3":0.0,"is_intertemplate":0,"is_number_base":false,"month_2":2.4709328070888E9,"this_year_ytd_count":0.0,"this_year_budget_count":0.0,"lst_yr_curr_mth_ytd_unt_count":0.0,"month_9":2.3344218992806E9,"this_year_ytd":1.88266407879E9,"month_10":2.3154047167866E9,"curr_bud_var":1595154077.79,"month_12":2.2778444607233E9,"quarter_2":0.0,"quarter_1":0.0,"month_8":2.3535988900309E9,"lst_yr_curr_mth_wght_avg_rate":0.00,"quarter_4_amount":0.0,"branch_id":999,"budget_rate":0.0,"parent_id":386,"lst_mth_ytd_unt_count":0.0,"month_6_rate":0.0,"this_yr_curr_wght_avg_rate":0.00,"month_11_rate":0.0,"month_9_rate":0.0,"forcasted_year_count":0.0,"cy_fees":0.0,"quarter_2_amount":0.0,"has_exception":1,"weighted_avg_rate":0.0,"month_9_amount":0.0,"end_date":null,"curr_mth_ytd_var":0.00,"id":9281,"start_date":null,"month_3":2.4519283670297E9,"curr_this_yr_mth_bud_var":0.00,"month_5_rate":0.0,"month_8_rate":0.0,"month_10_rate":0.0,"created_date":"2020-01-21T07:53:16.000+0000","month_2_rate":0.0,"budget_period":10,"account_category_id":1521,"lst_mth_act":0.00,"mth_ytd_lst_yr_mth_ytd_var":0.00,"is_editable":1,"monthly_id":4421,"month_2_amount":0.0,"lst_mth_ytd":0.00,"mth_ytd":1882664078.79,"month_11":2.2965460108134E9,"spended_budget":0,"modified_by":null,"month_6_amount":0.0,"quarter_1_amount":0.0,"this_yr_curr_bud_unt_count":0.0,"template_id":1,"month_10_amount":0.0,"lst_yr_curr_mth_ytd":0.00,"is_computational":0,"lst_mth_act_unt":0.0,"budget_id":9281,"curr_lst_mth_var":1882664078.79,"mth_act":1882664078.79,"month_1":2.4896969483248E9,"mth_bud":287510001.00,"ytd_unt_count":0.00,"mth_ytd_this_yr_mth_bud_var":0.00,"month_1_rate":0.0,"curr_lst_yr_mth_var":1882664078.79,"ytd_unt_this_yr_mth_bud_unt_var":0.0,"curr_unt_lst_mth_unt_var":0.0,"lst_yr_curr_mth_act":0.00,"curr_unt_lst_yr_mth_ytd_unt_var":0.0,"modified_date":null,"created_by":null,"month_11_amount":0.0,"month_3_rate":0.0,"lst_yr_curr_mth_act_unt_count":0.0,"mth_bud_unt_count":0.0,"month_3_amount":0.0,"month_1_amount":0.0,"month_5_amount":0.0,"measure_id":1,"month_7_amount":0.0,"month_8_amount":0.0,"curr_unt_ytd_unt_var":0.0,"carried_over_budget":0.0,"cat_item_id":"1521","remarks":"-","month_7":2.3729370319639E9,"this_yr_curr_mth_bud":287510001.00,"account_item_id":null,"suggested_rate":0.0,"month_4":2.4319319639711E9,"month_5":2.4121021976047E9,"month_4_rate":0.0,"exp_list":"[{\"eid\":13,\"ecode\":\"TGB\",\"ename\":\"Growth Rate Between - 5 And -10\"},{\"eid\":1,\"ecode\":\"BLY\",\"ename\":\"Budget Less Than Last Year\"}]","forcasted_year":2.510218771420001E9,"suggested_actual_value":0.0,"curr_unt_this_yr_mth_bud_unt_var":0.0,"month_6":2.3924376792913E9,"quarter_3_amount":0.0,"name":"Property And Equipment","month_12_rate":0.0,"month_4_amount":0.0,"growth_rate":-9.26,"actual_value":2.2778444607232842E9,"month_12_amount":0.0,"budget_amount":0.0},{"remaining_value":0.0,"month_9":3.035240602284E8,"this_year_budget":2.4481165906E8,"act_unt_count":0.0,"description":"N/A","month_2":3.212950408749E8,"status_id":1,"quarter_4":0.0,"is_intertemplate":1,"target_value":0.0,"month_7_rate":0.0,"quarter_3":0.0,"is_number_base":false,"cat_item_id":"63","this_year_ytd_count":0.0,"this_year_budget_count":0.0,"lst_yr_curr_mth_ytd_unt_count":0.0,"month_4":3.162136579048E8,"quarter_2":0.0,"quarter_1":0.0,"lst_yr_curr_mth_wght_avg_rate":0.00,"this_year_ytd":2.4481165906E8,"quarter_4_amount":0.0,"branch_id":999,"budget_rate":0.0,"lst_mth_ytd_unt_count":0.0,"month_6_rate":0.0,"this_yr_curr_wght_avg_rate":0.00,"month_11_rate":0.0,"month_9_rate":0.0,"forcasted_year_count":0.0,"cy_fees":0.0,"quarter_2_amount":0.0,"has_exception":1,"weighted_avg_rate":0.0,"month_9_amount":0.0,"end_date":null,"parent_id":1521,"forcasted_year":3.26415545413333E8,"curr_mth_ytd_var":0.00,"month_8":3.060196825832E8,"id":9282,"month_5":3.136330857556E8,"start_date":null,"curr_this_yr_mth_bud_var":0.00,"month_5_rate":0.0,"month_8_rate":0.0,"month_10_rate":0.0,"created_date":"2020-01-21T07:53:16.000+0000","curr_lst_yr_mth_var":244811659.06,"month_2_rate":0.0,"budget_period":10,"month_11":2.985950327704E8,"lst_mth_act":0.00,"is_editable":0,"mth_ytd_lst_yr_mth_ytd_var":0.00,"monthly_id":4422,"month_12":2.961612824973E8,"month_2_amount":0.0,"lst_mth_ytd":0.00,"mth_act":244811659.06,"curr_lst_mth_var":244811659.06,"spended_budget":0,"modified_by":null,"month_6_amount":0.0,"quarter_1_amount":0.0,"this_yr_curr_bud_unt_count":0.0,"template_id":1,"month_10_amount":0.0,"lst_yr_curr_mth_ytd":0.00,"is_computational":0,"lst_mth_act_unt":0.0,"budget_id":9282,"month_10":3.010492347265E8,"mth_ytd":244811659.06,"ytd_unt_count":0.00,"mth_ytd_this_yr_mth_bud_var":0.00,"name":"Land","month_1_rate":0.0,"actual_value":2.961612824973191E8,"ytd_unt_this_yr_mth_bud_unt_var":0.0,"account_category_id":63,"growth_rate":-9.27,"curr_unt_lst_mth_unt_var":0.0,"lst_yr_curr_mth_act":0.00,"curr_unt_lst_yr_mth_ytd_unt_var":0.0,"modified_date":null,"created_by":null,"mth_bud":88000000.00,"month_11_amount":0.0,"month_3_rate":0.0,"lst_yr_curr_mth_act_unt_count":0.0,"mth_bud_unt_count":0.0,"month_3_amount":0.0,"month_1_amount":0.0,"month_5_amount":0.0,"measure_id":1,"month_7_amount":0.0,"month_8_amount":0.0,"curr_unt_ytd_unt_var":0.0,"carried_over_budget":0.0,"remarks":"-","month_6":3.110740183743E8,"curr_bud_var":156811659.06,"account_item_id":null,"suggested_rate":0.0,"month_4_rate":0.0,"exp_list":"[{\"eid\":13,\"ecode\":\"TGB\",\"ename\":\"Growth Rate Between - 5 And -10\"},{\"eid\":1,\"ecode\":\"BLY\",\"ename\":\"Budget Less Than Last Year\"}]","suggested_actual_value":0.0,"curr_unt_this_yr_mth_bud_unt_var":0.0,"month_3":3.188159155343E8,"month_7":3.085362765545E8,"this_yr_curr_mth_bud":88000000.00,"quarter_3_amount":0.0,"month_12_rate":0.0,"month_4_amount":0.0,"month_1":3.237449992016E8,"month_12_amount":0.0,"budget_amount":0.0},{"remaining_value":0.0,"act_unt_count":0.0,"description":"N/A","status_id":1,"mth_bud":1.00,"quarter_4":0.0,"is_intertemplate":1,"target_value":0.0,"month_7_rate":0.0,"quarter_3":0.0,"is_number_base":false,"cat_item_id":"64","growth_rate":-8.54,"this_year_ytd_count":0.0,"forcasted_year":9.2079148493333E7,"this_year_budget_count":0.0,"lst_yr_curr_mth_ytd_unt_count":0.0,"quarter_2":0.0,"quarter_1":0.0,"lst_yr_curr_mth_wght_avg_rate":0.00,"month_4":8.95913753654E7,"quarter_4_amount":0.0,"branch_id":999,"budget_rate":0.0,"lst_mth_ytd_unt_count":0.0,"month_6":8.82130362187E7,"month_6_rate":0.0,"this_yr_curr_wght_avg_rate":0.00,"month_1":9.13614055892E7,"month_11_rate":0.0,"month_9_rate":0.0,"forcasted_year_count":0.0,"cy_fees":0.0,"quarter_2_amount":0.0,"has_exception":1,"weighted_avg_rate":0.0,"month_9_amount":0.0,"end_date":null,"this_year_budget":6.905936137E7,"parent_id":1521,"curr_mth_ytd_var":0.00,"this_yr_curr_mth_bud":1.00,"id":9283,"name":"Buildings","start_date":null,"curr_this_yr_mth_bud_var":0.00,"month_5_rate":0.0,"month_8_rate":0.0,"month_10_rate":0.0,"created_d... (set the log level to DEBUG or TRACE to see the full content) 
 </msg>
<msg timestamp="20210205 16:08:51.307" level="INFO">e:\python\lib\site-packages\urllib3\connectionpool.py:1020: InsecureRequestWarning: Unverified HTTPS request is being made to host '10.13.189.56'. Adding certificate verification is strongly advised. See: https://urllib3.readthedocs.io/en/latest/advanced-usage.html#ssl-warnings
  InsecureRequestWarning,</msg>
<msg timestamp="20210205 16:08:51.308" level="INFO">${response} = &lt;Response [200]&gt;</msg>
<status status="PASS" starttime="20210205 16:08:50.619" endtime="20210205 16:08:51.308"></status>
</kw>
<kw name="To Json" library="RequestsLibrary">
<doc>Convert a string to a JSON object</doc>
<arguments>
<arg>${response.text}</arg>
</arguments>
<assign>
<var>${responseJSON}</var>
</assign>
<msg timestamp="20210205 16:08:51.314" level="INFO">To JSON using : content=[{"remaining_value":0.0,"quarter_2":1.87775E7,"monthly_id":4393,"quarter_1":1.87775E7,"act_unt_count":0.0,"description":"N/A","status_id":1,"target_value":0.0,"month_7_rate":0.0,"is_intertemplate":0,"is_number_base":false,"account_category_id":386,"curr_bud_var":147159800890.14,"this_year_ytd_count":0.0,"this_year_budget_count":0.0,"lst_yr_curr_mth_ytd_unt_count":0.0,"lst_yr_curr_mth_wght_avg_rate":0.00,"quarter_4_amount":0.0,"branch_id":999,"budget_rate":0.0,"lst_mth_ytd_unt_count":0.0,"month_6_rate":0.0,"this_yr_curr_wght_avg_rate":0.00,"month_11_rate":0.0,"month_9_rate":0.0,"forcasted_year_count":0.0,"cy_fees":0.0,"quarter_4":1.87775E7,"quarter_2_amount":0.0,"has_exception":1,"quarter_3":1.87775E7,"id":9253,"weighted_avg_rate":0.0,"month_9_amount":0.0,"end_date":null,"curr_mth_ytd_var":0.00,"mth_ytd":156390230876.46,"month_7":2.3742470319639E9,"exp_list":"[{\"eid\":1,\"ecode\":\"BLY\",\"ename\":\"Budget Less Than Last Year\"}]","month_5":2.4134021976047E9,"month_4":2.4332319639711E9,"remarks":"test","start_date":null,"curr_this_yr_mth_bud_var":0.00,"month_5_rate":0.0,"month_8_rate":0.0,"month_10_rate":0.0,"created_date":"2020-01-21T07:53:16.000+0000","month_2_rate":0.0,"budget_period":10,"lst_mth_act":0.00,"mth_ytd_lst_yr_mth_ytd_var":0.00,"is_editable":1,"name":"Assets","month_6":2.3937376792913E9,"month_2_amount":0.0,"lst_mth_ytd":0.00,"spended_budget":0,"modified_by":null,"month_6_amount":0.0,"quarter_1_amount":0.0,"this_yr_curr_bud_unt_count":0.0,"template_id":1,"month_10_amount":0.0,"month_1":2.5504969483248E9,"lst_yr_curr_mth_ytd":0.00,"is_computational":0,"lst_mth_act_unt":0.0,"month_12":2.2791444607233E9,"this_yr_curr_mth_bud":9230429986.32,"month_8":2.3548988900309E9,"ytd_unt_count":0.00,"mth_ytd_this_yr_mth_bud_var":0.00,"month_1_rate":0.0,"month_2":2.4722328070888E9,"month_9":2.3357218992806E9,"ytd_unt_this_yr_mth_bud_unt_var":0.0,"forcasted_year":2.0852030783791132E11,"curr_unt_lst_mth_unt_var":0.0,"lst_yr_curr_mth_act":0.00,"curr_unt_lst_yr_mth_ytd_unt_var":0.0,"curr_lst_mth_var":156390230876.46,"modified_date":null,"created_by":null,"month_10":2.3167047167866E9,"mth_act":156390230876.46,"month_11_amount":0.0,"month_3_rate":0.0,"lst_yr_curr_mth_act_unt_count":0.0,"mth_bud_unt_count":0.0,"month_3_amount":0.0,"parent_id":0,"month_1_amount":0.0,"curr_lst_yr_mth_var":156390230876.46,"month_5_amount":0.0,"measure_id":1,"actual_value":2.3529544607232842E9,"month_7_amount":0.0,"month_8_amount":0.0,"curr_unt_ytd_unt_var":0.0,"carried_over_budget":0.0,"this_year_budget":1.56390230876461E11,"mth_bud":9230429986.32,"cat_item_id":"386","account_item_id":null,"suggested_rate":0.0,"growth_rate":-98.87,"month_4_rate":0.0,"budget_id":9253,"suggested_actual_value":0.0,"curr_unt_this_yr_mth_bud_unt_var":0.0,"month_3":2.4532283670297E9,"month_11":2.2978460108134E9,"quarter_3_amount":0.0,"month_12_rate":0.0,"month_4_amount":0.0,"this_year_ytd":1.56390230876461E11,"month_12_amount":0.0,"budget_amount":0.0},{"remaining_value":0.0,"act_unt_count":0.0,"description":"N/A","status_id":1,"this_year_budget":1.88266407879E9,"quarter_4":0.0,"target_value":0.0,"month_7_rate":0.0,"quarter_3":0.0,"is_intertemplate":0,"is_number_base":false,"month_2":2.4709328070888E9,"this_year_ytd_count":0.0,"this_year_budget_count":0.0,"lst_yr_curr_mth_ytd_unt_count":0.0,"month_9":2.3344218992806E9,"this_year_ytd":1.88266407879E9,"month_10":2.3154047167866E9,"curr_bud_var":1595154077.79,"month_12":2.2778444607233E9,"quarter_2":0.0,"quarter_1":0.0,"month_8":2.3535988900309E9,"lst_yr_curr_mth_wght_avg_rate":0.00,"quarter_4_amount":0.0,"branch_id":999,"budget_rate":0.0,"parent_id":386,"lst_mth_ytd_unt_count":0.0,"month_6_rate":0.0,"this_yr_curr_wght_avg_rate":0.00,"month_11_rate":0.0,"month_9_rate":0.0,"forcasted_year_count":0.0,"cy_fees":0.0,"quarter_2_amount":0.0,"has_exception":1,"weighted_avg_rate":0.0,"month_9_amount":0.0,"end_date":null,"curr_mth_ytd_var":0.00,"id":9281,"start_date":null,"month_3":2.4519283670297E9,"curr_this_yr_mth_bud_var":0.00,"month_5_rate":0.0,"month_8_rate":0.0,"month_10_rate":0.0,"created_date":"2020-01-21T07:53:16.000+0000","month_2_rate":0.0,"budget_period":10,"account_category_id":1521,"lst_mth_act":0.00,"mth_ytd_lst_yr_mth_ytd_var":0.00,"is_editable":1,"monthly_id":4421,"month_2_amount":0.0,"lst_mth_ytd":0.00,"mth_ytd":1882664078.79,"month_11":2.2965460108134E9,"spended_budget":0,"modified_by":null,"month_6_amount":0.0,"quarter_1_amount":0.0,"this_yr_curr_bud_unt_count":0.0,"template_id":1,"month_10_amount":0.0,"lst_yr_curr_mth_ytd":0.00,"is_computational":0,"lst_mth_act_unt":0.0,"budget_id":9281,"curr_lst_mth_var":1882664078.79,"mth_act":1882664078.79,"month_1":2.4896969483248E9,"mth_bud":287510001.00,"ytd_unt_count":0.00,"mth_ytd_this_yr_mth_bud_var":0.00,"month_1_rate":0.0,"curr_lst_yr_mth_var":1882664078.79,"ytd_unt_this_yr_mth_bud_unt_var":0.0,"curr_unt_lst_mth_unt_var":0.0,"lst_yr_curr_mth_act":0.00,"curr_unt_lst_yr_mth_ytd_unt_var":0.0,"modified_date":null,"created_by":null,"month_11_amount":0.0,"month_3_rate":0.0,"lst_yr_curr_mth_act_unt_count":0.0,"mth_bud_unt_count":0.0,"month_3_amount":0.0,"month_1_amount":0.0,"month_5_amount":0.0,"measure_id":1,"month_7_amount":0.0,"month_8_amount":0.0,"curr_unt_ytd_unt_var":0.0,"carried_over_budget":0.0,"cat_item_id":"1521","remarks":"-","month_7":2.3729370319639E9,"this_yr_curr_mth_bud":287510001.00,"account_item_id":null,"suggested_rate":0.0,"month_4":2.4319319639711E9,"month_5":2.4121021976047E9,"month_4_rate":0.0,"exp_list":"[{\"eid\":13,\"ecode\":\"TGB\",\"ename\":\"Growth Rate Between - 5 And -10\"},{\"eid\":1,\"ecode\":\"BLY\",\"ename\":\"Budget Less Than Last Year\"}]","forcasted_year":2.510218771420001E9,"suggested_actual_value":0.0,"curr_unt_this_yr_mth_bud_unt_var":0.0,"month_6":2.3924376792913E9,"quarter_3_amount":0.0,"name":"Property And Equipment","month_12_rate":0.0,"month_4_amount":0.0,"growth_rate":-9.26,"actual_value":2.2778444607232842E9,"month_12_amount":0.0,"budget_amount":0.0},{"remaining_value":0.0,"month_9":3.035240602284E8,"this_year_budget":2.4481165906E8,"act_unt_count":0.0,"description":"N/A","month_2":3.212950408749E8,"status_id":1,"quarter_4":0.0,"is_intertemplate":1,"target_value":0.0,"month_7_rate":0.0,"quarter_3":0.0,"is_number_base":false,"cat_item_id":"63","this_year_ytd_count":0.0,"this_year_budget_count":0.0,"lst_yr_curr_mth_ytd_unt_count":0.0,"month_4":3.162136579048E8,"quarter_2":0.0,"quarter_1":0.0,"lst_yr_curr_mth_wght_avg_rate":0.00,"this_year_ytd":2.4481165906E8,"quarter_4_amount":0.0,"branch_id":999,"budget_rate":0.0,"lst_mth_ytd_unt_count":0.0,"month_6_rate":0.0,"this_yr_curr_wght_avg_rate":0.00,"month_11_rate":0.0,"month_9_rate":0.0,"forcasted_year_count":0.0,"cy_fees":0.0,"quarter_2_amount":0.0,"has_exception":1,"weighted_avg_rate":0.0,"month_9_amount":0.0,"end_date":null,"parent_id":1521,"forcasted_year":3.26415545413333E8,"curr_mth_ytd_var":0.00,"month_8":3.060196825832E8,"id":9282,"month_5":3.136330857556E8,"start_date":null,"curr_this_yr_mth_bud_var":0.00,"month_5_rate":0.0,"month_8_rate":0.0,"month_10_rate":0.0,"created_date":"2020-01-21T07:53:16.000+0000","curr_lst_yr_mth_var":244811659.06,"month_2_rate":0.0,"budget_period":10,"month_11":2.985950327704E8,"lst_mth_act":0.00,"is_editable":0,"mth_ytd_lst_yr_mth_ytd_var":0.00,"monthly_id":4422,"month_12":2.961612824973E8,"month_2_amount":0.0,"lst_mth_ytd":0.00,"mth_act":244811659.06,"curr_lst_mth_var":244811659.06,"spended_budget":0,"modified_by":null,"month_6_amount":0.0,"quarter_1_amount":0.0,"this_yr_curr_bud_unt_count":0.0,"template_id":1,"month_10_amount":0.0,"lst_yr_curr_mth_ytd":0.00,"is_computational":0,"lst_mth_act_unt":0.0,"budget_id":9282,"month_10":3.010492347265E8,"mth_ytd":244811659.06,"ytd_unt_count":0.00,"mth_ytd_this_yr_mth_bud_var":0.00,"name":"Land","month_1_rate":0.0,"actual_value":2.961612824973191E8,"ytd_unt_this_yr_mth_bud_unt_var":0.0,"account_category_id":63,"growth_rate":-9.27,"curr_unt_lst_mth_unt_var":0.0,"lst_yr_curr_mth_act":0.00,"curr_unt_lst_yr_mth_ytd_unt_var":0.0,"modified_date":null,"created_by":null,"mth_bud":88000000.00,"month_11_amount":0.0,"month_3_rate":0.0,"lst_yr_curr_mth_act_unt_count":0.0,"mth_bud_unt_count":0.0,"month_3_amount":0.0,"month_1_amount":0.0,"month_5_amount":0.0,"measure_id":1,"month_7_amount":0.0,"month_8_amount":0.0,"curr_unt_ytd_unt_var":0.0,"carried_over_budget":0.0,"remarks":"-","month_6":3.110740183743E8,"curr_bud_var":156811659.06,"account_item_id":null,"suggested_rate":0.0,"month_4_rate":0.0,"exp_list":"[{\"eid\":13,\"ecode\":\"TGB\",\"ename\":\"Growth Rate Between - 5 And -10\"},{\"eid\":1,\"ecode\":\"BLY\",\"ename\":\"Budget Less Than Last Year\"}]","suggested_actual_value":0.0,"curr_unt_this_yr_mth_bud_unt_var":0.0,"month_3":3.18815915534
[...]
</kw>
<status status="PASS" starttime="20210205 16:13:43.381" endtime="20210205 16:13:59.841" critical="yes"></status>
</test>
<status status="PASS" starttime="20210205 16:13:40.278" endtime="20210205 16:13:59.843"></status>
</suite>
<suite id="s1-s13" name="T9 template Consolidation" source="E:\QAautomation\Budget-Automation\budget_admin\test_suites\T9_template_Consolidation.robot">
<test id="s1-s13-t1" name="Click template Consolidation">
<kw name="Run Keyword And Continue On Failure" library="BuiltIn">
<doc>Runs the keyword and continues execution even if a failure occurs.</doc>
<arguments>
<arg>Click template Consolidation</arg>
</arguments>
<kw name="Click template Consolidation" library="templateButtonPage">
<kw name="Click Element" library="SeleniumLibrary">
<doc>Click the element identified by ``locator``.</doc>
<arguments>
<arg>${click_template_consolidate_xpath}</arg>
</arguments>
<msg timestamp="20210205 16:13:59.870" level="INFO">Clicking element '//li[@id="template"]//div'.</msg>
<status status="PASS" starttime="20210205 16:13:59.869" endtime="20210205 16:14:00.056"></status>
</kw>
<kw name="Sleep" library="BuiltIn">
<doc>Pauses the test executed for the given time.</doc>
<arguments>
<arg>2s</arg>
</arguments>
<msg timestamp="20210205 16:14:02.071" level="INFO">Slept 2 seconds</msg>
<status status="PASS" starttime="20210205 16:14:00.056" endtime="20210205 16:14:02.071"></status>
</kw>
<status status="PASS" starttime="20210205 16:13:59.869" endtime="20210205 16:14:02.071"></status>
</kw>
<status status="PASS" starttime="20210205 16:13:59.869" endtime="20210205 16:14:02.071"></status>
</kw>
<status status="PASS" starttime="20210205 16:13:59.868" endtime="20210205 16:14:02.072" critical="yes"></status>
</test>
<test id="s1-s13-t2" name="Balance sheet Template Consolidation">
<kw name="Run Keyword And Continue On Failure" library="BuiltIn">
<doc>Runs the keyword and continues execution even if a failure occurs.</doc>
<arguments>
<arg>Balance sheet Template Consolidation</arg>
</arguments>
<kw name="Balance sheet Template Consolidation" library="templateButtonPage">
<kw name="Click Element" library="SeleniumLibrary">
<doc>Click the element identified by ``locator``.</doc>
<arguments>
<arg>xpath=//a[@id='${template_consolidate}_1']</arg>
</arguments>
<msg timestamp="20210205 16:14:02.076" level="INFO">Clicking element 'xpath=//a[@id='template_consolidate_1']'.</msg>
<status status="PASS" starttime="20210205 16:14:02.075" endtime="20210205 16:14:02.335"></status>
</kw>
<kw name="Sleep" library="BuiltIn">
<doc>Pauses the test executed for the given time.</doc>
<arguments>
<arg>1s</arg>
</arguments>
<msg timestamp="20210205 16:14:03.340" level="INFO">Slept 1 second</msg>
<status status="PASS" starttime="20210205 16:14:02.336" endtime="20210205 16:14:03.340"></status>
</kw>
<status status="PASS" starttime="20210205 16:14:02.075" endtime="20210205 16:14:03.341"></status>
</kw>
<status status="PASS" starttime="20210205 16:14:02.075" endtime="20210205 16:14:03.341"></status>
</kw>
<status status="PASS" starttime="20210205 16:14:02.073" endtime="20210205 16:14:03.341" critical="yes"></status>
</test>
<test id="s1-s13-t3" name="Click Download template Consolidation">
<kw name="Run Keyword And Continue On Failure" library="BuiltIn">
<doc>Runs the keyword and continues execution even if a failure occurs.</doc>
<arguments>
<arg>Download template Consolidation</arg>
</arguments>
<kw name="Download template Consolidation" library="templateButtonPage">
<kw name="Click Element" library="SeleniumLibrary">
<doc>Click the element identified by ``locator``.</doc>
<arguments>
<arg>xpath=//app-budget-consolidated-treetable/div[1]/span[2]/span/nz-dropdown/span</arg>
</arguments>
<msg timestamp="20210205 16:14:03.346" level="INFO">Clicking element 'xpath=//app-budget-consolidated-treetable/div[1]/span[2]/span/nz-dropdown/span'.</msg>
<status status="PASS" starttime="20210205 16:14:03.346" endtime="20210205 16:14:03.413"></status>
</kw>
<kw name="Sleep" library="BuiltIn">
<doc>Pauses the test executed for the given time.</doc>
<arguments>
<arg>1s</arg>
</arguments>
<msg timestamp="20210205 16:14:04.413" level="INFO">Slept 1 second</msg>
<status status="PASS" starttime="20210205 16:14:03.413" endtime="20210205 16:14:04.413"></status>
</kw>
<kw name="Click Element" library="SeleniumLibrary">
<doc>Click the element identified by ``locator``.</doc>
<arguments>
<arg>//li[@class='ant-dropdown-menu-item']</arg>
</arguments>
<msg timestamp="20210205 16:14:04.413" level="INFO">Clicking element '//li[@class='ant-dropdown-menu-item']'.</msg>
<status status="PASS" starttime="20210205 16:14:04.413" endtime="20210205 16:14:04.461"></status>
</kw>
<status status="PASS" starttime="20210205 16:14:03.345" endtime="20210205 16:14:04.461"></status>
</kw>
<status status="PASS" starttime="20210205 16:14:03.345" endtime="20210205 16:14:04.462"></status>
</kw>
<status status="PASS" starttime="20210205 16:14:03.344" endtime="20210205 16:14:04.462" critical="yes"></status>
</test>
<test id="s1-s13-t4" name="Click refresh template Consolidation">
<kw name="Run Keyword And Continue On Failure" library="BuiltIn">
<doc>Runs the keyword and continues execution even if a failure occurs.</doc>
<arguments>
<arg>Click refresh template Consolidation</arg>
</arguments>
<kw name="Click refresh template Consolidation" library="templateButtonPage">
<kw name="Click Element" library="SeleniumLibrary">
<doc>Click the element identified by ``locator``.</doc>
<arguments>
<arg>xpath=//app-budget-consolidated-treetable/div[1]/span[2]/span/i</arg>
</arguments>
<msg timestamp="20210205 16:14:04.466" level="INFO">Clicking element 'xpath=//app-budget-consolidated-treetable/div[1]/span[2]/span/i'.</msg>
<status status="PASS" starttime="20210205 16:14:04.466" endtime="20210205 16:14:04.901"></status>
</kw>
<kw name="Sleep" library="BuiltIn">
<doc>Pauses the test executed for the given time.</doc>
<arguments>
<arg>1s</arg>
</arguments>
<msg timestamp="20210205 16:14:05.906" level="INFO">Slept 1 second</msg>
<status status="PASS" starttime="20210205 16:14:04.902" endtime="20210205 16:14:05.906"></status>
</kw>
<status status="PASS" starttime="20210205 16:14:04.465" endtime="20210205 16:14:05.906"></status>
</kw>
<status status="PASS" starttime="20210205 16:14:04.465" endtime="20210205 16:14:05.906"></status>
</kw>
<kw name="Run Keyword And Continue On Failure" library="BuiltIn">
<doc>Runs the keyword and continues execution even if a failure occurs.</doc>
<arguments>
<arg>Click template Consolidation</arg>
</arguments>
<kw name="Click template Consolidation" library="templateButtonPage">
<kw name="Click Element" library="SeleniumLibrary">
<doc>Click the element identified by ``locator``.</doc>
<arguments>
<arg>${click_template_consolidate_xpath}</arg>
</arguments>
<msg timestamp="20210205 16:14:05.908" level="INFO">Clicking element '//li[@id="template"]//div'.</msg>
<status status="PASS" starttime="20210205 16:14:05.907" endtime="20210205 16:14:06.204"></status>
</kw>
<kw name="Sleep" library="BuiltIn">
<doc>Pauses the test executed for the given time.</doc>
<arguments>
<arg>2s</arg>
</arguments>
<msg timestamp="20210205 16:14:08.218" level="INFO">Slept 2 seconds</msg>
<status status="PASS" starttime="20210205 16:14:06.204" endtime="20210205 16:14:08.218"></status>
</kw>
<status status="PASS" starttime="20210205 16:14:05.907" endtime="20210205 16:14:08.218"></status>
</kw>
<status status="PASS" starttime="20210205 16:14:05.907" endtime="20210205 16:14:08.218"></status>
</kw>
<status status="PASS" starttime="20210205 16:14:04.464" endtime="20210205 16:14:08.219" critical="yes"></status>
</test>
<test id="s1-s13-t5" name="click logout">
<kw name="Run Keyword And Continue On Failure" library="BuiltIn">
<doc>Runs the keyword and continues execution even if a failure occurs.</doc>
<arguments>
<arg>Click Logout</arg>
</arguments>
<kw name="Click Logout" library="loginPage">
<kw name="Click Element" library="SeleniumLibrary">
<doc>Click the element identified by ``locator``.</doc>
<arguments>
<arg>xpath=//nz-header/div[1]/span[2]/span[2]/nz-dropdown[1]</arg>
</arguments>
<msg timestamp="20210205 16:14:08.224" level="INFO">Clicking element 'xpath=//nz-header/div[1]/span[2]/span[2]/nz-dropdown[1]'.</msg>
<status status="PASS" starttime="20210205 16:14:08.224" endtime="20210205 16:14:08.309"></status>
</kw>
<kw name="Sleep" library="BuiltIn">
<doc>Pauses the test executed for the given time.</doc>
<arguments>
<arg>1s</arg>
</arguments>
<msg timestamp="20210205 16:14:09.311" level="INFO">Slept 1 second</msg>
<status status="PASS" starttime="20210205 16:14:08.310" endtime="20210205 16:14:09.311"></status>
</kw>
<kw name="Click Element" library="SeleniumLibrary">
<doc>Click the element identified by ``locator``.</doc>
<arguments>
<arg>xpath=//li[normalize-space()='Log out']</arg>
</arguments>
<msg timestamp="20210205 16:14:09.311" level="INFO">Clicking element 'xpath=//li[normalize-space()='Log out']'.</msg>
<status status="PASS" starttime="20210205 16:14:09.311" endtime="20210205 16:14:11.364"></status>
</kw>
<status status="PASS" starttime="20210205 16:14:08.224" endtime="20210205 16:14:11.364"></status>
</kw>
<status status="PASS" starttime="20210205 16:14:08.223" endtime="20210205 16:14:11.365"></status>
</kw>
<status status="PASS" starttime="20210205 16:14:08.223" endtime="20210205 16:14:11.366" critical="yes"></status>
</test>
<status status="PASS" starttime="20210205 16:13:59.849" endtime="20210205 16:14:11.369"></status>
</suite>
<suite id="s1-s14" name="Test" source="E:\QAautomation\Budget-Automation\budget_admin\test_suites\test.robot">
<test id="s1-s14-t1" name="db test">
<kw name="Connection to Db">
<kw name="Connect To Database" library="DatabaseLibrary">
<doc>Loads the DB API 2.0 module given `dbapiModuleName` then uses it to
connect to the database using `dbName`, `dbUsername`, and `dbPassword`.</doc>
<arguments>
<arg>pymysql</arg>
<arg>${DBName}</arg>
<arg>${DBUser}</arg>
<arg>${DBpass}</arg>
<arg>${DBHost}</arg>
<arg>${DBPort}</arg>
</arguments>
<msg timestamp="20210205 16:14:11.396" level="INFO">Connecting using : pymysql.connect(db=budgetdb, user=application, passwd=Application@123, host=10.13.189.56, port=3306, charset=None) </msg>
<status status="PASS" starttime="20210205 16:14:11.395" endtime="20210205 16:14:11.520"></status>
</kw>
<status status="PASS" starttime="20210205 16:14:11.395" endtime="20210205 16:14:11.521"></status>
</kw>
<kw name="Execute Sql Script" library="DatabaseLibrary">
<doc>Executes the content of the `sqlScriptFileName` as SQL commands. Useful for setting the database to a known
state before running your tests, or clearing out your test data after running each a test. Set optional input
`sansTran` to True to run command without an explicit transaction commit or rollback.</doc>
<arguments>
<arg>${EXECDIR}/databases/cpx.sql</arg>
</arguments>
<msg timestamp="20210205 16:14:11.522" level="INFO">Executing : Execute SQL Script  |  E:\QAautomation\Budget-Automation\budget_admin/databases/cpx.sql </msg>
<status status="PASS" starttime="20210205 16:14:11.522" endtime="20210205 16:14:12.718"></status>
</kw>
<status status="PASS" starttime="20210205 16:14:11.394" endtime="20210205 16:14:12.719" critical="yes"></status>
</test>
<status status="PASS" starttime="20210205 16:14:11.377" endtime="20210205 16:14:12.720"></status>
</suite>
<status status="FAIL" starttime="20210205 16:07:41.404" endtime="20210205 16:14:12.726"></status>
</suite>
<statistics>
<total>
<stat pass="58" fail="1">Critical Tests</stat>
<stat pass="58" fail="1">All Tests</stat>
</total>
<tag>
</tag>
<suite>
<stat pass="58" fail="1" id="s1" name="T0 verify admin &amp; T0 verify test adhoc assign &amp; T1 user management &amp; T1 verify budget guidelines &amp; T1 verify capex prebudget &amp; T2 verify hr prebudget &amp; T3 verify activity prebudget &amp; T4 verify bs prebudget &amp; T5 verify profitloss prebudget &amp; T6 simulation after prebudget &amp; T7 quarterlyReport consolidation &amp; T8 specialReport consolidation &amp; T9 template Consolidation &amp; Test">T0 verify admin &amp; T0 verify test adhoc assign &amp; T1 user management &amp; T1 verify budget guidelines &amp; T1 verify capex prebudget &amp; T2 verify hr prebudget &amp; T3 verify activity prebudget &amp; T4 verify bs prebudget &amp; T5 verify profitloss prebudget &amp; T6 simulation after prebudget &amp; T7 quarterlyReport consolidation &amp; T8 specialReport consolidation &amp; T9 template Consolidation &amp; Test</stat>
<stat pass="1" fail="0" id="s1-s1" name="T0 verify admin">T0 verify admin &amp; T0 verify test adhoc assign &amp; T1 user management &amp; T1 verify budget guidelines &amp; T1 verify capex prebudget &amp; T2 verify hr prebudget &amp; T3 verify activity prebudget &amp; T4 verify bs prebudget &amp; T5 verify profitloss prebudget &amp; T6 simulation after prebudget &amp; T7 quarterlyReport consolidation &amp; T8 specialReport consolidation &amp; T9 template Consolidation &amp; Test.T0 verify admin</stat>
<stat pass="1" fail="0" id="s1-s2" name="T0 verify test adhoc assign">T0 verify admin &amp; T0 verify test adhoc assign &amp; T1 user management &amp; T1 verify budget guidelines &amp; T1 verify capex prebudget &amp; T2 verify hr prebudget &amp; T3 verify activity prebudget &amp; T4 verify bs prebudget &amp; T5 verify profitloss prebudget &amp; T6 simulation after prebudget &amp; T7 quarterlyReport consolidation &amp; T8 specialReport consolidation &amp; T9 template Consolidation &amp; Test.T0 verify test adhoc assign</stat>
<stat pass="13" fail="0" id="s1-s3" name="T1 user management">T0 verify admin &amp; T0 verify test adhoc assign &amp; T1 user management &amp; T1 verify budget guidelines &amp; T1 verify capex prebudget &amp; T2 verify hr prebudget &amp; T3 verify activity prebudget &amp; T4 verify bs prebudget &amp; T5 verify profitloss prebudget &amp; T6 simulation after prebudget &amp; T7 quarterlyReport consolidation &amp; T8 specialReport consolidation &amp; T9 template Consolidation &amp; Test.T1 user management</stat>
<stat pass="5" fail="0" id="s1-s4" name="T1 verify budget guidelines">T0 verify admin &amp; T0 verify test adhoc assign &amp; T1 user management &amp; T1 verify budget guidelines &amp; T1 verify capex prebudget &amp; T2 verify hr prebudget &amp; T3 verify activity prebudget &amp; T4 verify bs prebudget &amp; T5 verify profitloss prebudget &amp; T6 simulation after prebudget &amp; T7 quarterlyReport consolidation &amp; T8 specialReport consolidation &amp; T9 template Consolidation &amp; Test.T1 verify budget guidelines</stat>
<stat pass="16" fail="1" id="s1-s5" name="T1 verify capex prebudget">T0 verify admin &amp; T0 verify test adhoc assign &amp; T1 user management &amp; T1 verify budget guidelines &amp; T1 verify capex prebudget &amp; T2 verify hr prebudget &amp; T3 verify activity prebudget &amp; T4 verify bs prebudget &amp; T5 verify profitloss prebudget &amp; T6 simulation after prebudget &amp; T7 quarterlyReport consolidation &amp; T8 specialReport consolidation &amp; T9 template Consolidation &amp; Test.T1 verify capex prebudget</stat>
<stat pass="1" fail="0" id="s1-s6" name="T2 verify hr prebudget">T0 verify admin &amp; T0 verify test adhoc assign &amp; T1 user management &amp; T1 verify budget guidelines &amp; T1 verify capex prebudget &amp; T2 verify hr prebudget &amp; T3 verify activity prebudget &amp; T4 verify bs prebudget &amp; T5 verify profitloss prebudget &amp; T6 simulation after prebudget &amp; T7 quarterlyReport consolidation &amp; T8 specialReport consolidation &amp; T9 template Consolidation &amp; Test.T2 verify hr prebudget</stat>
<stat pass="1" fail="0" id="s1-s7" name="T3 verify activity prebudget">T0 verify admin &amp; T0 verify test adhoc assign &amp; T1 user management &amp; T1 verify budget guidelines &amp; T1 verify capex prebudget &amp; T2 verify hr prebudget &amp; T3 verify activity prebudget &amp; T4 verify bs prebudget &amp; T5 verify profitloss prebudget &amp; T6 simulation after prebudget &amp; T7 quarterlyReport consolidation &amp; T8 specialReport consolidation &amp; T9 template Consolidation &amp; Test.T3 verify activity prebudget</stat>
<stat pass="1" fail="0" id="s1-s8" name="T4 verify bs prebudget">T0 verify admin &amp; T0 verify test adhoc assign &amp; T1 user management &amp; T1 verify budget guidelines &amp; T1 verify capex prebudget &amp; T2 verify hr prebudget &amp; T3 verify activity prebudget &amp; T4 verify bs prebudget &amp; T5 verify profitloss prebudget &amp; T6 simulation after prebudget &amp; T7 quarterlyReport consolidation &amp; T8 specialReport consolidation &amp; T9 template Consolidation &amp; Test.T4 verify bs prebudget</stat>
<stat pass="1" fail="0" id="s1-s9" name="T5 verify profitloss prebudget">T0 verify admin &amp; T0 verify test adhoc assign &amp; T1 user management &amp; T1 verify budget guidelines &amp; T1 verify capex prebudget &amp; T2 verify hr prebudget &amp; T3 verify activity prebudget &amp; T4 verify bs prebudget &amp; T5 verify profitloss prebudget &amp; T6 simulation after prebudget &amp; T7 quarterlyReport consolidation &amp; T8 specialReport consolidation &amp; T9 template Consolidation &amp; Test.T5 verify profitloss prebudget</stat>
<stat pass="8" fail="0" id="s1-s10" name="T6 simulation after prebudget">T0 verify admin &amp; T0 verify test adhoc assign &amp; T1 user management &amp; T1 verify budget guidelines &amp; T1 verify capex prebudget &amp; T2 verify hr prebudget &amp; T3 verify activity prebudget &amp; T4 verify bs prebudget &amp; T5 verify profitloss prebudget &amp; T6 simulation after prebudget &amp; T7 quarterlyReport consolidation &amp; T8 specialReport consolidation &amp; T9 template Consolidation &amp; Test.T6 simulation after prebudget</stat>
<stat pass="2" fail="0" id="s1-s11" name="T7 quarterlyReport consolidation">T0 verify admin &amp; T0 verify test adhoc assign &amp; T1 user management &amp; T1 verify budget guidelines &amp; T1 verify capex prebudget &amp; T2 verify hr prebudget &amp; T3 verify activity prebudget &amp; T4 verify bs prebudget &amp; T5 verify profitloss prebudget &amp; T6 simulation after prebudget &amp; T7 quarterlyReport consolidation &amp; T8 specialReport consolidation &amp; T9 template Consolidation &amp; Test.T7 quarterlyReport consolidation</stat>
<stat pass="2" fail="0" id="s1-s12" name="T8 specialReport consolidation">T0 verify admin &amp; T0 verify test adhoc assign &amp; T1 user management &amp; T1 verify budget guidelines &amp; T1 verify capex prebudget &amp; T2 verify hr prebudget &amp; T3 verify activity prebudget &amp; T4 verify bs prebudget &amp; T5 verify profitloss prebudget &amp; T6 simulation after prebudget &amp; T7 quarterlyReport consolidation &amp; T8 specialReport consolidation &amp; T9 template Consolidation &amp; Test.T8 specialReport consolidation</stat>
<stat pass="5" fail="0" id="s1-s13" name="T9 template Consolidation">T0 verify admin &amp; T0 verify test adhoc assign &amp; T1 user management &amp; T1 verify budget guidelines &amp; T1 verify capex prebudget &amp; T2 verify hr prebudget &amp; T3 verify activity prebudget &amp; T4 verify bs prebudget &amp; T5 verify profitloss prebudget &amp; T6 simulation after prebudget &amp; T7 quarterlyReport consolidation &amp; T8 specialReport consolidation &amp; T9 template Consolidation &amp; Test.T9 template Consolidation</stat>
<stat pass="1" fail="0" id="s1-s14" name="Test">T0 verify admin &amp; T0 verify test adhoc assign &amp; T1 user management &amp; T1 verify budget guidelines &amp; T1 verify capex prebudget &amp; T2 verify hr prebudget &amp; T3 verify activity prebudget &amp; T4 verify bs prebudget &amp; T5 verify profitloss prebudget &amp; T6 simulation after prebudget &amp; T7 quarterlyReport consolidation &amp; T8 specialReport consolidation &amp; T9 template Consolidation &amp; Test.Test</stat>
</suite>
</statistics>
<errors>
</errors>
</robot>
