<?xml version="1.0" encoding="UTF-8"?>
<robot generator="Robot 3.2.2 (Python 3.6.8 on win32)" generated="20210212 13:43:48.622" rpa="false">
<suite id="s1" name="T0 verify admin &amp; T0 verify user management &amp; T1 verify adhoc assign &amp; T1 verify budget guidelines &amp; T1 verify capex prebudget &amp; T2 verify hr prebudget &amp; T3 verify activity prebudget &amp; T4 verify bs prebudget &amp; T5 verify profitloss prebudget &amp; T6 simulation after prebudget &amp; T7 quarterlyReport consolidation &amp; T8 specialReport consolidation &amp; T9 template Consolidation &amp; T9 verify report consolidation &amp; Test">
<suite id="s1-s1" name="T0 verify admin" source="E:\QAautomation\Budget-Automation\budget_admin\test_suites\T0_verify_admin.robot">
<kw name="Open Budget Application" library="loginPage" type="setup">
<kw name="Open Browser" library="SeleniumLibrary">
<doc>Opens a new browser instance to the optional ``url``.</doc>
<arguments>
<arg>${url}</arg>
<arg>Chrome</arg>
<arg>add_argument("--disable-popup-blocking"); add_argument("--ignore-certificate-errors") error</arg>
</arguments>
<msg timestamp="20210212 13:43:48.916" level="INFO">Opening browser 'Chrome' to base url 'https://10.13.189.56:8443/cas/login?service=https%3A%2F%2F10.13.189.56%3A8443%2Fbudget%2Flogin%2Fcas'.</msg>
<status status="PASS" starttime="20210212 13:43:48.916" endtime="20210212 13:43:53.481"></status>
</kw>
<kw name="Maximize Browser Window" library="SeleniumLibrary">
<doc>Maximizes current browser window.</doc>
<status status="PASS" starttime="20210212 13:43:53.481" endtime="20210212 13:43:53.615"></status>
</kw>
<kw name="Click Button" library="SeleniumLibrary">
<doc>Clicks the button identified by ``locator``.</doc>
<arguments>
<arg>details-button</arg>
</arguments>
<msg timestamp="20210212 13:43:53.616" level="INFO">Clicking button 'details-button'.</msg>
<status status="PASS" starttime="20210212 13:43:53.616" endtime="20210212 13:43:53.713"></status>
</kw>
<kw name="Click Element" library="SeleniumLibrary">
<doc>Click the element identified by ``locator``.</doc>
<arguments>
<arg>proceed-link</arg>
</arguments>
<msg timestamp="20210212 13:43:53.714" level="INFO">Clicking element 'proceed-link'.</msg>
<status status="PASS" starttime="20210212 13:43:53.713" endtime="20210212 13:43:55.819"></status>
</kw>
<kw name="Sleep" library="BuiltIn">
<doc>Pauses the test executed for the given time.</doc>
<arguments>
<arg>2S</arg>
</arguments>
<msg timestamp="20210212 13:43:57.820" level="INFO">Slept 2 seconds</msg>
<status status="PASS" starttime="20210212 13:43:55.819" endtime="20210212 13:43:57.820"></status>
</kw>
<status status="PASS" starttime="20210212 13:43:48.915" endtime="20210212 13:43:57.820"></status>
</kw>
<test id="s1-s1-t1" name="Verify that login page works properly and is authenticated">
<kw name="Run Keyword And Continue On Failure" library="BuiltIn">
<doc>Runs the keyword and continues execution even if a failure occurs.</doc>
<arguments>
<arg>Verify Login Page is successful</arg>
</arguments>
<kw name="Verify Login Page is successful" library="loginPage">
<kw name="Run Keyword And Continue On Failure" library="BuiltIn">
<doc>Runs the keyword and continues execution even if a failure occurs.</doc>
<arguments>
<arg>title should be login</arg>
</arguments>
<kw name="Title should be login" library="loginPage">
<kw name="Title Should Be" library="SeleniumLibrary">
<doc>Verifies that the current page title equals ``title``.</doc>
<arguments>
<arg>Login - CAS – Central Authentication Service</arg>
</arguments>
<msg timestamp="20210212 13:43:57.827" level="INFO">Page title is 'Login - CAS – Central Authentication Service'.</msg>
<status status="PASS" starttime="20210212 13:43:57.823" endtime="20210212 13:43:57.827"></status>
</kw>
<status status="PASS" starttime="20210212 13:43:57.823" endtime="20210212 13:43:57.827"></status>
</kw>
<status status="PASS" starttime="20210212 13:43:57.823" endtime="20210212 13:43:57.827"></status>
</kw>
<kw name="Run Keyword And Continue On Failure" library="BuiltIn">
<doc>Runs the keyword and continues execution even if a failure occurs.</doc>
<arguments>
<arg>page should contain header text</arg>
</arguments>
<kw name="page should contain header text" library="loginPage">
<kw name="Run Keyword And Continue On Failure" library="BuiltIn">
<doc>Runs the keyword and continues execution even if a failure occurs.</doc>
<arguments>
<arg>element should be visible</arg>
<arg>${header_text}</arg>
<arg>message=Extenso Data Budget Operation Secured Login</arg>
</arguments>
<kw name="Element Should Be Visible" library="SeleniumLibrary">
<doc>Verifies that the element identified by ``locator`` is visible.</doc>
<arguments>
<arg>${header_text}</arg>
<arg>message=Extenso Data Budget Operation Secured Login</arg>
</arguments>
<msg timestamp="20210212 13:43:57.853" level="INFO">Element 'id=servicedesc' is displayed.</msg>
<status status="PASS" starttime="20210212 13:43:57.829" endtime="20210212 13:43:57.853"></status>
</kw>
<status status="PASS" starttime="20210212 13:43:57.828" endtime="20210212 13:43:57.853"></status>
</kw>
<status status="PASS" starttime="20210212 13:43:57.828" endtime="20210212 13:43:57.854"></status>
</kw>
<status status="PASS" starttime="20210212 13:43:57.828" endtime="20210212 13:43:57.854"></status>
</kw>
<kw name="Enter valid Username" library="loginPage">
<arguments>
<arg>admin</arg>
</arguments>
<kw name="Wait Until Element Is Visible" library="SeleniumLibrary">
<doc>Waits until the element ``locator`` is visible.</doc>
<arguments>
<arg>id=username</arg>
</arguments>
<status status="PASS" starttime="20210212 13:43:57.854" endtime="20210212 13:43:57.877"></status>
</kw>
<kw name="Input Text" library="SeleniumLibrary">
<doc>Types the given ``text`` into the text field identified by ``locator``.</doc>
<arguments>
<arg>id=username</arg>
<arg>${username}</arg>
</arguments>
<msg timestamp="20210212 13:43:57.877" level="INFO">Typing text 'admin' into text field 'id=username'.</msg>
<status status="PASS" starttime="20210212 13:43:57.877" endtime="20210212 13:43:57.952"></status>
</kw>
<status status="PASS" starttime="20210212 13:43:57.854" endtime="20210212 13:43:57.952"></status>
</kw>
<kw name="Enter valid Password" library="loginPage">
<arguments>
<arg>admin123</arg>
</arguments>
<kw name="Wait Until Element Is Visible" library="SeleniumLibrary">
<doc>Waits until the element ``locator`` is visible.</doc>
<arguments>
<arg>id=password</arg>
</arguments>
<status status="PASS" starttime="20210212 13:43:57.953" endtime="20210212 13:43:57.976"></status>
</kw>
<kw name="Input Text" library="SeleniumLibrary">
<doc>Types the given ``text`` into the text field identified by ``locator``.</doc>
<arguments>
<arg>id=password</arg>
<arg>${password}</arg>
</arguments>
<msg timestamp="20210212 13:43:57.977" level="INFO">Typing text 'admin123' into text field 'id=password'.</msg>
<status status="PASS" starttime="20210212 13:43:57.976" endtime="20210212 13:43:58.080"></status>
</kw>
<status status="PASS" starttime="20210212 13:43:57.952" endtime="20210212 13:43:58.080"></status>
</kw>
<kw name="Click Submit" library="loginPage">
<kw name="Press Keys" library="SeleniumLibrary">
<doc>Simulates the user pressing key(s) to an element or on the active browser.</doc>
<arguments>
<arg>name=submit</arg>
<arg>RETURN</arg>
</arguments>
<msg timestamp="20210212 13:43:58.081" level="INFO">Sending key(s) ('RETURN',) to name=submit element.</msg>
<msg timestamp="20210212 13:44:15.068" level="INFO">Pressing special key RETURN to element.</msg>
<msg timestamp="20210212 13:44:15.068" level="INFO">Releasing special key RETURN.</msg>
<status status="PASS" starttime="20210212 13:43:58.080" endtime="20210212 13:44:15.102"></status>
</kw>
<kw name="Sleep" library="BuiltIn">
<doc>Pauses the test executed for the given time.</doc>
<arguments>
<arg>2s</arg>
</arguments>
<msg timestamp="20210212 13:44:17.107" level="INFO">Slept 2 seconds</msg>
<status status="PASS" starttime="20210212 13:44:15.102" endtime="20210212 13:44:17.108"></status>
</kw>
<status status="PASS" starttime="20210212 13:43:58.080" endtime="20210212 13:44:17.110"></status>
</kw>
<status status="PASS" starttime="20210212 13:43:57.822" endtime="20210212 13:44:17.111"></status>
</kw>
<status status="PASS" starttime="20210212 13:43:57.822" endtime="20210212 13:44:17.111"></status>
</kw>
<status status="PASS" starttime="20210212 13:43:57.821" endtime="20210212 13:44:17.113" critical="yes"></status>
</test>
<doc>This suite verifies admin login page</doc>
<status status="PASS" starttime="20210212 13:43:48.650" endtime="20210212 13:44:17.119"></status>
</suite>
<suite id="s1-s2" name="T0 verify user management" source="E:\QAautomation\Budget-Automation\budget_admin\test_suites\T0_verify_user_management.robot">
<test id="s1-s2-t1" name="Verify User Add">
<kw name="Run Keyword And Continue On Failure" library="BuiltIn">
<doc>Runs the keyword and continues execution even if a failure occurs.</doc>
<arguments>
<arg>Click on User Management</arg>
</arguments>
<kw name="Click on User Management" library="userManagementPage">
<kw name="Wait Until Element Is Visible" library="SeleniumLibrary">
<doc>Waits until the element ``locator`` is visible.</doc>
<arguments>
<arg>${toggle_usermanagement_xpath}</arg>
</arguments>
<status status="PASS" starttime="20210212 13:44:17.227" endtime="20210212 13:44:17.257"></status>
</kw>
<kw name="Click Element" library="SeleniumLibrary">
<doc>Click the element identified by ``locator``.</doc>
<arguments>
<arg>${toggle_usermanagement_xpath}</arg>
</arguments>
<msg timestamp="20210212 13:44:17.258" level="INFO">Clicking element '//li[@id='user']//div'.</msg>
<status status="PASS" starttime="20210212 13:44:17.257" endtime="20210212 13:44:17.313"></status>
</kw>
<kw name="Sleep" library="BuiltIn">
<doc>Pauses the test executed for the given time.</doc>
<arguments>
<arg>3s</arg>
</arguments>
<msg timestamp="20210212 13:44:20.320" level="INFO">Slept 3 seconds</msg>
<status status="PASS" starttime="20210212 13:44:17.314" endtime="20210212 13:44:20.321"></status>
</kw>
<status status="PASS" starttime="20210212 13:44:17.226" endtime="20210212 13:44:20.321"></status>
</kw>
<status status="PASS" starttime="20210212 13:44:17.226" endtime="20210212 13:44:20.322"></status>
</kw>
<kw name="Run Keyword And Continue On Failure" library="BuiltIn">
<doc>Runs the keyword and continues execution even if a failure occurs.</doc>
<arguments>
<arg>Click Users</arg>
</arguments>
<kw name="Click Users" library="userManagementPage">
<kw name="Wait Until Element Is Visible" library="SeleniumLibrary">
<doc>Waits until the element ``locator`` is visible.</doc>
<arguments>
<arg>${click_users_xpath}</arg>
</arguments>
<status status="PASS" starttime="20210212 13:44:20.326" endtime="20210212 13:44:20.407"></status>
</kw>
<kw name="Click Element" library="SeleniumLibrary">
<doc>Click the element identified by ``locator``.</doc>
<arguments>
<arg>${click_users_xpath}</arg>
</arguments>
<msg timestamp="20210212 13:44:20.408" level="INFO">Clicking element '//li//a[@id='user_info']'.</msg>
<status status="PASS" starttime="20210212 13:44:20.408" endtime="20210212 13:44:20.515"></status>
</kw>
<kw name="Sleep" library="BuiltIn">
<doc>Pauses the test executed for the given time.</doc>
<arguments>
<arg>3s</arg>
</arguments>
<msg timestamp="20210212 13:44:23.532" level="INFO">Slept 3 seconds</msg>
<status status="PASS" starttime="20210212 13:44:20.515" endtime="20210212 13:44:23.533"></status>
</kw>
<status status="PASS" starttime="20210212 13:44:20.324" endtime="20210212 13:44:23.534"></status>
</kw>
<status status="PASS" starttime="20210212 13:44:20.323" endtime="20210212 13:44:23.535"></status>
</kw>
<status status="PASS" starttime="20210212 13:44:17.225" endtime="20210212 13:44:23.537" critical="yes"></status>
</test>
<test id="s1-s2-t2" name="Refresh User Button">
<kw name="Run Keyword And Continue On Failure" library="BuiltIn">
<doc>Runs the keyword and continues execution even if a failure occurs.</doc>
<arguments>
<arg>Refresh User Button</arg>
</arguments>
<kw name="Refresh User Button" library="userManagementPage">
<kw name="Wait Until Element Is Visible" library="SeleniumLibrary">
<doc>Waits until the element ``locator`` is visible.</doc>
<arguments>
<arg>${refresh_button_xpath}</arg>
</arguments>
<status status="PASS" starttime="20210212 13:44:23.556" endtime="20210212 13:44:23.623"></status>
</kw>
<kw name="Click Element" library="SeleniumLibrary">
<doc>Click the element identified by ``locator``.</doc>
<arguments>
<arg>${refresh_button_xpath}</arg>
</arguments>
<msg timestamp="20210212 13:44:23.624" level="INFO">Clicking element '//app-userdashboard/div/div/div/div/div[2]/div[1]/span/button[2]'.</msg>
<status status="PASS" starttime="20210212 13:44:23.624" endtime="20210212 13:44:23.738"></status>
</kw>
<kw name="Sleep" library="BuiltIn">
<doc>Pauses the test executed for the given time.</doc>
<arguments>
<arg>1s</arg>
</arguments>
<msg timestamp="20210212 13:44:24.750" level="INFO">Slept 1 second</msg>
<status status="PASS" starttime="20210212 13:44:23.738" endtime="20210212 13:44:24.751"></status>
</kw>
<status status="PASS" starttime="20210212 13:44:23.555" endtime="20210212 13:44:24.751"></status>
</kw>
<status status="PASS" starttime="20210212 13:44:23.554" endtime="20210212 13:44:24.752"></status>
</kw>
<status status="PASS" starttime="20210212 13:44:23.551" endtime="20210212 13:44:24.753" critical="yes"></status>
</test>
<test id="s1-s2-t3" name="Click Add User">
<kw name="Run Keyword And Continue On Failure" library="BuiltIn">
<doc>Runs the keyword and continues execution even if a failure occurs.</doc>
<arguments>
<arg>Click Add User</arg>
</arguments>
<kw name="Click Add User" library="userManagementPage">
<kw name="Wait Until Element Is Visible" library="SeleniumLibrary">
<doc>Waits until the element ``locator`` is visible.</doc>
<arguments>
<arg>${add_button}</arg>
</arguments>
<status status="PASS" starttime="20210212 13:44:24.763" endtime="20210212 13:44:24.821"></status>
</kw>
<kw name="Click Element" library="SeleniumLibrary">
<doc>Click the element identified by ``locator``.</doc>
<arguments>
<arg>${add_button}</arg>
</arguments>
<msg timestamp="20210212 13:44:24.822" level="INFO">Clicking element '//app-userdashboard/div/div/div/div/div[2]/div[1]/span/button[1]'.</msg>
<status status="PASS" starttime="20210212 13:44:24.822" endtime="20210212 13:44:25.085"></status>
</kw>
<kw name="Sleep" library="BuiltIn">
<doc>Pauses the test executed for the given time.</doc>
<arguments>
<arg>1s</arg>
</arguments>
<msg timestamp="20210212 13:44:26.091" level="INFO">Slept 1 second</msg>
<status status="PASS" starttime="20210212 13:44:25.085" endtime="20210212 13:44:26.092"></status>
</kw>
<status status="PASS" starttime="20210212 13:44:24.761" endtime="20210212 13:44:26.093"></status>
</kw>
<status status="PASS" starttime="20210212 13:44:24.761" endtime="20210212 13:44:26.093"></status>
</kw>
<status status="PASS" starttime="20210212 13:44:24.758" endtime="20210212 13:44:26.097" critical="yes"></status>
</test>
<test id="s1-s2-t4" name="vaidate inputs of users name">
<kw name="Run Keyword And Continue On Failure" library="BuiltIn">
<doc>Runs the keyword and continues execution even if a failure occurs.</doc>
<arguments>
<arg>validate inputs of name</arg>
<arg>testing1a1</arg>
</arguments>
<kw name="validate inputs of name" library="userManagementPage">
<arguments>
<arg>testing1a1</arg>
</arguments>
<kw name="Click Element" library="SeleniumLibrary">
<doc>Click the element identified by ``locator``.</doc>
<arguments>
<arg>${input_name}</arg>
</arguments>
<msg timestamp="20210212 13:44:26.118" level="INFO">Clicking element '//input[@id='name']'.</msg>
<status status="PASS" starttime="20210212 13:44:26.117" endtime="20210212 13:44:26.234"></status>
</kw>
<kw name="Input Text" library="SeleniumLibrary">
<doc>Types the given ``text`` into the text field identified by ``locator``.</doc>
<arguments>
<arg>${input_name}</arg>
<arg>${user_name}</arg>
</arguments>
<msg timestamp="20210212 13:44:26.235" level="INFO">Typing text 'testing1a1' into text field '//input[@id='name']'.</msg>
<status status="PASS" starttime="20210212 13:44:26.234" endtime="20210212 13:44:26.328"></status>
</kw>
<kw name="Sleep" library="BuiltIn">
<doc>Pauses the test executed for the given time.</doc>
<arguments>
<arg>1s</arg>
</arguments>
<msg timestamp="20210212 13:44:27.338" level="INFO">Slept 1 second</msg>
<status status="PASS" starttime="20210212 13:44:26.328" endtime="20210212 13:44:27.339"></status>
</kw>
<status status="PASS" starttime="20210212 13:44:26.115" endtime="20210212 13:44:27.340"></status>
</kw>
<status status="PASS" starttime="20210212 13:44:26.114" endtime="20210212 13:44:27.341"></status>
</kw>
<status status="PASS" starttime="20210212 13:44:26.111" endtime="20210212 13:44:27.343" critical="yes"></status>
</test>
<test id="s1-s2-t5" name="validate inputs of users username">
<kw name="Run Keyword And Continue On Failure" library="BuiltIn">
<doc>Runs the keyword and continues execution even if a failure occurs.</doc>
<arguments>
<arg>validate inputs of users username</arg>
<arg>testing1a1</arg>
</arguments>
<kw name="validate inputs of users username" library="userManagementPage">
<arguments>
<arg>testing1a1</arg>
</arguments>
<kw name="Click Element" library="SeleniumLibrary">
<doc>Click the element identified by ``locator``.</doc>
<arguments>
<arg>${input_username}</arg>
</arguments>
<msg timestamp="20210212 13:44:27.357" level="INFO">Clicking element '//input[@id='username']'.</msg>
<status status="PASS" starttime="20210212 13:44:27.356" endtime="20210212 13:44:27.448"></status>
</kw>
<kw name="Input Text" library="SeleniumLibrary">
<doc>Types the given ``text`` into the text field identified by ``locator``.</doc>
<arguments>
<arg>${input_username}</arg>
<arg>${username}</arg>
</arguments>
<msg timestamp="20210212 13:44:27.449" level="INFO">Typing text 'testing1a1' into text field '//input[@id='username']'.</msg>
<status status="PASS" starttime="20210212 13:44:27.449" endtime="20210212 13:44:27.538"></status>
</kw>
<kw name="Sleep" library="BuiltIn">
<doc>Pauses the test executed for the given time.</doc>
<arguments>
<arg>1s</arg>
</arguments>
<msg timestamp="20210212 13:44:28.554" level="INFO">Slept 1 second</msg>
<status status="PASS" starttime="20210212 13:44:27.539" endtime="20210212 13:44:28.555"></status>
</kw>
<status status="PASS" starttime="20210212 13:44:27.354" endtime="20210212 13:44:28.556"></status>
</kw>
<status status="PASS" starttime="20210212 13:44:27.352" endtime="20210212 13:44:28.556"></status>
</kw>
<status status="PASS" starttime="20210212 13:44:27.349" endtime="20210212 13:44:28.559" critical="yes"></status>
</test>
<test id="s1-s2-t6" name="validate inputs of users password">
<kw name="Run Keyword And Continue On Failure" library="BuiltIn">
<doc>Runs the keyword and continues execution even if a failure occurs.</doc>
<arguments>
<arg>validate inputs of users password</arg>
<arg>testing1a1</arg>
</arguments>
<kw name="validate inputs of users password" library="userManagementPage">
<arguments>
<arg>testing1a1</arg>
</arguments>
<kw name="Click Element" library="SeleniumLibrary">
<doc>Click the element identified by ``locator``.</doc>
<arguments>
<arg>${input_password}</arg>
</arguments>
<msg timestamp="20210212 13:44:28.573" level="INFO">Clicking element '//input[@id='password']'.</msg>
<status status="PASS" starttime="20210212 13:44:28.572" endtime="20210212 13:44:28.679"></status>
</kw>
<kw name="Input Text" library="SeleniumLibrary">
<doc>Types the given ``text`` into the text field identified by ``locator``.</doc>
<arguments>
<arg>${input_password}</arg>
<arg>${password}</arg>
</arguments>
<msg timestamp="20210212 13:44:28.680" level="INFO">Typing text 'testing1a1' into text field '//input[@id='password']'.</msg>
<status status="PASS" starttime="20210212 13:44:28.679" endtime="20210212 13:44:28.769"></status>
</kw>
<kw name="Sleep" library="BuiltIn">
<doc>Pauses the test executed for the given time.</doc>
<arguments>
<arg>1s</arg>
</arguments>
<msg timestamp="20210212 13:44:29.786" level="INFO">Slept 1 second</msg>
<status status="PASS" starttime="20210212 13:44:28.769" endtime="20210212 13:44:29.786"></status>
</kw>
<status status="PASS" starttime="20210212 13:44:28.569" endtime="20210212 13:44:29.787"></status>
</kw>
<status status="PASS" starttime="20210212 13:44:28.568" endtime="20210212 13:44:29.788"></status>
</kw>
<status status="PASS" starttime="20210212 13:44:28.564" endtime="20210212 13:44:29.790" critical="yes"></status>
</test>
<test id="s1-s2-t7" name="validate inputs of users email">
<kw name="Run Keyword And Continue On Failure" library="BuiltIn">
<doc>Runs the keyword and continues execution even if a failure occurs.</doc>
<arguments>
<arg>validate inputs of users email</arg>
<arg>testing1a1@gmail.com</arg>
</arguments>
<kw name="validate inputs of users email" library="userManagementPage">
<arguments>
<arg>testing1a1@gmail.com</arg>
</arguments>
<kw name="Click Element" library="SeleniumLibrary">
<doc>Click the element identified by ``locator``.</doc>
<arguments>
<arg>${input_email}</arg>
</arguments>
<msg timestamp="20210212 13:44:29.804" level="INFO">Clicking element '//input[@id='email']'.</msg>
<status status="PASS" starttime="20210212 13:44:29.803" endtime="20210212 13:44:29.886"></status>
</kw>
<kw name="Input Text" library="SeleniumLibrary">
<doc>Types the given ``text`` into the text field identified by ``locator``.</doc>
<arguments>
<arg>${input_email}</arg>
<arg>${enter_email}</arg>
</arguments>
<msg timestamp="20210212 13:44:29.887" level="INFO">Typing text 'testing1a1@gmail.com' into text field '//input[@id='email']'.</msg>
<status status="PASS" starttime="20210212 13:44:29.886" endtime="20210212 13:44:30.026"></status>
</kw>
<kw name="Sleep" library="BuiltIn">
<doc>Pauses the test executed for the given time.</doc>
<arguments>
<arg>1s</arg>
</arguments>
<msg timestamp="20210212 13:44:31.041" level="INFO">Slept 1 second</msg>
<status status="PASS" starttime="20210212 13:44:30.026" endtime="20210212 13:44:31.042"></status>
</kw>
<status status="PASS" starttime="20210212 13:44:29.800" endtime="20210212 13:44:31.043"></status>
</kw>
<status status="PASS" starttime="20210212 13:44:29.799" endtime="20210212 13:44:31.043"></status>
</kw>
<status status="PASS" starttime="20210212 13:44:29.794" endtime="20210212 13:44:31.045" critical="yes"></status>
</test>
<test id="s1-s2-t8" name="verify click in input roles">
<kw name="Run Keyword And Continue On Failure" library="BuiltIn">
<doc>Runs the keyword and continues execution even if a failure occurs.</doc>
<arguments>
<arg>verify click in input roles</arg>
</arguments>
<kw name="verify click in input roles" library="userManagementPage">
<kw name="Sleep" library="BuiltIn">
<doc>Pauses the test executed for the given time.</doc>
<arguments>
<arg>1s</arg>
</arguments>
<msg timestamp="20210212 13:44:32.065" level="INFO">Slept 1 second</msg>
<status status="PASS" starttime="20210212 13:44:31.057" endtime="20210212 13:44:32.066"></status>
</kw>
<kw name="Click Element" library="SeleniumLibrary">
<doc>Click the element identified by ``locator``.</doc>
<arguments>
<arg>${click_role_list}</arg>
</arguments>
<msg timestamp="20210212 13:44:32.067" level="INFO">Clicking element '//mat-select[@id='mat-select-0']'.</msg>
<status status="PASS" starttime="20210212 13:44:32.066" endtime="20210212 13:44:32.220"></status>
</kw>
<kw name="Click Element" library="SeleniumLibrary">
<doc>Click the element identified by ``locator``.</doc>
<arguments>
<arg>${input_role}</arg>
</arguments>
<msg timestamp="20210212 13:44:32.220" level="INFO">Clicking element '//mat-option[@id='role_2']'.</msg>
<status status="PASS" starttime="20210212 13:44:32.220" endtime="20210212 13:44:32.292"></status>
</kw>
<kw name="Sleep" library="BuiltIn">
<doc>Pauses the test executed for the given time.</doc>
<arguments>
<arg>1s</arg>
</arguments>
<msg timestamp="20210212 13:44:33.303" level="INFO">Slept 1 second</msg>
<status status="PASS" starttime="20210212 13:44:32.292" endtime="20210212 13:44:33.304"></status>
</kw>
<status status="PASS" starttime="20210212 13:44:31.055" endtime="20210212 13:44:33.305"></status>
</kw>
<status status="PASS" starttime="20210212 13:44:31.054" endtime="20210212 13:44:33.305"></status>
</kw>
<status status="PASS" starttime="20210212 13:44:31.053" endtime="20210212 13:44:33.309" critical="yes"></status>
</test>
<test id="s1-s2-t9" name="verify click list and input region">
<kw name="Run Keyword And Continue On Failure" library="BuiltIn">
<doc>Runs the keyword and continues execution even if a failure occurs.</doc>
<arguments>
<arg>verify click list and input region</arg>
<arg>Region 1</arg>
</arguments>
<kw name="verify click list and input region" library="userManagementPage">
<arguments>
<arg>Region 1</arg>
</arguments>
<kw name="Click Element" library="SeleniumLibrary">
<doc>Click the element identified by ``locator``.</doc>
<arguments>
<arg>${region_list}</arg>
</arguments>
<msg timestamp="20210212 13:44:33.329" level="INFO">Clicking element '//mat-select[@id='mat-select-1']'.</msg>
<status status="PASS" starttime="20210212 13:44:33.328" endtime="20210212 13:44:33.452"></status>
</kw>
<kw name="Sleep" library="BuiltIn">
<doc>Pauses the test executed for the given time.</doc>
<arguments>
<arg>1s</arg>
</arguments>
<msg timestamp="20210212 13:44:34.459" level="INFO">Slept 1 second</msg>
<status status="PASS" starttime="20210212 13:44:33.452" endtime="20210212 13:44:34.460"></status>
</kw>
<kw name="defination of region" library="userManagementPage">
<arguments>
<arg>${region_name}</arg>
</arguments>
<assign>
<var>${id_region}</var>
</assign>
<kw name="Set Variable If" library="BuiltIn">
<doc>Sets variable based on the given condition.</doc>
<arguments>
<arg>"${region}"=="Region 1"</arg>
<arg>region_0</arg>
<arg>"${region}"=="Region 2"</arg>
<arg>region_1</arg>
<arg>"${region}"=="Region 3"</arg>
<arg>region_2</arg>
<arg>"${region}"=="Region 4"</arg>
<arg>region_3</arg>
<arg>"${region}"=="Region 5"</arg>
<arg>region_4</arg>
<arg>"${region}"=="Region 6"</arg>
<arg>region_5</arg>
<arg>"${region}"=="Region 7"</arg>
<arg>region_6</arg>
<arg>"${region}"=="Region 8"</arg>
<arg>region_7</arg>
<arg>"${region}"=="Region 9"</arg>
<arg>region_8</arg>
<arg>"${region}"=="Jhapa Region"</arg>
<arg>region_9</arg>
<arg>"${region}"=="Kathmandu Valley Region"</arg>
<arg>region_10</arg>
<arg>"${region}"=="Pokhara Valley Region"</arg>
<arg>region_11</arg>
<arg>"${region}"=="Unknown"</arg>
<arg>region_12</arg>
</arguments>
<assign>
<var>${region_name}</var>
</assign>
<msg timestamp="20210212 13:44:34.465" level="INFO">${region_name} = region_0</msg>
<status status="PASS" starttime="20210212 13:44:34.463" endtime="20210212 13:44:34.466"></status>
</kw>
<msg timestamp="20210212 13:44:34.467" level="INFO">${id_region} = region_0</msg>
<status status="PASS" starttime="20210212 13:44:34.461" endtime="20210212 13:44:34.467"></status>
</kw>
<kw name="Sleep" library="BuiltIn">
<doc>Pauses the test executed for the given time.</doc>
<arguments>
<arg>1s</arg>
</arguments>
<msg timestamp="20210212 13:44:35.473" level="INFO">Slept 1 second</msg>
<status status="PASS" starttime="20210212 13:44:34.467" endtime="20210212 13:44:35.473"></status>
</kw>
<kw name="Click Element" library="SeleniumLibrary">
<doc>Click the element identified by ``locator``.</doc>
<arguments>
<arg>//mat-option[@id='${id_region}']</arg>
</arguments>
<msg timestamp="20210212 13:44:35.474" level="INFO">Clicking element '//mat-option[@id='region_0']'.</msg>
<status status="PASS" starttime="20210212 13:44:35.473" endtime="20210212 13:44:35.539"></status>
</kw>
<kw name="Sleep" library="BuiltIn">
<doc>Pauses the test executed for the given time.</doc>
<arguments>
<arg>1s</arg>
</arguments>
<msg timestamp="20210212 13:44:36.549" level="INFO">Slept 1 second</msg>
<status status="PASS" starttime="20210212 13:44:35.539" endtime="20210212 13:44:36.549"></status>
</kw>
<kw name="Click Element" library="SeleniumLibrary">
<doc>Click the element identified by ``locator``.</doc>
<arguments>
<arg>${click_outside_role}</arg>
</arguments>
<msg timestamp="20210212 13:44:36.551" level="INFO">Clicking element '//div[@class='cdk-overlay-backdrop cdk-overlay-transparent-backdrop cdk-overlay-backdrop-showing']'.</msg>
<status status="PASS" starttime="20210212 13:44:36.550" endtime="20210212 13:44:36.609"></status>
</kw>
<kw name="Sleep" library="BuiltIn">
<doc>Pauses the test executed for the given time.</doc>
<arguments>
<arg>1s</arg>
</arguments>
<msg timestamp="20210212 13:44:37.616" level="INFO">Slept 1 second</msg>
<status status="PASS" starttime="20210212 13:44:36.609" endtime="20210212 13:44:37.618"></status>
</kw>
<status status="PASS" starttime="20210212 13:44:33.327" endtime="20210212 13:44:37.619"></status>
</kw>
<status status="PASS" starttime="20210212 13:44:33.326" endtime="20210212 13:44:37.620"></status>
</kw>
<status status="PASS" starttime="20210212 13:44:33.323" endtime="20210212 13:44:37.622" critical="yes"></status>
</test>
<test id="s1-s2-t10" name="verify that click in branch list">
<kw name="Run Keyword And Continue On Failure" library="BuiltIn">
<doc>Runs the keyword and continues execution even if a failure occurs.</doc>
<arguments>
<arg>verify that click in branch list</arg>
</arguments>
<kw name="verify that click in branch list" library="userManagementPage">
<kw name="Click Element" library="SeleniumLibrary">
<doc>Click the element identified by ``locator``.</doc>
<arguments>
<arg>${click_branch_list}</arg>
</arguments>
<msg timestamp="20210212 13:44:37.635" level="INFO">Clicking element '//mat-select[@id='mat-select-2']'.</msg>
<status status="PASS" starttime="20210212 13:44:37.633" endtime="20210212 13:44:37.733"></status>
</kw>
<kw name="Sleep" library="BuiltIn">
<doc>Pauses the test executed for the given time.</doc>
<arguments>
<arg>1s</arg>
</arguments>
<msg timestamp="20210212 13:44:38.741" level="INFO">Slept 1 second</msg>
<status status="PASS" starttime="20210212 13:44:37.733" endtime="20210212 13:44:38.742"></status>
</kw>
<kw name="Click Element" library="SeleniumLibrary">
<doc>Click the element identified by ``locator``.</doc>
<arguments>
<arg>${click_branch}</arg>
</arguments>
<msg timestamp="20210212 13:44:38.744" level="INFO">Clicking element '//perfect-scrollbar//mat-option[@id='branch_1']'.</msg>
<status status="PASS" starttime="20210212 13:44:38.743" endtime="20210212 13:44:38.845"></status>
</kw>
<kw name="Sleep" library="BuiltIn">
<doc>Pauses the test executed for the given time.</doc>
<arguments>
<arg>1s</arg>
</arguments>
<msg timestamp="20210212 13:44:39.846" level="INFO">Slept 1 second</msg>
<status status="PASS" starttime="20210212 13:44:38.845" endtime="20210212 13:44:39.847"></status>
</kw>
<kw name="Click Element" library="SeleniumLibrary">
<doc>Click the element identified by ``locator``.</doc>
<arguments>
<arg>${click_outside_role}</arg>
</arguments>
<msg timestamp="20210212 13:44:39.848" level="INFO">Clicking element '//div[@class='cdk-overlay-backdrop cdk-overlay-transparent-backdrop cdk-overlay-backdrop-showing']'.</msg>
<status status="PASS" starttime="20210212 13:44:39.847" endtime="20210212 13:44:39.956"></status>
</kw>
<kw name="Sleep" library="BuiltIn">
<doc>Pauses the test executed for the given time.</doc>
<arguments>
<arg>1s</arg>
</arguments>
<msg timestamp="20210212 13:44:40.973" level="INFO">Slept 1 second</msg>
<status status="PASS" starttime="20210212 13:44:39.957" endtime="20210212 13:44:40.973"></status>
</kw>
<status status="PASS" starttime="20210212 13:44:37.631" endtime="20210212 13:44:40.973"></status>
</kw>
<status status="PASS" starttime="20210212 13:44:37.630" endtime="20210212 13:44:40.973"></status>
</kw>
<status status="PASS" starttime="20210212 13:44:37.627" endtime="20210212 13:44:40.977" critical="yes"></status>
</test>
<test id="s1-s2-t11" name="Click User Add Button">
<kw name="Run Keyword And Continue On Failure" library="BuiltIn">
<doc>Runs the keyword and continues execution even if a failure occurs.</doc>
<arguments>
<arg>Click User Add Button</arg>
</arguments>
<kw name="Click User Add Button" library="userManagementPage">
<kw name="Wait Until Element Is Visible" library="SeleniumLibrary">
<doc>Waits until the element ``locator`` is visible.</doc>
<arguments>
<arg>${add_user_click_button_xpath}</arg>
</arguments>
<status status="PASS" starttime="20210212 13:44:40.982" endtime="20210212 13:44:41.005"></status>
</kw>
<kw name="Sleep" library="BuiltIn">
<doc>Pauses the test executed for the given time.</doc>
<arguments>
<arg>1s</arg>
</arguments>
<msg timestamp="20210212 13:44:42.016" level="INFO">Slept 1 second</msg>
<status status="PASS" starttime="20210212 13:44:41.005" endtime="20210212 13:44:42.017"></status>
</kw>
<kw name="Click Button" library="SeleniumLibrary">
<doc>Clicks the button identified by ``locator``.</doc>
<arguments>
<arg>${add_user_click_button_xpath}</arg>
</arguments>
<msg timestamp="20210212 13:44:42.020" level="INFO">Clicking button '//button[@id='add_user_btn']'.</msg>
<status status="PASS" starttime="20210212 13:44:42.018" endtime="20210212 13:44:42.205"></status>
</kw>
<kw name="Sleep" library="BuiltIn">
<doc>Pauses the test executed for the given time.</doc>
<arguments>
<arg>1s</arg>
</arguments>
<msg timestamp="20210212 13:44:43.217" level="INFO">Slept 1 second</msg>
<status status="PASS" starttime="20210212 13:44:42.205" endtime="20210212 13:44:43.218"></status>
</kw>
<kw name="Get Element Count" library="SeleniumLibrary">
<doc>Returns the number of elements matching ``locator``.</doc>
<arguments>
<arg>${notify_xpath}</arg>
</arguments>
<assign>
<var>${count_notify}</var>
</assign>
<msg timestamp="20210212 13:44:43.244" level="INFO">${count_notify} = 1</msg>
<status status="PASS" starttime="20210212 13:44:43.218" endtime="20210212 13:44:43.244"></status>
</kw>
<kw name="Run Keyword If" library="BuiltIn">
<doc>Runs the given keyword with the given arguments, if ``condition`` is true.</doc>
<arguments>
<arg>${count_notify}&gt;0</arg>
<arg>wait until element is not visible</arg>
<arg>${notify_xpath}</arg>
<arg>ELSE</arg>
<arg>Click close user add button</arg>
</arguments>
<kw name="Wait Until Element Is Not Visible" library="SeleniumLibrary">
<doc>Waits until the element ``locator`` is not visible.</doc>
<arguments>
<arg>${notify_xpath}</arg>
</arguments>
<status status="PASS" starttime="20210212 13:44:43.245" endtime="20210212 13:44:47.105"></status>
</kw>
<status status="PASS" starttime="20210212 13:44:43.244" endtime="20210212 13:44:47.105"></status>
</kw>
<kw name="Sleep" library="BuiltIn">
<doc>Pauses the test executed for the given time.</doc>
<arguments>
<arg>2s</arg>
</arguments>
<msg timestamp="20210212 13:44:49.112" level="INFO">Slept 2 seconds</msg>
<status status="PASS" starttime="20210212 13:44:47.106" endtime="20210212 13:44:49.113"></status>
</kw>
<status status="PASS" starttime="20210212 13:44:40.981" endtime="20210212 13:44:49.114"></status>
</kw>
<status status="PASS" starttime="20210212 13:44:40.981" endtime="20210212 13:44:49.114"></status>
</kw>
<status status="PASS" starttime="20210212 13:44:40.978" endtime="20210212 13:44:49.116" critical="yes"></status>
</test>
<test id="s1-s2-t12" name="Pagination change">
<kw name="Run Keyword And Continue On Failure" library="BuiltIn">
<doc>Runs the keyword and continues execution even if a failure occurs.</doc>
<arguments>
<arg>Pagination change</arg>
</arguments>
<kw name="Pagination change" library="templateButtonPage">
<kw name="Click Element" library="SeleniumLibrary">
<doc>Click the element identified by ``locator``.</doc>
<arguments>
<arg>//div[@class='ant-select-selection__rendered']</arg>
</arguments>
<msg timestamp="20210212 13:44:49.128" level="INFO">Clicking element '//div[@class='ant-select-selection__rendered']'.</msg>
<status status="PASS" starttime="20210212 13:44:49.127" endtime="20210212 13:44:49.276"></status>
</kw>
<kw name="Sleep" library="BuiltIn">
<doc>Pauses the test executed for the given time.</doc>
<arguments>
<arg>1s</arg>
</arguments>
<msg timestamp="20210212 13:44:50.278" level="INFO">Slept 1 second</msg>
<status status="PASS" starttime="20210212 13:44:49.276" endtime="20210212 13:44:50.279"></status>
</kw>
<kw name="Click Element" library="SeleniumLibrary">
<doc>Click the element identified by ``locator``.</doc>
<arguments>
<arg>//li[starts-with(@class,'ant-select-dropdown-menu-item')][last()]</arg>
</arguments>
<msg timestamp="20210212 13:44:50.281" level="INFO">Clicking element '//li[starts-with(@class,'ant-select-dropdown-menu-item')][last()]'.</msg>
<status status="PASS" starttime="20210212 13:44:50.280" endtime="20210212 13:44:50.511"></status>
</kw>
<kw name="Sleep" library="BuiltIn">
<doc>Pauses the test executed for the given time.</doc>
<arguments>
<arg>2s</arg>
</arguments>
<msg timestamp="20210212 13:44:52.524" level="INFO">Slept 2 seconds</msg>
<status status="PASS" starttime="20210212 13:44:50.512" endtime="20210212 13:44:52.525"></status>
</kw>
<status status="PASS" starttime="20210212 13:44:49.125" endtime="20210212 13:44:52.526"></status>
</kw>
<status status="PASS" starttime="20210212 13:44:49.124" endtime="20210212 13:44:52.526"></status>
</kw>
<status status="PASS" starttime="20210212 13:44:49.121" endtime="20210212 13:44:52.529" critical="yes"></status>
</test>
<test id="s1-s2-t13" name="Click edit user button in User Management">
<kw name="Run Keyword And Continue On Failure" library="BuiltIn">
<doc>Runs the keyword and continues execution even if a failure occurs.</doc>
<arguments>
<arg>click edit button from user page</arg>
</arguments>
<kw name="click edit button from user page" library="userManagementPage">
<kw name="Wait Until Element Is Visible" library="SeleniumLibrary">
<doc>Waits until the element ``locator`` is visible.</doc>
<arguments>
<arg>//tr[starts-with(@class,'ant-table-row ng-star-inserted')][last()]//td[8]/button[1]</arg>
</arguments>
<status status="PASS" starttime="20210212 13:44:52.550" endtime="20210212 13:44:52.611"></status>
</kw>
<kw name="Click Button" library="SeleniumLibrary">
<doc>Clicks the button identified by ``locator``.</doc>
<arguments>
<arg>//tr[starts-with(@class,'ant-table-row ng-star-inserted')][last()]//td[8]/button[1]</arg>
</arguments>
<msg timestamp="20210212 13:44:52.612" level="INFO">Clicking button '//tr[starts-with(@class,'ant-table-row ng-star-inserted')][last()]//td[8]/button[1]'.</msg>
<status status="PASS" starttime="20210212 13:44:52.612" endtime="20210212 13:44:52.866"></status>
</kw>
<status status="PASS" starttime="20210212 13:44:52.549" endtime="20210212 13:44:52.866"></status>
</kw>
<status status="PASS" starttime="20210212 13:44:52.548" endtime="20210212 13:44:52.866"></status>
</kw>
<status status="PASS" starttime="20210212 13:44:52.545" endtime="20210212 13:44:52.867" critical="yes"></status>
</test>
<test id="s1-s2-t14" name="Click edit name in User Management">
<kw name="Run Keyword And Continue On Failure" library="BuiltIn">
<doc>Runs the keyword and continues execution even if a failure occurs.</doc>
<arguments>
<arg>validate inputs of name</arg>
<arg>testing121</arg>
</arguments>
<kw name="validate inputs of name" library="userManagementPage">
<arguments>
<arg>testing121</arg>
</arguments>
<kw name="Click Element" library="SeleniumLibrary">
<doc>Click the element identified by ``locator``.</doc>
<arguments>
<arg>${input_name}</arg>
</arguments>
<msg timestamp="20210212 13:44:52.870" level="INFO">Clicking element '//input[@id='name']'.</msg>
<status status="PASS" starttime="20210212 13:44:52.870" endtime="20210212 13:44:53.021"></status>
</kw>
<kw name="Input Text" library="SeleniumLibrary">
<doc>Types the given ``text`` into the text field identified by ``locator``.</doc>
<arguments>
<arg>${input_name}</arg>
<arg>${user_name}</arg>
</arguments>
<msg timestamp="20210212 13:44:53.021" level="INFO">Typing text 'testing121' into text field '//input[@id='name']'.</msg>
<status status="PASS" starttime="20210212 13:44:53.021" endtime="20210212 13:44:53.153"></status>
</kw>
<kw name="Sleep" library="BuiltIn">
<doc>Pauses the test executed for the given time.</doc>
<arguments>
<arg>1s</arg>
</arguments>
<msg timestamp="20210212 13:44:54.154" level="INFO">Slept 1 second</msg>
<status status="PASS" starttime="20210212 13:44:53.153" endtime="20210212 13:44:54.155"></status>
</kw>
<status status="PASS" starttime="20210212 13:44:52.869" endtime="20210212 13:44:54.156"></status>
</kw>
<status status="PASS" starttime="20210212 13:44:52.869" endtime="20210212 13:44:54.156"></status>
</kw>
<status status="PASS" starttime="20210212 13:44:52.868" endtime="20210212 13:44:54.159" critical="yes"></status>
</test>
<test id="s1-s2-t15" name="Click edit username in User Management">
<kw name="Run Keyword And Continue On Failure" library="BuiltIn">
<doc>Runs the keyword and continues execution even if a failure occurs.</doc>
<arguments>
<arg>validate inputs of users username</arg>
<arg>testing121</arg>
</arguments>
<kw name="validate inputs of users username" library="userManagementPage">
<arguments>
<arg>testing121</arg>
</arguments>
<kw name="Click Element" library="SeleniumLibrary">
<doc>Click the element identified by ``locator``.</doc>
<arguments>
<arg>${input_username}</arg>
</arguments>
<msg timestamp="20210212 13:44:54.171" level="INFO">Clicking element '//input[@id='username']'.</msg>
<status status="PASS" starttime="20210212 13:44:54.169" endtime="20210212 13:44:54.290"></status>
</kw>
<kw name="Input Text" library="SeleniumLibrary">
<doc>Types the given ``text`` into the text field identified by ``locator``.</doc>
<arguments>
<arg>${input_username}</arg>
<arg>${username}</arg>
</arguments>
<msg timestamp="20210212 13:44:54.290" level="INFO">Typing text 'testing121' into text field '//input[@id='username']'.</msg>
<status status="PASS" starttime="20210212 13:44:54.290" endtime="20210212 13:44:54.424"></status>
</kw>
<kw name="Sleep" library="BuiltIn">
<doc>Pauses the test executed for the given time.</doc>
<arguments>
<arg>1s</arg>
</arguments>
<msg timestamp="20210212 13:44:55.432" level="INFO">Slept 1 second</msg>
<status status="PASS" starttime="20210212 13:44:54.424" endtime="20210212 13:44:55.433"></status>
</kw>
<status status="PASS" starttime="20210212 13:44:54.168" endtime="20210212 13:44:55.434"></status>
</kw>
<status status="PASS" starttime="20210212 13:44:54.167" endtime="20210212 13:44:55.434"></status>
</kw>
<status status="PASS" starttime="20210212 13:44:54.164" endtime="20210212 13:44:55.437" critical="yes"></status>
</test>
<test id="s1-s2-t16" name="Click edit email in User Management">
<kw name="Run Keyword And Continue On Failure" library="BuiltIn">
<doc>Runs the keyword and continues execution even if a failure occurs.</doc>
<arguments>
<arg>validate inputs of users email</arg>
<arg>testing121@gmail.com</arg>
</arguments>
<kw name="validate inputs of users email" library="userManagementPage">
<arguments>
<arg>testing121@gmail.com</arg>
</arguments>
<kw name="Click Element" library="SeleniumLibrary">
<doc>Click the element identified by ``locator``.</doc>
<arguments>
<arg>${input_email}</arg>
</arguments>
<msg timestamp="20210212 13:44:55.450" level="INFO">Clicking element '//input[@id='email']'.</msg>
<status status="PASS" starttime="20210212 13:44:55.449" endtime="20210212 13:44:55.559"></status>
</kw>
<kw name="Input Text" library="SeleniumLibrary">
<doc>Types the given ``text`` into the text field identified by ``locator``.</doc>
<arguments>
<arg>${input_email}</arg>
<arg>${enter_email}</arg>
</arguments>
<msg timestamp="20210212 13:44:55.559" level="INFO">Typing text 'testing121@gmail.com' into text field '//input[@id='email']'.</msg>
<status status="PASS" starttime="20210212 13:44:55.559" endtime="20210212 13:44:55.699"></status>
</kw>
<kw name="Sleep" library="BuiltIn">
<doc>Pauses the test executed for the given time.</doc>
<arguments>
<arg>1s</arg>
</arguments>
<msg timestamp="20210212 13:44:56.705" level="INFO">Slept 1 second</msg>
<status status="PASS" starttime="20210212 13:44:55.699" endtime="20210212 13:44:56.706"></status>
</kw>
<status status="PASS" starttime="20210212 13:44:55.446" endtime="20210212 13:44:56.706"></status>
</kw>
<status status="PASS" starttime="20210212 13:44:55.445" endtime="20210212 13:44:56.706"></status>
</kw>
<status status="PASS" starttime="20210212 13:44:55.442" endtime="20210212 13:44:56.707" critical="yes"></status>
</test>
<test id="s1-s2-t17" name="Click edit user click list and input region">
<kw name="Run Keyword And Continue On Failure" library="BuiltIn">
<doc>Runs the keyword and continues execution even if a failure occurs.</doc>
<arguments>
<arg>verify edit user click list and input region</arg>
<arg>Region 2</arg>
</arguments>
<kw name="verify edit user click list and input region" library="userManagementPage">
<arguments>
<arg>Region 2</arg>
</arguments>
<kw name="Click Element" library="SeleniumLibrary">
<doc>Click the element identified by ``locator``.</doc>
<arguments>
<arg>//app-adduser/div/div/mat-card/mat-card-content/form/div[5]/mat-form-field/div/div[1]/div/mat-select[@placeholder="Region"]</arg>
</arguments>
<msg timestamp="20210212 13:44:56.715" level="INFO">Clicking element '//app-adduser/div/div/mat-card/mat-card-content/form/div[5]/mat-form-field/div/div[1]/div/mat-select[@placeholder="Region"]'.</msg>
<status status="PASS" starttime="20210212 13:44:56.714" endtime="20210212 13:44:56.799"></status>
</kw>
<kw name="defination of region" library="userManagementPage">
<arguments>
<arg>${region_name}</arg>
</arguments>
<assign>
<var>${id_region}</var>
</assign>
<kw name="Set Variable If" library="BuiltIn">
<doc>Sets variable based on the given condition.</doc>
<arguments>
<arg>"${region}"=="Region 1"</arg>
<arg>region_0</arg>
<arg>"${region}"=="Region 2"</arg>
<arg>region_1</arg>
<arg>"${region}"=="Region 3"</arg>
<arg>region_2</arg>
<arg>"${region}"=="Region 4"</arg>
<arg>region_3</arg>
<arg>"${region}"=="Region 5"</arg>
<arg>region_4</arg>
<arg>"${region}"=="Region 6"</arg>
<arg>region_5</arg>
<arg>"${region}"=="Region 7"</arg>
<arg>region_6</arg>
<arg>"${region}"=="Region 8"</arg>
<arg>region_7</arg>
<arg>"${region}"=="Region 9"</arg>
<arg>region_8</arg>
<arg>"${region}"=="Jhapa Region"</arg>
<arg>region_9</arg>
<arg>"${region}"=="Kathmandu Valley Region"</arg>
<arg>region_10</arg>
<arg>"${region}"=="Pokhara Valley Region"</arg>
<arg>region_11</arg>
<arg>"${region}"=="Unknown"</arg>
<arg>region_12</arg>
</arguments>
<assign>
<var>${region_name}</var>
</assign>
<kw name="Set Variable If" library="BuiltIn">
<doc>Sets variable based on the given condition.</doc>
<arguments>
<arg>"${region}"=="Region 2"</arg>
<arg>region_1</arg>
<arg>"${region}"=="Region 3"</arg>
<arg>region_2</arg>
<arg>"${region}"=="Region 4"</arg>
<arg>region_3</arg>
<arg>"${region}"=="Region 5"</arg>
<arg>region_4</arg>
<arg>"${region}"=="Region 6"</arg>
<arg>region_5</arg>
<arg>"${region}"=="Region 7"</arg>
<arg>region_6</arg>
<arg>"${region}"=="Region 8"</arg>
<arg>region_7</arg>
<arg>"${region}"=="Region 9"</arg>
<arg>region_8</arg>
<arg>"${region}"=="Jhapa Region"</arg>
<arg>region_9</arg>
<arg>"${region}"=="Kathmandu Valley Region"</arg>
<arg>region_10</arg>
<arg>"${region}"=="Pokhara Valley Region"</arg>
<arg>region_11</arg>
<arg>"${region}"=="Unknown"</arg>
<arg>region_12</arg>
</arguments>
<status status="PASS" starttime="20210212 13:44:56.802" endtime="20210212 13:44:56.802"></status>
</kw>
<msg timestamp="20210212 13:44:56.803" level="INFO">${region_name} = region_1</msg>
<status status="PASS" starttime="20210212 13:44:56.801" endtime="20210212 13:44:56.803"></status>
</kw>
<msg timestamp="20210212 13:44:56.803" level="INFO">${id_region} = region_1</msg>
<status status="PASS" starttime="20210212 13:44:56.800" endtime="20210212 13:44:56.803"></status>
</kw>
<kw name="Click Element" library="SeleniumLibrary">
<doc>Click the element identified by ``locator``.</doc>
<arguments>
<arg>//mat-option[@id='${id_region}']</arg>
</arguments>
<msg timestamp="20210212 13:44:56.804" level="INFO">Clicking element '//mat-option[@id='region_1']'.</msg>
<status status="PASS" starttime="20210212 13:44:56.803" endtime="20210212 13:44:56.919"></status>
</kw>
<kw name="Sleep" library="BuiltIn">
<doc>Pauses the test executed for the given time.</doc>
<arguments>
<arg>1s</arg>
</arguments>
<msg timestamp="20210212 13:44:57.924" level="INFO">Slept 1 second</msg>
<status status="PASS" starttime="20210212 13:44:56.919" endtime="20210212 13:44:57.925"></status>
</kw>
<kw name="Click Element" library="SeleniumLibrary">
<doc>Click the element identified by ``locator``.</doc>
<arguments>
<arg>${click_outside_role}</arg>
</arguments>
<msg timestamp="20210212 13:44:57.928" level="INFO">Clicking element '//div[@class='cdk-overlay-backdrop cdk-overlay-transparent-backdrop cdk-overlay-backdrop-showing']'.</msg>
<status status="PASS" starttime="20210212 13:44:57.926" endtime="20210212 13:44:58.058"></status>
</kw>
<kw name="Sleep" library="BuiltIn">
<doc>Pauses the test executed for the given time.</doc>
<arguments>
<arg>1s</arg>
</arguments>
<msg timestamp="20210212 13:44:59.071" level="INFO">Slept 1 second</msg>
<status status="PASS" starttime="20210212 13:44:58.058" endtime="20210212 13:44:59.071"></status>
</kw>
<status status="PASS" starttime="20210212 13:44:56.713" endtime="20210212 13:44:59.072"></status>
</kw>
<status status="PASS" starttime="20210212 13:44:56.712" endtime="20210212 13:44:59.072"></status>
</kw>
<status status="PASS" starttime="20210212 13:44:56.710" endtime="20210212 13:44:59.074" critical="yes"></status>
</test>
<test id="s1-s2-t18" name="Click edit user in branch list">
<kw name="Run Keyword And Continue On Failure" library="BuiltIn">
<doc>Runs the keyword and continues execution even if a failure occurs.</doc>
<arguments>
<arg>verify that edit click in branch list</arg>
</arguments>
<kw name="verify that edit click in branch list" library="userManagementPage">
<kw name="Sleep" library="BuiltIn">
<doc>Pauses the test executed for the given time.</doc>
<arguments>
<arg>1s</arg>
</arguments>
<msg timestamp="20210212 13:45:00.083" level="INFO">Slept 1 second</msg>
<status status="PASS" starttime="20210212 13:44:59.081" endtime="20210212 13:45:00.083"></status>
</kw>
<kw name="Click Element" library="SeleniumLibrary">
<doc>Click the element identified by ``locator``.</doc>
<arguments>
<arg>//app-adduser/div/div/mat-card/mat-card-content/form/div[6]/mat-form-field/div/div[1]/div/mat-select[@placeholder="Branch"]</arg>
</arguments>
<msg timestamp="20210212 13:45:00.084" level="INFO">Clicking element '//app-adduser/div/div/mat-card/mat-card-content/form/div[6]/mat-form-field/div/div[1]/div/mat-select[@placeholder="Branch"]'.</msg>
<status status="PASS" starttime="20210212 13:45:00.083" endtime="20210212 13:45:00.150"></status>
</kw>
<kw name="Sleep" library="BuiltIn">
<doc>Pauses the test executed for the given time.</doc>
<arguments>
<arg>1s</arg>
</arguments>
<msg timestamp="20210212 13:45:01.155" level="INFO">Slept 1 second</msg>
<status status="PASS" starttime="20210212 13:45:00.151" endtime="20210212 13:45:01.156"></status>
</kw>
<kw name="Click Element" library="SeleniumLibrary">
<doc>Click the element identified by ``locator``.</doc>
<arguments>
<arg>//perfect-scrollbar//mat-option[@id='branch_0']</arg>
</arguments>
<msg timestamp="20210212 13:45:01.158" level="INFO">Clicking element '//perfect-scrollbar//mat-option[@id='branch_0']'.</msg>
<status status="PASS" starttime="20210212 13:45:01.157" endtime="20210212 13:45:01.324"></status>
</kw>
<kw name="Sleep" library="BuiltIn">
<doc>Pauses the test executed for the given time.</doc>
<arguments>
<arg>1s</arg>
</arguments>
<msg timestamp="20210212 13:45:02.325" level="INFO">Slept 1 second</msg>
<status status="PASS" starttime="20210212 13:45:01.324" endtime="20210212 13:45:02.326"></status>
</kw>
<kw name="Click Element" library="SeleniumLibrary">
<doc>Click the element identified by ``locator``.</doc>
<arguments>
<arg>${click_outside_role}</arg>
</arguments>
<msg timestamp="20210212 13:45:02.329" level="INFO">Clicking element '//div[@class='cdk-overlay-backdrop cdk-overlay-transparent-backdrop cdk-overlay-backdrop-showing']'.</msg>
<status status="PASS" starttime="20210212 13:45:02.327" endtime="20210212 13:45:02.444"></status>
</kw>
<kw name="Sleep" library="BuiltIn">
<doc>Pauses the test executed for the given time.</doc>
<arguments>
<arg>2s</arg>
</arguments>
<msg timestamp="20210212 13:45:04.458" level="INFO">Slept 2 seconds</msg>
<status status="PASS" starttime="20210212 13:45:02.444" endtime="20210212 13:45:04.459"></status>
</kw>
<status status="PASS" starttime="20210212 13:44:59.080" endtime="20210212 13:45:04.460"></status>
</kw>
<status status="PASS" starttime="20210212 13:44:59.079" endtime="20210212 13:45:04.461"></status>
</kw>
<status status="PASS" starttime="20210212 13:44:59.078" endtime="20210212 13:45:04.463" critical="yes"></status>
</test>
<test id="s1-s2-t19" name="Click button edit user">
<kw name="Run Keyword And Continue On Failure" library="BuiltIn">
<doc>Runs the keyword and continues execution even if a failure occurs.</doc>
<arguments>
<arg>Click Edit user Button</arg>
</arguments>
<kw name="Click Edit user Button" library="userManagementPage">
<kw name="Wait Until Element Is Visible" library="SeleniumLibrary">
<doc>Waits until the element ``locator`` is visible.</doc>
<arguments>
<arg>//button[@id="edit_user_btn"]</arg>
</arguments>
<status status="PASS" starttime="20210212 13:45:04.475" endtime="20210212 13:45:04.526"></status>
</kw>
<kw name="Sleep" library="BuiltIn">
<doc>Pauses the test executed for the given time.</doc>
<arguments>
<arg>1s</arg>
</arguments>
<msg timestamp="20210212 13:45:05.537" level="INFO">Slept 1 second</msg>
<status status="PASS" starttime="20210212 13:45:04.526" endtime="20210212 13:45:05.538"></status>
</kw>
<kw name="Click Button" library="SeleniumLibrary">
<doc>Clicks the button identified by ``locator``.</doc>
<arguments>
<arg>//button[@id="edit_user_btn"]</arg>
</arguments>
<msg timestamp="20210212 13:45:05.540" level="INFO">Clicking button '//button[@id="edit_user_btn"]'.</msg>
<status status="PASS" starttime="20210212 13:45:05.539" endtime="20210212 13:45:05.733"></status>
</kw>
<kw name="Sleep" library="BuiltIn">
<doc>Pauses the test executed for the given time.</doc>
<arguments>
<arg>1s</arg>
</arguments>
<msg timestamp="20210212 13:45:06.739" level="INFO">Slept 1 second</msg>
<status status="PASS" starttime="20210212 13:45:05.733" endtime="20210212 13:45:06.739"></status>
</kw>
<kw name="Get Element Count" library="SeleniumLibrary">
<doc>Returns the number of elements matching ``locator``.</doc>
<arguments>
<arg>${notify_xpath}</arg>
</arguments>
<assign>
<var>${count_notify}</var>
</assign>
<msg timestamp="20210212 13:45:06.756" level="INFO">${count_notify} = 1</msg>
<status status="PASS" starttime="20210212 13:45:06.739" endtime="20210212 13:45:06.757"></status>
</kw>
<kw name="Run Keyword If" library="BuiltIn">
<doc>Runs the given keyword with the given arguments, if ``condition`` is true.</doc>
<arguments>
<arg>${count_notify}&gt;0</arg>
<arg>wait until element is not visible</arg>
<arg>${notify_xpath}</arg>
<arg>ELSE</arg>
<arg>Click close user add button</arg>
</arguments>
<kw name="Wait Until Element Is Not Visible" library="SeleniumLibrary">
<doc>Waits until the element ``locator`` is not visible.</doc>
<arguments>
<arg>${notify_xpath}</arg>
</arguments>
<status status="PASS" starttime="20210212 13:45:06.757" endtime="20210212 13:45:10.867"></status>
</kw>
<status status="PASS" starttime="20210212 13:45:06.757" endtime="20210212 13:45:10.868"></status>
</kw>
<kw name="Sleep" library="BuiltIn">
<doc>Pauses the test executed for the given time.</doc>
<arguments>
<arg>2s</arg>
</arguments>
<msg timestamp="20210212 13:45:12.879" level="INFO">Slept 2 seconds</msg>
<status status="PASS" starttime="20210212 13:45:10.868" endtime="20210212 13:45:12.880"></status>
</kw>
<status status="PASS" starttime="20210212 13:45:04.473" endtime="20210212 13:45:12.881"></status>
</kw>
<status status="PASS" starttime="20210212 13:45:04.472" endtime="20210212 13:45:12.881"></status>
</kw>
<status status="PASS" starttime="20210212 13:45:04.469" endtime="20210212 13:45:12.883" critical="yes"></status>
</test>
<test id="s1-s2-t20" name="click delete user button">
<kw name="Run Keyword And Continue On Failure" library="BuiltIn">
<doc>Runs the keyword and continues execution even if a failure occurs.</doc>
<arguments>
<arg>click delete user button</arg>
</arguments>
<kw name="click delete user button" library="userManagementPage">
<kw name="Click Button" library="SeleniumLibrary">
<doc>Clicks the button identified by ``locator``.</doc>
<arguments>
<arg>//tr[starts-with(@class,'ant-table-row ng-star-inserted')][last()]//td[8]/button[2]</arg>
</arguments>
<msg timestamp="20210212 13:45:12.904" level="INFO">Clicking button '//tr[starts-with(@class,'ant-table-row ng-star-inserted')][last()]//td[8]/button[2]'.</msg>
<status status="PASS" starttime="20210212 13:45:12.903" endtime="20210212 13:45:13.065"></status>
</kw>
<status status="PASS" starttime="20210212 13:45:12.901" endtime="20210212 13:45:13.065"></status>
</kw>
<status status="PASS" starttime="20210212 13:45:12.900" endtime="20210212 13:45:13.066"></status>
</kw>
<kw name="Run Keyword And Continue On Failure" library="BuiltIn">
<doc>Runs the keyword and continues execution even if a failure occurs.</doc>
<arguments>
<arg>Yes delete user</arg>
</arguments>
<kw name="Yes delete user" library="userManagementPage">
<kw name="Sleep" library="BuiltIn">
<doc>Pauses the test executed for the given time.</doc>
<arguments>
<arg>2s</arg>
</arguments>
<msg timestamp="20210212 13:45:15.083" level="INFO">Slept 2 seconds</msg>
<status status="PASS" starttime="20210212 13:45:13.067" endtime="20210212 13:45:15.084"></status>
</kw>
<kw name="Wait Until Element Is Visible" library="SeleniumLibrary">
<doc>Waits until the element ``locator`` is visible.</doc>
<arguments>
<arg>xpath=//html/body/div[2]/div[2]/button[1]</arg>
</arguments>
<status status="PASS" starttime="20210212 13:45:15.085" endtime="20210212 13:45:15.163"></status>
</kw>
<kw name="Click Element" library="SeleniumLibrary">
<doc>Click the element identified by ``locator``.</doc>
<arguments>
<arg>xpath=//html/body/div[2]/div[2]/button[1]</arg>
</arguments>
<msg timestamp="20210212 13:45:15.164" level="INFO">Clicking element 'xpath=//html/body/div[2]/div[2]/button[1]'.</msg>
<status status="PASS" starttime="20210212 13:45:15.164" endtime="20210212 13:45:15.267"></status>
</kw>
<kw name="Sleep" library="BuiltIn">
<doc>Pauses the test executed for the given time.</doc>
<arguments>
<arg>2s</arg>
</arguments>
<msg timestamp="20210212 13:45:17.269" level="INFO">Slept 2 seconds</msg>
<status status="PASS" starttime="20210212 13:45:15.267" endtime="20210212 13:45:17.270"></status>
</kw>
<kw name="Click Element" library="SeleniumLibrary">
<doc>Click the element identified by ``locator``.</doc>
<arguments>
<arg>xpath=//html/body/div[2]/div[2]/button[1]</arg>
</arguments>
<msg timestamp="20210212 13:45:17.271" level="INFO">Clicking element 'xpath=//html/body/div[2]/div[2]/button[1]'.</msg>
<status status="PASS" starttime="20210212 13:45:17.270" endtime="20210212 13:45:17.375"></status>
</kw>
<kw name="Sleep" library="BuiltIn">
<doc>Pauses the test executed for the given time.</doc>
<arguments>
<arg>2s</arg>
</arguments>
<msg timestamp="20210212 13:45:19.385" level="INFO">Slept 2 seconds</msg>
<status status="PASS" starttime="20210212 13:45:17.376" endtime="20210212 13:45:19.386"></status>
</kw>
<status status="PASS" starttime="20210212 13:45:13.067" endtime="20210212 13:45:19.388"></status>
</kw>
<status status="PASS" starttime="20210212 13:45:13.066" endtime="20210212 13:45:19.388"></status>
</kw>
<status status="PASS" starttime="20210212 13:45:12.894" endtime="20210212 13:45:19.390" critical="yes"></status>
</test>
<test id="s1-s2-t21" name="Click on User Management">
<kw name="Run Keyword And Continue On Failure" library="BuiltIn">
<doc>Runs the keyword and continues execution even if a failure occurs.</doc>
<arguments>
<arg>Click on User Management</arg>
</arguments>
<kw name="Click on User Management" library="userManagementPage">
<kw name="Wait Until Element Is Visible" library="SeleniumLibrary">
<doc>Waits until the element ``locator`` is visible.</doc>
<arguments>
<arg>${toggle_usermanagement_xpath}</arg>
</arguments>
<status status="PASS" starttime="20210212 13:45:19.402" endtime="20210212 13:45:19.460"></status>
</kw>
<kw name="Click Element" library="SeleniumLibrary">
<doc>Click the element identified by ``locator``.</doc>
<arguments>
<arg>${toggle_usermanagement_xpath}</arg>
</arguments>
<msg timestamp="20210212 13:45:19.460" level="INFO">Clicking element '//li[@id='user']//div'.</msg>
<status status="PASS" starttime="20210212 13:45:19.460" endtime="20210212 13:45:19.522"></status>
</kw>
<kw name="Sleep" library="BuiltIn">
<doc>Pauses the test executed for the given time.</doc>
<arguments>
<arg>3s</arg>
</arguments>
<msg timestamp="20210212 13:45:22.524" level="INFO">Slept 3 seconds</msg>
<status status="PASS" starttime="20210212 13:45:19.522" endtime="20210212 13:45:22.525"></status>
</kw>
<status status="PASS" starttime="20210212 13:45:19.400" endtime="20210212 13:45:22.527"></status>
</kw>
<status status="PASS" starttime="20210212 13:45:19.399" endtime="20210212 13:45:22.527"></status>
</kw>
<status status="PASS" starttime="20210212 13:45:19.396" endtime="20210212 13:45:22.530" critical="yes"></status>
</test>
<doc>this suite verifies User Management page.</doc>
<status status="PASS" starttime="20210212 13:44:17.132" endtime="20210212 13:45:22.551"></status>
</suite>
<suite id="s1-s3" name="T1 verify adhoc assign" source="E:\QAautomation\Budget-Automation\budget_admin\test_suites\T1_verify_adhoc_assign.robot">
<test id="s1-s3-t1" name="Click on budget">
<kw name="Run Keyword And Continue On Failure" library="BuiltIn">
<doc>Runs the keyword and continues execution even if a failure occurs.</doc>
<arguments>
<arg>Click Budget</arg>
</arguments>
<kw name="Click Budget" library="navigateSidebar">
<kw name="Sleep" library="BuiltIn">
<doc>Pauses the test executed for the given time.</doc>
<arguments>
<arg>1s</arg>
</arguments>
<msg timestamp="20210212 13:45:23.646" level="INFO">Slept 1 second</msg>
<status status="PASS" starttime="20210212 13:45:22.633" endtime="20210212 13:45:23.647"></status>
</kw>
<kw name="Wait Until Element Is Visible" library="SeleniumLibrary">
<doc>Waits until the element ``locator`` is visible.</doc>
<arguments>
<arg>//li[@id='budget']</arg>
</arguments>
<status status="PASS" starttime="20210212 13:45:23.647" endtime="20210212 13:45:23.711"></status>
</kw>
<kw name="Click Element" library="SeleniumLibrary">
<doc>Click the element identified by ``locator``.</doc>
<arguments>
<arg>//li[@id='budget']</arg>
</arguments>
<msg timestamp="20210212 13:45:23.711" level="INFO">Clicking element '//li[@id='budget']'.</msg>
<status status="PASS" starttime="20210212 13:45:23.711" endtime="20210212 13:45:23.819"></status>
</kw>
<kw name="Sleep" library="BuiltIn">
<doc>Pauses the test executed for the given time.</doc>
<arguments>
<arg>1s</arg>
</arguments>
<msg timestamp="20210212 13:45:24.830" level="INFO">Slept 1 second</msg>
<status status="PASS" starttime="20210212 13:45:23.819" endtime="20210212 13:45:24.830"></status>
</kw>
<status status="PASS" starttime="20210212 13:45:22.632" endtime="20210212 13:45:24.831"></status>
</kw>
<status status="PASS" starttime="20210212 13:45:22.632" endtime="20210212 13:45:24.831"></status>
</kw>
<status status="PASS" starttime="20210212 13:45:22.631" endtime="20210212 13:45:24.832" critical="yes"></status>
</test>
<test id="s1-s3-t2" name="click to adhoc templates">
<kw name="Run Keyword And Continue On Failure" library="BuiltIn">
<doc>Runs the keyword and continues execution even if a failure occurs.</doc>
<arguments>
<arg>click to adhoc templates</arg>
</arguments>
<kw name="click to adhoc templates" library="adhocTemplateAssign">
<kw name="Wait Until Element Is Visible" library="SeleniumLibrary">
<doc>Waits until the element ``locator`` is visible.</doc>
<arguments>
<arg>${adhoc_click}</arg>
</arguments>
<status status="PASS" starttime="20210212 13:45:24.838" endtime="20210212 13:45:24.888"></status>
</kw>
<kw name="Click Element" library="SeleniumLibrary">
<doc>Click the element identified by ``locator``.</doc>
<arguments>
<arg>${adhoc_click}</arg>
</arguments>
<msg timestamp="20210212 13:45:24.889" level="INFO">Clicking element '//a[@id='budget_adhoc']'.</msg>
<status status="PASS" starttime="20210212 13:45:24.888" endtime="20210212 13:45:25.078"></status>
</kw>
<kw name="Sleep" library="BuiltIn">
<doc>Pauses the test executed for the given time.</doc>
<arguments>
<arg>2s</arg>
</arguments>
<msg timestamp="20210212 13:45:27.092" level="INFO">Slept 2 seconds</msg>
<status status="PASS" starttime="20210212 13:45:25.078" endtime="20210212 13:45:27.093"></status>
</kw>
<status status="PASS" starttime="20210212 13:45:24.837" endtime="20210212 13:45:27.094"></status>
</kw>
<status status="PASS" starttime="20210212 13:45:24.837" endtime="20210212 13:45:27.094"></status>
</kw>
<status status="PASS" starttime="20210212 13:45:24.835" endtime="20210212 13:45:27.097" critical="yes"></status>
</test>
<test id="s1-s3-t3" name="click on assign adhoc">
<kw name="Run Keyword And Continue On Failure" library="BuiltIn">
<doc>Runs the keyword and continues execution even if a failure occurs.</doc>
<arguments>
<arg>click on assign adhoc</arg>
</arguments>
<kw name="click on assign adhoc" library="adhocTemplateAssign">
<kw name="Wait Until Element Is Visible" library="SeleniumLibrary">
<doc>Waits until the element ``locator`` is visible.</doc>
<arguments>
<arg>${adhoc_assign_button}</arg>
</arguments>
<status status="PASS" starttime="20210212 13:45:27.107" endtime="20210212 13:45:27.163"></status>
</kw>
<kw name="Click Element" library="SeleniumLibrary">
<doc>Click the element identified by ``locator``.</doc>
<arguments>
<arg>${adhoc_assign_button}</arg>
</arguments>
<msg timestamp="20210212 13:45:27.164" level="INFO">Clicking element '//button[@class='ant-btn-primary ant-btn ant-btn-default']'.</msg>
<status status="PASS" starttime="20210212 13:45:27.164" endtime="20210212 13:45:27.297"></status>
</kw>
<kw name="Sleep" library="BuiltIn">
<doc>Pauses the test executed for the given time.</doc>
<arguments>
<arg>1s</arg>
</arguments>
<msg timestamp="20210212 13:45:28.306" level="INFO">Slept 1 second</msg>
<status status="PASS" starttime="20210212 13:45:27.298" endtime="20210212 13:45:28.307"></status>
</kw>
<status status="PASS" starttime="20210212 13:45:27.106" endtime="20210212 13:45:28.308"></status>
</kw>
<status status="PASS" starttime="20210212 13:45:27.105" endtime="20210212 13:45:28.309"></status>
</kw>
<status status="PASS" starttime="20210212 13:45:27.102" endtime="20210212 13:45:28.311" critical="yes"></status>
</test>
<test id="s1-s3-t4" name="click assign adhoc region">
<kw name="Run Keyword And Continue On Failure" library="BuiltIn">
<doc>Runs the keyword and continues execution even if a failure occurs.</doc>
<arguments>
<arg>click assign adhoc region</arg>
</arguments>
<kw name="click assign adhoc region" library="adhocTemplateAssign">
<kw name="Wait Until Element Is Visible" library="SeleniumLibrary">
<doc>Waits until the element ``locator`` is visible.</doc>
<arguments>
<arg>${select_region_adhoc}</arg>
</arguments>
<status status="PASS" starttime="20210212 13:45:28.330" endtime="20210212 13:45:28.386"></status>
</kw>
<kw name="Click Element" library="SeleniumLibrary">
<doc>Click the element identified by ``locator``.</doc>
<arguments>
<arg>${select_region_adhoc}</arg>
</arguments>
<msg timestamp="20210212 13:45:28.387" level="INFO">Clicking element '//app-assign-template/div/form/span[1]/nz-form-item[1]/nz-form-control/div/span/app-region-branch/div/nz-select[1]/div/div'.</msg>
<status status="PASS" starttime="20210212 13:45:28.386" endtime="20210212 13:45:28.505"></status>
</kw>
<kw name="Sleep" library="BuiltIn">
<doc>Pauses the test executed for the given time.</doc>
<arguments>
<arg>2s</arg>
</arguments>
<msg timestamp="20210212 13:45:30.520" level="INFO">Slept 2 seconds</msg>
<status status="PASS" starttime="20210212 13:45:28.505" endtime="20210212 13:45:30.521"></status>
</kw>
<status status="PASS" starttime="20210212 13:45:28.329" endtime="20210212 13:45:30.522"></status>
</kw>
<status status="PASS" starttime="20210212 13:45:28.328" endtime="20210212 13:45:30.522"></status>
</kw>
<status status="PASS" starttime="20210212 13:45:28.325" endtime="20210212 13:45:30.525" critical="yes"></status>
</test>
<test id="s1-s3-t5" name="select region on adhoc">
<kw name="Run Keyword And Continue On Failure" library="BuiltIn">
<doc>Runs the keyword and continues execution even if a failure occurs.</doc>
<arguments>
<arg>select region on adhoc</arg>
<arg>Region 2</arg>
</arguments>
<kw name="select region on adhoc" library="adhocTemplateAssign">
<arguments>
<arg>Region 2</arg>
</arguments>
<kw name="Click Element" library="SeleniumLibrary">
<doc>Click the element identified by ``locator``.</doc>
<arguments>
<arg>${unselect_region1_adhoc}</arg>
</arguments>
<msg timestamp="20210212 13:45:30.544" level="INFO">Clicking element '//li[starts-with(@class,'ant-select-dropdown-menu-item') and contains(text(),'Region 1')]'.</msg>
<status status="PASS" starttime="20210212 13:45:30.543" endtime="20210212 13:45:30.639"></status>
</kw>
<kw name="Click Element" library="SeleniumLibrary">
<doc>Click the element identified by ``locator``.</doc>
<arguments>
<arg>${click_unclick_region2_adhoc}</arg>
</arguments>
<msg timestamp="20210212 13:45:30.641" level="INFO">Clicking element '//li[starts-with(@class,'ant-select-dropdown-menu-item') and contains(text(),'Region 2')]'.</msg>
<status status="PASS" starttime="20210212 13:45:30.639" endtime="20210212 13:45:30.700"></status>
</kw>
<kw name="Sleep" library="BuiltIn">
<doc>Pauses the test executed for the given time.</doc>
<arguments>
<arg>1s</arg>
</arguments>
<msg timestamp="20210212 13:45:31.715" level="INFO">Slept 1 second</msg>
<status status="PASS" starttime="20210212 13:45:30.700" endtime="20210212 13:45:31.716"></status>
</kw>
<kw name="Click Element" library="SeleniumLibrary">
<doc>Click the element identified by ``locator``.</doc>
<arguments>
<arg>//li[starts-with(@class,'ant-select-dropdown-menu-item') and contains(text(),'${regions}')]</arg>
</arguments>
<msg timestamp="20210212 13:45:31.718" level="INFO">Clicking element '//li[starts-with(@class,'ant-select-dropdown-menu-item') and contains(text(),'Region 2')]'.</msg>
<status status="PASS" starttime="20210212 13:45:31.717" endtime="20210212 13:45:31.827"></status>
</kw>
<kw name="Sleep" library="BuiltIn">
<doc>Pauses the test executed for the given time.</doc>
<arguments>
<arg>1s</arg>
</arguments>
<msg timestamp="20210212 13:45:32.839" level="INFO">Slept 1 second</msg>
<status status="PASS" starttime="20210212 13:45:31.827" endtime="20210212 13:45:32.839"></status>
</kw>
<kw name="Click Element" library="SeleniumLibrary">
<doc>Click the element identified by ``locator``.</doc>
<arguments>
<arg>${background_click}</arg>
</arguments>
<msg timestamp="20210212 13:45:32.840" level="INFO">Clicking element '//div[@class='cdk-overlay-backdrop nz-overlay-transparent-backdrop cdk-overlay-backdrop-showing']'.</msg>
<status status="PASS" starttime="20210212 13:45:32.839" endtime="20210212 13:45:32.928"></status>
</kw>
<kw name="Sleep" library="BuiltIn">
<doc>Pauses the test executed for the given time.</doc>
<arguments>
<arg>1s</arg>
</arguments>
<msg timestamp="20210212 13:45:33.930" level="INFO">Slept 1 second</msg>
<status status="PASS" starttime="20210212 13:45:32.928" endtime="20210212 13:45:33.931"></status>
</kw>
<status status="PASS" starttime="20210212 13:45:30.542" endtime="20210212 13:45:33.932"></status>
</kw>
<status status="PASS" starttime="20210212 13:45:30.541" endtime="20210212 13:45:33.932"></status>
</kw>
<status status="PASS" starttime="20210212 13:45:30.537" endtime="20210212 13:45:33.934" critical="yes"></status>
</test>
<test id="s1-s3-t6" name="select branch on adhoc except one">
<kw name="Run Keyword And Continue On Failure" library="BuiltIn">
<doc>Runs the keyword and continues execution even if a failure occurs.</doc>
<arguments>
<arg>select branch on adhoc except one</arg>
<arg>Branch-030</arg>
</arguments>
<kw name="select branch on adhoc except one" library="adhocTemplateAssign">
<arguments>
<arg>Branch-030</arg>
</arguments>
<kw name="Wait Until Element Is Visible" library="SeleniumLibrary">
<doc>Waits until the element ``locator`` is visible.</doc>
<arguments>
<arg>//app-assign-template/div/form/span[1]/nz-form-item[1]/nz-form-control/div/span/app-region-branch/div/nz-select[2]/div/span/i</arg>
</arguments>
<status status="PASS" starttime="20210212 13:45:33.944" endtime="20210212 13:45:34.001"></status>
</kw>
<kw name="Sleep" library="BuiltIn">
<doc>Pauses the test executed for the given time.</doc>
<arguments>
<arg>4s</arg>
</arguments>
<msg timestamp="20210212 13:45:38.017" level="INFO">Slept 4 seconds</msg>
<status status="PASS" starttime="20210212 13:45:34.001" endtime="20210212 13:45:38.018"></status>
</kw>
<kw name="Click Element" library="SeleniumLibrary">
<doc>Click the element identified by ``locator``.</doc>
<arguments>
<arg>//app-assign-template/div/form/span[1]/nz-form-item[1]/nz-form-control/div/span/app-region-branch/div/nz-select[2]/div/span/i</arg>
</arguments>
<msg timestamp="20210212 13:45:38.020" level="INFO">Clicking element '//app-assign-template/div/form/span[1]/nz-form-item[1]/nz-form-control/div/span/app-region-branch/div/nz-select[2]/div/span/i'.</msg>
<status status="PASS" starttime="20210212 13:45:38.019" endtime="20210212 13:45:38.202"></status>
</kw>
<kw name="Get Element Count" library="SeleniumLibrary">
<doc>Returns the number of elements matching ``locator``.</doc>
<arguments>
<arg>//div[contains(@class, "ant-select-dropdown")]/descendant::ul/li</arg>
</arguments>
<assign>
<var>${length}</var>
</assign>
<msg timestamp="20210212 13:45:38.225" level="INFO">${length} = 24</msg>
<status status="PASS" starttime="20210212 13:45:38.202" endtime="20210212 13:45:38.225"></status>
</kw>
<kw name="Log To Console" library="BuiltIn">
<doc>Logs the given message to the console.</doc>
<arguments>
<arg>length=${length}</arg>
</arguments>
<status status="PASS" starttime="20210212 13:45:38.225" endtime="20210212 13:45:38.226"></status>
</kw>
<kw name="${index} IN RANGE [ 4 | ${length}+1 ]" type="for">
<kw name="${index} = 4" type="foritem">
<kw name="Wait Until Element Is Visible" library="SeleniumLibrary">
<doc>Waits until the element ``locator`` is visible.</doc>
<arguments>
<arg>//div[contains(@class, "ant-select-dropdown")]/descendant::ul/li[${index}]</arg>
</arguments>
<status status="PASS" starttime="20210212 13:45:38.227" endtime="20210212 13:45:38.248"></status>
</kw>
<kw name="Get Text" library="SeleniumLibrary">
<doc>Returns the text value of the element identified by ``locator``.</doc>
<arguments>
<arg>//div[contains(@class, "ant-select-dropdown")]/descendant::ul/li[${index}]</arg>
</arguments>
<assign>
<var>${branch_name}</var>
</assign>
<msg timestamp="20210212 13:45:38.268" level="INFO">${branch_name} = Branch-016</msg>
<status status="PASS" starttime="20210212 13:45:38.248" endtime="20210212 13:45:38.268"></status>
</kw>
<kw name="Replace String" library="String">
<doc>Replaces ``search_for`` in the given ``string`` with ``replace_with``.</doc>
<arguments>
<arg>${branch_name}</arg>
<arg>${SPACE}</arg>
<arg>${EMPTY}</arg>
</arguments>
<assign>
<var>${trimmed_branchname}</var>
</assign>
<msg timestamp="20210212 13:45:38.269" level="INFO">${trimmed_branchname} = Branch-016</msg>
<status status="PASS" starttime="20210212 13:45:38.268" endtime="20210212 13:45:38.269"></status>
</kw>
<kw name="Run Keyword Unless" library="BuiltIn">
<doc>Runs the given keyword with the given arguments if ``condition`` is false.</doc>
<arguments>
<arg>"${trimmed_branchname}"=="${Branch}"</arg>
<arg>click element</arg>
<arg>//div[contains(@class, "ant-select-dropdown")]/descendant::ul/li[${index}]</arg>
</arguments>
<kw name="Click Element" library="SeleniumLibrary">
<doc>Click the element identified by ``locator``.</doc>
<arguments>
<arg>//div[contains(@class, "ant-select-dropdown")]/descendant::ul/li[${index}]</arg>
</arguments>
<msg timestamp="20210212 13:45:38.269" level="INFO">Clicking element '//div[contains(@class, "ant-select-dropdown")]/descendant::ul/li[4]'.</msg>
<status status="PASS" starttime="20210212 13:45:38.269" endtime="20210212 13:45:38.337"></status>
</kw>
<status status="PASS" starttime="20210212 13:45:38.269" endtime="20210212 13:45:38.337"></status>
</kw>
<kw name="Sleep" library="BuiltIn">
<doc>Pauses the test executed for the given time.</doc>
<arguments>
<arg>0.5s</arg>
</arguments>
<msg timestamp="20210212 13:45:38.848" level="INFO">Slept 500 milliseconds</msg>
<status status="PASS" starttime="20210212 13:45:38.338" endtime="20210212 13:45:38.848"></status>
</kw>
<status status="PASS" starttime="20210212 13:45:38.227" endtime="20210212 13:45:38.849"></status>
</kw>
<kw name="${index} = 5" type="foritem">
<kw name="Wait Until Element Is Visible" library="SeleniumLibrary">
<doc>Waits until the element ``locator`` is visible.</doc>
<arguments>
<arg>//div[contains(@class, "ant-select-dropdown")]/descendant::ul/li[${index}]</arg>
</arguments>
<status status="PASS" starttime="20210212 13:45:38.849" endtime="20210212 13:45:38.894"></status>
</kw>
<kw name="Get Text" library="SeleniumLibrary">
<doc>Returns the text value of the element identified by ``locator``.</doc>
<arguments>
<arg>//div[contains(@class, "ant-select-dropdown")]/descendant::ul/li[${index}]</arg>
</arguments>
<assign>
<var>${branch_name}</var>
</assign>
<msg timestamp="20210212 13:45:38.922" level="INFO">${branch_name} = Branch-017</msg>
<status status="PASS" starttime="20210212 13:45:38.895" endtime="20210212 13:45:38.922"></status>
</kw>
<kw name="Replace String" library="String">
<doc>Replaces ``search_for`` in the given ``string`` with ``replace_with``.</doc>
<arguments>
<arg>${branch_name}</arg>
<arg>${SPACE}</arg>
<arg>${EMPTY}</arg>
</arguments>
<assign>
<var>${trimmed_branchname}</var>
</assign>
<msg timestamp="20210212 13:45:38.923" level="INFO">${trimmed_branchname} = Branch-017</msg>
<status status="PASS" starttime="20210212 13:45:38.923" endtime="20210212 13:45:38.923"></status>
</kw>
<kw name="Run Keyword Unless" library="BuiltIn">
<doc>Runs the given keyword with the given arguments if ``condition`` is false.</doc>
<arguments>
<arg>"${trimmed_branchname}"=="${Branch}"</arg>
<arg>click element</arg>
<arg>//div[contains(@class, "ant-select-dropdown")]/descendant::ul/li[${index}]</arg>
</arguments>
<kw name="Click Element" library="SeleniumLibrary">
<doc>Click the element identified by ``locator``.</doc>
<arguments>
<arg>//div[contains(@class, "ant-select-dropdown")]/descendant::ul/li[${index}]</arg>
</arguments>
<msg timestamp="20210212 13:45:38.924" level="INFO">Clicking element '//div[contains(@class, "ant-select-dropdown")]/descendant::ul/li[5]'.</msg>
<status status="PASS" starttime="20210212 13:45:38.924" endtime="20210212 13:45:38.993"></status>
</kw>
<status status="PASS" starttime="20210212 13:45:38.923" endtime="20210212 13:45:38.993"></status>
</kw>
<kw name="Sleep" library="BuiltIn">
<doc>Pauses the test executed for the given time.</doc>
<arguments>
<arg>0.5s</arg>
</arguments>
[...]
</kw>
<status status="PASS" starttime="20210212 13:50:39.404" endtime="20210212 13:50:41.591"></status>
</kw>
<status status="PASS" starttime="20210212 13:50:39.403" endtime="20210212 13:50:41.591"></status>
</kw>
<status status="PASS" starttime="20210212 13:50:39.400" endtime="20210212 13:50:41.594" critical="yes"></status>
</test>
<test id="s1-s14-t3" name="Click Dropdown Reports and download">
<kw name="Run Keyword And Continue On Failure" library="BuiltIn">
<doc>Runs the keyword and continues execution even if a failure occurs.</doc>
<arguments>
<arg>Click Dropdown Reports</arg>
</arguments>
<kw name="Click Dropdown Reports" library="templateButtonPage">
<kw name="Wait Until Element Is Visible" library="SeleniumLibrary">
<doc>Waits until the element ``locator`` is visible.</doc>
<arguments>
<arg>//app-budget-treetable-generic-report-consolidation/div[1]/span[2]/app-button-on-template/span/nz-dropdown/span/i</arg>
</arguments>
<status status="PASS" starttime="20210212 13:50:41.603" endtime="20210212 13:50:41.671"></status>
</kw>
<kw name="Click Element" library="SeleniumLibrary">
<doc>Click the element identified by ``locator``.</doc>
<arguments>
<arg>//app-budget-treetable-generic-report-consolidation/div[1]/span[2]/app-button-on-template/span/nz-dropdown/span/i</arg>
</arguments>
<msg timestamp="20210212 13:50:41.672" level="INFO">Clicking element '//app-budget-treetable-generic-report-consolidation/div[1]/span[2]/app-button-on-template/span/nz-dropdown/span/i'.</msg>
<status status="PASS" starttime="20210212 13:50:41.671" endtime="20210212 13:50:41.779"></status>
</kw>
<kw name="Sleep" library="BuiltIn">
<doc>Pauses the test executed for the given time.</doc>
<arguments>
<arg>3s</arg>
</arguments>
<msg timestamp="20210212 13:50:44.783" level="INFO">Slept 3 seconds</msg>
<status status="PASS" starttime="20210212 13:50:41.780" endtime="20210212 13:50:44.784"></status>
</kw>
<status status="PASS" starttime="20210212 13:50:41.602" endtime="20210212 13:50:44.785"></status>
</kw>
<status status="PASS" starttime="20210212 13:50:41.601" endtime="20210212 13:50:44.786"></status>
</kw>
<kw name="Run Keyword And Continue On Failure" library="BuiltIn">
<doc>Runs the keyword and continues execution even if a failure occurs.</doc>
<arguments>
<arg>Click download Reports</arg>
</arguments>
<kw name="Click download Reports" library="templateButtonPage">
<kw name="Wait Until Element Is Visible" library="SeleniumLibrary">
<doc>Waits until the element ``locator`` is visible.</doc>
<arguments>
<arg>//li[@id='report_download_btn']</arg>
</arguments>
<status status="PASS" starttime="20210212 13:50:44.793" endtime="20210212 13:50:44.844"></status>
</kw>
<kw name="Click Element" library="SeleniumLibrary">
<doc>Click the element identified by ``locator``.</doc>
<arguments>
<arg>//li[@id='report_download_btn']</arg>
</arguments>
<msg timestamp="20210212 13:50:44.844" level="INFO">Clicking element '//li[@id='report_download_btn']'.</msg>
<status status="PASS" starttime="20210212 13:50:44.844" endtime="20210212 13:50:44.900"></status>
</kw>
<kw name="Sleep" library="BuiltIn">
<doc>Pauses the test executed for the given time.</doc>
<arguments>
<arg>1s</arg>
</arguments>
<msg timestamp="20210212 13:50:45.911" level="INFO">Slept 1 second</msg>
<status status="PASS" starttime="20210212 13:50:44.900" endtime="20210212 13:50:45.911"></status>
</kw>
<status status="PASS" starttime="20210212 13:50:44.790" endtime="20210212 13:50:45.912"></status>
</kw>
<status status="PASS" starttime="20210212 13:50:44.788" endtime="20210212 13:50:45.912"></status>
</kw>
<status status="PASS" starttime="20210212 13:50:41.598" endtime="20210212 13:50:45.913" critical="yes"></status>
</test>
<test id="s1-s14-t4" name="Click Refresh Report">
<kw name="Run Keyword And Continue On Failure" library="BuiltIn">
<doc>Runs the keyword and continues execution even if a failure occurs.</doc>
<arguments>
<arg>Refresh Reports</arg>
</arguments>
<kw name="Refresh Reports" library="templateButtonPage">
<kw name="Click Element" library="SeleniumLibrary">
<doc>Click the element identified by ``locator``.</doc>
<arguments>
<arg>xpath=//i[@id='report_refresh_btn']</arg>
</arguments>
<msg timestamp="20210212 13:50:45.918" level="INFO">Clicking element 'xpath=//i[@id='report_refresh_btn']'.</msg>
<status status="PASS" starttime="20210212 13:50:45.917" endtime="20210212 13:50:45.985"></status>
</kw>
<kw name="Sleep" library="BuiltIn">
<doc>Pauses the test executed for the given time.</doc>
<arguments>
<arg>1s</arg>
</arguments>
<msg timestamp="20210212 13:50:46.990" level="INFO">Slept 1 second</msg>
<status status="PASS" starttime="20210212 13:50:45.986" endtime="20210212 13:50:46.993"></status>
</kw>
<status status="PASS" starttime="20210212 13:50:45.917" endtime="20210212 13:50:46.994"></status>
</kw>
<status status="PASS" starttime="20210212 13:50:45.917" endtime="20210212 13:50:46.994"></status>
</kw>
<status status="PASS" starttime="20210212 13:50:45.915" endtime="20210212 13:50:46.998" critical="yes"></status>
</test>
<test id="s1-s14-t5" name="Close Reports">
<kw name="Run Keyword And Continue On Failure" library="BuiltIn">
<doc>Runs the keyword and continues execution even if a failure occurs.</doc>
<arguments>
<arg>toggle Reports</arg>
</arguments>
<kw name="toggle Reports" library="templateButtonPage">
<kw name="Click Element" library="SeleniumLibrary">
<doc>Click the element identified by ``locator``.</doc>
<arguments>
<arg>xpath=//li[@id='${Reports}']//div</arg>
</arguments>
<msg timestamp="20210212 13:50:47.024" level="INFO">Clicking element 'xpath=//li[@id='reports']//div'.</msg>
<status status="PASS" starttime="20210212 13:50:47.020" endtime="20210212 13:50:47.086"></status>
</kw>
<kw name="Sleep" library="BuiltIn">
<doc>Pauses the test executed for the given time.</doc>
<arguments>
<arg>3s</arg>
</arguments>
<msg timestamp="20210212 13:50:50.091" level="INFO">Slept 3 seconds</msg>
<status status="PASS" starttime="20210212 13:50:47.087" endtime="20210212 13:50:50.092"></status>
</kw>
<status status="PASS" starttime="20210212 13:50:47.018" endtime="20210212 13:50:50.092"></status>
</kw>
<status status="PASS" starttime="20210212 13:50:47.016" endtime="20210212 13:50:50.092"></status>
</kw>
<status status="PASS" starttime="20210212 13:50:47.012" endtime="20210212 13:50:50.093" critical="yes"></status>
</test>
<test id="s1-s14-t6" name="click logout">
<kw name="Run Keyword And Continue On Failure" library="BuiltIn">
<doc>Runs the keyword and continues execution even if a failure occurs.</doc>
<arguments>
<arg>Click Logout</arg>
</arguments>
<kw name="Click Logout" library="loginPage">
<kw name="Click Element" library="SeleniumLibrary">
<doc>Click the element identified by ``locator``.</doc>
<arguments>
<arg>xpath=//nz-header/div[1]/span[2]/span[2]/nz-dropdown[1]</arg>
</arguments>
<msg timestamp="20210212 13:50:50.100" level="INFO">Clicking element 'xpath=//nz-header/div[1]/span[2]/span[2]/nz-dropdown[1]'.</msg>
<status status="PASS" starttime="20210212 13:50:50.100" endtime="20210212 13:50:50.201"></status>
</kw>
<kw name="Sleep" library="BuiltIn">
<doc>Pauses the test executed for the given time.</doc>
<arguments>
<arg>1s</arg>
</arguments>
<msg timestamp="20210212 13:50:51.213" level="INFO">Slept 1 second</msg>
<status status="PASS" starttime="20210212 13:50:50.201" endtime="20210212 13:50:51.214"></status>
</kw>
<kw name="Click Element" library="SeleniumLibrary">
<doc>Click the element identified by ``locator``.</doc>
<arguments>
<arg>xpath=//li[normalize-space()='Log out']</arg>
</arguments>
<msg timestamp="20210212 13:50:51.216" level="INFO">Clicking element 'xpath=//li[normalize-space()='Log out']'.</msg>
<status status="PASS" starttime="20210212 13:50:51.215" endtime="20210212 13:50:53.580"></status>
</kw>
<status status="PASS" starttime="20210212 13:50:50.099" endtime="20210212 13:50:53.580"></status>
</kw>
<status status="PASS" starttime="20210212 13:50:50.099" endtime="20210212 13:50:53.580"></status>
</kw>
<status status="PASS" starttime="20210212 13:50:50.098" endtime="20210212 13:50:53.581" critical="yes"></status>
</test>
<doc>This suite verifies Template page</doc>
<status status="PASS" starttime="20210212 13:50:36.257" endtime="20210212 13:50:53.583"></status>
</suite>
<suite id="s1-s15" name="Test" source="E:\QAautomation\Budget-Automation\budget_admin\test_suites\test.robot">
<test id="s1-s15-t1" name="db test">
<kw name="Connection to Db">
<kw name="Connect To Database" library="DatabaseLibrary">
<doc>Loads the DB API 2.0 module given `dbapiModuleName` then uses it to
connect to the database using `dbName`, `dbUsername`, and `dbPassword`.</doc>
<arguments>
<arg>pymysql</arg>
<arg>${DBName}</arg>
<arg>${DBUser}</arg>
<arg>${DBpass}</arg>
<arg>${DBHost}</arg>
<arg>${DBPort}</arg>
</arguments>
<msg timestamp="20210212 13:50:53.609" level="INFO">Connecting using : pymysql.connect(db=budgetdb, user=application, passwd=Application@123, host=10.13.189.56, port=3306, charset=None) </msg>
<status status="PASS" starttime="20210212 13:50:53.608" endtime="20210212 13:50:53.811"></status>
</kw>
<status status="PASS" starttime="20210212 13:50:53.608" endtime="20210212 13:50:53.811"></status>
</kw>
<kw name="Execute Sql Script" library="DatabaseLibrary">
<doc>Executes the content of the `sqlScriptFileName` as SQL commands. Useful for setting the database to a known
state before running your tests, or clearing out your test data after running each a test. Set optional input
`sansTran` to True to run command without an explicit transaction commit or rollback.</doc>
<arguments>
<arg>${EXECDIR}/databases/cpx.sql</arg>
</arguments>
<msg timestamp="20210212 13:50:53.812" level="INFO">Executing : Execute SQL Script  |  E:\QAautomation\Budget-Automation\budget_admin/databases/cpx.sql </msg>
<status status="PASS" starttime="20210212 13:50:53.812" endtime="20210212 13:50:54.896"></status>
</kw>
<status status="PASS" starttime="20210212 13:50:53.608" endtime="20210212 13:50:54.898" critical="yes"></status>
</test>
<status status="PASS" starttime="20210212 13:50:53.593" endtime="20210212 13:50:54.905"></status>
</suite>
<status status="PASS" starttime="20210212 13:43:48.624" endtime="20210212 13:50:54.932"></status>
</suite>
<statistics>
<total>
<stat pass="84" fail="0">Critical Tests</stat>
<stat pass="84" fail="0">All Tests</stat>
</total>
<tag>
</tag>
<suite>
<stat pass="84" fail="0" id="s1" name="T0 verify admin &amp; T0 verify user management &amp; T1 verify adhoc assign &amp; T1 verify budget guidelines &amp; T1 verify capex prebudget &amp; T2 verify hr prebudget &amp; T3 verify activity prebudget &amp; T4 verify bs prebudget &amp; T5 verify profitloss prebudget &amp; T6 simulation after prebudget &amp; T7 quarterlyReport consolidation &amp; T8 specialReport consolidation &amp; T9 template Consolidation &amp; T9 verify report consolidation &amp; Test">T0 verify admin &amp; T0 verify user management &amp; T1 verify adhoc assign &amp; T1 verify budget guidelines &amp; T1 verify capex prebudget &amp; T2 verify hr prebudget &amp; T3 verify activity prebudget &amp; T4 verify bs prebudget &amp; T5 verify profitloss prebudget &amp; T6 simulation after prebudget &amp; T7 quarterlyReport consolidation &amp; T8 specialReport consolidation &amp; T9 template Consolidation &amp; T9 verify report consolidation &amp; Test</stat>
<stat pass="1" fail="0" id="s1-s1" name="T0 verify admin">T0 verify admin &amp; T0 verify user management &amp; T1 verify adhoc assign &amp; T1 verify budget guidelines &amp; T1 verify capex prebudget &amp; T2 verify hr prebudget &amp; T3 verify activity prebudget &amp; T4 verify bs prebudget &amp; T5 verify profitloss prebudget &amp; T6 simulation after prebudget &amp; T7 quarterlyReport consolidation &amp; T8 specialReport consolidation &amp; T9 template Consolidation &amp; T9 verify report consolidation &amp; Test.T0 verify admin</stat>
<stat pass="21" fail="0" id="s1-s2" name="T0 verify user management">T0 verify admin &amp; T0 verify user management &amp; T1 verify adhoc assign &amp; T1 verify budget guidelines &amp; T1 verify capex prebudget &amp; T2 verify hr prebudget &amp; T3 verify activity prebudget &amp; T4 verify bs prebudget &amp; T5 verify profitloss prebudget &amp; T6 simulation after prebudget &amp; T7 quarterlyReport consolidation &amp; T8 specialReport consolidation &amp; T9 template Consolidation &amp; T9 verify report consolidation &amp; Test.T0 verify user management</stat>
<stat pass="13" fail="0" id="s1-s3" name="T1 verify adhoc assign">T0 verify admin &amp; T0 verify user management &amp; T1 verify adhoc assign &amp; T1 verify budget guidelines &amp; T1 verify capex prebudget &amp; T2 verify hr prebudget &amp; T3 verify activity prebudget &amp; T4 verify bs prebudget &amp; T5 verify profitloss prebudget &amp; T6 simulation after prebudget &amp; T7 quarterlyReport consolidation &amp; T8 specialReport consolidation &amp; T9 template Consolidation &amp; T9 verify report consolidation &amp; Test.T1 verify adhoc assign</stat>
<stat pass="5" fail="0" id="s1-s4" name="T1 verify budget guidelines">T0 verify admin &amp; T0 verify user management &amp; T1 verify adhoc assign &amp; T1 verify budget guidelines &amp; T1 verify capex prebudget &amp; T2 verify hr prebudget &amp; T3 verify activity prebudget &amp; T4 verify bs prebudget &amp; T5 verify profitloss prebudget &amp; T6 simulation after prebudget &amp; T7 quarterlyReport consolidation &amp; T8 specialReport consolidation &amp; T9 template Consolidation &amp; T9 verify report consolidation &amp; Test.T1 verify budget guidelines</stat>
<stat pass="17" fail="0" id="s1-s5" name="T1 verify capex prebudget">T0 verify admin &amp; T0 verify user management &amp; T1 verify adhoc assign &amp; T1 verify budget guidelines &amp; T1 verify capex prebudget &amp; T2 verify hr prebudget &amp; T3 verify activity prebudget &amp; T4 verify bs prebudget &amp; T5 verify profitloss prebudget &amp; T6 simulation after prebudget &amp; T7 quarterlyReport consolidation &amp; T8 specialReport consolidation &amp; T9 template Consolidation &amp; T9 verify report consolidation &amp; Test.T1 verify capex prebudget</stat>
<stat pass="1" fail="0" id="s1-s6" name="T2 verify hr prebudget">T0 verify admin &amp; T0 verify user management &amp; T1 verify adhoc assign &amp; T1 verify budget guidelines &amp; T1 verify capex prebudget &amp; T2 verify hr prebudget &amp; T3 verify activity prebudget &amp; T4 verify bs prebudget &amp; T5 verify profitloss prebudget &amp; T6 simulation after prebudget &amp; T7 quarterlyReport consolidation &amp; T8 specialReport consolidation &amp; T9 template Consolidation &amp; T9 verify report consolidation &amp; Test.T2 verify hr prebudget</stat>
<stat pass="1" fail="0" id="s1-s7" name="T3 verify activity prebudget">T0 verify admin &amp; T0 verify user management &amp; T1 verify adhoc assign &amp; T1 verify budget guidelines &amp; T1 verify capex prebudget &amp; T2 verify hr prebudget &amp; T3 verify activity prebudget &amp; T4 verify bs prebudget &amp; T5 verify profitloss prebudget &amp; T6 simulation after prebudget &amp; T7 quarterlyReport consolidation &amp; T8 specialReport consolidation &amp; T9 template Consolidation &amp; T9 verify report consolidation &amp; Test.T3 verify activity prebudget</stat>
<stat pass="1" fail="0" id="s1-s8" name="T4 verify bs prebudget">T0 verify admin &amp; T0 verify user management &amp; T1 verify adhoc assign &amp; T1 verify budget guidelines &amp; T1 verify capex prebudget &amp; T2 verify hr prebudget &amp; T3 verify activity prebudget &amp; T4 verify bs prebudget &amp; T5 verify profitloss prebudget &amp; T6 simulation after prebudget &amp; T7 quarterlyReport consolidation &amp; T8 specialReport consolidation &amp; T9 template Consolidation &amp; T9 verify report consolidation &amp; Test.T4 verify bs prebudget</stat>
<stat pass="1" fail="0" id="s1-s9" name="T5 verify profitloss prebudget">T0 verify admin &amp; T0 verify user management &amp; T1 verify adhoc assign &amp; T1 verify budget guidelines &amp; T1 verify capex prebudget &amp; T2 verify hr prebudget &amp; T3 verify activity prebudget &amp; T4 verify bs prebudget &amp; T5 verify profitloss prebudget &amp; T6 simulation after prebudget &amp; T7 quarterlyReport consolidation &amp; T8 specialReport consolidation &amp; T9 template Consolidation &amp; T9 verify report consolidation &amp; Test.T5 verify profitloss prebudget</stat>
<stat pass="8" fail="0" id="s1-s10" name="T6 simulation after prebudget">T0 verify admin &amp; T0 verify user management &amp; T1 verify adhoc assign &amp; T1 verify budget guidelines &amp; T1 verify capex prebudget &amp; T2 verify hr prebudget &amp; T3 verify activity prebudget &amp; T4 verify bs prebudget &amp; T5 verify profitloss prebudget &amp; T6 simulation after prebudget &amp; T7 quarterlyReport consolidation &amp; T8 specialReport consolidation &amp; T9 template Consolidation &amp; T9 verify report consolidation &amp; Test.T6 simulation after prebudget</stat>
<stat pass="2" fail="0" id="s1-s11" name="T7 quarterlyReport consolidation">T0 verify admin &amp; T0 verify user management &amp; T1 verify adhoc assign &amp; T1 verify budget guidelines &amp; T1 verify capex prebudget &amp; T2 verify hr prebudget &amp; T3 verify activity prebudget &amp; T4 verify bs prebudget &amp; T5 verify profitloss prebudget &amp; T6 simulation after prebudget &amp; T7 quarterlyReport consolidation &amp; T8 specialReport consolidation &amp; T9 template Consolidation &amp; T9 verify report consolidation &amp; Test.T7 quarterlyReport consolidation</stat>
<stat pass="2" fail="0" id="s1-s12" name="T8 specialReport consolidation">T0 verify admin &amp; T0 verify user management &amp; T1 verify adhoc assign &amp; T1 verify budget guidelines &amp; T1 verify capex prebudget &amp; T2 verify hr prebudget &amp; T3 verify activity prebudget &amp; T4 verify bs prebudget &amp; T5 verify profitloss prebudget &amp; T6 simulation after prebudget &amp; T7 quarterlyReport consolidation &amp; T8 specialReport consolidation &amp; T9 template Consolidation &amp; T9 verify report consolidation &amp; Test.T8 specialReport consolidation</stat>
<stat pass="4" fail="0" id="s1-s13" name="T9 template Consolidation">T0 verify admin &amp; T0 verify user management &amp; T1 verify adhoc assign &amp; T1 verify budget guidelines &amp; T1 verify capex prebudget &amp; T2 verify hr prebudget &amp; T3 verify activity prebudget &amp; T4 verify bs prebudget &amp; T5 verify profitloss prebudget &amp; T6 simulation after prebudget &amp; T7 quarterlyReport consolidation &amp; T8 specialReport consolidation &amp; T9 template Consolidation &amp; T9 verify report consolidation &amp; Test.T9 template Consolidation</stat>
<stat pass="6" fail="0" id="s1-s14" name="T9 verify report consolidation">T0 verify admin &amp; T0 verify user management &amp; T1 verify adhoc assign &amp; T1 verify budget guidelines &amp; T1 verify capex prebudget &amp; T2 verify hr prebudget &amp; T3 verify activity prebudget &amp; T4 verify bs prebudget &amp; T5 verify profitloss prebudget &amp; T6 simulation after prebudget &amp; T7 quarterlyReport consolidation &amp; T8 specialReport consolidation &amp; T9 template Consolidation &amp; T9 verify report consolidation &amp; Test.T9 verify report consolidation</stat>
<stat pass="1" fail="0" id="s1-s15" name="Test">T0 verify admin &amp; T0 verify user management &amp; T1 verify adhoc assign &amp; T1 verify budget guidelines &amp; T1 verify capex prebudget &amp; T2 verify hr prebudget &amp; T3 verify activity prebudget &amp; T4 verify bs prebudget &amp; T5 verify profitloss prebudget &amp; T6 simulation after prebudget &amp; T7 quarterlyReport consolidation &amp; T8 specialReport consolidation &amp; T9 template Consolidation &amp; T9 verify report consolidation &amp; Test.Test</stat>
</suite>
</statistics>
<errors>
</errors>
</robot>
