<?xml version="1.0" encoding="UTF-8"?>
<robot generator="Robot 3.2.2 (Python 3.6.8 on win32)" generated="20210211 20:05:12.737" rpa="false">
<suite id="s1" name="T0 verify admin &amp; T0 verify test adhoc assign &amp; T1 user management &amp; T1 verify budget guidelines &amp; T1 verify capex prebudget &amp; T2 verify hr prebudget &amp; T3 verify activity prebudget &amp; T4 verify bs prebudget &amp; T5 verify profitloss prebudget &amp; T6 simulation after prebudget &amp; T7 quarterlyReport consolidation &amp; T8 specialReport consolidation &amp; T9 template Consolidation &amp; T9 verify report consolidation &amp; Test">
<suite id="s1-s1" name="T0 verify admin" source="E:\QAautomation\Budget-Automation\budget_admin\test_suites\T0_verify_admin.robot">
<kw name="Open Budget Application" library="loginPage" type="setup">
<kw name="Open Browser" library="SeleniumLibrary">
<doc>Opens a new browser instance to the optional ``url``.</doc>
<arguments>
<arg>${url}</arg>
<arg>Chrome</arg>
<arg>add_argument("--disable-popup-blocking"); add_argument("--ignore-certificate-errors") error</arg>
</arguments>
<msg timestamp="20210211 20:05:13.073" level="INFO">Opening browser 'Chrome' to base url 'https://10.13.189.56:8443/cas/login?service=https%3A%2F%2F10.13.189.56%3A8443%2Fbudget%2Flogin%2Fcas'.</msg>
<status status="PASS" starttime="20210211 20:05:13.073" endtime="20210211 20:05:15.769"></status>
</kw>
<kw name="Maximize Browser Window" library="SeleniumLibrary">
<doc>Maximizes current browser window.</doc>
<status status="PASS" starttime="20210211 20:05:15.770" endtime="20210211 20:05:15.947"></status>
</kw>
<kw name="Click Button" library="SeleniumLibrary">
<doc>Clicks the button identified by ``locator``.</doc>
<arguments>
<arg>details-button</arg>
</arguments>
<msg timestamp="20210211 20:05:15.948" level="INFO">Clicking button 'details-button'.</msg>
<status status="PASS" starttime="20210211 20:05:15.948" endtime="20210211 20:05:16.065"></status>
</kw>
<kw name="Click Element" library="SeleniumLibrary">
<doc>Click the element identified by ``locator``.</doc>
<arguments>
<arg>proceed-link</arg>
</arguments>
<msg timestamp="20210211 20:05:16.066" level="INFO">Clicking element 'proceed-link'.</msg>
<status status="PASS" starttime="20210211 20:05:16.065" endtime="20210211 20:05:18.107"></status>
</kw>
<kw name="Sleep" library="BuiltIn">
<doc>Pauses the test executed for the given time.</doc>
<arguments>
<arg>2S</arg>
</arguments>
<msg timestamp="20210211 20:05:20.118" level="INFO">Slept 2 seconds</msg>
<status status="PASS" starttime="20210211 20:05:18.108" endtime="20210211 20:05:20.118"></status>
</kw>
<status status="PASS" starttime="20210211 20:05:13.073" endtime="20210211 20:05:20.118"></status>
</kw>
<test id="s1-s1-t1" name="Verify that login page works properly and is authenticated">
<kw name="Run Keyword And Continue On Failure" library="BuiltIn">
<doc>Runs the keyword and continues execution even if a failure occurs.</doc>
<arguments>
<arg>Verify Login Page is successful</arg>
</arguments>
<kw name="Verify Login Page is successful" library="loginPage">
<kw name="Run Keyword And Continue On Failure" library="BuiltIn">
<doc>Runs the keyword and continues execution even if a failure occurs.</doc>
<arguments>
<arg>title should be login</arg>
</arguments>
<kw name="Title should be login" library="loginPage">
<kw name="Title Should Be" library="SeleniumLibrary">
<doc>Verifies that the current page title equals ``title``.</doc>
<arguments>
<arg>Login - CAS – Central Authentication Service</arg>
</arguments>
<msg timestamp="20210211 20:05:20.128" level="INFO">Page title is 'Login - CAS – Central Authentication Service'.</msg>
<status status="PASS" starttime="20210211 20:05:20.123" endtime="20210211 20:05:20.128"></status>
</kw>
<status status="PASS" starttime="20210211 20:05:20.122" endtime="20210211 20:05:20.128"></status>
</kw>
<status status="PASS" starttime="20210211 20:05:20.122" endtime="20210211 20:05:20.128"></status>
</kw>
<kw name="Run Keyword And Continue On Failure" library="BuiltIn">
<doc>Runs the keyword and continues execution even if a failure occurs.</doc>
<arguments>
<arg>page should contain header text</arg>
</arguments>
<kw name="page should contain header text" library="loginPage">
<kw name="Run Keyword And Continue On Failure" library="BuiltIn">
<doc>Runs the keyword and continues execution even if a failure occurs.</doc>
<arguments>
<arg>element should be visible</arg>
<arg>${header_text}</arg>
<arg>message=Extenso Data Budget Operation Secured Login</arg>
</arguments>
<kw name="Element Should Be Visible" library="SeleniumLibrary">
<doc>Verifies that the element identified by ``locator`` is visible.</doc>
<arguments>
<arg>${header_text}</arg>
<arg>message=Extenso Data Budget Operation Secured Login</arg>
</arguments>
<msg timestamp="20210211 20:05:20.163" level="INFO">Element 'id=servicedesc' is displayed.</msg>
<status status="PASS" starttime="20210211 20:05:20.130" endtime="20210211 20:05:20.164"></status>
</kw>
<status status="PASS" starttime="20210211 20:05:20.129" endtime="20210211 20:05:20.164"></status>
</kw>
<status status="PASS" starttime="20210211 20:05:20.129" endtime="20210211 20:05:20.164"></status>
</kw>
<status status="PASS" starttime="20210211 20:05:20.129" endtime="20210211 20:05:20.164"></status>
</kw>
<kw name="Enter valid Username" library="loginPage">
<arguments>
<arg>admin</arg>
</arguments>
<kw name="Wait Until Element Is Visible" library="SeleniumLibrary">
<doc>Waits until the element ``locator`` is visible.</doc>
<arguments>
<arg>id=username</arg>
</arguments>
<status status="PASS" starttime="20210211 20:05:20.165" endtime="20210211 20:05:20.190"></status>
</kw>
<kw name="Input Text" library="SeleniumLibrary">
<doc>Types the given ``text`` into the text field identified by ``locator``.</doc>
<arguments>
<arg>id=username</arg>
<arg>${username}</arg>
</arguments>
<msg timestamp="20210211 20:05:20.191" level="INFO">Typing text 'admin' into text field 'id=username'.</msg>
<status status="PASS" starttime="20210211 20:05:20.191" endtime="20210211 20:05:20.260"></status>
</kw>
<status status="PASS" starttime="20210211 20:05:20.164" endtime="20210211 20:05:20.260"></status>
</kw>
<kw name="Enter valid Password" library="loginPage">
<arguments>
<arg>admin123</arg>
</arguments>
<kw name="Wait Until Element Is Visible" library="SeleniumLibrary">
<doc>Waits until the element ``locator`` is visible.</doc>
<arguments>
<arg>id=password</arg>
</arguments>
<status status="PASS" starttime="20210211 20:05:20.260" endtime="20210211 20:05:20.281"></status>
</kw>
<kw name="Input Text" library="SeleniumLibrary">
<doc>Types the given ``text`` into the text field identified by ``locator``.</doc>
<arguments>
<arg>id=password</arg>
<arg>${password}</arg>
</arguments>
<msg timestamp="20210211 20:05:20.282" level="INFO">Typing text 'admin123' into text field 'id=password'.</msg>
<status status="PASS" starttime="20210211 20:05:20.281" endtime="20210211 20:05:20.372"></status>
</kw>
<status status="PASS" starttime="20210211 20:05:20.260" endtime="20210211 20:05:20.372"></status>
</kw>
<kw name="Click Submit" library="loginPage">
<kw name="Press Keys" library="SeleniumLibrary">
<doc>Simulates the user pressing key(s) to an element or on the active browser.</doc>
<arguments>
<arg>name=submit</arg>
<arg>RETURN</arg>
</arguments>
<msg timestamp="20210211 20:05:20.374" level="INFO">Sending key(s) ('RETURN',) to name=submit element.</msg>
<msg timestamp="20210211 20:05:29.781" level="INFO">Pressing special key RETURN to element.</msg>
<msg timestamp="20210211 20:05:29.781" level="INFO">Releasing special key RETURN.</msg>
<status status="PASS" starttime="20210211 20:05:20.373" endtime="20210211 20:05:29.828"></status>
</kw>
<kw name="Sleep" library="BuiltIn">
<doc>Pauses the test executed for the given time.</doc>
<arguments>
<arg>2s</arg>
</arguments>
<msg timestamp="20210211 20:05:31.833" level="INFO">Slept 2 seconds</msg>
<status status="PASS" starttime="20210211 20:05:29.828" endtime="20210211 20:05:31.834"></status>
</kw>
<status status="PASS" starttime="20210211 20:05:20.372" endtime="20210211 20:05:31.837"></status>
</kw>
<status status="PASS" starttime="20210211 20:05:20.122" endtime="20210211 20:05:31.837"></status>
</kw>
<status status="PASS" starttime="20210211 20:05:20.121" endtime="20210211 20:05:31.838"></status>
</kw>
<status status="PASS" starttime="20210211 20:05:20.118" endtime="20210211 20:05:31.840" critical="yes"></status>
</test>
<doc>This suite verifies admin login page</doc>
<status status="PASS" starttime="20210211 20:05:12.773" endtime="20210211 20:05:31.853"></status>
</suite>
<suite id="s1-s2" name="T0 verify test adhoc assign" source="E:\QAautomation\Budget-Automation\budget_admin\test_suites\T0_verify_test_adhoc_assign.robot">
<test id="s1-s2-t1" name="Click on budget">
<kw name="Run Keyword And Continue On Failure" library="BuiltIn">
<doc>Runs the keyword and continues execution even if a failure occurs.</doc>
<arguments>
<arg>Click Budget</arg>
</arguments>
<kw name="Click Budget" library="navigateSidebar">
<kw name="Sleep" library="BuiltIn">
<doc>Pauses the test executed for the given time.</doc>
<arguments>
<arg>1s</arg>
</arguments>
<msg timestamp="20210211 20:05:33.034" level="INFO">Slept 1 second</msg>
<status status="PASS" starttime="20210211 20:05:32.033" endtime="20210211 20:05:33.034"></status>
</kw>
<kw name="Wait Until Element Is Visible" library="SeleniumLibrary">
<doc>Waits until the element ``locator`` is visible.</doc>
<arguments>
<arg>//li[@id='budget']</arg>
</arguments>
<status status="PASS" starttime="20210211 20:05:33.035" endtime="20210211 20:05:33.083"></status>
</kw>
<kw name="Click Element" library="SeleniumLibrary">
<doc>Click the element identified by ``locator``.</doc>
<arguments>
<arg>//li[@id='budget']</arg>
</arguments>
<msg timestamp="20210211 20:05:33.083" level="INFO">Clicking element '//li[@id='budget']'.</msg>
<status status="PASS" starttime="20210211 20:05:33.083" endtime="20210211 20:05:33.151"></status>
</kw>
<status status="PASS" starttime="20210211 20:05:32.032" endtime="20210211 20:05:33.152"></status>
</kw>
<status status="PASS" starttime="20210211 20:05:32.031" endtime="20210211 20:05:33.152"></status>
</kw>
<status status="PASS" starttime="20210211 20:05:32.031" endtime="20210211 20:05:33.153" critical="yes"></status>
</test>
<test id="s1-s2-t2" name="click to adhoc templates">
<kw name="Run Keyword And Continue On Failure" library="BuiltIn">
<doc>Runs the keyword and continues execution even if a failure occurs.</doc>
<arguments>
<arg>click to adhoc templates</arg>
</arguments>
<kw name="click to adhoc templates" library="adhocTemplateAssign">
<kw name="Wait Until Element Is Visible" library="SeleniumLibrary">
<doc>Waits until the element ``locator`` is visible.</doc>
<arguments>
<arg>${adhoc_click}</arg>
</arguments>
<status status="PASS" starttime="20210211 20:05:33.159" endtime="20210211 20:05:33.443"></status>
</kw>
<kw name="Click Element" library="SeleniumLibrary">
<doc>Click the element identified by ``locator``.</doc>
<arguments>
<arg>${adhoc_click}</arg>
</arguments>
<msg timestamp="20210211 20:05:33.443" level="INFO">Clicking element '//a[@id='budget_adhoc']'.</msg>
<status status="PASS" starttime="20210211 20:05:33.443" endtime="20210211 20:05:33.583"></status>
</kw>
<status status="PASS" starttime="20210211 20:05:33.159" endtime="20210211 20:05:33.584"></status>
</kw>
<status status="PASS" starttime="20210211 20:05:33.158" endtime="20210211 20:05:33.584"></status>
</kw>
<status status="PASS" starttime="20210211 20:05:33.156" endtime="20210211 20:05:33.587" critical="yes"></status>
</test>
<doc>this suite verifies adhoc assign page.</doc>
<status status="PASS" starttime="20210211 20:05:31.875" endtime="20210211 20:05:33.590"></status>
</suite>
<suite id="s1-s3" name="T1 user management" source="E:\QAautomation\Budget-Automation\budget_admin\test_suites\T1_user_management.robot">
<test id="s1-s3-t1" name="Verify User Add">
<kw name="Run Keyword And Continue On Failure" library="BuiltIn">
<doc>Runs the keyword and continues execution even if a failure occurs.</doc>
<arguments>
<arg>Click on User Management</arg>
</arguments>
<kw name="Click on User Management" library="userManagementPage">
<kw name="Wait Until Element Is Visible" library="SeleniumLibrary">
<doc>Waits until the element ``locator`` is visible.</doc>
<arguments>
<arg>${toggle_usermanagement_xpath}</arg>
</arguments>
<status status="PASS" starttime="20210211 20:05:33.645" endtime="20210211 20:05:33.727"></status>
</kw>
<kw name="Click Element" library="SeleniumLibrary">
<doc>Click the element identified by ``locator``.</doc>
<arguments>
<arg>${toggle_usermanagement_xpath}</arg>
</arguments>
<msg timestamp="20210211 20:05:33.727" level="INFO">Clicking element '//li[@id='user']//div'.</msg>
<status status="PASS" starttime="20210211 20:05:33.727" endtime="20210211 20:05:33.798"></status>
</kw>
<kw name="Sleep" library="BuiltIn">
<doc>Pauses the test executed for the given time.</doc>
<arguments>
<arg>3s</arg>
</arguments>
<msg timestamp="20210211 20:05:36.809" level="INFO">Slept 3 seconds</msg>
<status status="PASS" starttime="20210211 20:05:33.799" endtime="20210211 20:05:36.809"></status>
</kw>
<status status="PASS" starttime="20210211 20:05:33.645" endtime="20210211 20:05:36.810"></status>
</kw>
<status status="PASS" starttime="20210211 20:05:33.644" endtime="20210211 20:05:36.811"></status>
</kw>
<kw name="Run Keyword And Continue On Failure" library="BuiltIn">
<doc>Runs the keyword and continues execution even if a failure occurs.</doc>
<arguments>
<arg>Click Users</arg>
</arguments>
<kw name="Click Users" library="userManagementPage">
<kw name="Wait Until Element Is Visible" library="SeleniumLibrary">
<doc>Waits until the element ``locator`` is visible.</doc>
<arguments>
<arg>${click_users_xpath}</arg>
</arguments>
<status status="PASS" starttime="20210211 20:05:36.816" endtime="20210211 20:05:36.878"></status>
</kw>
<kw name="Click Element" library="SeleniumLibrary">
<doc>Click the element identified by ``locator``.</doc>
<arguments>
<arg>${click_users_xpath}</arg>
</arguments>
<msg timestamp="20210211 20:05:36.879" level="INFO">Clicking element '//li//a[@id='user_info']'.</msg>
<status status="PASS" starttime="20210211 20:05:36.879" endtime="20210211 20:05:37.058"></status>
</kw>
<kw name="Sleep" library="BuiltIn">
<doc>Pauses the test executed for the given time.</doc>
<arguments>
<arg>3s</arg>
</arguments>
<msg timestamp="20210211 20:05:40.070" level="INFO">Slept 3 seconds</msg>
<status status="PASS" starttime="20210211 20:05:37.058" endtime="20210211 20:05:40.070"></status>
</kw>
<status status="PASS" starttime="20210211 20:05:36.814" endtime="20210211 20:05:40.071"></status>
</kw>
<status status="PASS" starttime="20210211 20:05:36.812" endtime="20210211 20:05:40.071"></status>
</kw>
<status status="PASS" starttime="20210211 20:05:33.643" endtime="20210211 20:05:40.072" critical="yes"></status>
</test>
<test id="s1-s3-t2" name="Refresh User Button">
<kw name="Run Keyword And Continue On Failure" library="BuiltIn">
<doc>Runs the keyword and continues execution even if a failure occurs.</doc>
<arguments>
<arg>Refresh User Button</arg>
</arguments>
<kw name="Refresh User Button" library="userManagementPage">
<kw name="Wait Until Element Is Visible" library="SeleniumLibrary">
<doc>Waits until the element ``locator`` is visible.</doc>
<arguments>
<arg>${refresh_button_xpath}</arg>
</arguments>
<status status="PASS" starttime="20210211 20:05:40.077" endtime="20210211 20:05:40.113"></status>
</kw>
<kw name="Click Element" library="SeleniumLibrary">
<doc>Click the element identified by ``locator``.</doc>
<arguments>
<arg>${refresh_button_xpath}</arg>
</arguments>
<msg timestamp="20210211 20:05:40.113" level="INFO">Clicking element '//app-userdashboard/div/div/div/div/div[2]/div[1]/span/button[2]'.</msg>
<status status="PASS" starttime="20210211 20:05:40.113" endtime="20210211 20:05:40.209"></status>
</kw>
<kw name="Sleep" library="BuiltIn">
<doc>Pauses the test executed for the given time.</doc>
<arguments>
<arg>1s</arg>
</arguments>
<msg timestamp="20210211 20:05:41.224" level="INFO">Slept 1 second</msg>
<status status="PASS" starttime="20210211 20:05:40.210" endtime="20210211 20:05:41.225"></status>
</kw>
<status status="PASS" starttime="20210211 20:05:40.076" endtime="20210211 20:05:41.226"></status>
</kw>
<status status="PASS" starttime="20210211 20:05:40.076" endtime="20210211 20:05:41.226"></status>
</kw>
<status status="PASS" starttime="20210211 20:05:40.074" endtime="20210211 20:05:41.228" critical="yes"></status>
</test>
<test id="s1-s3-t3" name="Click Add User">
<kw name="Run Keyword And Continue On Failure" library="BuiltIn">
<doc>Runs the keyword and continues execution even if a failure occurs.</doc>
<arguments>
<arg>Click Add User</arg>
</arguments>
<kw name="Click Add User" library="userManagementPage">
<kw name="Wait Until Element Is Visible" library="SeleniumLibrary">
<doc>Waits until the element ``locator`` is visible.</doc>
<arguments>
<arg>${add_button}</arg>
</arguments>
<status status="PASS" starttime="20210211 20:05:41.242" endtime="20210211 20:05:41.323"></status>
</kw>
<kw name="Click Element" library="SeleniumLibrary">
<doc>Click the element identified by ``locator``.</doc>
<arguments>
<arg>${add_button}</arg>
</arguments>
<msg timestamp="20210211 20:05:41.325" level="INFO">Clicking element '//app-userdashboard/div/div/div/div/div[2]/div[1]/span/button[1]'.</msg>
<status status="PASS" starttime="20210211 20:05:41.324" endtime="20210211 20:05:41.919"></status>
</kw>
<kw name="Sleep" library="BuiltIn">
<doc>Pauses the test executed for the given time.</doc>
<arguments>
<arg>1s</arg>
</arguments>
<msg timestamp="20210211 20:05:42.924" level="INFO">Slept 1 second</msg>
<status status="PASS" starttime="20210211 20:05:41.919" endtime="20210211 20:05:42.924"></status>
</kw>
<status status="PASS" starttime="20210211 20:05:41.241" endtime="20210211 20:05:42.924"></status>
</kw>
<status status="PASS" starttime="20210211 20:05:41.239" endtime="20210211 20:05:42.925"></status>
</kw>
<status status="PASS" starttime="20210211 20:05:41.235" endtime="20210211 20:05:42.925" critical="yes"></status>
</test>
<test id="s1-s3-t4" name="vaidate inputs of users name">
<kw name="Run Keyword And Continue On Failure" library="BuiltIn">
<doc>Runs the keyword and continues execution even if a failure occurs.</doc>
<arguments>
<arg>validate inputs of name</arg>
<arg>testing1a1</arg>
</arguments>
<kw name="validate inputs of name" library="userManagementPage">
<arguments>
<arg>testing1a1</arg>
</arguments>
<kw name="Click Element" library="SeleniumLibrary">
<doc>Click the element identified by ``locator``.</doc>
<arguments>
<arg>${input_name}</arg>
</arguments>
<msg timestamp="20210211 20:05:42.932" level="INFO">Clicking element '//input[@id='name']'.</msg>
<status status="PASS" starttime="20210211 20:05:42.931" endtime="20210211 20:05:43.073"></status>
</kw>
<kw name="Input Text" library="SeleniumLibrary">
<doc>Types the given ``text`` into the text field identified by ``locator``.</doc>
<arguments>
<arg>${input_name}</arg>
<arg>${user_name}</arg>
</arguments>
<msg timestamp="20210211 20:05:43.074" level="INFO">Typing text 'testing1a1' into text field '//input[@id='name']'.</msg>
<status status="PASS" starttime="20210211 20:05:43.074" endtime="20210211 20:05:43.230"></status>
</kw>
<kw name="Sleep" library="BuiltIn">
<doc>Pauses the test executed for the given time.</doc>
<arguments>
<arg>1s</arg>
</arguments>
<msg timestamp="20210211 20:05:44.237" level="INFO">Slept 1 second</msg>
<status status="PASS" starttime="20210211 20:05:43.230" endtime="20210211 20:05:44.238"></status>
</kw>
<status status="PASS" starttime="20210211 20:05:42.930" endtime="20210211 20:05:44.240"></status>
</kw>
<status status="PASS" starttime="20210211 20:05:42.930" endtime="20210211 20:05:44.240"></status>
</kw>
<status status="PASS" starttime="20210211 20:05:42.928" endtime="20210211 20:05:44.244" critical="yes"></status>
</test>
<test id="s1-s3-t5" name="validate inputs of users username">
<kw name="Run Keyword And Continue On Failure" library="BuiltIn">
<doc>Runs the keyword and continues execution even if a failure occurs.</doc>
<arguments>
<arg>validate inputs of users username</arg>
<arg>testing1a1</arg>
</arguments>
<kw name="validate inputs of users username" library="userManagementPage">
<arguments>
<arg>testing1a1</arg>
</arguments>
<kw name="Click Element" library="SeleniumLibrary">
<doc>Click the element identified by ``locator``.</doc>
<arguments>
<arg>${input_username}</arg>
</arguments>
<msg timestamp="20210211 20:05:44.257" level="INFO">Clicking element '//input[@id='username']'.</msg>
<status status="PASS" starttime="20210211 20:05:44.256" endtime="20210211 20:05:44.445"></status>
</kw>
<kw name="Input Text" library="SeleniumLibrary">
<doc>Types the given ``text`` into the text field identified by ``locator``.</doc>
<arguments>
<arg>${input_username}</arg>
<arg>${username}</arg>
</arguments>
<msg timestamp="20210211 20:05:44.446" level="INFO">Typing text 'testing1a1' into text field '//input[@id='username']'.</msg>
<status status="PASS" starttime="20210211 20:05:44.445" endtime="20210211 20:05:44.711"></status>
</kw>
<kw name="Sleep" library="BuiltIn">
<doc>Pauses the test executed for the given time.</doc>
<arguments>
<arg>1s</arg>
</arguments>
<msg timestamp="20210211 20:05:45.725" level="INFO">Slept 1 second</msg>
<status status="PASS" starttime="20210211 20:05:44.712" endtime="20210211 20:05:45.725"></status>
</kw>
<status status="PASS" starttime="20210211 20:05:44.255" endtime="20210211 20:05:45.726"></status>
</kw>
<status status="PASS" starttime="20210211 20:05:44.254" endtime="20210211 20:05:45.726"></status>
</kw>
<status status="PASS" starttime="20210211 20:05:44.251" endtime="20210211 20:05:45.728" critical="yes"></status>
</test>
<test id="s1-s3-t6" name="validate inputs of users password">
<kw name="Run Keyword And Continue On Failure" library="BuiltIn">
<doc>Runs the keyword and continues execution even if a failure occurs.</doc>
<arguments>
<arg>validate inputs of users password</arg>
<arg>testing1a1</arg>
</arguments>
<kw name="validate inputs of users password" library="userManagementPage">
<arguments>
<arg>testing1a1</arg>
</arguments>
<kw name="Click Element" library="SeleniumLibrary">
<doc>Click the element identified by ``locator``.</doc>
<arguments>
<arg>${input_password}</arg>
</arguments>
<msg timestamp="20210211 20:05:45.752" level="INFO">Clicking element '//input[@id='password']'.</msg>
<status status="PASS" starttime="20210211 20:05:45.751" endtime="20210211 20:05:46.050"></status>
</kw>
<kw name="Input Text" library="SeleniumLibrary">
<doc>Types the given ``text`` into the text field identified by ``locator``.</doc>
<arguments>
<arg>${input_password}</arg>
<arg>${password}</arg>
</arguments>
<msg timestamp="20210211 20:05:46.050" level="INFO">Typing text 'testing1a1' into text field '//input[@id='password']'.</msg>
<status status="PASS" starttime="20210211 20:05:46.050" endtime="20210211 20:05:46.142"></status>
</kw>
<kw name="Sleep" library="BuiltIn">
<doc>Pauses the test executed for the given time.</doc>
<arguments>
<arg>1s</arg>
</arguments>
<msg timestamp="20210211 20:05:47.150" level="INFO">Slept 1 second</msg>
<status status="PASS" starttime="20210211 20:05:46.142" endtime="20210211 20:05:47.150"></status>
</kw>
<status status="PASS" starttime="20210211 20:05:45.748" endtime="20210211 20:05:47.151"></status>
</kw>
<status status="PASS" starttime="20210211 20:05:45.747" endtime="20210211 20:05:47.151"></status>
</kw>
<status status="PASS" starttime="20210211 20:05:45.740" endtime="20210211 20:05:47.153" critical="yes"></status>
</test>
<test id="s1-s3-t7" name="validate inputs of users email">
<kw name="Run Keyword And Continue On Failure" library="BuiltIn">
<doc>Runs the keyword and continues execution even if a failure occurs.</doc>
<arguments>
<arg>validate inputs of users email</arg>
<arg>testing1a1@gmail.com</arg>
</arguments>
<kw name="validate inputs of users email" library="userManagementPage">
<arguments>
<arg>testing1a1@gmail.com</arg>
</arguments>
<kw name="Click Element" library="SeleniumLibrary">
<doc>Click the element identified by ``locator``.</doc>
<arguments>
<arg>${input_email}</arg>
</arguments>
<msg timestamp="20210211 20:05:47.167" level="INFO">Clicking element '//input[@id='email']'.</msg>
<status status="PASS" starttime="20210211 20:05:47.164" endtime="20210211 20:05:47.414"></status>
</kw>
<kw name="Input Text" library="SeleniumLibrary">
<doc>Types the given ``text`` into the text field identified by ``locator``.</doc>
<arguments>
<arg>${input_email}</arg>
<arg>${enter_email}</arg>
</arguments>
<msg timestamp="20210211 20:05:47.417" level="INFO">Typing text 'testing1a1@gmail.com' into text field '//input[@id='email']'.</msg>
<status status="PASS" starttime="20210211 20:05:47.414" endtime="20210211 20:05:47.644"></status>
</kw>
<kw name="Sleep" library="BuiltIn">
<doc>Pauses the test executed for the given time.</doc>
<arguments>
<arg>1s</arg>
</arguments>
<msg timestamp="20210211 20:05:48.644" level="INFO">Slept 1 second</msg>
<status status="PASS" starttime="20210211 20:05:47.644" endtime="20210211 20:05:48.645"></status>
</kw>
<status status="PASS" starttime="20210211 20:05:47.163" endtime="20210211 20:05:48.646"></status>
</kw>
<status status="PASS" starttime="20210211 20:05:47.161" endtime="20210211 20:05:48.646"></status>
</kw>
<status status="PASS" starttime="20210211 20:05:47.159" endtime="20210211 20:05:48.648" critical="yes"></status>
</test>
<test id="s1-s3-t8" name="verify click in input roles">
<kw name="Run Keyword And Continue On Failure" library="BuiltIn">
<doc>Runs the keyword and continues execution even if a failure occurs.</doc>
<arguments>
<arg>verify click in input roles</arg>
</arguments>
<kw name="verify click in input roles" library="userManagementPage">
<kw name="Sleep" library="BuiltIn">
<doc>Pauses the test executed for the given time.</doc>
<arguments>
<arg>1s</arg>
</arguments>
<msg timestamp="20210211 20:05:49.672" level="INFO">Slept 1 second</msg>
<status status="PASS" starttime="20210211 20:05:48.659" endtime="20210211 20:05:49.673"></status>
</kw>
<kw name="Click Element" library="SeleniumLibrary">
<doc>Click the element identified by ``locator``.</doc>
<arguments>
<arg>${click_role_list}</arg>
</arguments>
<msg timestamp="20210211 20:05:49.674" level="INFO">Clicking element '//mat-select[@id='mat-select-0']'.</msg>
<status status="PASS" starttime="20210211 20:05:49.673" endtime="20210211 20:05:49.899"></status>
</kw>
<kw name="Click Element" library="SeleniumLibrary">
<doc>Click the element identified by ``locator``.</doc>
<arguments>
<arg>${input_role}</arg>
</arguments>
<msg timestamp="20210211 20:05:49.900" level="INFO">Clicking element '//mat-option[@id='role_2']'.</msg>
<status status="PASS" starttime="20210211 20:05:49.899" endtime="20210211 20:05:49.993"></status>
</kw>
<kw name="Sleep" library="BuiltIn">
<doc>Pauses the test executed for the given time.</doc>
<arguments>
<arg>1s</arg>
</arguments>
<msg timestamp="20210211 20:05:51.001" level="INFO">Slept 1 second</msg>
<status status="PASS" starttime="20210211 20:05:49.993" endtime="20210211 20:05:51.002"></status>
</kw>
<status status="PASS" starttime="20210211 20:05:48.658" endtime="20210211 20:05:51.003"></status>
</kw>
<status status="PASS" starttime="20210211 20:05:48.657" endtime="20210211 20:05:51.004"></status>
</kw>
<status status="PASS" starttime="20210211 20:05:48.654" endtime="20210211 20:05:51.006" critical="yes"></status>
</test>
<test id="s1-s3-t9" name="verify click list and input region">
<kw name="Run Keyword And Continue On Failure" library="BuiltIn">
<doc>Runs the keyword and continues execution even if a failure occurs.</doc>
<arguments>
<arg>verify click list and input region</arg>
<arg>Region 1</arg>
</arguments>
<kw name="verify click list and input region" library="userManagementPage">
<arguments>
<arg>Region 1</arg>
</arguments>
<kw name="Click Element" library="SeleniumLibrary">
<doc>Click the element identified by ``locator``.</doc>
<arguments>
<arg>${region_list}</arg>
</arguments>
<msg timestamp="20210211 20:05:51.022" level="INFO">Clicking element '//mat-select[@id='mat-select-1']'.</msg>
<status status="PASS" starttime="20210211 20:05:51.020" endtime="20210211 20:05:51.196"></status>
</kw>
<kw name="defination of region" library="userManagementPage">
<arguments>
<arg>${region_name}</arg>
</arguments>
<assign>
<var>${id_region}</var>
</assign>
<kw name="Set Variable If" library="BuiltIn">
<doc>Sets variable based on the given condition.</doc>
<arguments>
<arg>"${region}"=="Region 1"</arg>
<arg>region_0</arg>
<arg>"${region}"=="Region 2"</arg>
<arg>region_1</arg>
<arg>"${region}"=="Region 3"</arg>
<arg>region_2</arg>
<arg>"${region}"=="Region 4"</arg>
<arg>region_3</arg>
<arg>"${region}"=="Region 5"</arg>
<arg>region_4</arg>
<arg>"${region}"=="Region 6"</arg>
<arg>region_5</arg>
<arg>"${region}"=="Region 7"</arg>
<arg>region_6</arg>
<arg>"${region}"=="Region 8"</arg>
<arg>region_7</arg>
<arg>"${region}"=="Region 9"</arg>
<arg>region_8</arg>
<arg>"${region}"=="Jhapa Region"</arg>
<arg>region_9</arg>
<arg>"${region}"=="Kathmandu Valley Region"</arg>
<arg>region_10</arg>
<arg>"${region}"=="Pokhara Valley Region"</arg>
<arg>region_11</arg>
<arg>"${region}"=="Unknown"</arg>
<arg>region_12</arg>
</arguments>
<assign>
<var>${region_name}</var>
</assign>
<msg timestamp="20210211 20:05:51.201" level="INFO">${region_name} = region_0</msg>
<status status="PASS" starttime="20210211 20:05:51.200" endtime="20210211 20:05:51.201"></status>
</kw>
<msg timestamp="20210211 20:05:51.202" level="INFO">${id_region} = region_0</msg>
<status status="PASS" starttime="20210211 20:05:51.197" endtime="20210211 20:05:51.202"></status>
</kw>
<kw name="Click Element" library="SeleniumLibrary">
<doc>Click the element identified by ``locator``.</doc>
<arguments>
<arg>//mat-option[@id='${id_region}']</arg>
</arguments>
<msg timestamp="20210211 20:05:51.204" level="INFO">Clicking element '//mat-option[@id='region_0']'.</msg>
<status status="PASS" starttime="20210211 20:05:51.202" endtime="20210211 20:05:51.336"></status>
</kw>
<kw name="Click Element" library="SeleniumLibrary">
<doc>Click the element identified by ``locator``.</doc>
<arguments>
<arg>${unclick_input_region_all}</arg>
</arguments>
<msg timestamp="20210211 20:05:51.337" level="INFO">Clicking element '//mat-option[@id='region_0']'.</msg>
<status status="PASS" starttime="20210211 20:05:51.336" endtime="20210211 20:05:51.390"></status>
</kw>
<kw name="Click Element" library="SeleniumLibrary">
<doc>Click the element identified by ``locator``.</doc>
<arguments>
<arg>${click_input_region_1}</arg>
</arguments>
<msg timestamp="20210211 20:05:51.391" level="INFO">Clicking element '//mat-option[@id='region_0']'.</msg>
<status status="PASS" starttime="20210211 20:05:51.390" endtime="20210211 20:05:51.451"></status>
</kw>
<kw name="Click Element" library="SeleniumLibrary">
<doc>Click the element identified by ``locator``.</doc>
<arguments>
<arg>${click_outside_role}</arg>
</arguments>
<msg timestamp="20210211 20:05:51.451" level="INFO">Clicking element '//div[@class='cdk-overlay-backdrop cdk-overlay-transparent-backdrop cdk-overlay-backdrop-showing']'.</msg>
<status status="PASS" starttime="20210211 20:05:51.451" endtime="20210211 20:05:51.523"></status>
</kw>
<status status="PASS" starttime="20210211 20:05:51.016" endtime="20210211 20:05:51.523"></status>
</kw>
<status status="PASS" starttime="20210211 20:05:51.015" endtime="20210211 20:05:51.524"></status>
</kw>
<status status="PASS" starttime="20210211 20:05:51.012" endtime="20210211 20:05:51.524" critical="yes"></status>
</test>
<test id="s1-s3-t10" name="verify that click in branch list">
<kw name="Run Keyword And Continue On Failure" library="BuiltIn">
<doc>Runs the keyword and continues execution even if a failure occurs.</doc>
<arguments>
<arg>verify that click in branch list</arg>
</arguments>
<kw name="verify that click in branch list" library="userManagementPage">
<kw name="Click Element" library="SeleniumLibrary">
<doc>Click the element identified by ``locator``.</doc>
<arguments>
<arg>${click_branch_list}</arg>
</arguments>
<msg timestamp="20210211 20:05:51.528" level="INFO">Clicking element '//mat-select[@id='mat-select-2']'.</msg>
<status status="PASS" starttime="20210211 20:05:51.528" endtime="20210211 20:05:51.607"></status>
</kw>
<kw name="Click Element" library="SeleniumLibrary">
<doc>Click the element identified by ``locator``.</doc>
<arguments>
<arg>${click_branch}</arg>
</arguments>
<msg timestamp="20210211 20:05:51.608" level="INFO">Clicking element '//perfect-scrollbar//mat-option[@id='branch_1']'.</msg>
<status status="PASS" starttime="20210211 20:05:51.607" endtime="20210211 20:05:51.683"></status>
</kw>
<kw name="Sleep" library="BuiltIn">
<doc>Pauses the test executed for the given time.</doc>
<arguments>
<arg>1s</arg>
</arguments>
<msg timestamp="20210211 20:05:52.696" level="INFO">Slept 1 second</msg>
<status status="PASS" starttime="20210211 20:05:51.683" endtime="20210211 20:05:52.697"></status>
</kw>
<kw name="Click Element" library="SeleniumLibrary">
<doc>Click the element identified by ``locator``.</doc>
<arguments>
<arg>${click_outside_role}</arg>
</arguments>
<msg timestamp="20210211 20:05:52.700" level="INFO">Clicking element '//div[@class='cdk-overlay-backdrop cdk-overlay-transparent-backdrop cdk-overlay-backdrop-showing']'.</msg>
<status status="PASS" starttime="20210211 20:05:52.698" endtime="20210211 20:05:52.884"></status>
</kw>
<kw name="Sleep" library="BuiltIn">
<doc>Pauses the test executed for the given time.</doc>
<arguments>
<arg>2s</arg>
</arguments>
<msg timestamp="20210211 20:05:54.890" level="INFO">Slept 2 seconds</msg>
<status status="PASS" starttime="20210211 20:05:52.884" endtime="20210211 20:05:54.891"></status>
</kw>
<status status="PASS" starttime="20210211 20:05:51.528" endtime="20210211 20:05:54.892"></status>
</kw>
<status status="PASS" starttime="20210211 20:05:51.527" endtime="20210211 20:05:54.893"></status>
</kw>
<status status="PASS" starttime="20210211 20:05:51.526" endtime="20210211 20:05:54.895" critical="yes"></status>
</test>
<test id="s1-s3-t11" name="Click User Add Button">
<kw name="Run Keyword And Continue On Failure" library="BuiltIn">
<doc>Runs the keyword and continues execution even if a failure occurs.</doc>
<arguments>
<arg>Click User Add Button</arg>
</arguments>
<kw name="Click User Add Button" library="userManagementPage">
<kw name="Wait Until Element Is Visible" library="SeleniumLibrary">
<doc>Waits until the element ``locator`` is visible.</doc>
<arguments>
<arg>${add_user_click_button_xpath}</arg>
</arguments>
<status status="PASS" starttime="20210211 20:05:54.912" endtime="20210211 20:05:54.980"></status>
</kw>
<kw name="Click Button" library="SeleniumLibrary">
<doc>Clicks the button identified by ``locator``.</doc>
<arguments>
<arg>${add_user_click_button_xpath}</arg>
</arguments>
<msg timestamp="20210211 20:05:54.982" level="INFO">Clicking button '//button[@id='add_user_btn']'.</msg>
<status status="PASS" starttime="20210211 20:05:54.981" endtime="20210211 20:05:55.214"></status>
</kw>
<kw name="Get Element Count" library="SeleniumLibrary">
<doc>Returns the number of elements matching ``locator``.</doc>
<arguments>
<arg>${notify_xpath}</arg>
</arguments>
<assign>
<var>${count_notify}</var>
</assign>
<msg timestamp="20210211 20:05:55.245" level="INFO">${count_notify} = 0</msg>
<status status="PASS" starttime="20210211 20:05:55.215" endtime="20210211 20:05:55.245"></status>
</kw>
<kw name="Run Keyword If" library="BuiltIn">
<doc>Runs the given keyword with the given arguments, if ``condition`` is true.</doc>
<arguments>
<arg>${count_notify}&gt;0</arg>
<arg>wait until element is not visible</arg>
<arg>${notify_xpath}</arg>
<arg>ELSE</arg>
<arg>Click close user add button</arg>
</arguments>
<kw name="Click close user add button" library="userManagementPage">
<kw name="Click Element" library="SeleniumLibrary">
<doc>Click the element identified by ``locator``.</doc>
<arguments>
<arg>${close_button}</arg>
</arguments>
<msg timestamp="20210211 20:05:55.250" level="INFO">Clicking element '//button[@id='close_btn']/span'.</msg>
<status status="PASS" starttime="20210211 20:05:55.249" endtime="20210211 20:05:55.393"></status>
</kw>
<status status="PASS" starttime="20210211 20:05:55.247" endtime="20210211 20:05:55.394"></status>
</kw>
<status status="PASS" starttime="20210211 20:05:55.246" endtime="20210211 20:05:55.394"></status>
</kw>
<kw name="Sleep" library="BuiltIn">
<doc>Pauses the test executed for the given time.</doc>
<arguments>
<arg>2s</arg>
</arguments>
<msg timestamp="20210211 20:05:57.407" level="INFO">Slept 2 seconds</msg>
<status status="PASS" starttime="20210211 20:05:55.394" endtime="20210211 20:05:57.408"></status>
</kw>
<status status="PASS" starttime="20210211 20:05:54.910" endtime="20210211 20:05:57.409"></status>
</kw>
<status status="PASS" starttime="20210211 20:05:54.908" endtime="20210211 20:05:57.409"></status>
</kw>
<status status="PASS" starttime="20210211 20:05:54.903" endtime="20210211 20:05:57.411" critical="yes"></status>
</test>
<test id="s1-s3-t12" name="Pagination change">
<kw name="Run Keyword And Continue On Failure" library="BuiltIn">
<doc>Runs the keyword and continues execution even if a failure occurs.</doc>
<arguments>
<arg>Pagination change</arg>
</arguments>
<kw name="Pagination change" library="templateButtonPage">
<kw name="Click Element" library="SeleniumLibrary">
<doc>Click the element identified by ``locator``.</doc>
<arguments>
<arg>//div[@class='ant-select-selection__rendered']</arg>
</arguments>
<msg timestamp="20210211 20:05:57.423" level="INFO">Clicking element '//div[@class='ant-select-selection__rendered']'.</msg>
<status status="PASS" starttime="20210211 20:05:57.422" endtime="20210211 20:05:57.672"></status>
</kw>
<kw name="Sleep" library="BuiltIn">
<doc>Pauses the test executed for the given time.</doc>
<arguments>
<arg>1s</arg>
</arguments>
<msg timestamp="20210211 20:05:58.687" level="INFO">Slept 1 second</msg>
<status status="PASS" starttime="20210211 20:05:57.672" endtime="20210211 20:05:58.688"></status>
</kw>
<kw name="Click Element" library="SeleniumLibrary">
<doc>Click the element identified by ``locator``.</doc>
<arguments>
<arg>//li[starts-with(@class,'ant-select-dropdown-menu-item')][last()]</arg>
</arguments>
<msg timestamp="20210211 20:05:58.689" level="INFO">Clicking element '//li[starts-with(@class,'ant-select-dropdown-menu-item')][last()]'.</msg>
<status status="PASS" starttime="20210211 20:05:58.688" endtime="20210211 20:05:59.082"></status>
</kw>
<kw name="Sleep" library="BuiltIn">
<doc>Pauses the test executed for the given time.</doc>
<arguments>
<arg>2s</arg>
</arguments>
<msg timestamp="20210211 20:06:01.094" level="INFO">Slept 2 seconds</msg>
<status status="PASS" starttime="20210211 20:05:59.082" endtime="20210211 20:06:01.095"></status>
</kw>
<status status="PASS" starttime="20210211 20:05:57.421" endtime="20210211 20:06:01.096"></status>
</kw>
<status status="PASS" starttime="20210211 20:05:57.420" endtime="20210211 20:06:01.096"></status>
</kw>
<status status="PASS" starttime="20210211 20:05:57.417" endtime="20210211 20:06:01.098" critical="yes"></status>
</test>
<test id="s1-s3-t13" name="Click edit user button in User Management">
<kw name="Run Keyword And Continue On Failure" library="BuiltIn">
<doc>Runs the keyword and continues execution even if a failure occurs.</doc>
<arguments>
<arg>click edit button from user page</arg>
</arguments>
<kw name="click edit button from user page" library="userManagementPage">
<kw name="Wait Until Element Is Visible" library="SeleniumLibrary">
<doc>Waits until the element ``locator`` is visible.</doc>
<arguments>
<arg>//tr[starts-with(@class,'ant-table-row ng-star-inserted')][last()]//td[8]/button[1]</arg>
</arguments>
<status status="PASS" starttime="20210211 20:06:01.115" endtime="20210211 20:06:01.198"></status>
</kw>
<kw name="Click Button" library="SeleniumLibrary">
<doc>Clicks the button identified by ``locator``.</doc>
<arguments>
<arg>//tr[starts-with(@class,'ant-table-row ng-star-inserted')][last()]//td[8]/button[1]</arg>
</arguments>
<msg timestamp="20210211 20:06:01.199" level="INFO">Clicking button '//tr[starts-with(@class,'ant-table-row ng-star-inserted')][last()]//td[8]/button[1]'.</msg>
<status status="PASS" starttime="20210211 20:06:01.198" endtime="20210211 20:06:01.600"></status>
</kw>
<status status="PASS" starttime="20210211 20:06:01.111" endtime="20210211 20:06:01.600"></status>
</kw>
<status status="PASS" starttime="20210211 20:06:01.109" endtime="20210211 20:06:01.600"></status>
</kw>
<status status="PASS" starttime="20210211 20:06:01.105" endtime="20210211 20:06:01.601" critical="yes"></status>
</test>
<test id="s1-s3-t14" name="Click edit name in User Management">
<kw name="Run Keyword And Continue On Failure" library="BuiltIn">
<doc>Runs the keyword and continues execution even if a failure occurs.</doc>
<arguments>
<arg>validate inputs of name</arg>
<arg>testing121</arg>
</arguments>
<kw name="validate inputs of name" library="userManagementPage">
<arguments>
<arg>testing121</arg>
</arguments>
<kw name="Click Element" library="SeleniumLibrary">
<doc>Click the element identified by ``locator``.</doc>
<arguments>
<arg>${input_name}</arg>
</arguments>
<msg timestamp="20210211 20:06:01.606" level="INFO">Clicking element '//input[@id='name']'.</msg>
<status status="PASS" starttime="20210211 20:06:01.606" endtime="20210211 20:06:01.757"></status>
</kw>
<kw name="Input Text" library="SeleniumLibrary">
<doc>Types the given ``text`` into the text field identified by ``locator``.</doc>
<arguments>
<arg>${input_name}</arg>
<arg>${user_name}</arg>
</arguments>
<msg timestamp="20210211 20:06:01.758" level="INFO">Typing text 'testing121' into text field '//input[@id='name']'.</msg>
<status status="PASS" starttime="20210211 20:06:01.758" endtime="20210211 20:06:01.971"></status>
</kw>
<kw name="Sleep" library="BuiltIn">
<doc>Pauses the test executed for the given time.</doc>
<arguments>
<arg>1s</arg>
</arguments>
<msg timestamp="20210211 20:06:02.985" level="INFO">Slept 1 second</msg>
<status status="PASS" starttime="20210211 20:06:01.971" endtime="20210211 20:06:02.986"></status>
</kw>
<status status="PASS" starttime="20210211 20:06:01.605" endtime="20210211 20:06:02.987"></status>
</kw>
<status status="PASS" starttime="20210211 20:06:01.604" endtime="20210211 20:06:02.988"></status>
</kw>
<status status="PASS" starttime="20210211 20:06:01.603" endtime="20210211 20:06:02.990" critical="yes"></status>
</test>
<test id="s1-s3-t15" name="Click edit username in User Management">
<kw name="Run Keyword And Continue On Failure" library="BuiltIn">
<doc>Runs the keyword and continues execution even if a failure occurs.</doc>
<arguments>
<arg>validate inputs of users username</arg>
<arg>testing121</arg>
</arguments>
<kw name="validate inputs of users username" library="userManagementPage">
<arguments>
<arg>testing121</arg>
</arguments>
<kw name="Click Element" library="SeleniumLibrary">
<doc>Click the element identified by ``locator``.</doc>
<arguments>
<arg>${input_username}</arg>
</arguments>
<msg timestamp="20210211 20:06:03.004" level="INFO">Clicking element '//input[@id='username']'.</msg>
<status status="PASS" starttime="20210211 20:06:03.003" endtime="20210211 20:06:03.163"></status>
</kw>
<kw name="Input Text" library="SeleniumLibrary">
<doc>Types the given ``text`` into the text field identified by ``locator``.</doc>
<arguments>
<arg>${input_username}</arg>
<arg>${username}</arg>
</arguments>
<msg timestamp="20210211 20:06:03.164" level="INFO">Typing text 'testing121' into text field '//input[@id='username']'.</msg>
<status status="PASS" starttime="20210211 20:06:03.163" endtime="20210211 20:06:03.434"></status>
</kw>
<kw name="Sleep" library="BuiltIn">
<doc>Pauses the test executed for the given time.</doc>
<arguments>
<arg>1s</arg>
</arguments>
<msg timestamp="20210211 20:06:04.438" level="INFO">Slept 1 second</msg>
<status status="PASS" starttime="20210211 20:06:03.434" endtime="20210211 20:06:04.439"></status>
</kw>
<status status="PASS" starttime="20210211 20:06:03.000" endtime="20210211 20:06:04.440"></status>
</kw>
<status status="PASS" starttime="20210211 20:06:02.999" endtime="20210211 20:06:04.441"></status>
</kw>
<status status="PASS" starttime="20210211 20:06:02.995" endtime="20210211 20:06:04.443" critical="yes"></status>
</test>
<test id="s1-s3-t16" name="Click edit email in User Management">
<kw name="Run Keyword And Continue On Failure" library="BuiltIn">
<doc>Runs the keyword and continues execution even if a failure occurs.</doc>
<arguments>
<arg>validate inputs of users email</arg>
<arg>testing121@gmail.com</arg>
</arguments>
<kw name="validate inputs of users email" library="userManagementPage">
<arguments>
<arg>testing121@gmail.com</arg>
</arguments>
<kw name="Click Element" library="SeleniumLibrary">
<doc>Click the element identified by ``locator``.</doc>
<arguments>
<arg>${input_email}</arg>
</arguments>
<msg timestamp="20210211 20:06:04.455" level="INFO">Clicking element '//input[@id='email']'.</msg>
<status status="PASS" starttime="20210211 20:06:04.454" endtime="20210211 20:06:04.673"></status>
</kw>
<kw name="Input Text" library="SeleniumLibrary">
<doc>Types the given ``text`` into the text field identified by ``locator``.</doc>
<arguments>
<arg>${input_email}</arg>
<arg>${enter_email}</arg>
</arguments>
<msg timestamp="20210211 20:06:04.674" level="INFO">Typing text 'testing121@gmail.com' into text field '//input[@id='email']'.</msg>
<status status="PASS" starttime="20210211 20:06:04.673" endtime="20210211 20:06:04.884"></status>
</kw>
<kw name="Sleep" library="BuiltIn">
<doc>Pauses the test executed for the given time.</doc>
<arguments>
<arg>1s</arg>
</arguments>
<msg timestamp="20210211 20:06:05.890" level="INFO">Slept 1 second</msg>
<status status="PASS" starttime="20210211 20:06:04.885" endtime="20210211 20:06:05.891"></status>
</kw>
<status status="PASS" starttime="20210211 20:06:04.452" endtime="20210211 20:06:05.893"></status>
</kw>
<status status="PASS" starttime="20210211 20:06:04.451" endtime="20210211 20:06:05.893"></status>
</kw>
<status status="PASS" starttime="20210211 20:06:04.448" endtime="20210211 20:06:05.898" critical="yes"></status>
</test>
<test id="s1-s3-t17" name="Click edit user click list and input region">
<kw name="Run Keyword And Continue On Failure" library="BuiltIn">
<doc>Runs the keyword and continues execution even if a failure occurs.</doc>
<arguments>
<arg>verify edit user click list and input region</arg>
<arg>Region 2</arg>
</arguments>
<kw name="verify edit user click list and input region" library="userManagementPage">
<arguments>
<arg>Region 2</arg>
</arguments>
<kw name="Click Element" library="SeleniumLibrary">
<doc>Click the element identified by ``locator``.</doc>
<arguments>
<arg>//app-adduser/div/div/mat-card/mat-card-content/form/div[5]/mat-form-field/div/div[1]/div/mat-select[@placeholder="Region"]</arg>
</arguments>
<msg timestamp="20210211 20:06:05.912" level="INFO">Clicking element '//app-adduser/div/div/mat-card/mat-card-content/form/div[5]/mat-form-field/div/div[1]/div/mat-select[@placeholder="Region"]'.</msg>
<status status="PASS" starttime="20210211 20:06:05.911" endtime="20210211 20:06:06.082"></status>
</kw>
<kw name="defination of region" library="userManagementPage">
<arguments>
<arg>${region_name}</arg>
</arguments>
<assign>
<var>${id_region}</var>
</assign>
<kw name="Set Variable If" library="BuiltIn">
<doc>Sets variable based on the given condition.</doc>
<arguments>
<arg>"${region}"=="Region 1"</arg>
<arg>region_0</arg>
<arg>"${region}"=="Region 2"</arg>
<arg>region_1</arg>
<arg>"${region}"=="Region 3"</arg>
<arg>region_2</arg>
<arg>"${region}"=="Region 4"</arg>
<arg>region_3</arg>
<arg>"${region}"=="Region 5"</arg>
<arg>region_4</arg>
<arg>"${region}"=="Region 6"</arg>
<arg>region_5</arg>
<arg>"${region}"=="Region 7"</arg>
<arg>region_6</arg>
<arg>"${region}"=="Region 8"</arg>
<arg>region_7</arg>
<arg>"${region}"=="Region 9"</arg>
<arg>region_8</arg>
<arg>"${region}"=="Jhapa Region"</arg>
<arg>region_9</arg>
<arg>"${region}"=="Kathmandu Valley Region"</arg>
<arg>region_10</arg>
<arg>"${region}"=="Pokhara Valley Region"</arg>
<arg>region_11</arg>
<arg>"${region}"=="Unknown"</arg>
<arg>region_12</arg>
</arguments>
<assign>
<var>${region_name}</var>
</assign>
<kw name="Set Variable If" library="BuiltIn">
<doc>Sets variable based on the given condition.</doc>
<arguments>
<arg>"${region}"=="Region 2"</arg>
<arg>region_1</arg>
<arg>"${region}"=="Region 3"</arg>
<arg>region_2</arg>
<arg>"${region}"=="Region 4"</arg>
<arg>region_3</arg>
<arg>"${region}"=="Region 5"</arg>
<arg>region_4</arg>
<arg>"${region}"=="Region 6"</arg>
<arg>region_5</arg>
<arg>"${region}"=="Region 7"</arg>
<arg>region_6</arg>
<arg>"${region}"=="Region 8"</arg>
<arg>region_7</arg>
<arg>"${region}"=="Region 9"</arg>
<arg>region_8</arg>
<arg>"${region}"=="Jhapa Region"</arg>
<arg>region_9</arg>
<arg>"${region}"=="Kathmandu Valley Region"</arg>
<arg>region_10</arg>
<arg>"${region}"=="Pokhara Valley Region"</arg>
<arg>region_11</arg>
<arg>"${region}"=="Unknown"</arg>
<arg>region_12</arg>
</arguments>
<status status="PASS" starttime="20210211 20:06:06.087" endtime="20210211 20:06:06.088"></status>
</kw>
<msg timestamp="20210211 20:06:06.089" level="INFO">${region_name} = region_1</msg>
<status status="PASS" starttime="20210211 20:06:06.085" endtime="20210211 20:06:06.089"></status>
</kw>
<msg timestamp="20210211 20:06:06.090" level="INFO">${id_region} = region_1</msg>
<status status="PASS" starttime="20210211 20:06:06.083" endtime="20210211 20:06:06.090"></status>
</kw>
<kw name="Click Element" library="SeleniumLibrary">
<doc>Click the element identified by ``locator``.</doc>
<arguments>
<arg>//mat-option[@id='${id_region}']</arg>
</arguments>
<msg timestamp="20210211 20:06:06.092" level="INFO">Clicking element '//mat-option[@id='region_1']'.</msg>
<status status="PASS" starttime="20210211 20:06:06.091" endtime="20210211 20:06:06.285"></status>
</kw>
<kw name="Click Element" library="SeleniumLibrary">
<doc>Click the element identified by ``locator``.</doc>
<arguments>
<arg>${unclick_input_region_all}</arg>
</arguments>
<msg timestamp="20210211 20:06:06.286" level="INFO">Clicking element '//mat-option[@id='region_0']'.</msg>
<status status="PASS" starttime="20210211 20:06:06.285" endtime="20210211 20:06:06.400"></status>
</kw>
<kw name="Click Element" library="SeleniumLibrary">
<doc>Click the element identified by ``locator``.</doc>
<arguments>
<arg>${click_input_region_1}</arg>
</arguments>
<msg timestamp="20210211 20:06:06.401" level="INFO">Clicking element '//mat-option[@id='region_0']'.</msg>
<status status="PASS" starttime="20210211 20:06:06.401" endtime="20210211 20:06:06.491"></status>
</kw>
<kw name="Sleep" library="BuiltIn">
<doc>Pauses the test executed for the given time.</doc>
<arguments>
<arg>1s</arg>
</arguments>
<msg timestamp="20210211 20:06:07.499" level="INFO">Slept 1 second</msg>
<status status="PASS" starttime="20210211 20:06:06.491" endtime="20210211 20:06:07.500"></status>
</kw>
<kw name="Click Element" library="SeleniumLibrary">
<doc>Click the element identified by ``locator``.</doc>
<arguments>
<arg>${click_outside_role}</arg>
</arguments>
<msg timestamp="20210211 20:06:07.503" level="INFO">Clicking element '//div[@class='cdk-overlay-backdrop cdk-overlay-transparent-backdrop cdk-overlay-backdrop-showing']'.</msg>
<status status="PASS" starttime="20210211 20:06:07.501" endtime="20210211 20:06:07.660"></status>
</kw>
<kw name="Sleep" library="BuiltIn">
<doc>Pauses the test executed for the given time.</doc>
<arguments>
<arg>1s</arg>
</arguments>
<msg timestamp="20210211 20:06:08.667" level="INFO">Slept 1 second</msg>
<status status="PASS" starttime="20210211 20:06:07.661" endtime="20210211 20:06:08.668"></status>
</kw>
<status status="PASS" starttime="20210211 20:06:05.910" endtime="20210211 20:06:08.669"></status>
</kw>
<status status="PASS" starttime="20210211 20:06:05.909" endtime="20210211 20:06:08.669"></status>
</kw>
<status status="PASS" starttime="20210211 20:06:05.905" endtime="20210211 20:06:08.671" critical="yes"></status>
</test>
<test id="s1-s3-t18" name="Click edit user in branch list">
<kw name="Run Keyword And Continue On Failure" library="BuiltIn">
<doc>Runs the keyword and continues execution even if a failure occurs.</doc>
<arguments>
<arg>verify that edit click in branch list</arg>
</arguments>
<kw name="verify that edit click in branch list" library="userManagementPage">
<kw name="Click Element" library="SeleniumLibrary">
<doc>Click the element identified by ``locator``.</doc>
<arguments>
<arg>//app-adduser/div/div/mat-card/mat-card-content/form/div[6]/mat-form-field/div/div[1]/div/mat-select[@placeholder="Branch"]</arg>
</arguments>
<msg timestamp="20210211 20:06:08.684" level="INFO">Clicking element '//app-adduser/div/div/mat-card/mat-card-content/form/div[6]/mat-form-field/div/div[1]/div/mat-select[@placeholder="Branch"]'.</msg>
<status status="PASS" starttime="20210211 20:06:08.683" endtime="20210211 20:06:08.905"></status>
</kw>
<kw name="Click Element" library="SeleniumLibrary">
<doc>Click the element identified by ``locator``.</doc>
<arguments>
<arg>//perfect-scrollbar//mat-option[@id='branch_0']</arg>
</arguments>
<msg timestamp="20210211 20:06:08.906" level="INFO">Clicking element '//perfect-scrollbar//mat-option[@id='branch_0']'.</msg>
<status status="PASS" starttime="20210211 20:06:08.905" endtime="20210211 20:06:09.063"></status>
</kw>
<kw name="Sleep" library="BuiltIn">
<doc>Pauses the test executed for the given time.</doc>
<arguments>
<arg>1s</arg>
</arguments>
<msg timestamp="20210211 20:06:10.068" level="INFO">Slept 1 second</msg>
<status status="PASS" starttime="20210211 20:06:09.064" endtime="20210211 20:06:10.069"></status>
</kw>
<kw name="Click Element" library="SeleniumLibrary">
<doc>Click the element identified by ``locator``.</doc>
<arguments>
<arg>${click_outside_role}</arg>
</arguments>
<msg timestamp="20210211 20:06:10.071" level="INFO">Clicking element '//div[@class='cdk-overlay-backdrop cdk-overlay-transparent-backdrop cdk-overlay-backdrop-showing']'.</msg>
<status status="PASS" starttime="20210211 20:06:10.070" endtime="20210211 20:06:10.266"></status>
</kw>
<kw name="Sleep" library="BuiltIn">
<doc>Pauses the test executed for the given time.</doc>
<arguments>
<arg>2s</arg>
</arguments>
<msg timestamp="20210211 20:06:12.283" level="INFO">Slept 2 seconds</msg>
<status status="PASS" starttime="20210211 20:06:10.267" endtime="20210211 20:06:12.284"></status>
</kw>
<status status="PASS" starttime="20210211 20:06:08.682" endtime="20210211 20:06:12.285"></status>
</kw>
<status status="PASS" starttime="20210211 20:06:08.681" endtime="20210211 20:06:12.285"></status>
</kw>
<status status="PASS" starttime="20210211 20:06:08.677" endtime="20210211 20:06:12.287" critical="yes"></status>
</test>
<test id="s1-s3-t19" name="Click button edit user">
<kw name="Run Keyword And Continue On Failure" library="BuiltIn">
<doc>Runs the keyword and continues execution even if a failure occurs.</doc>
<arguments>
<arg>Click Edit user Button</arg>
</arguments>
<kw name="Click Edit user Button" library="userManagementPage">
<kw name="Wait Until Element Is Visible" library="SeleniumLibrary">
<doc>Waits until the element ``locator`` is visible.</doc>
<arguments>
<arg>//button[@id="edit_user_btn"]</arg>
</arguments>
<status status="PASS" starttime="20210211 20:06:12.301" endtime="20210211 20:06:12.382"></status>
</kw>
<kw name="Click Button" library="SeleniumLibrary">
<doc>Clicks the button identified by ``locator``.</doc>
<arguments>
<arg>//button[@id="edit_user_btn"]</arg>
</arguments>
<msg timestamp="20210211 20:06:12.384" level="INFO">Clicking button '//button[@id="edit_user_btn"]'.</msg>
<status status="PASS" starttime="20210211 20:06:12.383" endtime="20210211 20:06:12.713"></status>
</kw>
<kw name="Get Element Count" library="SeleniumLibrary">
<doc>Returns the number of elements matching ``locator``.</doc>
<arguments>
<arg>${notify_xpath}</arg>
</arguments>
<assign>
<var>${count_notify}</var>
</assign>
<msg timestamp="20210211 20:06:12.737" level="INFO">${count_notify} = 0</msg>
<status status="PASS" starttime="20210211 20:06:12.714" endtime="20210211 20:06:12.737"></status>
</kw>
<kw name="Run Keyword If" library="BuiltIn">
<doc>Runs the given keyword with the given arguments, if ``condition`` is true.</doc>
<arguments>
<arg>${count_notify}&gt;0</arg>
<arg>wait until element is not visible</arg>
<arg>${notify_xpath}</arg>
<arg>ELSE</arg>
<arg>Click close user add button</arg>
</arguments>
<kw name="Click close user add button" library="userManagementPage">
<kw name="Click Element" library="SeleniumLibrary">
<doc>Click the element identified by ``locator``.</doc>
<arguments>
<arg>${close_button}</arg>
</arguments>
<msg timestamp="20210211 20:06:12.740" level="INFO">Clicking element '//button[@id='close_btn']/span'.</msg>
<status status="PASS" starttime="20210211 20:06:12.739" endtime="20210211 20:06:12.951"></status>
</kw>
<status status="PASS" starttime="20210211 20:06:12.739" endtime="20210211 20:06:12.952"></status>
</kw>
<status status="PASS" starttime="20210211 20:06:12.738" endtime="20210211 20:06:12.952"></status>
</kw>
<kw name="Sleep" library="BuiltIn">
<doc>Pauses the test executed for the given time.</doc>
<arguments>
<arg>2s</arg>
</arguments>
<msg timestamp="20210211 20:06:14.963" level="INFO">Slept 2 seconds</msg>
<status status="PASS" starttime="20210211 20:06:12.952" endtime="20210211 20:06:14.963"></status>
</kw>
<status status="PASS" starttime="20210211 20:06:12.298" endtime="20210211 20:06:14.964"></status>
</kw>
<status status="PASS" starttime="20210211 20:06:12.297" endtime="20210211 20:06:14.964"></status>
</kw>
<status status="PASS" starttime="20210211 20:06:12.293" endtime="20210211 20:06:14.966" critical="yes"></status>
</test>
<test id="s1-s3-t20" name="click delete user button">
<kw name="Run Keyword And Continue On Failure" library="BuiltIn">
<doc>Runs the keyword and continues execution even if a failure occurs.</doc>
<arguments>
<arg>click delete user button</arg>
</arguments>
<kw name="click delete user button" library="userManagementPage">
<kw name="Click Button" library="SeleniumLibrary">
<doc>Clicks the button identified by ``locator``.</doc>
<arguments>
<arg>//tr[starts-with(@class,'ant-table-row ng-star-inserted')][last()]//td[8]/button[2]</arg>
</arguments>
<msg timestamp="20210211 20:06:14.976" level="INFO">Clicking button '//tr[starts-with(@class,'ant-table-row ng-star-inserted')][last()]//td[8]/button[2]'.</msg>
<status status="PASS" starttime="20210211 20:06:14.975" endtime="20210211 20:06:15.139"></status>
</kw>
<status status="PASS" starttime="20210211 20:06:14.974" endtime="20210211 20:06:15.140"></status>
</kw>
<status status="PASS" starttime="20210211 20:06:14.974" endtime="20210211 20:06:15.140"></status>
</kw>
<kw name="Run Keyword And Continue On Failure" library="BuiltIn">
<doc>Runs the keyword and continues execution even if a failure occurs.</doc>
<arguments>
<arg>Yes delete user</arg>
</arguments>
<kw name="Yes delete user" library="userManagementPage">
<kw name="Sleep" library="BuiltIn">
<doc>Pauses the test executed for the given time.</doc>
<arguments>
<arg>2s</arg>
</arguments>
<msg timestamp="20210211 20:06:17.147" level="INFO">Slept 2 seconds</msg>
<status status="PASS" starttime="20210211 20:06:15.142" endtime="20210211 20:06:17.148"></status>
</kw>
<kw name="Wait Until Element Is Visible" library="SeleniumLibrary">
<doc>Waits until the element ``locator`` is visible.</doc>
<arguments>
<arg>xpath=//html/body/div[2]/div[2]/button[1]</arg>
</arguments>
<status status="PASS" starttime="20210211 20:06:17.149" endtime="20210211 20:06:17.229"></status>
</kw>
<kw name="Click Element" library="SeleniumLibrary">
<doc>Click the element identified by ``locator``.</doc>
<arguments>
<arg>xpath=//html/body/div[2]/div[2]/button[1]</arg>
</arguments>
<msg timestamp="20210211 20:06:17.231" level="INFO">Clicking element 'xpath=//html/body/div[2]/div[2]/button[1]'.</msg>
<status status="PASS" starttime="20210211 20:06:17.230" endtime="20210211 20:06:17.441"></status>
</kw>
<kw name="Sleep" library="BuiltIn">
<doc>Pauses the test executed for the given time.</doc>
<arguments>
<arg>2s</arg>
</arguments>
<msg timestamp="20210211 20:06:19.449" level="INFO">Slept 2 seconds</msg>
<status status="PASS" starttime="20210211 20:06:17.442" endtime="20210211 20:06:19.449"></status>
</kw>
<kw name="Click Element" library="SeleniumLibrary">
<doc>Click the element identified by ``locator``.</doc>
<arguments>
<arg>xpath=//html/body/div[2]/div[2]/button[1]</arg>
</arguments>
<msg timestamp="20210211 20:06:19.450" level="INFO">Clicking element 'xpath=//html/body/div[2]/div[2]/button[1]'.</msg>
<status status="PASS" starttime="20210211 20:06:19.450" endtime="20210211 20:06:19.517"></status>
</kw>
<kw name="Sleep" library="BuiltIn">
<doc>Pauses the test executed for the given time.</doc>
<arguments>
<arg>2s</arg>
</arguments>
<msg timestamp="20210211 20:06:21.524" level="INFO">Slept 2 seconds</msg>
<status status="PASS" starttime="20210211 20:06:19.517" endtime="20210211 20:06:21.525"></status>
</kw>
<status status="PASS" starttime="20210211 20:06:15.141" endtime="20210211 20:06:21.527"></status>
</kw>
<status status="PASS" starttime="20210211 20:06:15.141" endtime="20210211 20:06:21.527"></status>
</kw>
<status status="PASS" starttime="20210211 20:06:14.970" endtime="20210211 20:06:21.530" critical="yes"></status>
</test>
<test id="s1-s3-t21" name="Click on User Management">
<kw name="Run Keyword And Continue On Failure" library="BuiltIn">
<doc>Runs the keyword and continues execution even if a failure occurs.</doc>
<arguments>
<arg>Click on User Management</arg>
</arguments>
<kw name="Click on User Management" library="userManagementPage">
<kw name="Wait Until Element Is Visible" library="SeleniumLibrary">
<doc>Waits until the element ``locator`` is visible.</doc>
<arguments>
<arg>${toggle_usermanagement_xpath}</arg>
</arguments>
<status status="PASS" starttime="20210211 20:06:21.543" endtime="20210211 20:06:21.625"></status>
</kw>
<kw name="Click Element" library="SeleniumLibrary">
<doc>Click the element identified by ``locator``.</doc>
<arguments>
<arg>${toggle_usermanagement_xpath}</arg>
</arguments>
<msg timestamp="20210211 20:06:21.627" level="INFO">Clicking element '//li[@id='user']//div'.</msg>
<status status="PASS" starttime="20210211 20:06:21.625" endtime="20210211 20:06:21.786"></status>
</kw>
<kw name="Sleep" library="BuiltIn">
<doc>Pauses the test executed for the given time.</doc>
<arguments>
<arg>3s</arg>
</arguments>
<msg timestamp="20210211 20:06:24.792" level="INFO">Slept 3 seconds</msg>
<status status="PASS" starttime="20210211 20:06:21.786" endtime="20210211 20:06:24.793"></status>
</kw>
<status status="PASS" starttime="20210211 20:06:21.542" endtime="20210211 20:06:24.795"></status>
</kw>
<status status="PASS" starttime="20210211 20:06:21.539" endtime="20210211 20:06:24.795"></status>
</kw>
<status status="PASS" starttime="20210211 20:06:21.537" endtime="20210211 20:06:24.796" critical="yes"></status>
</test>
<doc>this suite verifies User Management page.</doc>
<status status="PASS" starttime="20210211 20:05:33.597" endtime="20210211 20:06:24.806"></status>
</suite>
<suite id="s1-s4" name="T1 verify budget guidelines" source="E:\QAautomation\Budget-Automation\budget_admin\test_suites\T1_verify_budget_guidelines.robot">
<test id="s1-s4-t1" name="Click guidelines">
<kw name="Run Keyword And Continue On Failure" library="BuiltIn">
<doc>Runs the keyword and continues execution even if a failure occurs.</doc>
<arguments>
<arg>Click guidelines</arg>
</arguments>
<kw name="Click guidelines" library="guidelines">
<kw name="Click Element" library="SeleniumLibrary">
<doc>Click the element identified by ``locator``.</doc>
<arguments>
<arg>//a[@id="budget_guideline"]</arg>
</arguments>
<msg timestamp="20210211 20:06:24.872" level="INFO">Clicking element '//a[@id="budget_guideline"]'.</msg>
<status status="PASS" starttime="20210211 20:06:24.872" endtime="20210211 20:06:25.122"></status>
</kw>
<kw name="Sleep" library="BuiltIn">
<doc>Pauses the test executed for the given time.</doc>
<arguments>
<arg>1s</arg>
</arguments>
<msg timestamp="20210211 20:06:26.124" level="INFO">Slept 1 second</msg>
<status status="PASS" starttime="20210211 20:06:25.123" endtime="20210211 20:06:26.125"></status>
</kw>
<kw name="Wait Until Element Is Visible" library="SeleniumLibrary">
<doc>Waits until the element ``locator`` is visible.</doc>
<arguments>
<arg>//mat-card[@class="card card-raised mat-elevation-z9 mat-card"]</arg>
</arguments>
<status status="PASS" starttime="20210211 20:06:26.125" endtime="20210211 20:06:26.221"></status>
</kw>
<status status="PASS" starttime="20210211 20:06:24.870" endtime="20210211 20:06:26.221"></status>
</kw>
<status status="PASS" starttime="20210211 20:06:24.870" endtime="20210211 20:06:26.222"></status>
</kw>
<status status="PASS" starttime="20210211 20:06:24.869" endtime="20210211 20:06:26.223" critical="yes"></status>
</test>
<test id="s1-s4-t2" name="Add guideline">
<kw name="Run Keyword And Continue On Failure" library="BuiltIn">
<doc>Runs the keyword and continues execution even if a failure occurs.</doc>
<arguments>
<arg>Add guideline</arg>
</arguments>
<kw name="Add guideline" library="guidelines">
<kw name="Click Button" library="SeleniumLibrary">
<doc>Clicks the button identified by ``locator``.</doc>
<arguments>
<arg>css=app-root.ng-star-inserted:nth-child(2) nz-layout.app-layout.ant-layout.ant-layout-has-sider nz-layout.ant-layout nz-content.ant-layout-content div.inner-content app-guideline.ng-star-inserted:nth-child(2) div:nth-child(1) mat-card.card.card-raised.mat-elevation-z9.mat-card mat-card-content.row.mat-card-content div:nth-child(1) &gt; button.mat-raised-button.mat-button-base.mat-accent:nth-child(4)</arg>
</arguments>
<msg timestamp="20210211 20:06:26.238" level="INFO">Clicking button 'css=app-root.ng-star-inserted:nth-child(2) nz-layout.app-layout.ant-layout.ant-layout-has-sider nz-layout.ant-layout nz-content.ant-layout-content div.inner-content app-guideline.ng-star-inserted:nth-child(2) div:nth-child(1) mat-card.card.card-raised.mat-elevation-z9.mat-card mat-card-content.row.mat-card-content div:nth-child(1) &gt; button.mat-raised-button.mat-button-base.mat-accent:nth-child(4)'.</msg>
<kw name="Capture Page Screenshot" library="SeleniumLibrary">
<doc>Takes a screenshot of the current page and embeds it into a log file.</doc>
<msg timestamp="20210211 20:06:26.871" level="INFO" html="yes">&lt;/td&gt;&lt;/tr&gt;&lt;tr&gt;&lt;td colspan="3"&gt;&lt;a href="selenium-screenshot-2.png"&gt;&lt;img src="selenium-screenshot-2.png" width="800px"&gt;&lt;/a&gt;</msg>
<status status="PASS" starttime="20210211 20:06:26.301" endtime="20210211 20:06:26.871"></status>
</kw>
<msg timestamp="20210211 20:06:26.873" level="FAIL">Button with locator 'css=app-root.ng-star-inserted:nth-child(2) nz-layout.app-layout.ant-layout.ant-layout-has-sider nz-layout.ant-layout nz-content.ant-layout-content div.inner-content app-guideline.ng-star-inserted:nth-child(2) div:nth-child(1) mat-card.card.card-raised.mat-elevation-z9.mat-card mat-card-content.row.mat-card-content div:nth-child(1) &gt; button.mat-raised-button.mat-button-base.mat-accent:nth-child(4)' not found.</msg>
<status status="FAIL" starttime="20210211 20:06:26.236" endtime="20210211 20:06:26.874"></status>
</kw>
<status status="FAIL" starttime="20210211 20:06:26.234" endtime="20210211 20:06:26.874"></status>
</kw>
<status status="FAIL" starttime="20210211 20:06:26.232" endtime="20210211 20:06:26.874"></status>
</kw>
<status status="FAIL" starttime="20210211 20:06:26.229" endtime="20210211 20:06:26.875" critical="yes">Button with locator 'css=app-root.ng-star-inserted:nth-child(2) nz-layout.app-layout.ant-layout.ant-layout-has-sider nz-layout.ant-layout nz-content.ant-layout-content div.inner-content app-guideline.ng-star-inserted:nth-child(2) div:nth-child(1) mat-card.card.card-raised.mat-elevation-z9.mat-card mat-card-content.row.mat-card-content div:nth-child(1) &gt; button.mat-raised-button.mat-button-base.mat-accent:nth-child(4)' not found.</status>
</test>
<test id="s1-s4-t3" name="Input name and value">
<kw name="Run Keyword And Continue On Failure" library="BuiltIn">
<doc>Runs the keyword and continues execution even if a failure occurs.</doc>
<arguments>
<arg>Input name and value</arg>
</arguments>
<kw name="Input name and value" library="guidelines">
<kw name="Input Text" library="SeleniumLibrary">
<doc>Types the given ``text`` into the text field identified by ``locator``.</doc>
<arguments>
<arg>//mat-dialog-container/app-guideline-parent/form/mat-card/div/mat-form-field/div/div[1]/div/label/input</arg>
<arg>test12</arg>
</arguments>
<msg timestamp="20210211 20:06:26.881" level="INFO">Typing text 'test12' into text field '//mat-dialog-container/app-guideline-parent/form/mat-card/div/mat-form-field/div/div[1]/div/label/input'.</msg>
<kw name="Capture Page Screenshot" library="SeleniumLibrary">
<doc>Takes a screenshot of the current page and embeds it into a log file.</doc>
<msg timestamp="20210211 20:06:27.640" level="INFO" html="yes">&lt;/td&gt;&lt;/tr&gt;&lt;tr&gt;&lt;td colspan="3"&gt;&lt;a href="selenium-screenshot-3.png"&gt;&lt;img src="selenium-screenshot-3.png" width="800px"&gt;&lt;/a&gt;</msg>
<status status="PASS" starttime="20210211 20:06:27.116" endtime="20210211 20:06:27.640"></status>
</kw>
<msg timestamp="20210211 20:06:27.642" level="FAIL">Element with locator '//mat-dialog-container/app-guideline-parent/form/mat-card/div/mat-form-field/div/div[1]/div/label/input' not found.</msg>
<status status="FAIL" starttime="20210211 20:06:26.881" endtime="20210211 20:06:27.642"></status>
</kw>
<status status="FAIL" starttime="20210211 20:06:26.880" endtime="20210211 20:06:27.643"></status>
</kw>
<status status="FAIL" starttime="20210211 20:06:26.880" endtime="20210211 20:06:27.643"></status>
</kw>
<status status="FAIL" starttime="20210211 20:06:26.878" endtime="20210211 20:06:27.644" critical="yes">Element with locator '//mat-dialog-container/app-guideline-parent/form/mat-card/div/mat-form-field/div/div[1]/div/label/input' not found.</status>
</test>
<test id="s1-s4-t4" name="click add items in guidelines">
<kw name="Run Keyword And Continue On Failure" library="BuiltIn">
<doc>Runs the keyword and continues execution even if a failure occurs.</doc>
<arguments>
<arg>click add items in guidelines</arg>
</arguments>
<kw name="click add items in guidelines" library="guidelines">
<kw name="Click Button" library="SeleniumLibrary">
<doc>Clicks the button identified by ``locator``.</doc>
<arguments>
<arg>//mat-dialog-container/app-guideline-parent/form/mat-card/mat-card-content/button</arg>
</arguments>
<msg timestamp="20210211 20:06:27.648" level="INFO">Clicking button '//mat-dialog-container/app-guideline-parent/form/mat-card/mat-card-content/button'.</msg>
<kw name="Capture Page Screenshot" library="SeleniumLibrary">
<doc>Takes a screenshot of the current page and embeds it into a log file.</doc>
<msg timestamp="20210211 20:06:28.119" level="INFO" html="yes">&lt;/td&gt;&lt;/tr&gt;&lt;tr&gt;&lt;td colspan="3"&gt;&lt;a href="selenium-screenshot-4.png"&gt;&lt;img src="selenium-screenshot-4.png" width="800px"&gt;&lt;/a&gt;</msg>
<status status="PASS" starttime="20210211 20:06:27.669" endtime="20210211 20:06:28.119"></status>
</kw>
<msg timestamp="20210211 20:06:28.120" level="FAIL">Button with locator '//mat-dialog-container/app-guideline-parent/form/mat-card/mat-card-content/button' not found.</msg>
<status status="FAIL" starttime="20210211 20:06:27.648" endtime="20210211 20:06:28.121"></status>
</kw>
<status status="FAIL" starttime="20210211 20:06:27.647" endtime="20210211 20:06:28.121"></status>
</kw>
<status status="FAIL" starttime="20210211 20:06:27.647" endtime="20210211 20:06:28.121"></status>
</kw>
<status status="FAIL" starttime="20210211 20:06:27.646" endtime="20210211 20:06:28.122" critical="yes">Button with locator '//mat-dialog-container/app-guideline-parent/form/mat-card/mat-card-content/button' not found.</status>
</test>
<test id="s1-s4-t5" name="click close guidelines button">
<kw name="Run Keyword And Continue On Failure" library="BuiltIn">
<doc>Runs the keyword and continues execution even if a failure occurs.</doc>
<arguments>
<arg>click close guidelines button</arg>
</arguments>
<kw name="click close guidelines button" library="guidelines">
<kw name="Sleep" library="BuiltIn">
<doc>Pauses the test executed for the given time.</doc>
<arguments>
<arg>2s</arg>
</arguments>
<msg timestamp="20210211 20:06:30.136" level="INFO">Slept 2 seconds</msg>
<status status="PASS" starttime="20210211 20:06:28.128" endtime="20210211 20:06:30.137"></status>
</kw>
<kw name="Click Button" library="SeleniumLibrary">
<doc>Clicks the button identified by ``locator``.</doc>
<arguments>
<arg>//mat-dialog-container/app-guideline-parent/form/mat-card/div/button[2]</arg>
</arguments>
<msg timestamp="20210211 20:06:30.139" level="INFO">Clicking button '//mat-dialog-container/app-guideline-parent/form/mat-card/div/button[2]'.</msg>
<kw name="Capture Page Screenshot" library="SeleniumLibrary">
<doc>Takes a screenshot of the current page and embeds it into a log file.</doc>
<msg timestamp="20210211 20:06:30.692" level="INFO" html="yes">&lt;/td&gt;&lt;/tr&gt;&lt;tr&gt;&lt;td colspan="3"&gt;&lt;a href="selenium-screenshot-5.png"&gt;&lt;img src="selenium-screenshot-5.png" width="800px"&gt;&lt;/a&gt;</msg>
<status status="PASS" starttime="20210211 20:06:30.196" endtime="20210211 20:06:30.693"></status>
</kw>
<msg timestamp="20210211 20:06:30.695" level="FAIL">Button with locator '//mat-dialog-container/app-guideline-parent/form/mat-card/div/button[2]' not found.</msg>
<status status="FAIL" starttime="20210211 20:06:30.137" endtime="20210211 20:06:30.695"></status>
</kw>
<status status="FAIL" starttime="20210211 20:06:28.127" endtime="20210211 20:06:30.696"></status>
</kw>
<status status="FAIL" starttime="20210211 20:06:28.127" endtime="20210211 20:06:30.696"></status>
</kw>
<status status="FAIL" starttime="20210211 20:06:28.126" endtime="20210211 20:06:30.697" critical="yes">Button with locator '//mat-dialog-container/app-guideline-parent/form/mat-card/div/button[2]' not found.</status>
</test>
<doc>this suite verifies Guidelines page.</doc>
<status status="FAIL" starttime="20210211 20:06:24.849" endtime="20210211 20:06:30.704"></status>
</suite>
<suite id="s1-s5" name="T1 verify capex prebudget" source="E:\QAautomation\Budget-Automation\budget_admin\test_suites\T1_verify_capex_prebudget.robot">
<test id="s1-s5-t1" name="Verify Capex Prebudget">
<kw name="Run Keyword And Continue On Failure" library="BuiltIn">
<doc>Runs the keyword and continues execution even if a failure occurs.</doc>
<arguments>
<arg>Click on Prebudget menu</arg>
</arguments>
<kw name="Click on Prebudget menu" library="navigateSidebar">
<kw name="Wait Until Element Is Visible" library="SeleniumLibrary">
<doc>Waits until the element ``locator`` is visible.</doc>
<arguments>
<arg>xpath=//li[@id="${menu_prebudget_xpath}"]//span</arg>
</arguments>
<status status="PASS" starttime="20210211 20:06:30.813" endtime="20210211 20:06:30.857"></status>
</kw>
<kw name="Click Element" library="SeleniumLibrary">
<doc>Click the element identified by ``locator``.</doc>
<arguments>
<arg>xpath=//li[@id="${menu_prebudget_xpath}"]//span</arg>
</arguments>
<msg timestamp="20210211 20:06:30.858" level="INFO">Clicking element 'xpath=//li[@id="prebudget"]//span'.</msg>
<status status="PASS" starttime="20210211 20:06:30.857" endtime="20210211 20:06:30.971"></status>
</kw>
<kw name="Sleep" library="BuiltIn">
<doc>Pauses the test executed for the given time.</doc>
<arguments>
<arg>2s</arg>
</arguments>
<msg timestamp="20210211 20:06:32.976" level="INFO">Slept 2 seconds</msg>
<status status="PASS" starttime="20210211 20:06:30.971" endtime="20210211 20:06:32.977"></status>
</kw>
<status status="PASS" starttime="20210211 20:06:30.812" endtime="20210211 20:06:32.978"></status>
</kw>
<status status="PASS" starttime="20210211 20:06:30.811" endtime="20210211 20:06:32.979"></status>
</kw>
<kw name="Run Keyword And Continue On Failure" library="BuiltIn">
<doc>Runs the keyword and continues execution even if a failure occurs.</doc>
<arguments>
<arg>Click Capex Prebudget Sidebar</arg>
</arguments>
<kw name="Click Capex Prebudget Sidebar" library="capexPrebudget">
<kw name="Wait Until Element Is Visible" library="SeleniumLibrary">
<doc>Waits until the element ``locator`` is visible.</doc>
<arguments>
<arg>xpath=//a[@id='${menu_name_xpath}_3']</arg>
<arg>timeout=5s</arg>
</arguments>
<status status="PASS" starttime="20210211 20:06:32.983" endtime="20210211 20:06:33.059"></status>
</kw>
<kw name="Click Element" library="SeleniumLibrary">
<doc>Click the element identified by ``locator``.</doc>
<arguments>
<arg>xpath=//a[@id='${menu_name_xpath}_3']</arg>
</arguments>
<msg timestamp="20210211 20:06:33.060" level="INFO">Clicking element 'xpath=//a[@id='prebudget_3']'.</msg>
<status status="PASS" starttime="20210211 20:06:33.059" endtime="20210211 20:06:33.486"></status>
</kw>
<kw name="Sleep" library="BuiltIn">
<doc>Pauses the test executed for the given time.</doc>
<arguments>
<arg>2s</arg>
</arguments>
<msg timestamp="20210211 20:06:35.496" level="INFO">Slept 2 seconds</msg>
<status status="PASS" starttime="20210211 20:06:33.487" endtime="20210211 20:06:35.496"></status>
</kw>
<status status="PASS" starttime="20210211 20:06:32.982" endtime="20210211 20:06:35.497"></status>
</kw>
<status status="PASS" starttime="20210211 20:06:32.981" endtime="20210211 20:06:35.497"></status>
</kw>
<status status="PASS" starttime="20210211 20:06:30.809" endtime="20210211 20:06:35.498" critical="yes"></status>
</test>
<test id="s1-s5-t2" name="Test api">
<kw name="Compare capex Land month1" library="commonApiKeywords">
<kw name="Compare capex Land data" library="commonApiKeywords">
<assign>
<var>${capex}</var>
</assign>
<kw name="Create Session" library="RequestsLibrary">
<doc>Create Session: create a HTTP session to a server</doc>
<arguments>
<arg>sessionstest</arg>
<arg>${base_url}</arg>
<arg>verify=FALSE</arg>
</arguments>
<msg timestamp="20210211 20:06:35.504" level="INFO">Creating Session using : alias=sessionstest, url=https://10.13.189.56:8443/budget, headers={},                     cookies={}, auth=None, timeout=None, proxies=None, verify=False,                     debug=0 </msg>
<status status="PASS" starttime="20210211 20:06:35.503" endtime="20210211 20:06:35.504"></status>
</kw>
<kw name="Create Dictionary" library="BuiltIn">
<doc>Creates and returns a dictionary based on the given ``items``.</doc>
<arguments>
<arg>Cookie=JSESSIONID=3388648A676CDB26EFAE26707056EA55</arg>
</arguments>
<assign>
<var>&amp;{headers}</var>
</assign>
<msg timestamp="20210211 20:06:35.507" level="INFO">&amp;{headers} = { Cookie=JSESSIONID=3388648A676CDB26EFAE26707056EA55 }</msg>
<status status="PASS" starttime="20210211 20:06:35.504" endtime="20210211 20:06:35.507"></status>
</kw>
<kw name="Get Request" library="RequestsLibrary">
<doc>Send a GET request on the session object found using the
given `alias`</doc>
<arguments>
<arg>sessionstest</arg>
<arg>/api/budgets/budgetbyBranch/999/1</arg>
<arg>data=None</arg>
<arg>headers=${headers}</arg>
</arguments>
<assign>
[...]
<status status="PASS" starttime="20210211 20:10:10.534" endtime="20210211 20:10:11.551"></status>
</kw>
<status status="PASS" starttime="20210211 20:10:09.159" endtime="20210211 20:10:11.552"></status>
</kw>
<status status="PASS" starttime="20210211 20:10:09.158" endtime="20210211 20:10:11.553"></status>
</kw>
<status status="PASS" starttime="20210211 20:10:09.155" endtime="20210211 20:10:11.555" critical="yes"></status>
</test>
<test id="s1-s14-t3" name="Click Dropdown Reports and download">
<kw name="Run Keyword And Continue On Failure" library="BuiltIn">
<doc>Runs the keyword and continues execution even if a failure occurs.</doc>
<arguments>
<arg>Click Dropdown Reports</arg>
</arguments>
<kw name="Click Dropdown Reports" library="templateButtonPage">
<kw name="Wait Until Element Is Visible" library="SeleniumLibrary">
<doc>Waits until the element ``locator`` is visible.</doc>
<arguments>
<arg>//app-budget-treetable-generic-report-consolidation/div[1]/span[2]/app-button-on-template/span/nz-dropdown/span/i</arg>
</arguments>
<status status="PASS" starttime="20210211 20:10:11.567" endtime="20210211 20:10:11.655"></status>
</kw>
<kw name="Click Element" library="SeleniumLibrary">
<doc>Click the element identified by ``locator``.</doc>
<arguments>
<arg>//app-budget-treetable-generic-report-consolidation/div[1]/span[2]/app-button-on-template/span/nz-dropdown/span/i</arg>
</arguments>
<msg timestamp="20210211 20:10:11.656" level="INFO">Clicking element '//app-budget-treetable-generic-report-consolidation/div[1]/span[2]/app-button-on-template/span/nz-dropdown/span/i'.</msg>
<status status="PASS" starttime="20210211 20:10:11.656" endtime="20210211 20:10:11.876"></status>
</kw>
<kw name="Sleep" library="BuiltIn">
<doc>Pauses the test executed for the given time.</doc>
<arguments>
<arg>3s</arg>
</arguments>
<msg timestamp="20210211 20:10:14.892" level="INFO">Slept 3 seconds</msg>
<status status="PASS" starttime="20210211 20:10:11.877" endtime="20210211 20:10:14.893"></status>
</kw>
<status status="PASS" starttime="20210211 20:10:11.566" endtime="20210211 20:10:14.895"></status>
</kw>
<status status="PASS" starttime="20210211 20:10:11.564" endtime="20210211 20:10:14.895"></status>
</kw>
<kw name="Run Keyword And Continue On Failure" library="BuiltIn">
<doc>Runs the keyword and continues execution even if a failure occurs.</doc>
<arguments>
<arg>Click download Reports</arg>
</arguments>
<kw name="Click download Reports" library="templateButtonPage">
<kw name="Wait Until Element Is Visible" library="SeleniumLibrary">
<doc>Waits until the element ``locator`` is visible.</doc>
<arguments>
<arg>//li[@id='report_download_btn']</arg>
</arguments>
<status status="PASS" starttime="20210211 20:10:14.902" endtime="20210211 20:10:14.961"></status>
</kw>
<kw name="Click Element" library="SeleniumLibrary">
<doc>Click the element identified by ``locator``.</doc>
<arguments>
<arg>//li[@id='report_download_btn']</arg>
</arguments>
<msg timestamp="20210211 20:10:14.962" level="INFO">Clicking element '//li[@id='report_download_btn']'.</msg>
<status status="PASS" starttime="20210211 20:10:14.961" endtime="20210211 20:10:15.112"></status>
</kw>
<kw name="Sleep" library="BuiltIn">
<doc>Pauses the test executed for the given time.</doc>
<arguments>
<arg>1s</arg>
</arguments>
<msg timestamp="20210211 20:10:16.127" level="INFO">Slept 1 second</msg>
<status status="PASS" starttime="20210211 20:10:15.113" endtime="20210211 20:10:16.129"></status>
</kw>
<status status="PASS" starttime="20210211 20:10:14.899" endtime="20210211 20:10:16.130"></status>
</kw>
<status status="PASS" starttime="20210211 20:10:14.897" endtime="20210211 20:10:16.130"></status>
</kw>
<status status="PASS" starttime="20210211 20:10:11.561" endtime="20210211 20:10:16.132" critical="yes"></status>
</test>
<test id="s1-s14-t4" name="Click Refresh Report">
<kw name="Run Keyword And Continue On Failure" library="BuiltIn">
<doc>Runs the keyword and continues execution even if a failure occurs.</doc>
<arguments>
<arg>Refresh Reports</arg>
</arguments>
<kw name="Refresh Reports" library="templateButtonPage">
<kw name="Click Element" library="SeleniumLibrary">
<doc>Click the element identified by ``locator``.</doc>
<arguments>
<arg>xpath=//i[@id='report_refresh_btn']</arg>
</arguments>
<msg timestamp="20210211 20:10:16.147" level="INFO">Clicking element 'xpath=//i[@id='report_refresh_btn']'.</msg>
<status status="PASS" starttime="20210211 20:10:16.146" endtime="20210211 20:10:16.320"></status>
</kw>
<kw name="Sleep" library="BuiltIn">
<doc>Pauses the test executed for the given time.</doc>
<arguments>
<arg>1s</arg>
</arguments>
<msg timestamp="20210211 20:10:17.329" level="INFO">Slept 1 second</msg>
<status status="PASS" starttime="20210211 20:10:16.321" endtime="20210211 20:10:17.329"></status>
</kw>
<status status="PASS" starttime="20210211 20:10:16.145" endtime="20210211 20:10:17.329"></status>
</kw>
<status status="PASS" starttime="20210211 20:10:16.143" endtime="20210211 20:10:17.329"></status>
</kw>
<status status="PASS" starttime="20210211 20:10:16.140" endtime="20210211 20:10:17.330" critical="yes"></status>
</test>
<test id="s1-s14-t5" name="Close Reports">
<kw name="Run Keyword And Continue On Failure" library="BuiltIn">
<doc>Runs the keyword and continues execution even if a failure occurs.</doc>
<arguments>
<arg>toggle Reports</arg>
</arguments>
<kw name="toggle Reports" library="templateButtonPage">
<kw name="Click Element" library="SeleniumLibrary">
<doc>Click the element identified by ``locator``.</doc>
<arguments>
<arg>xpath=//li[@id='${Reports}']//div</arg>
</arguments>
<msg timestamp="20210211 20:10:17.336" level="INFO">Clicking element 'xpath=//li[@id='reports']//div'.</msg>
<status status="PASS" starttime="20210211 20:10:17.335" endtime="20210211 20:10:17.520"></status>
</kw>
<kw name="Sleep" library="BuiltIn">
<doc>Pauses the test executed for the given time.</doc>
<arguments>
<arg>3s</arg>
</arguments>
<msg timestamp="20210211 20:10:20.523" level="INFO">Slept 3 seconds</msg>
<status status="PASS" starttime="20210211 20:10:17.520" endtime="20210211 20:10:20.524"></status>
</kw>
<status status="PASS" starttime="20210211 20:10:17.334" endtime="20210211 20:10:20.524"></status>
</kw>
<status status="PASS" starttime="20210211 20:10:17.333" endtime="20210211 20:10:20.525"></status>
</kw>
<status status="PASS" starttime="20210211 20:10:17.332" endtime="20210211 20:10:20.526" critical="yes"></status>
</test>
<test id="s1-s14-t6" name="click logout">
<kw name="Run Keyword And Continue On Failure" library="BuiltIn">
<doc>Runs the keyword and continues execution even if a failure occurs.</doc>
<arguments>
<arg>Click Logout</arg>
</arguments>
<kw name="Click Logout" library="loginPage">
<kw name="Click Element" library="SeleniumLibrary">
<doc>Click the element identified by ``locator``.</doc>
<arguments>
<arg>xpath=//nz-header/div[1]/span[2]/span[2]/nz-dropdown[1]</arg>
</arguments>
<msg timestamp="20210211 20:10:20.535" level="INFO">Clicking element 'xpath=//nz-header/div[1]/span[2]/span[2]/nz-dropdown[1]'.</msg>
<status status="PASS" starttime="20210211 20:10:20.533" endtime="20210211 20:10:20.777"></status>
</kw>
<kw name="Sleep" library="BuiltIn">
<doc>Pauses the test executed for the given time.</doc>
<arguments>
<arg>1s</arg>
</arguments>
<msg timestamp="20210211 20:10:21.786" level="INFO">Slept 1 second</msg>
<status status="PASS" starttime="20210211 20:10:20.778" endtime="20210211 20:10:21.787"></status>
</kw>
<kw name="Click Element" library="SeleniumLibrary">
<doc>Click the element identified by ``locator``.</doc>
<arguments>
<arg>xpath=//li[normalize-space()='Log out']</arg>
</arguments>
<msg timestamp="20210211 20:10:21.788" level="INFO">Clicking element 'xpath=//li[normalize-space()='Log out']'.</msg>
<status status="PASS" starttime="20210211 20:10:21.788" endtime="20210211 20:10:48.966"></status>
</kw>
<status status="PASS" starttime="20210211 20:10:20.531" endtime="20210211 20:10:48.968"></status>
</kw>
<status status="PASS" starttime="20210211 20:10:20.530" endtime="20210211 20:10:48.968"></status>
</kw>
<status status="PASS" starttime="20210211 20:10:20.529" endtime="20210211 20:10:48.970" critical="yes"></status>
</test>
<doc>This suite verifies Template page</doc>
<status status="PASS" starttime="20210211 20:10:05.935" endtime="20210211 20:10:48.976"></status>
</suite>
<suite id="s1-s15" name="Test" source="E:\QAautomation\Budget-Automation\budget_admin\test_suites\test.robot">
<test id="s1-s15-t1" name="db test">
<kw name="Connection to Db">
<kw name="Connect To Database" library="DatabaseLibrary">
<doc>Loads the DB API 2.0 module given `dbapiModuleName` then uses it to
connect to the database using `dbName`, `dbUsername`, and `dbPassword`.</doc>
<arguments>
<arg>pymysql</arg>
<arg>${DBName}</arg>
<arg>${DBUser}</arg>
<arg>${DBpass}</arg>
<arg>${DBHost}</arg>
<arg>${DBPort}</arg>
</arguments>
<msg timestamp="20210211 20:10:49.105" level="INFO">Connecting using : pymysql.connect(db=budgetdb, user=application, passwd=Application@123, host=10.13.189.56, port=3306, charset=None) </msg>
<status status="PASS" starttime="20210211 20:10:49.043" endtime="20210211 20:10:49.415"></status>
</kw>
<status status="PASS" starttime="20210211 20:10:49.042" endtime="20210211 20:10:49.417"></status>
</kw>
<kw name="Execute Sql Script" library="DatabaseLibrary">
<doc>Executes the content of the `sqlScriptFileName` as SQL commands. Useful for setting the database to a known
state before running your tests, or clearing out your test data after running each a test. Set optional input
`sansTran` to True to run command without an explicit transaction commit or rollback.</doc>
<arguments>
<arg>${EXECDIR}/databases/cpx.sql</arg>
</arguments>
<msg timestamp="20210211 20:10:49.422" level="INFO">Executing : Execute SQL Script  |  E:\QAautomation\Budget-Automation\budget_admin/databases/cpx.sql </msg>
<status status="PASS" starttime="20210211 20:10:49.420" endtime="20210211 20:10:50.820"></status>
</kw>
<status status="PASS" starttime="20210211 20:10:49.040" endtime="20210211 20:10:50.822" critical="yes"></status>
</test>
<status status="PASS" starttime="20210211 20:10:49.000" endtime="20210211 20:10:50.830"></status>
</suite>
<status status="FAIL" starttime="20210211 20:05:12.739" endtime="20210211 20:10:50.873"></status>
</suite>
<statistics>
<total>
<stat pass="64" fail="9">Critical Tests</stat>
<stat pass="64" fail="9">All Tests</stat>
</total>
<tag>
</tag>
<suite>
<stat pass="64" fail="9" id="s1" name="T0 verify admin &amp; T0 verify test adhoc assign &amp; T1 user management &amp; T1 verify budget guidelines &amp; T1 verify capex prebudget &amp; T2 verify hr prebudget &amp; T3 verify activity prebudget &amp; T4 verify bs prebudget &amp; T5 verify profitloss prebudget &amp; T6 simulation after prebudget &amp; T7 quarterlyReport consolidation &amp; T8 specialReport consolidation &amp; T9 template Consolidation &amp; T9 verify report consolidation &amp; Test">T0 verify admin &amp; T0 verify test adhoc assign &amp; T1 user management &amp; T1 verify budget guidelines &amp; T1 verify capex prebudget &amp; T2 verify hr prebudget &amp; T3 verify activity prebudget &amp; T4 verify bs prebudget &amp; T5 verify profitloss prebudget &amp; T6 simulation after prebudget &amp; T7 quarterlyReport consolidation &amp; T8 specialReport consolidation &amp; T9 template Consolidation &amp; T9 verify report consolidation &amp; Test</stat>
<stat pass="1" fail="0" id="s1-s1" name="T0 verify admin">T0 verify admin &amp; T0 verify test adhoc assign &amp; T1 user management &amp; T1 verify budget guidelines &amp; T1 verify capex prebudget &amp; T2 verify hr prebudget &amp; T3 verify activity prebudget &amp; T4 verify bs prebudget &amp; T5 verify profitloss prebudget &amp; T6 simulation after prebudget &amp; T7 quarterlyReport consolidation &amp; T8 specialReport consolidation &amp; T9 template Consolidation &amp; T9 verify report consolidation &amp; Test.T0 verify admin</stat>
<stat pass="2" fail="0" id="s1-s2" name="T0 verify test adhoc assign">T0 verify admin &amp; T0 verify test adhoc assign &amp; T1 user management &amp; T1 verify budget guidelines &amp; T1 verify capex prebudget &amp; T2 verify hr prebudget &amp; T3 verify activity prebudget &amp; T4 verify bs prebudget &amp; T5 verify profitloss prebudget &amp; T6 simulation after prebudget &amp; T7 quarterlyReport consolidation &amp; T8 specialReport consolidation &amp; T9 template Consolidation &amp; T9 verify report consolidation &amp; Test.T0 verify test adhoc assign</stat>
<stat pass="21" fail="0" id="s1-s3" name="T1 user management">T0 verify admin &amp; T0 verify test adhoc assign &amp; T1 user management &amp; T1 verify budget guidelines &amp; T1 verify capex prebudget &amp; T2 verify hr prebudget &amp; T3 verify activity prebudget &amp; T4 verify bs prebudget &amp; T5 verify profitloss prebudget &amp; T6 simulation after prebudget &amp; T7 quarterlyReport consolidation &amp; T8 specialReport consolidation &amp; T9 template Consolidation &amp; T9 verify report consolidation &amp; Test.T1 user management</stat>
<stat pass="1" fail="4" id="s1-s4" name="T1 verify budget guidelines">T0 verify admin &amp; T0 verify test adhoc assign &amp; T1 user management &amp; T1 verify budget guidelines &amp; T1 verify capex prebudget &amp; T2 verify hr prebudget &amp; T3 verify activity prebudget &amp; T4 verify bs prebudget &amp; T5 verify profitloss prebudget &amp; T6 simulation after prebudget &amp; T7 quarterlyReport consolidation &amp; T8 specialReport consolidation &amp; T9 template Consolidation &amp; T9 verify report consolidation &amp; Test.T1 verify budget guidelines</stat>
<stat pass="15" fail="2" id="s1-s5" name="T1 verify capex prebudget">T0 verify admin &amp; T0 verify test adhoc assign &amp; T1 user management &amp; T1 verify budget guidelines &amp; T1 verify capex prebudget &amp; T2 verify hr prebudget &amp; T3 verify activity prebudget &amp; T4 verify bs prebudget &amp; T5 verify profitloss prebudget &amp; T6 simulation after prebudget &amp; T7 quarterlyReport consolidation &amp; T8 specialReport consolidation &amp; T9 template Consolidation &amp; T9 verify report consolidation &amp; Test.T1 verify capex prebudget</stat>
<stat pass="1" fail="0" id="s1-s6" name="T2 verify hr prebudget">T0 verify admin &amp; T0 verify test adhoc assign &amp; T1 user management &amp; T1 verify budget guidelines &amp; T1 verify capex prebudget &amp; T2 verify hr prebudget &amp; T3 verify activity prebudget &amp; T4 verify bs prebudget &amp; T5 verify profitloss prebudget &amp; T6 simulation after prebudget &amp; T7 quarterlyReport consolidation &amp; T8 specialReport consolidation &amp; T9 template Consolidation &amp; T9 verify report consolidation &amp; Test.T2 verify hr prebudget</stat>
<stat pass="1" fail="0" id="s1-s7" name="T3 verify activity prebudget">T0 verify admin &amp; T0 verify test adhoc assign &amp; T1 user management &amp; T1 verify budget guidelines &amp; T1 verify capex prebudget &amp; T2 verify hr prebudget &amp; T3 verify activity prebudget &amp; T4 verify bs prebudget &amp; T5 verify profitloss prebudget &amp; T6 simulation after prebudget &amp; T7 quarterlyReport consolidation &amp; T8 specialReport consolidation &amp; T9 template Consolidation &amp; T9 verify report consolidation &amp; Test.T3 verify activity prebudget</stat>
<stat pass="1" fail="0" id="s1-s8" name="T4 verify bs prebudget">T0 verify admin &amp; T0 verify test adhoc assign &amp; T1 user management &amp; T1 verify budget guidelines &amp; T1 verify capex prebudget &amp; T2 verify hr prebudget &amp; T3 verify activity prebudget &amp; T4 verify bs prebudget &amp; T5 verify profitloss prebudget &amp; T6 simulation after prebudget &amp; T7 quarterlyReport consolidation &amp; T8 specialReport consolidation &amp; T9 template Consolidation &amp; T9 verify report consolidation &amp; Test.T4 verify bs prebudget</stat>
<stat pass="1" fail="0" id="s1-s9" name="T5 verify profitloss prebudget">T0 verify admin &amp; T0 verify test adhoc assign &amp; T1 user management &amp; T1 verify budget guidelines &amp; T1 verify capex prebudget &amp; T2 verify hr prebudget &amp; T3 verify activity prebudget &amp; T4 verify bs prebudget &amp; T5 verify profitloss prebudget &amp; T6 simulation after prebudget &amp; T7 quarterlyReport consolidation &amp; T8 specialReport consolidation &amp; T9 template Consolidation &amp; T9 verify report consolidation &amp; Test.T5 verify profitloss prebudget</stat>
<stat pass="5" fail="3" id="s1-s10" name="T6 simulation after prebudget">T0 verify admin &amp; T0 verify test adhoc assign &amp; T1 user management &amp; T1 verify budget guidelines &amp; T1 verify capex prebudget &amp; T2 verify hr prebudget &amp; T3 verify activity prebudget &amp; T4 verify bs prebudget &amp; T5 verify profitloss prebudget &amp; T6 simulation after prebudget &amp; T7 quarterlyReport consolidation &amp; T8 specialReport consolidation &amp; T9 template Consolidation &amp; T9 verify report consolidation &amp; Test.T6 simulation after prebudget</stat>
<stat pass="2" fail="0" id="s1-s11" name="T7 quarterlyReport consolidation">T0 verify admin &amp; T0 verify test adhoc assign &amp; T1 user management &amp; T1 verify budget guidelines &amp; T1 verify capex prebudget &amp; T2 verify hr prebudget &amp; T3 verify activity prebudget &amp; T4 verify bs prebudget &amp; T5 verify profitloss prebudget &amp; T6 simulation after prebudget &amp; T7 quarterlyReport consolidation &amp; T8 specialReport consolidation &amp; T9 template Consolidation &amp; T9 verify report consolidation &amp; Test.T7 quarterlyReport consolidation</stat>
<stat pass="2" fail="0" id="s1-s12" name="T8 specialReport consolidation">T0 verify admin &amp; T0 verify test adhoc assign &amp; T1 user management &amp; T1 verify budget guidelines &amp; T1 verify capex prebudget &amp; T2 verify hr prebudget &amp; T3 verify activity prebudget &amp; T4 verify bs prebudget &amp; T5 verify profitloss prebudget &amp; T6 simulation after prebudget &amp; T7 quarterlyReport consolidation &amp; T8 specialReport consolidation &amp; T9 template Consolidation &amp; T9 verify report consolidation &amp; Test.T8 specialReport consolidation</stat>
<stat pass="4" fail="0" id="s1-s13" name="T9 template Consolidation">T0 verify admin &amp; T0 verify test adhoc assign &amp; T1 user management &amp; T1 verify budget guidelines &amp; T1 verify capex prebudget &amp; T2 verify hr prebudget &amp; T3 verify activity prebudget &amp; T4 verify bs prebudget &amp; T5 verify profitloss prebudget &amp; T6 simulation after prebudget &amp; T7 quarterlyReport consolidation &amp; T8 specialReport consolidation &amp; T9 template Consolidation &amp; T9 verify report consolidation &amp; Test.T9 template Consolidation</stat>
<stat pass="6" fail="0" id="s1-s14" name="T9 verify report consolidation">T0 verify admin &amp; T0 verify test adhoc assign &amp; T1 user management &amp; T1 verify budget guidelines &amp; T1 verify capex prebudget &amp; T2 verify hr prebudget &amp; T3 verify activity prebudget &amp; T4 verify bs prebudget &amp; T5 verify profitloss prebudget &amp; T6 simulation after prebudget &amp; T7 quarterlyReport consolidation &amp; T8 specialReport consolidation &amp; T9 template Consolidation &amp; T9 verify report consolidation &amp; Test.T9 verify report consolidation</stat>
<stat pass="1" fail="0" id="s1-s15" name="Test">T0 verify admin &amp; T0 verify test adhoc assign &amp; T1 user management &amp; T1 verify budget guidelines &amp; T1 verify capex prebudget &amp; T2 verify hr prebudget &amp; T3 verify activity prebudget &amp; T4 verify bs prebudget &amp; T5 verify profitloss prebudget &amp; T6 simulation after prebudget &amp; T7 quarterlyReport consolidation &amp; T8 specialReport consolidation &amp; T9 template Consolidation &amp; T9 verify report consolidation &amp; Test.Test</stat>
</suite>
</statistics>
<errors>
</errors>
</robot>
