<?xml version="1.0" encoding="UTF-8"?>
<robot generator="Robot 3.2.1 (Python 3.6.8 on win32)" generated="20201209 09:21:17.820" rpa="false">
<suite id="s1" name="T0 verify admin &amp; T1 user management &amp; T1 verify capex prebudget &amp; T2 verify hr prebudget &amp; T3 verify activity prebudget &amp; T4 verify bs prebudget &amp; T5 verify profitloss prebudget">
<suite id="s1-s1" name="T0 verify admin" source="E:\QA automation\Budget-Automation\budget_admin\test_suites\T0_verify_admin.robot">
<kw name="Open Budget Application" library="loginPage" type="setup">
<kw name="Open Browser" library="SeleniumLibrary">
<doc>Opens a new browser instance to the optional ``url``.</doc>
<arguments>
<arg>${url}</arg>
<arg>Chrome</arg>
<arg>add_argument("--disable-popup-blocking"); add_argument("--ignore-certificate-errors") error</arg>
</arguments>
<msg timestamp="20201209 09:21:18.085" level="INFO">Opening browser 'Chrome' to base url 'https://10.13.189.8:8443/cas/login?service=https%3A%2F%2F10.13.189.8%3A8443%2Fbudget%2Flogin%2Fcas'.</msg>
<status status="PASS" starttime="20201209 09:21:18.084" endtime="20201209 09:21:22.192"></status>
</kw>
<kw name="Maximize Browser Window" library="SeleniumLibrary">
<doc>Maximizes current browser window.</doc>
<status status="PASS" starttime="20201209 09:21:22.192" endtime="20201209 09:21:24.355"></status>
</kw>
<kw name="Click Button" library="SeleniumLibrary">
<doc>Clicks the button identified by ``locator``.</doc>
<arguments>
<arg>details-button</arg>
</arguments>
<msg timestamp="20201209 09:21:24.355" level="INFO">Clicking button 'details-button'.</msg>
<status status="PASS" starttime="20201209 09:21:24.355" endtime="20201209 09:21:24.434"></status>
</kw>
<kw name="Click Element" library="SeleniumLibrary">
<doc>Click the element identified by ``locator``.</doc>
<arguments>
<arg>proceed-link</arg>
</arguments>
<msg timestamp="20201209 09:21:24.435" level="INFO">Clicking element 'proceed-link'.</msg>
<status status="PASS" starttime="20201209 09:21:24.434" endtime="20201209 09:21:26.176"></status>
</kw>
<kw name="Sleep" library="BuiltIn">
<doc>Pauses the test executed for the given time.</doc>
<arguments>
<arg>2S</arg>
</arguments>
<msg timestamp="20201209 09:21:28.188" level="INFO">Slept 2 seconds</msg>
<status status="PASS" starttime="20201209 09:21:26.177" endtime="20201209 09:21:28.189"></status>
</kw>
<status status="PASS" starttime="20201209 09:21:18.084" endtime="20201209 09:21:28.190"></status>
</kw>
<test id="s1-s1-t1" name="Verify that login page works properly and is authenticated">
<kw name="Verify Login Page is successful" library="loginPage">
<kw name="Enter Username" library="loginPage">
<arguments>
<arg>admin</arg>
</arguments>
<kw name="Wait Until Element Is Visible" library="SeleniumLibrary">
<doc>Waits until the element ``locator`` is visible.</doc>
<arguments>
<arg>id=username</arg>
</arguments>
<status status="PASS" starttime="20201209 09:21:28.196" endtime="20201209 09:21:28.284"></status>
</kw>
<kw name="Input Text" library="SeleniumLibrary">
<doc>Types the given ``text`` into the text field identified by ``locator``.</doc>
<arguments>
<arg>id=username</arg>
<arg>${username}</arg>
</arguments>
<msg timestamp="20201209 09:21:28.286" level="INFO">Typing text 'admin' into text field 'id=username'.</msg>
<status status="PASS" starttime="20201209 09:21:28.285" endtime="20201209 09:21:28.401"></status>
</kw>
<status status="PASS" starttime="20201209 09:21:28.195" endtime="20201209 09:21:28.401"></status>
</kw>
<kw name="Enter Password" library="loginPage">
<arguments>
<arg>admin123</arg>
</arguments>
<kw name="Wait Until Element Is Visible" library="SeleniumLibrary">
<doc>Waits until the element ``locator`` is visible.</doc>
<arguments>
<arg>id=password</arg>
</arguments>
<status status="PASS" starttime="20201209 09:21:28.401" endtime="20201209 09:21:28.431"></status>
</kw>
<kw name="Input Text" library="SeleniumLibrary">
<doc>Types the given ``text`` into the text field identified by ``locator``.</doc>
<arguments>
<arg>id=password</arg>
<arg>${password}</arg>
</arguments>
<msg timestamp="20201209 09:21:28.431" level="INFO">Typing text 'admin123' into text field 'id=password'.</msg>
<status status="PASS" starttime="20201209 09:21:28.431" endtime="20201209 09:21:28.540"></status>
</kw>
<status status="PASS" starttime="20201209 09:21:28.401" endtime="20201209 09:21:28.540"></status>
</kw>
<kw name="Run Keyword And Continue On Failure" library="BuiltIn">
<doc>Runs the keyword and continues execution even if a failure occurs.</doc>
<arguments>
<arg>Logo</arg>
</arguments>
<kw name="Logo" library="loginPage">
<kw name="Element Should Be Visible" library="SeleniumLibrary">
<doc>Verifies that the element identified by ``locator`` is visible.</doc>
<arguments>
<arg>${page_logo}</arg>
<arg>message= Extensodata Logo is visible</arg>
</arguments>
<msg timestamp="20201209 09:21:28.570" level="INFO">Element '//body/main[1]/a[1]/span[1]' is displayed.</msg>
<status status="PASS" starttime="20201209 09:21:28.541" endtime="20201209 09:21:28.570"></status>
</kw>
<kw name="Title Should Be" library="SeleniumLibrary">
<doc>Verifies that the current page title equals ``title``.</doc>
<arguments>
<arg>Login - CAS – Central Authentication Service</arg>
</arguments>
<msg timestamp="20201209 09:21:28.575" level="INFO">Page title is 'Login - CAS – Central Authentication Service'.</msg>
<status status="PASS" starttime="20201209 09:21:28.570" endtime="20201209 09:21:28.575"></status>
</kw>
<status status="PASS" starttime="20201209 09:21:28.541" endtime="20201209 09:21:28.576"></status>
</kw>
<status status="PASS" starttime="20201209 09:21:28.540" endtime="20201209 09:21:28.576"></status>
</kw>
<kw name="Click Submit" library="loginPage">
<kw name="Press Keys" library="SeleniumLibrary">
<doc>Simulates the user pressing key(s) to an element or on the active browser.</doc>
<arguments>
<arg>name=submit</arg>
<arg>RETURN</arg>
</arguments>
<msg timestamp="20201209 09:21:28.578" level="INFO">Sending key(s) ('RETURN',) to name=submit element.</msg>
<msg timestamp="20201209 09:22:05.717" level="INFO">Pressing special key RETURN to element.</msg>
<msg timestamp="20201209 09:22:05.719" level="INFO">Releasing special key RETURN.</msg>
<status status="PASS" starttime="20201209 09:21:28.577" endtime="20201209 09:22:05.731"></status>
</kw>
<kw name="Sleep" library="BuiltIn">
<doc>Pauses the test executed for the given time.</doc>
<arguments>
<arg>2s</arg>
</arguments>
<msg timestamp="20201209 09:22:07.744" level="INFO">Slept 2 seconds</msg>
<status status="PASS" starttime="20201209 09:22:05.731" endtime="20201209 09:22:07.745"></status>
</kw>
<status status="PASS" starttime="20201209 09:21:28.576" endtime="20201209 09:22:07.746"></status>
</kw>
<status status="PASS" starttime="20201209 09:21:28.194" endtime="20201209 09:22:07.749"></status>
</kw>
<status status="PASS" starttime="20201209 09:21:28.190" endtime="20201209 09:22:07.751" critical="yes"></status>
</test>
<doc>this suite verifies admin pge.</doc>
<status status="PASS" starttime="20201209 09:21:17.851" endtime="20201209 09:22:07.758"></status>
</suite>
<suite id="s1-s2" name="T1 user management" source="E:\QA automation\Budget-Automation\budget_admin\test_suites\T1_user_management.robot">
<test id="s1-s2-t1" name="Verify User Add">
<kw name="Click on User Management" library="userManagementPage">
<kw name="Wait Until Element Is Visible" library="SeleniumLibrary">
<doc>Waits until the element ``locator`` is visible.</doc>
<arguments>
<arg>${toggle_usermanagement_xpath}</arg>
</arguments>
<kw name="Capture Page Screenshot" library="SeleniumLibrary">
<doc>Takes a screenshot of the current page and embeds it into a log file.</doc>
<msg timestamp="20201209 09:23:09.795" level="INFO" html="yes">&lt;/td&gt;&lt;/tr&gt;&lt;tr&gt;&lt;td colspan="3"&gt;&lt;a href="selenium-screenshot-4.png"&gt;&lt;img src="selenium-screenshot-4.png" width="800px"&gt;&lt;/a&gt;</msg>
<status status="PASS" starttime="20201209 09:22:46.528" endtime="20201209 09:23:09.795"></status>
</kw>
<msg timestamp="20201209 09:23:09.797" level="FAIL">Element '//li[@id='user']//div' not visible after 5 seconds.</msg>
<status status="FAIL" starttime="20201209 09:22:07.841" endtime="20201209 09:23:09.798"></status>
</kw>
<status status="FAIL" starttime="20201209 09:22:07.841" endtime="20201209 09:23:09.798"></status>
</kw>
<status status="FAIL" starttime="20201209 09:22:07.840" endtime="20201209 09:23:09.799" critical="yes">Element '//li[@id='user']//div' not visible after 5 seconds.</status>
</test>
<doc>this suite verifies User Management page.</doc>
<status status="FAIL" starttime="20201209 09:22:07.785" endtime="20201209 09:23:09.801"></status>
</suite>
<suite id="s1-s3" name="T1 verify capex prebudget" source="E:\QA automation\Budget-Automation\budget_admin\test_suites\T1_verify_capex_prebudget.robot">
<test id="s1-s3-t1" name="Verify Capex Prebudget">
<kw name="Toggle Prebudget" library="capexPrebudget">
<kw name="Wait Until Element Is Visible" library="SeleniumLibrary">
<doc>Waits until the element ``locator`` is visible.</doc>
<arguments>
<arg>xpath=//li[@id="${menu_name_xpath}"]//span</arg>
</arguments>
<kw name="Capture Page Screenshot" library="SeleniumLibrary">
<doc>Takes a screenshot of the current page and embeds it into a log file.</doc>
<msg timestamp="20201209 09:23:35.396" level="FAIL">WebDriverException: Message: chrome not reachable
  (Session info: chrome=87.0.4280.88)
</msg>
<status status="FAIL" starttime="20201209 09:23:23.191" endtime="20201209 09:23:35.396"></status>
</kw>
<msg timestamp="20201209 09:23:35.396" level="WARN">Keyword 'Capture Page Screenshot' could not be run on failure: WebDriverException: Message: chrome not reachable
  (Session info: chrome=87.0.4280.88)
</msg>
<msg timestamp="20201209 09:23:35.400" level="FAIL">WebDriverException: Message: chrome not reachable
  (Session info: chrome=87.0.4280.88)
</msg>
<status status="FAIL" starttime="20201209 09:23:09.859" endtime="20201209 09:23:35.400"></status>
</kw>
<status status="FAIL" starttime="20201209 09:23:09.859" endtime="20201209 09:23:35.401"></status>
</kw>
<status status="FAIL" starttime="20201209 09:23:09.857" endtime="20201209 09:23:35.401" critical="yes">WebDriverException: Message: chrome not reachable
  (Session info: chrome=87.0.4280.88)
</status>
</test>
<doc>this suite verifies Capex page.</doc>
<status status="FAIL" starttime="20201209 09:23:09.810" endtime="20201209 09:23:35.404"></status>
</suite>
<suite id="s1-s4" name="T2 verify hr prebudget" source="E:\QA automation\Budget-Automation\budget_admin\test_suites\T2_verify_hr_prebudget.robot">
<test id="s1-s4-t1" name="Verify Hr Prebudget">
<kw name="Open hr Prebudget" library="hrPrebudget">
<kw name="Wait Until Element Is Visible" library="SeleniumLibrary">
<doc>Waits until the element ``locator`` is visible.</doc>
<arguments>
<arg>xpath=//a[@id='${menu_name_xpath}_4']</arg>
<arg>timeout=5s</arg>
</arguments>
<kw name="Capture Page Screenshot" library="SeleniumLibrary">
<doc>Takes a screenshot of the current page and embeds it into a log file.</doc>
<msg timestamp="20201209 09:23:59.827" level="FAIL">WebDriverException: Message: chrome not reachable
  (Session info: chrome=87.0.4280.88)
</msg>
<status status="FAIL" starttime="20201209 09:23:47.630" endtime="20201209 09:23:59.828"></status>
</kw>
<msg timestamp="20201209 09:23:59.828" level="WARN">Keyword 'Capture Page Screenshot' could not be run on failure: WebDriverException: Message: chrome not reachable
  (Session info: chrome=87.0.4280.88)
</msg>
<msg timestamp="20201209 09:23:59.833" level="FAIL">WebDriverException: Message: chrome not reachable
  (Session info: chrome=87.0.4280.88)
</msg>
<status status="FAIL" starttime="20201209 09:23:35.429" endtime="20201209 09:23:59.833"></status>
</kw>
<status status="FAIL" starttime="20201209 09:23:35.429" endtime="20201209 09:23:59.833"></status>
</kw>
<status status="FAIL" starttime="20201209 09:23:35.428" endtime="20201209 09:23:59.834" critical="yes">WebDriverException: Message: chrome not reachable
  (Session info: chrome=87.0.4280.88)
</status>
</test>
<doc>this suite verifies hr page.</doc>
<status status="FAIL" starttime="20201209 09:23:35.408" endtime="20201209 09:23:59.838"></status>
</suite>
<suite id="s1-s5" name="T3 verify activity prebudget" source="E:\QA automation\Budget-Automation\budget_admin\test_suites\T3_verify_activity_prebudget.robot">
<test id="s1-s5-t1" name="Verify Activity Prebudget">
<kw name="Open Activity Prebudget" library="activityPrebudget">
<kw name="Wait Until Element Is Visible" library="SeleniumLibrary">
<doc>Waits until the element ``locator`` is visible.</doc>
<arguments>
<arg>xpath=//a[@id='${menu_name_xpath}_5']</arg>
<arg>timeout=10s</arg>
</arguments>
<kw name="Capture Page Screenshot" library="SeleniumLibrary">
<doc>Takes a screenshot of the current page and embeds it into a log file.</doc>
<msg timestamp="20201209 09:24:24.280" level="FAIL">WebDriverException: Message: chrome not reachable
  (Session info: chrome=87.0.4280.88)
</msg>
<status status="FAIL" starttime="20201209 09:24:12.072" endtime="20201209 09:24:24.281"></status>
</kw>
<msg timestamp="20201209 09:24:24.281" level="WARN">Keyword 'Capture Page Screenshot' could not be run on failure: WebDriverException: Message: chrome not reachable
  (Session info: chrome=87.0.4280.88)
</msg>
<msg timestamp="20201209 09:24:24.286" level="FAIL">WebDriverException: Message: chrome not reachable
  (Session info: chrome=87.0.4280.88)
</msg>
<status status="FAIL" starttime="20201209 09:23:59.892" endtime="20201209 09:24:24.286"></status>
</kw>
<status status="FAIL" starttime="20201209 09:23:59.891" endtime="20201209 09:24:24.287"></status>
</kw>
<status status="FAIL" starttime="20201209 09:23:59.889" endtime="20201209 09:24:24.288" critical="yes">WebDriverException: Message: chrome not reachable
  (Session info: chrome=87.0.4280.88)
</status>
</test>
<doc>this suite verifies Capex page.</doc>
<status status="FAIL" starttime="20201209 09:23:59.849" endtime="20201209 09:24:24.293"></status>
</suite>
<suite id="s1-s6" name="T4 verify bs prebudget" source="E:\QA automation\Budget-Automation\budget_admin\test_suites\T4_verify_bs_prebudget.robot">
<test id="s1-s6-t1" name="Verify Activity Prebudget">
<kw name="Open Balance Sheet Prebudget" library="balanceSheetPrebudget">
<kw name="Wait Until Element Is Visible" library="SeleniumLibrary">
<doc>Waits until the element ``locator`` is visible.</doc>
<arguments>
<arg>xpath=//a[@id='${menu_name_xpath}_1']</arg>
<arg>timeout=5s</arg>
</arguments>
<kw name="Capture Page Screenshot" library="SeleniumLibrary">
<doc>Takes a screenshot of the current page and embeds it into a log file.</doc>
<msg timestamp="20201209 09:24:48.763" level="FAIL">WebDriverException: Message: chrome not reachable
  (Session info: chrome=87.0.4280.88)
</msg>
<status status="FAIL" starttime="20201209 09:24:36.552" endtime="20201209 09:24:48.763"></status>
</kw>
<msg timestamp="20201209 09:24:48.764" level="WARN">Keyword 'Capture Page Screenshot' could not be run on failure: WebDriverException: Message: chrome not reachable
  (Session info: chrome=87.0.4280.88)
</msg>
<msg timestamp="20201209 09:24:48.786" level="FAIL">WebDriverException: Message: chrome not reachable
  (Session info: chrome=87.0.4280.88)
</msg>
<status status="FAIL" starttime="20201209 09:24:24.349" endtime="20201209 09:24:48.786"></status>
</kw>
<status status="FAIL" starttime="20201209 09:24:24.349" endtime="20201209 09:24:48.787"></status>
</kw>
<status status="FAIL" starttime="20201209 09:24:24.348" endtime="20201209 09:24:48.789" critical="yes">WebDriverException: Message: chrome not reachable
  (Session info: chrome=87.0.4280.88)
</status>
</test>
<doc>this suite verifies Capex page.</doc>
<status status="FAIL" starttime="20201209 09:24:24.305" endtime="20201209 09:24:48.795"></status>
</suite>
<suite id="s1-s7" name="T5 verify profitloss prebudget" source="E:\QA automation\Budget-Automation\budget_admin\test_suites\T5_verify_profitloss_prebudget.robot">
<test id="s1-s7-t1" name="Verify Activity Prebudget">
<kw name="Open Profit Loss Prebudget" library="profitLossPrebudget">
<kw name="Wait Until Element Is Visible" library="SeleniumLibrary">
<doc>Waits until the element ``locator`` is visible.</doc>
<arguments>
<arg>xpath=//a[@id='${menu_name_xpath}_2']</arg>
<arg>timeout=5s</arg>
</arguments>
<kw name="Capture Page Screenshot" library="SeleniumLibrary">
<doc>Takes a screenshot of the current page and embeds it into a log file.</doc>
<msg timestamp="20201209 09:25:13.297" level="FAIL">WebDriverException: Message: chrome not reachable
  (Session info: chrome=87.0.4280.88)
</msg>
<status status="FAIL" starttime="20201209 09:25:01.085" endtime="20201209 09:25:13.298"></status>
</kw>
<msg timestamp="20201209 09:25:13.298" level="WARN">Keyword 'Capture Page Screenshot' could not be run on failure: WebDriverException: Message: chrome not reachable
  (Session info: chrome=87.0.4280.88)
</msg>
<msg timestamp="20201209 09:25:13.305" level="FAIL">WebDriverException: Message: chrome not reachable
  (Session info: chrome=87.0.4280.88)
</msg>
<status status="FAIL" starttime="20201209 09:24:48.871" endtime="20201209 09:25:13.306"></status>
</kw>
<status status="FAIL" starttime="20201209 09:24:48.870" endtime="20201209 09:25:13.306"></status>
</kw>
<status status="FAIL" starttime="20201209 09:24:48.866" endtime="20201209 09:25:13.309" critical="yes">WebDriverException: Message: chrome not reachable
  (Session info: chrome=87.0.4280.88)
</status>
</test>
<doc>this suite verifies Capex page.</doc>
<status status="FAIL" starttime="20201209 09:24:48.802" endtime="20201209 09:25:13.318"></status>
</suite>
<status status="FAIL" starttime="20201209 09:21:17.822" endtime="20201209 09:25:13.336"></status>
</suite>
<statistics>
<total>
<stat pass="1" fail="6">Critical Tests</stat>
<stat pass="1" fail="6">All Tests</stat>
</total>
<tag>
</tag>
<suite>
<stat pass="1" fail="6" id="s1" name="T0 verify admin &amp; T1 user management &amp; T1 verify capex prebudget &amp; T2 verify hr prebudget &amp; T3 verify activity prebudget &amp; T4 verify bs prebudget &amp; T5 verify profitloss prebudget">T0 verify admin &amp; T1 user management &amp; T1 verify capex prebudget &amp; T2 verify hr prebudget &amp; T3 verify activity prebudget &amp; T4 verify bs prebudget &amp; T5 verify profitloss prebudget</stat>
<stat pass="1" fail="0" id="s1-s1" name="T0 verify admin">T0 verify admin &amp; T1 user management &amp; T1 verify capex prebudget &amp; T2 verify hr prebudget &amp; T3 verify activity prebudget &amp; T4 verify bs prebudget &amp; T5 verify profitloss prebudget.T0 verify admin</stat>
<stat pass="0" fail="1" id="s1-s2" name="T1 user management">T0 verify admin &amp; T1 user management &amp; T1 verify capex prebudget &amp; T2 verify hr prebudget &amp; T3 verify activity prebudget &amp; T4 verify bs prebudget &amp; T5 verify profitloss prebudget.T1 user management</stat>
<stat pass="0" fail="1" id="s1-s3" name="T1 verify capex prebudget">T0 verify admin &amp; T1 user management &amp; T1 verify capex prebudget &amp; T2 verify hr prebudget &amp; T3 verify activity prebudget &amp; T4 verify bs prebudget &amp; T5 verify profitloss prebudget.T1 verify capex prebudget</stat>
<stat pass="0" fail="1" id="s1-s4" name="T2 verify hr prebudget">T0 verify admin &amp; T1 user management &amp; T1 verify capex prebudget &amp; T2 verify hr prebudget &amp; T3 verify activity prebudget &amp; T4 verify bs prebudget &amp; T5 verify profitloss prebudget.T2 verify hr prebudget</stat>
<stat pass="0" fail="1" id="s1-s5" name="T3 verify activity prebudget">T0 verify admin &amp; T1 user management &amp; T1 verify capex prebudget &amp; T2 verify hr prebudget &amp; T3 verify activity prebudget &amp; T4 verify bs prebudget &amp; T5 verify profitloss prebudget.T3 verify activity prebudget</stat>
<stat pass="0" fail="1" id="s1-s6" name="T4 verify bs prebudget">T0 verify admin &amp; T1 user management &amp; T1 verify capex prebudget &amp; T2 verify hr prebudget &amp; T3 verify activity prebudget &amp; T4 verify bs prebudget &amp; T5 verify profitloss prebudget.T4 verify bs prebudget</stat>
<stat pass="0" fail="1" id="s1-s7" name="T5 verify profitloss prebudget">T0 verify admin &amp; T1 user management &amp; T1 verify capex prebudget &amp; T2 verify hr prebudget &amp; T3 verify activity prebudget &amp; T4 verify bs prebudget &amp; T5 verify profitloss prebudget.T5 verify profitloss prebudget</stat>
</suite>
</statistics>
<errors>
<msg timestamp="20201209 09:23:35.396" level="WARN">Keyword 'Capture Page Screenshot' could not be run on failure: WebDriverException: Message: chrome not reachable
  (Session info: chrome=87.0.4280.88)
</msg>
<msg timestamp="20201209 09:23:59.828" level="WARN">Keyword 'Capture Page Screenshot' could not be run on failure: WebDriverException: Message: chrome not reachable
  (Session info: chrome=87.0.4280.88)
</msg>
<msg timestamp="20201209 09:24:24.281" level="WARN">Keyword 'Capture Page Screenshot' could not be run on failure: WebDriverException: Message: chrome not reachable
  (Session info: chrome=87.0.4280.88)
</msg>
<msg timestamp="20201209 09:24:48.764" level="WARN">Keyword 'Capture Page Screenshot' could not be run on failure: WebDriverException: Message: chrome not reachable
  (Session info: chrome=87.0.4280.88)
</msg>
<msg timestamp="20201209 09:25:13.298" level="WARN">Keyword 'Capture Page Screenshot' could not be run on failure: WebDriverException: Message: chrome not reachable
  (Session info: chrome=87.0.4280.88)
</msg>
</errors>
</robot>
