<?xml version="1.0" encoding="UTF-8"?>
<robot generator="Robot 3.2.2 (Python 3.6.8 on win32)" generated="20210205 15:47:59.315" rpa="false">
<suite id="s1" name="T0 verify admin &amp; T0 verify test adhoc assign &amp; T1 user management &amp; T1 verify budget guidelines &amp; T1 verify capex prebudget &amp; T2 verify hr prebudget &amp; T3 verify activity prebudget &amp; T4 verify bs prebudget &amp; T5 verify profitloss prebudget &amp; T6 simulation after prebudget &amp; T7 quarterlyReport consolidation &amp; T8 specialReport consolidation &amp; T9 template Consolidation &amp; Test">
<suite id="s1-s1" name="T0 verify admin" source="E:\QAautomation\Budget-Automation\budget_admin\test_suites\T0_verify_admin.robot">
<kw name="Open Budget Application" library="loginPage" type="setup">
<kw name="Open Browser" library="SeleniumLibrary">
<doc>Opens a new browser instance to the optional ``url``.</doc>
<arguments>
<arg>${url}</arg>
<arg>Chrome</arg>
<arg>add_argument("--disable-popup-blocking"); add_argument("--ignore-certificate-errors") error</arg>
</arguments>
<msg timestamp="20210205 15:47:59.761" level="INFO">Opening browser 'Chrome' to base url 'https://10.13.189.56:8443/cas/login?service=https%3A%2F%2F10.13.189.56%3A8443%2Fbudget%2Flogin%2Fcas'.</msg>
<status status="PASS" starttime="20210205 15:47:59.761" endtime="20210205 15:48:03.494"></status>
</kw>
<kw name="Maximize Browser Window" library="SeleniumLibrary">
<doc>Maximizes current browser window.</doc>
<status status="PASS" starttime="20210205 15:48:03.495" endtime="20210205 15:48:05.666"></status>
</kw>
<kw name="Click Button" library="SeleniumLibrary">
<doc>Clicks the button identified by ``locator``.</doc>
<arguments>
<arg>details-button</arg>
</arguments>
<msg timestamp="20210205 15:48:05.667" level="INFO">Clicking button 'details-button'.</msg>
<status status="PASS" starttime="20210205 15:48:05.666" endtime="20210205 15:48:05.740"></status>
</kw>
<kw name="Click Element" library="SeleniumLibrary">
<doc>Click the element identified by ``locator``.</doc>
<arguments>
<arg>proceed-link</arg>
</arguments>
<msg timestamp="20210205 15:48:05.741" level="INFO">Clicking element 'proceed-link'.</msg>
<status status="PASS" starttime="20210205 15:48:05.741" endtime="20210205 15:48:07.505"></status>
</kw>
<kw name="Sleep" library="BuiltIn">
<doc>Pauses the test executed for the given time.</doc>
<arguments>
<arg>2S</arg>
</arguments>
<msg timestamp="20210205 15:48:09.514" level="INFO">Slept 2 seconds</msg>
<status status="PASS" starttime="20210205 15:48:07.505" endtime="20210205 15:48:09.515"></status>
</kw>
<status status="PASS" starttime="20210205 15:47:59.760" endtime="20210205 15:48:09.515"></status>
</kw>
<test id="s1-s1-t1" name="Verify that login page works properly and is authenticated">
<kw name="Run Keyword And Continue On Failure" library="BuiltIn">
<doc>Runs the keyword and continues execution even if a failure occurs.</doc>
<arguments>
<arg>Verify Login Page is successful</arg>
</arguments>
<kw name="Verify Login Page is successful" library="loginPage">
<kw name="Run Keyword And Continue On Failure" library="BuiltIn">
<doc>Runs the keyword and continues execution even if a failure occurs.</doc>
<arguments>
<arg>title should be login</arg>
</arguments>
<kw name="Title should be login" library="loginPage">
<kw name="Title Should Be" library="SeleniumLibrary">
<doc>Verifies that the current page title equals ``title``.</doc>
<arguments>
<arg>Login - CAS – Central Authentication Service</arg>
</arguments>
<msg timestamp="20210205 15:48:09.525" level="INFO">Page title is 'Login - CAS – Central Authentication Service'.</msg>
<status status="PASS" starttime="20210205 15:48:09.518" endtime="20210205 15:48:09.525"></status>
</kw>
<status status="PASS" starttime="20210205 15:48:09.518" endtime="20210205 15:48:09.525"></status>
</kw>
<status status="PASS" starttime="20210205 15:48:09.518" endtime="20210205 15:48:09.525"></status>
</kw>
<kw name="Run Keyword And Continue On Failure" library="BuiltIn">
<doc>Runs the keyword and continues execution even if a failure occurs.</doc>
<arguments>
<arg>page should contain header text</arg>
</arguments>
<kw name="page should contain header text" library="loginPage">
<kw name="Run Keyword And Continue On Failure" library="BuiltIn">
<doc>Runs the keyword and continues execution even if a failure occurs.</doc>
<arguments>
<arg>element should be visible</arg>
<arg>${header_text}</arg>
<arg>message=Extenso Data Budget Operation Secured Login</arg>
</arguments>
<kw name="Element Should Be Visible" library="SeleniumLibrary">
<doc>Verifies that the element identified by ``locator`` is visible.</doc>
<arguments>
<arg>${header_text}</arg>
<arg>message=Extenso Data Budget Operation Secured Login</arg>
</arguments>
<msg timestamp="20210205 15:48:09.557" level="INFO">Element 'id=servicedesc' is displayed.</msg>
<status status="PASS" starttime="20210205 15:48:09.527" endtime="20210205 15:48:09.557"></status>
</kw>
<status status="PASS" starttime="20210205 15:48:09.527" endtime="20210205 15:48:09.557"></status>
</kw>
<status status="PASS" starttime="20210205 15:48:09.526" endtime="20210205 15:48:09.557"></status>
</kw>
<status status="PASS" starttime="20210205 15:48:09.525" endtime="20210205 15:48:09.557"></status>
</kw>
<kw name="Enter valid Username" library="loginPage">
<arguments>
<arg>admin</arg>
</arguments>
<kw name="Wait Until Element Is Visible" library="SeleniumLibrary">
<doc>Waits until the element ``locator`` is visible.</doc>
<arguments>
<arg>id=username</arg>
</arguments>
<status status="PASS" starttime="20210205 15:48:09.558" endtime="20210205 15:48:09.585"></status>
</kw>
<kw name="Input Text" library="SeleniumLibrary">
<doc>Types the given ``text`` into the text field identified by ``locator``.</doc>
<arguments>
<arg>id=username</arg>
<arg>${username}</arg>
</arguments>
<msg timestamp="20210205 15:48:09.585" level="INFO">Typing text 'admin' into text field 'id=username'.</msg>
<status status="PASS" starttime="20210205 15:48:09.585" endtime="20210205 15:48:09.653"></status>
</kw>
<status status="PASS" starttime="20210205 15:48:09.557" endtime="20210205 15:48:09.653"></status>
</kw>
<kw name="Enter valid Password" library="loginPage">
<arguments>
<arg>admin123</arg>
</arguments>
<kw name="Wait Until Element Is Visible" library="SeleniumLibrary">
<doc>Waits until the element ``locator`` is visible.</doc>
<arguments>
<arg>id=password</arg>
</arguments>
<status status="PASS" starttime="20210205 15:48:09.655" endtime="20210205 15:48:09.675"></status>
</kw>
<kw name="Input Text" library="SeleniumLibrary">
<doc>Types the given ``text`` into the text field identified by ``locator``.</doc>
<arguments>
<arg>id=password</arg>
<arg>${password}</arg>
</arguments>
<msg timestamp="20210205 15:48:09.676" level="INFO">Typing text 'admin123' into text field 'id=password'.</msg>
<status status="PASS" starttime="20210205 15:48:09.675" endtime="20210205 15:48:09.769"></status>
</kw>
<status status="PASS" starttime="20210205 15:48:09.654" endtime="20210205 15:48:09.769"></status>
</kw>
<kw name="Click Submit" library="loginPage">
<kw name="Press Keys" library="SeleniumLibrary">
<doc>Simulates the user pressing key(s) to an element or on the active browser.</doc>
<arguments>
<arg>name=submit</arg>
<arg>RETURN</arg>
</arguments>
<msg timestamp="20210205 15:48:09.771" level="INFO">Sending key(s) ('RETURN',) to name=submit element.</msg>
<msg timestamp="20210205 15:48:19.283" level="INFO">Pressing special key RETURN to element.</msg>
<msg timestamp="20210205 15:48:19.283" level="INFO">Releasing special key RETURN.</msg>
<status status="PASS" starttime="20210205 15:48:09.770" endtime="20210205 15:48:19.325"></status>
</kw>
<kw name="Sleep" library="BuiltIn">
<doc>Pauses the test executed for the given time.</doc>
<arguments>
<arg>2s</arg>
</arguments>
<msg timestamp="20210205 15:48:21.332" level="INFO">Slept 2 seconds</msg>
<status status="PASS" starttime="20210205 15:48:19.326" endtime="20210205 15:48:21.332"></status>
</kw>
<status status="PASS" starttime="20210205 15:48:09.770" endtime="20210205 15:48:21.333"></status>
</kw>
<status status="PASS" starttime="20210205 15:48:09.517" endtime="20210205 15:48:21.333"></status>
</kw>
<status status="PASS" starttime="20210205 15:48:09.517" endtime="20210205 15:48:21.333"></status>
</kw>
<status status="PASS" starttime="20210205 15:48:09.515" endtime="20210205 15:48:21.334" critical="yes"></status>
</test>
<doc>this suite verifies admin pge.</doc>
<status status="PASS" starttime="20210205 15:47:59.350" endtime="20210205 15:48:21.336"></status>
</suite>
<suite id="s1-s2" name="T0 verify test adhoc assign" source="E:\QAautomation\Budget-Automation\budget_admin\test_suites\T0_verify_test_adhoc_assign.robot">
<test id="s1-s2-t1" name="Click on budget">
<kw name="Run Keyword And Continue On Failure" library="BuiltIn">
<doc>Runs the keyword and continues execution even if a failure occurs.</doc>
<arguments>
<arg>Click Budget</arg>
</arguments>
<kw name="Click Budget" library="navigateSidebar">
<kw name="Sleep" library="BuiltIn">
<doc>Pauses the test executed for the given time.</doc>
<arguments>
<arg>1s</arg>
</arguments>
<msg timestamp="20210205 15:48:22.374" level="INFO">Slept 1 second</msg>
<status status="PASS" starttime="20210205 15:48:21.373" endtime="20210205 15:48:22.374"></status>
</kw>
<kw name="Wait Until Element Is Visible" library="SeleniumLibrary">
<doc>Waits until the element ``locator`` is visible.</doc>
<arguments>
<arg>//li[@id='budget']</arg>
</arguments>
<status status="PASS" starttime="20210205 15:48:22.374" endtime="20210205 15:48:22.403"></status>
</kw>
<kw name="Click Element" library="SeleniumLibrary">
<doc>Click the element identified by ``locator``.</doc>
<arguments>
<arg>//li[@id='budget']</arg>
</arguments>
<msg timestamp="20210205 15:48:22.404" level="INFO">Clicking element '//li[@id='budget']'.</msg>
<status status="PASS" starttime="20210205 15:48:22.403" endtime="20210205 15:48:22.475"></status>
</kw>
<status status="PASS" starttime="20210205 15:48:21.372" endtime="20210205 15:48:22.475"></status>
</kw>
<status status="PASS" starttime="20210205 15:48:21.372" endtime="20210205 15:48:22.475"></status>
</kw>
<status status="PASS" starttime="20210205 15:48:21.370" endtime="20210205 15:48:22.476" critical="yes"></status>
</test>
<doc>this suite verifies Capex page.</doc>
<status status="PASS" starttime="20210205 15:48:21.341" endtime="20210205 15:48:22.483"></status>
</suite>
<suite id="s1-s3" name="T1 user management" source="E:\QAautomation\Budget-Automation\budget_admin\test_suites\T1_user_management.robot">
<test id="s1-s3-t1" name="Verify User Add">
<kw name="Run Keyword And Continue On Failure" library="BuiltIn">
<doc>Runs the keyword and continues execution even if a failure occurs.</doc>
<arguments>
<arg>Click on User Management</arg>
</arguments>
<kw name="Click on User Management" library="userManagementPage">
<kw name="Wait Until Element Is Visible" library="SeleniumLibrary">
<doc>Waits until the element ``locator`` is visible.</doc>
<arguments>
<arg>${toggle_usermanagement_xpath}</arg>
</arguments>
<status status="PASS" starttime="20210205 15:48:22.535" endtime="20210205 15:48:22.592"></status>
</kw>
<kw name="Click Element" library="SeleniumLibrary">
<doc>Click the element identified by ``locator``.</doc>
<arguments>
<arg>${toggle_usermanagement_xpath}</arg>
</arguments>
<msg timestamp="20210205 15:48:22.593" level="INFO">Clicking element '//li[@id='user']//div'.</msg>
<status status="PASS" starttime="20210205 15:48:22.592" endtime="20210205 15:48:22.664"></status>
</kw>
<kw name="Sleep" library="BuiltIn">
<doc>Pauses the test executed for the given time.</doc>
<arguments>
<arg>3s</arg>
</arguments>
<msg timestamp="20210205 15:48:25.679" level="INFO">Slept 3 seconds</msg>
<status status="PASS" starttime="20210205 15:48:22.664" endtime="20210205 15:48:25.679"></status>
</kw>
<status status="PASS" starttime="20210205 15:48:22.535" endtime="20210205 15:48:25.679"></status>
</kw>
<status status="PASS" starttime="20210205 15:48:22.534" endtime="20210205 15:48:25.679"></status>
</kw>
<kw name="Run Keyword And Continue On Failure" library="BuiltIn">
<doc>Runs the keyword and continues execution even if a failure occurs.</doc>
<arguments>
<arg>Click Users</arg>
</arguments>
<kw name="Click Users" library="userManagementPage">
<kw name="Wait Until Element Is Visible" library="SeleniumLibrary">
<doc>Waits until the element ``locator`` is visible.</doc>
<arguments>
<arg>${click_users_xpath}</arg>
</arguments>
<status status="PASS" starttime="20210205 15:48:25.682" endtime="20210205 15:48:25.712"></status>
</kw>
<kw name="Click Element" library="SeleniumLibrary">
<doc>Click the element identified by ``locator``.</doc>
<arguments>
<arg>${click_users_xpath}</arg>
</arguments>
<msg timestamp="20210205 15:48:25.713" level="INFO">Clicking element '//li//a[@id='user_info']'.</msg>
<status status="PASS" starttime="20210205 15:48:25.712" endtime="20210205 15:48:25.874"></status>
</kw>
<kw name="Sleep" library="BuiltIn">
<doc>Pauses the test executed for the given time.</doc>
<arguments>
<arg>3s</arg>
</arguments>
<msg timestamp="20210205 15:48:28.881" level="INFO">Slept 3 seconds</msg>
<status status="PASS" starttime="20210205 15:48:25.875" endtime="20210205 15:48:28.881"></status>
</kw>
<status status="PASS" starttime="20210205 15:48:25.681" endtime="20210205 15:48:28.881"></status>
</kw>
<status status="PASS" starttime="20210205 15:48:25.681" endtime="20210205 15:48:28.881"></status>
</kw>
<status status="PASS" starttime="20210205 15:48:22.534" endtime="20210205 15:48:28.882" critical="yes"></status>
</test>
<test id="s1-s3-t2" name="Refresh User Button">
<kw name="Run Keyword And Continue On Failure" library="BuiltIn">
<doc>Runs the keyword and continues execution even if a failure occurs.</doc>
<arguments>
<arg>Refresh User Button</arg>
</arguments>
<kw name="Refresh User Button" library="userManagementPage">
<kw name="Wait Until Element Is Visible" library="SeleniumLibrary">
<doc>Waits until the element ``locator`` is visible.</doc>
<arguments>
<arg>${refresh_button_xpath}</arg>
</arguments>
<status status="PASS" starttime="20210205 15:48:28.888" endtime="20210205 15:48:28.916"></status>
</kw>
<kw name="Click Element" library="SeleniumLibrary">
<doc>Click the element identified by ``locator``.</doc>
<arguments>
<arg>${refresh_button_xpath}</arg>
</arguments>
<msg timestamp="20210205 15:48:28.916" level="INFO">Clicking element '//app-userdashboard/div/div/div/div/div[2]/div[1]/span/button[2]'.</msg>
<status status="PASS" starttime="20210205 15:48:28.916" endtime="20210205 15:48:29.023"></status>
</kw>
<kw name="Sleep" library="BuiltIn">
<doc>Pauses the test executed for the given time.</doc>
<arguments>
<arg>1s</arg>
</arguments>
<msg timestamp="20210205 15:48:30.030" level="INFO">Slept 1 second</msg>
<status status="PASS" starttime="20210205 15:48:29.024" endtime="20210205 15:48:30.030"></status>
</kw>
<status status="PASS" starttime="20210205 15:48:28.888" endtime="20210205 15:48:30.030"></status>
</kw>
<status status="PASS" starttime="20210205 15:48:28.887" endtime="20210205 15:48:30.030"></status>
</kw>
<status status="PASS" starttime="20210205 15:48:28.886" endtime="20210205 15:48:30.032" critical="yes"></status>
</test>
<test id="s1-s3-t3" name="Click Add User">
<kw name="Run Keyword And Continue On Failure" library="BuiltIn">
<doc>Runs the keyword and continues execution even if a failure occurs.</doc>
<arguments>
<arg>Click Add User</arg>
</arguments>
<kw name="Click Add User" library="userManagementPage">
<kw name="Wait Until Element Is Visible" library="SeleniumLibrary">
<doc>Waits until the element ``locator`` is visible.</doc>
<arguments>
<arg>${add_button}</arg>
</arguments>
<status status="PASS" starttime="20210205 15:48:30.036" endtime="20210205 15:48:30.065"></status>
</kw>
<kw name="Click Element" library="SeleniumLibrary">
<doc>Click the element identified by ``locator``.</doc>
<arguments>
<arg>${add_button}</arg>
</arguments>
<msg timestamp="20210205 15:48:30.066" level="INFO">Clicking element '//app-userdashboard/div/div/div/div/div[2]/div[1]/span/button[1]'.</msg>
<status status="PASS" starttime="20210205 15:48:30.065" endtime="20210205 15:48:30.402"></status>
</kw>
<kw name="Sleep" library="BuiltIn">
<doc>Pauses the test executed for the given time.</doc>
<arguments>
<arg>1s</arg>
</arguments>
<msg timestamp="20210205 15:48:31.417" level="INFO">Slept 1 second</msg>
<status status="PASS" starttime="20210205 15:48:30.402" endtime="20210205 15:48:31.417"></status>
</kw>
<status status="PASS" starttime="20210205 15:48:30.036" endtime="20210205 15:48:31.417"></status>
</kw>
<status status="PASS" starttime="20210205 15:48:30.035" endtime="20210205 15:48:31.417"></status>
</kw>
<status status="PASS" starttime="20210205 15:48:30.035" endtime="20210205 15:48:31.417" critical="yes"></status>
</test>
<test id="s1-s3-t4" name="vaidate inputs of users name">
<kw name="Run Keyword And Continue On Failure" library="BuiltIn">
<doc>Runs the keyword and continues execution even if a failure occurs.</doc>
<arguments>
<arg>validate inputs of users name</arg>
</arguments>
<kw name="validate inputs of users name" library="userManagementPage">
<kw name="Click Element" library="SeleniumLibrary">
<doc>Click the element identified by ``locator``.</doc>
<arguments>
<arg>${input_name}</arg>
</arguments>
<msg timestamp="20210205 15:48:31.422" level="INFO">Clicking element '//input[@id='name']'.</msg>
<status status="PASS" starttime="20210205 15:48:31.421" endtime="20210205 15:48:31.516"></status>
</kw>
<kw name="Input Text" library="SeleniumLibrary">
<doc>Types the given ``text`` into the text field identified by ``locator``.</doc>
<arguments>
<arg>${input_name}</arg>
<arg>testing1a1</arg>
</arguments>
<msg timestamp="20210205 15:48:31.517" level="INFO">Typing text 'testing1a1' into text field '//input[@id='name']'.</msg>
<status status="PASS" starttime="20210205 15:48:31.516" endtime="20210205 15:48:31.671"></status>
</kw>
<kw name="Sleep" library="BuiltIn">
<doc>Pauses the test executed for the given time.</doc>
<arguments>
<arg>1s</arg>
</arguments>
<msg timestamp="20210205 15:48:32.673" level="INFO">Slept 1 second</msg>
<status status="PASS" starttime="20210205 15:48:31.671" endtime="20210205 15:48:32.673"></status>
</kw>
<status status="PASS" starttime="20210205 15:48:31.421" endtime="20210205 15:48:32.674"></status>
</kw>
<status status="PASS" starttime="20210205 15:48:31.421" endtime="20210205 15:48:32.674"></status>
</kw>
<status status="PASS" starttime="20210205 15:48:31.420" endtime="20210205 15:48:32.675" critical="yes"></status>
</test>
<test id="s1-s3-t5" name="validate inputs of users username">
<kw name="Run Keyword And Continue On Failure" library="BuiltIn">
<doc>Runs the keyword and continues execution even if a failure occurs.</doc>
<arguments>
<arg>validate inputs of users username</arg>
</arguments>
<kw name="validate inputs of users username" library="userManagementPage">
<kw name="Click Element" library="SeleniumLibrary">
<doc>Click the element identified by ``locator``.</doc>
<arguments>
<arg>${input_username}</arg>
</arguments>
<msg timestamp="20210205 15:48:32.679" level="INFO">Clicking element '//input[@id='username']'.</msg>
<status status="PASS" starttime="20210205 15:48:32.678" endtime="20210205 15:48:32.762"></status>
</kw>
<kw name="Input Text" library="SeleniumLibrary">
<doc>Types the given ``text`` into the text field identified by ``locator``.</doc>
<arguments>
<arg>${input_username}</arg>
<arg>testing1a1</arg>
</arguments>
<msg timestamp="20210205 15:48:32.763" level="INFO">Typing text 'testing1a1' into text field '//input[@id='username']'.</msg>
<status status="PASS" starttime="20210205 15:48:32.763" endtime="20210205 15:48:32.912"></status>
</kw>
<kw name="Sleep" library="BuiltIn">
<doc>Pauses the test executed for the given time.</doc>
<arguments>
<arg>1s</arg>
</arguments>
<msg timestamp="20210205 15:48:33.928" level="INFO">Slept 1 second</msg>
<status status="PASS" starttime="20210205 15:48:32.912" endtime="20210205 15:48:33.929"></status>
</kw>
<status status="PASS" starttime="20210205 15:48:32.678" endtime="20210205 15:48:33.930"></status>
</kw>
<status status="PASS" starttime="20210205 15:48:32.677" endtime="20210205 15:48:33.930"></status>
</kw>
<status status="PASS" starttime="20210205 15:48:32.677" endtime="20210205 15:48:33.931" critical="yes"></status>
</test>
<test id="s1-s3-t6" name="validate inputs of users password">
<kw name="Run Keyword And Continue On Failure" library="BuiltIn">
<doc>Runs the keyword and continues execution even if a failure occurs.</doc>
<arguments>
<arg>validate inputs of users password</arg>
</arguments>
<kw name="validate inputs of users password" library="userManagementPage">
<kw name="Click Element" library="SeleniumLibrary">
<doc>Click the element identified by ``locator``.</doc>
<arguments>
<arg>${input_password}</arg>
</arguments>
<msg timestamp="20210205 15:48:33.939" level="INFO">Clicking element '//input[@id='password']'.</msg>
<status status="PASS" starttime="20210205 15:48:33.938" endtime="20210205 15:48:34.034"></status>
</kw>
<kw name="Input Text" library="SeleniumLibrary">
<doc>Types the given ``text`` into the text field identified by ``locator``.</doc>
<arguments>
<arg>${input_password}</arg>
<arg>testing1a1</arg>
</arguments>
<msg timestamp="20210205 15:48:34.034" level="INFO">Typing text 'testing1a1' into text field '//input[@id='password']'.</msg>
<status status="PASS" starttime="20210205 15:48:34.034" endtime="20210205 15:48:34.168"></status>
</kw>
<kw name="Sleep" library="BuiltIn">
<doc>Pauses the test executed for the given time.</doc>
<arguments>
<arg>1s</arg>
</arguments>
<msg timestamp="20210205 15:48:35.169" level="INFO">Slept 1 second</msg>
<status status="PASS" starttime="20210205 15:48:34.169" endtime="20210205 15:48:35.170"></status>
</kw>
<status status="PASS" starttime="20210205 15:48:33.938" endtime="20210205 15:48:35.170"></status>
</kw>
<status status="PASS" starttime="20210205 15:48:33.938" endtime="20210205 15:48:35.170"></status>
</kw>
<status status="PASS" starttime="20210205 15:48:33.937" endtime="20210205 15:48:35.171" critical="yes"></status>
</test>
<test id="s1-s3-t7" name="validate inputs of users email">
<kw name="Run Keyword And Continue On Failure" library="BuiltIn">
<doc>Runs the keyword and continues execution even if a failure occurs.</doc>
<arguments>
<arg>validate inputs of users email</arg>
</arguments>
<kw name="validate inputs of users email" library="userManagementPage">
<kw name="Click Element" library="SeleniumLibrary">
<doc>Click the element identified by ``locator``.</doc>
<arguments>
<arg>${input_email}</arg>
</arguments>
<msg timestamp="20210205 15:48:35.175" level="INFO">Clicking element '//input[@id='email']'.</msg>
<status status="PASS" starttime="20210205 15:48:35.174" endtime="20210205 15:48:35.264"></status>
</kw>
<kw name="Input Text" library="SeleniumLibrary">
<doc>Types the given ``text`` into the text field identified by ``locator``.</doc>
<arguments>
<arg>${input_email}</arg>
<arg>testing1a1@gmail.com</arg>
</arguments>
<msg timestamp="20210205 15:48:35.265" level="INFO">Typing text 'testing1a1@gmail.com' into text field '//input[@id='email']'.</msg>
<status status="PASS" starttime="20210205 15:48:35.264" endtime="20210205 15:48:35.515"></status>
</kw>
<kw name="Sleep" library="BuiltIn">
<doc>Pauses the test executed for the given time.</doc>
<arguments>
<arg>1s</arg>
</arguments>
<msg timestamp="20210205 15:48:36.516" level="INFO">Slept 1 second</msg>
<status status="PASS" starttime="20210205 15:48:35.515" endtime="20210205 15:48:36.516"></status>
</kw>
<status status="PASS" starttime="20210205 15:48:35.174" endtime="20210205 15:48:36.517"></status>
</kw>
<status status="PASS" starttime="20210205 15:48:35.173" endtime="20210205 15:48:36.517"></status>
</kw>
<status status="PASS" starttime="20210205 15:48:35.172" endtime="20210205 15:48:36.518" critical="yes"></status>
</test>
<test id="s1-s3-t8" name="verify click in input roles">
<kw name="Run Keyword And Continue On Failure" library="BuiltIn">
<doc>Runs the keyword and continues execution even if a failure occurs.</doc>
<arguments>
<arg>verify click in input roles</arg>
</arguments>
<kw name="verify click in input roles" library="userManagementPage">
<kw name="Click Element" library="SeleniumLibrary">
<doc>Click the element identified by ``locator``.</doc>
<arguments>
<arg>${click_role_list}</arg>
</arguments>
<msg timestamp="20210205 15:48:36.524" level="INFO">Clicking element '//mat-select[@id='mat-select-0']'.</msg>
<status status="PASS" starttime="20210205 15:48:36.524" endtime="20210205 15:48:36.636"></status>
</kw>
<kw name="Click Element" library="SeleniumLibrary">
<doc>Click the element identified by ``locator``.</doc>
<arguments>
<arg>${input_role}</arg>
</arguments>
<msg timestamp="20210205 15:48:36.638" level="INFO">Clicking element '//mat-option[@id='role_2']'.</msg>
<status status="PASS" starttime="20210205 15:48:36.637" endtime="20210205 15:48:36.744"></status>
</kw>
<status status="PASS" starttime="20210205 15:48:36.523" endtime="20210205 15:48:36.744"></status>
</kw>
<status status="PASS" starttime="20210205 15:48:36.523" endtime="20210205 15:48:36.744"></status>
</kw>
<status status="PASS" starttime="20210205 15:48:36.522" endtime="20210205 15:48:36.745" critical="yes"></status>
</test>
<test id="s1-s3-t9" name="verify click list and input region">
<kw name="Run Keyword And Continue On Failure" library="BuiltIn">
<doc>Runs the keyword and continues execution even if a failure occurs.</doc>
<arguments>
<arg>verify click list and input region</arg>
</arguments>
<kw name="verify click list and input region" library="userManagementPage">
<kw name="Click Element" library="SeleniumLibrary">
<doc>Click the element identified by ``locator``.</doc>
<arguments>
<arg>${region_list}</arg>
</arguments>
<msg timestamp="20210205 15:48:36.751" level="INFO">Clicking element '//mat-select[@id='mat-select-1']'.</msg>
<status status="PASS" starttime="20210205 15:48:36.750" endtime="20210205 15:48:36.852"></status>
</kw>
<kw name="Click Element" library="SeleniumLibrary">
<doc>Click the element identified by ``locator``.</doc>
<arguments>
<arg>${unclick_input_region_all}</arg>
</arguments>
<msg timestamp="20210205 15:48:36.852" level="INFO">Clicking element '//mat-option[@id='region_0']'.</msg>
<status status="PASS" starttime="20210205 15:48:36.852" endtime="20210205 15:48:36.958"></status>
</kw>
<kw name="Click Element" library="SeleniumLibrary">
<doc>Click the element identified by ``locator``.</doc>
<arguments>
<arg>${unclick_input_region_all}</arg>
</arguments>
<msg timestamp="20210205 15:48:36.959" level="INFO">Clicking element '//mat-option[@id='region_0']'.</msg>
<status status="PASS" starttime="20210205 15:48:36.958" endtime="20210205 15:48:37.053"></status>
</kw>
<kw name="Click Element" library="SeleniumLibrary">
<doc>Click the element identified by ``locator``.</doc>
<arguments>
<arg>${click_input_region_1}</arg>
</arguments>
<msg timestamp="20210205 15:48:37.054" level="INFO">Clicking element '//mat-option[@id='region_0']'.</msg>
<status status="PASS" starttime="20210205 15:48:37.053" endtime="20210205 15:48:37.121"></status>
</kw>
<kw name="Click Element" library="SeleniumLibrary">
<doc>Click the element identified by ``locator``.</doc>
<arguments>
<arg>${click_outside_role}</arg>
</arguments>
<msg timestamp="20210205 15:48:37.121" level="INFO">Clicking element '//div[@class='cdk-overlay-backdrop cdk-overlay-transparent-backdrop cdk-overlay-backdrop-showing']'.</msg>
<status status="PASS" starttime="20210205 15:48:37.121" endtime="20210205 15:48:37.184"></status>
</kw>
<status status="PASS" starttime="20210205 15:48:36.749" endtime="20210205 15:48:37.184"></status>
</kw>
<status status="PASS" starttime="20210205 15:48:36.748" endtime="20210205 15:48:37.184"></status>
</kw>
<status status="PASS" starttime="20210205 15:48:36.747" endtime="20210205 15:48:37.185" critical="yes"></status>
</test>
<test id="s1-s3-t10" name="verify that click in branch list">
<kw name="Run Keyword And Continue On Failure" library="BuiltIn">
<doc>Runs the keyword and continues execution even if a failure occurs.</doc>
<arguments>
<arg>verify that click in branch list</arg>
</arguments>
<kw name="verify that click in branch list" library="userManagementPage">
<kw name="Click Element" library="SeleniumLibrary">
<doc>Click the element identified by ``locator``.</doc>
<arguments>
<arg>${click_branch_list}</arg>
</arguments>
<msg timestamp="20210205 15:48:37.188" level="INFO">Clicking element '//mat-select[@id='mat-select-2']'.</msg>
<status status="PASS" starttime="20210205 15:48:37.188" endtime="20210205 15:48:37.276"></status>
</kw>
<kw name="Click Element" library="SeleniumLibrary">
<doc>Click the element identified by ``locator``.</doc>
<arguments>
<arg>${click_branch}</arg>
</arguments>
<msg timestamp="20210205 15:48:37.276" level="INFO">Clicking element '//perfect-scrollbar//mat-option[@id='branch_1']'.</msg>
<status status="PASS" starttime="20210205 15:48:37.276" endtime="20210205 15:48:37.436"></status>
</kw>
<kw name="Sleep" library="BuiltIn">
<doc>Pauses the test executed for the given time.</doc>
<arguments>
<arg>1s</arg>
</arguments>
<msg timestamp="20210205 15:48:38.439" level="INFO">Slept 1 second</msg>
<status status="PASS" starttime="20210205 15:48:37.436" endtime="20210205 15:48:38.439"></status>
</kw>
<kw name="Click Element" library="SeleniumLibrary">
<doc>Click the element identified by ``locator``.</doc>
<arguments>
<arg>${click_outside_role}</arg>
</arguments>
<msg timestamp="20210205 15:48:38.441" level="INFO">Clicking element '//div[@class='cdk-overlay-backdrop cdk-overlay-transparent-backdrop cdk-overlay-backdrop-showing']'.</msg>
<status status="PASS" starttime="20210205 15:48:38.440" endtime="20210205 15:48:38.508"></status>
</kw>
<kw name="Sleep" library="BuiltIn">
<doc>Pauses the test executed for the given time.</doc>
<arguments>
<arg>2s</arg>
</arguments>
<msg timestamp="20210205 15:48:40.522" level="INFO">Slept 2 seconds</msg>
<status status="PASS" starttime="20210205 15:48:38.508" endtime="20210205 15:48:40.522"></status>
</kw>
<status status="PASS" starttime="20210205 15:48:37.187" endtime="20210205 15:48:40.523"></status>
</kw>
<status status="PASS" starttime="20210205 15:48:37.187" endtime="20210205 15:48:40.523"></status>
</kw>
<status status="PASS" starttime="20210205 15:48:37.186" endtime="20210205 15:48:40.524" critical="yes"></status>
</test>
<test id="s1-s3-t11" name="Click User Add Button">
<kw name="Run Keyword And Continue On Failure" library="BuiltIn">
<doc>Runs the keyword and continues execution even if a failure occurs.</doc>
<arguments>
<arg>Click User Add Button</arg>
</arguments>
<kw name="Click User Add Button" library="userManagementPage">
<kw name="Wait Until Element Is Visible" library="SeleniumLibrary">
<doc>Waits until the element ``locator`` is visible.</doc>
<arguments>
<arg>${add_user_click_button_xpath}</arg>
</arguments>
<status status="PASS" starttime="20210205 15:48:40.527" endtime="20210205 15:48:40.555"></status>
</kw>
<kw name="Click Button" library="SeleniumLibrary">
<doc>Clicks the button identified by ``locator``.</doc>
<arguments>
<arg>${add_user_click_button_xpath}</arg>
</arguments>
<msg timestamp="20210205 15:48:40.556" level="INFO">Clicking button '//button[@id='add_user_btn']'.</msg>
<status status="PASS" starttime="20210205 15:48:40.555" endtime="20210205 15:48:40.688"></status>
</kw>
<kw name="Get Element Count" library="SeleniumLibrary">
<doc>Returns the number of elements matching ``locator``.</doc>
<arguments>
<arg>${notify_xpath}</arg>
</arguments>
<assign>
<var>${count_notify}</var>
</assign>
<msg timestamp="20210205 15:48:40.705" level="INFO">${count_notify} = 0</msg>
<status status="PASS" starttime="20210205 15:48:40.688" endtime="20210205 15:48:40.705"></status>
</kw>
<kw name="Run Keyword If" library="BuiltIn">
<doc>Runs the given keyword with the given arguments, if ``condition`` is true.</doc>
<arguments>
<arg>${count_notify}&gt;0</arg>
<arg>wait until element is not visible</arg>
<arg>${notify_xpath}</arg>
<arg>ELSE</arg>
<arg>click element</arg>
<arg>${close_button}</arg>
</arguments>
<kw name="Click Element" library="SeleniumLibrary">
<doc>Click the element identified by ``locator``.</doc>
<arguments>
<arg>${close_button}</arg>
</arguments>
<msg timestamp="20210205 15:48:40.706" level="INFO">Clicking element '//button[@id='close_btn']'.</msg>
<status status="PASS" starttime="20210205 15:48:40.706" endtime="20210205 15:48:40.882"></status>
</kw>
<status status="PASS" starttime="20210205 15:48:40.705" endtime="20210205 15:48:40.882"></status>
</kw>
<kw name="Sleep" library="BuiltIn">
<doc>Pauses the test executed for the given time.</doc>
<arguments>
<arg>2s</arg>
</arguments>
<msg timestamp="20210205 15:48:42.895" level="INFO">Slept 2 seconds</msg>
<status status="PASS" starttime="20210205 15:48:40.882" endtime="20210205 15:48:42.895"></status>
</kw>
<status status="PASS" starttime="20210205 15:48:40.527" endtime="20210205 15:48:42.895"></status>
</kw>
<status status="PASS" starttime="20210205 15:48:40.526" endtime="20210205 15:48:42.896"></status>
</kw>
<status status="PASS" starttime="20210205 15:48:40.525" endtime="20210205 15:48:42.896" critical="yes"></status>
</test>
<test id="s1-s3-t12" name="Pagination change">
<kw name="Run Keyword And Continue On Failure" library="BuiltIn">
<doc>Runs the keyword and continues execution even if a failure occurs.</doc>
<arguments>
<arg>Pagination change</arg>
</arguments>
<kw name="Pagination change" library="templateButtonPage">
<kw name="Click Element" library="SeleniumLibrary">
<doc>Click the element identified by ``locator``.</doc>
<arguments>
<arg>//div[@class='ant-select-selection__rendered']</arg>
</arguments>
<msg timestamp="20210205 15:48:42.901" level="INFO">Clicking element '//div[@class='ant-select-selection__rendered']'.</msg>
<status status="PASS" starttime="20210205 15:48:42.901" endtime="20210205 15:48:42.988"></status>
</kw>
<kw name="Sleep" library="BuiltIn">
<doc>Pauses the test executed for the given time.</doc>
<arguments>
<arg>1s</arg>
</arguments>
<msg timestamp="20210205 15:48:44.002" level="INFO">Slept 1 second</msg>
<status status="PASS" starttime="20210205 15:48:42.989" endtime="20210205 15:48:44.002"></status>
</kw>
<kw name="Click Element" library="SeleniumLibrary">
<doc>Click the element identified by ``locator``.</doc>
<arguments>
<arg>//li[starts-with(@class,'ant-select-dropdown-menu-item')][last()-1]</arg>
</arguments>
<msg timestamp="20210205 15:48:44.004" level="INFO">Clicking element '//li[starts-with(@class,'ant-select-dropdown-menu-item')][last()-1]'.</msg>
<status status="PASS" starttime="20210205 15:48:44.003" endtime="20210205 15:48:44.234"></status>
</kw>
<kw name="Sleep" library="BuiltIn">
<doc>Pauses the test executed for the given time.</doc>
<arguments>
<arg>1s</arg>
</arguments>
<msg timestamp="20210205 15:48:45.244" level="INFO">Slept 1 second</msg>
<status status="PASS" starttime="20210205 15:48:44.234" endtime="20210205 15:48:45.244"></status>
</kw>
<status status="PASS" starttime="20210205 15:48:42.900" endtime="20210205 15:48:45.245"></status>
</kw>
<status status="PASS" starttime="20210205 15:48:42.900" endtime="20210205 15:48:45.245"></status>
</kw>
<status status="PASS" starttime="20210205 15:48:42.899" endtime="20210205 15:48:45.246" critical="yes"></status>
</test>
<test id="s1-s3-t13" name="Click on User Management">
<kw name="Run Keyword And Continue On Failure" library="BuiltIn">
<doc>Runs the keyword and continues execution even if a failure occurs.</doc>
<arguments>
<arg>Click on User Management</arg>
</arguments>
<kw name="Click on User Management" library="userManagementPage">
<kw name="Wait Until Element Is Visible" library="SeleniumLibrary">
<doc>Waits until the element ``locator`` is visible.</doc>
<arguments>
<arg>${toggle_usermanagement_xpath}</arg>
</arguments>
<status status="PASS" starttime="20210205 15:48:45.253" endtime="20210205 15:48:45.289"></status>
</kw>
<kw name="Click Element" library="SeleniumLibrary">
<doc>Click the element identified by ``locator``.</doc>
<arguments>
<arg>${toggle_usermanagement_xpath}</arg>
</arguments>
<msg timestamp="20210205 15:48:45.290" level="INFO">Clicking element '//li[@id='user']//div'.</msg>
<status status="PASS" starttime="20210205 15:48:45.290" endtime="20210205 15:48:45.354"></status>
</kw>
<kw name="Sleep" library="BuiltIn">
<doc>Pauses the test executed for the given time.</doc>
<arguments>
<arg>3s</arg>
</arguments>
<msg timestamp="20210205 15:48:48.362" level="INFO">Slept 3 seconds</msg>
<status status="PASS" starttime="20210205 15:48:45.354" endtime="20210205 15:48:48.363"></status>
</kw>
<status status="PASS" starttime="20210205 15:48:45.251" endtime="20210205 15:48:48.363"></status>
</kw>
<status status="PASS" starttime="20210205 15:48:45.251" endtime="20210205 15:48:48.363"></status>
</kw>
<status status="PASS" starttime="20210205 15:48:45.248" endtime="20210205 15:48:48.365" critical="yes"></status>
</test>
<doc>this suite verifies User Management page.</doc>
<status status="PASS" starttime="20210205 15:48:22.494" endtime="20210205 15:48:48.373"></status>
</suite>
<suite id="s1-s4" name="T1 verify budget guidelines" source="E:\QAautomation\Budget-Automation\budget_admin\test_suites\T1_verify_budget_guidelines.robot">
<test id="s1-s4-t1" name="Click guidelines">
<kw name="Run Keyword And Continue On Failure" library="BuiltIn">
<doc>Runs the keyword and continues execution even if a failure occurs.</doc>
<arguments>
<arg>Click guidelines</arg>
</arguments>
<kw name="Click guidelines" library="guidelines">
<kw name="Click Element" library="SeleniumLibrary">
<doc>Click the element identified by ``locator``.</doc>
<arguments>
<arg>//a[@id="budget_guideline"]</arg>
</arguments>
<msg timestamp="20210205 15:48:48.406" level="INFO">Clicking element '//a[@id="budget_guideline"]'.</msg>
<status status="PASS" starttime="20210205 15:48:48.405" endtime="20210205 15:48:48.626"></status>
</kw>
<kw name="Sleep" library="BuiltIn">
<doc>Pauses the test executed for the given time.</doc>
<arguments>
<arg>1s</arg>
</arguments>
<msg timestamp="20210205 15:48:49.639" level="INFO">Slept 1 second</msg>
<status status="PASS" starttime="20210205 15:48:48.627" endtime="20210205 15:48:49.639"></status>
</kw>
<kw name="Wait Until Element Is Visible" library="SeleniumLibrary">
<doc>Waits until the element ``locator`` is visible.</doc>
<arguments>
<arg>//mat-card[@class="card card-raised mat-elevation-z9 mat-card"]</arg>
</arguments>
<status status="PASS" starttime="20210205 15:48:49.639" endtime="20210205 15:48:49.665"></status>
</kw>
<status status="PASS" starttime="20210205 15:48:48.404" endtime="20210205 15:48:49.665"></status>
</kw>
<status status="PASS" starttime="20210205 15:48:48.404" endtime="20210205 15:48:49.665"></status>
</kw>
<status status="PASS" starttime="20210205 15:48:48.403" endtime="20210205 15:48:49.666" critical="yes"></status>
</test>
<test id="s1-s4-t2" name="Add guideline">
<kw name="Run Keyword And Continue On Failure" library="BuiltIn">
<doc>Runs the keyword and continues execution even if a failure occurs.</doc>
<arguments>
<arg>Add guideline</arg>
</arguments>
<kw name="Add guideline" library="guidelines">
<kw name="Click Button" library="SeleniumLibrary">
<doc>Clicks the button identified by ``locator``.</doc>
<arguments>
<arg>css=app-root.ng-star-inserted:nth-child(2) nz-layout.app-layout.ant-layout.ant-layout-has-sider nz-layout.ant-layout nz-content.ant-layout-content div.inner-content app-guideline.ng-star-inserted:nth-child(2) div:nth-child(1) mat-card.card.card-raised.mat-elevation-z9.mat-card mat-card-content.row.mat-card-content div:nth-child(1) &gt; button.mat-raised-button.mat-button-base.mat-accent:nth-child(4)</arg>
</arguments>
<msg timestamp="20210205 15:48:49.671" level="INFO">Clicking button 'css=app-root.ng-star-inserted:nth-child(2) nz-layout.app-layout.ant-layout.ant-layout-has-sider nz-layout.ant-layout nz-content.ant-layout-content div.inner-content app-guideline.ng-star-inserted:nth-child(2) div:nth-child(1) mat-card.card.card-raised.mat-elevation-z9.mat-card mat-card-content.row.mat-card-content div:nth-child(1) &gt; button.mat-raised-button.mat-button-base.mat-accent:nth-child(4)'.</msg>
<status status="PASS" starttime="20210205 15:48:49.670" endtime="20210205 15:48:49.876"></status>
</kw>
<kw name="Sleep" library="BuiltIn">
<doc>Pauses the test executed for the given time.</doc>
<arguments>
<arg>1s</arg>
</arguments>
<msg timestamp="20210205 15:48:50.888" level="INFO">Slept 1 second</msg>
<status status="PASS" starttime="20210205 15:48:49.876" endtime="20210205 15:48:50.888"></status>
</kw>
<status status="PASS" starttime="20210205 15:48:49.669" endtime="20210205 15:48:50.888"></status>
</kw>
<status status="PASS" starttime="20210205 15:48:49.669" endtime="20210205 15:48:50.888"></status>
</kw>
<status status="PASS" starttime="20210205 15:48:49.668" endtime="20210205 15:48:50.889" critical="yes"></status>
</test>
<test id="s1-s4-t3" name="Input name and value">
<kw name="Run Keyword And Continue On Failure" library="BuiltIn">
<doc>Runs the keyword and continues execution even if a failure occurs.</doc>
<arguments>
<arg>Input name and value</arg>
</arguments>
<kw name="Input name and value" library="guidelines">
<kw name="Input Text" library="SeleniumLibrary">
<doc>Types the given ``text`` into the text field identified by ``locator``.</doc>
<arguments>
<arg>//mat-dialog-container/app-guideline-parent/form/mat-card/div/mat-form-field/div/div[1]/div/label/input</arg>
<arg>test12</arg>
</arguments>
<msg timestamp="20210205 15:48:50.893" level="INFO">Typing text 'test12' into text field '//mat-dialog-container/app-guideline-parent/form/mat-card/div/mat-form-field/div/div[1]/div/label/input'.</msg>
<status status="PASS" starttime="20210205 15:48:50.893" endtime="20210205 15:48:51.067"></status>
</kw>
<kw name="Input Text" library="SeleniumLibrary">
<doc>Types the given ``text`` into the text field identified by ``locator``.</doc>
<arguments>
<arg>//mat-card/mat-card-content/div/mat-form-field[1]/div/div[1]/div/label/input[@placeholder="Name"][1]</arg>
<arg>t1</arg>
</arguments>
<msg timestamp="20210205 15:48:51.067" level="INFO">Typing text 't1' into text field '//mat-card/mat-card-content/div/mat-form-field[1]/div/div[1]/div/label/input[@placeholder="Name"][1]'.</msg>
<status status="PASS" starttime="20210205 15:48:51.067" endtime="20210205 15:48:51.179"></status>
</kw>
<kw name="Input Text" library="SeleniumLibrary">
<doc>Types the given ``text`` into the text field identified by ``locator``.</doc>
<arguments>
<arg>//mat-card/mat-card-content/div[1]/mat-form-field[2]/div/div[1]/div/label/input[@placeholder="Value"][1]</arg>
<arg>12</arg>
</arguments>
<msg timestamp="20210205 15:48:51.179" level="INFO">Typing text '12' into text field '//mat-card/mat-card-content/div[1]/mat-form-field[2]/div/div[1]/div/label/input[@placeholder="Value"][1]'.</msg>
<status status="PASS" starttime="20210205 15:48:51.179" endtime="20210205 15:48:51.296"></status>
</kw>
<kw name="Sleep" library="BuiltIn">
<doc>Pauses the test executed for the given time.</doc>
<arguments>
<arg>1s</arg>
</arguments>
<msg timestamp="20210205 15:48:52.301" level="INFO">Slept 1 second</msg>
<status status="PASS" starttime="20210205 15:48:51.297" endtime="20210205 15:48:52.301"></status>
</kw>
<status status="PASS" starttime="20210205 15:48:50.892" endtime="20210205 15:48:52.302"></status>
</kw>
<status status="PASS" starttime="20210205 15:48:50.892" endtime="20210205 15:48:52.302"></status>
</kw>
<status status="PASS" starttime="20210205 15:48:50.891" endtime="20210205 15:48:52.302" critical="yes"></status>
</test>
<test id="s1-s4-t4" name="click add items in guidelines">
<kw name="Run Keyword And Continue On Failure" library="BuiltIn">
<doc>Runs the keyword and continues execution even if a failure occurs.</doc>
<arguments>
<arg>click add items in guidelines</arg>
</arguments>
<kw name="click add items in guidelines" library="guidelines">
<kw name="Click Button" library="SeleniumLibrary">
<doc>Clicks the button identified by ``locator``.</doc>
<arguments>
<arg>//mat-dialog-container/app-guideline-parent/form/mat-card/mat-card-content/button</arg>
</arguments>
<msg timestamp="20210205 15:48:52.307" level="INFO">Clicking button '//mat-dialog-container/app-guideline-parent/form/mat-card/mat-card-content/button'.</msg>
<status status="PASS" starttime="20210205 15:48:52.307" endtime="20210205 15:48:52.434"></status>
</kw>
<kw name="Input Text" library="SeleniumLibrary">
<doc>Types the given ``text`` into the text field identified by ``locator``.</doc>
<arguments>
<arg>//mat-card/mat-card-content/div[2]/mat-form-field[1]/div/div[1]/div/label/input[@placeholder="Name"][1]</arg>
<arg>t2</arg>
</arguments>
<msg timestamp="20210205 15:48:52.435" level="INFO">Typing text 't2' into text field '//mat-card/mat-card-content/div[2]/mat-form-field[1]/div/div[1]/div/label/input[@placeholder="Name"][1]'.</msg>
<status status="PASS" starttime="20210205 15:48:52.434" endtime="20210205 15:48:52.605"></status>
</kw>
<kw name="Input Text" library="SeleniumLibrary">
<doc>Types the given ``text`` into the text field identified by ``locator``.</doc>
<arguments>
<arg>//mat-card/mat-card-content/div[2]/mat-form-field[2]/div/div[1]/div/label/input[@placeholder="Value"][1]</arg>
<arg>10</arg>
</arguments>
<msg timestamp="20210205 15:48:52.606" level="INFO">Typing text '10' into text field '//mat-card/mat-card-content/div[2]/mat-form-field[2]/div/div[1]/div/label/input[@placeholder="Value"][1]'.</msg>
<status status="PASS" starttime="20210205 15:48:52.605" endtime="20210205 15:48:52.792"></status>
</kw>
<kw name="Sleep" library="BuiltIn">
<doc>Pauses the test executed for the given time.</doc>
<arguments>
<arg>1s</arg>
</arguments>
<msg timestamp="20210205 15:48:53.798" level="INFO">Slept 1 second</msg>
<status status="PASS" starttime="20210205 15:48:52.792" endtime="20210205 15:48:53.798"></status>
</kw>
<status status="PASS" starttime="20210205 15:48:52.306" endtime="20210205 15:48:53.799"></status>
</kw>
<status status="PASS" starttime="20210205 15:48:52.306" endtime="20210205 15:48:53.799"></status>
</kw>
<status status="PASS" starttime="20210205 15:48:52.305" endtime="20210205 15:48:53.800" critical="yes"></status>
</test>
<test id="s1-s4-t5" name="click close guidelines button">
<kw name="Run Keyword And Continue On Failure" library="BuiltIn">
<doc>Runs the keyword and continues execution even if a failure occurs.</doc>
<arguments>
<arg>click close guidelines button</arg>
</arguments>
<kw name="click close guidelines button" library="guidelines">
<kw name="Sleep" library="BuiltIn">
<doc>Pauses the test executed for the given time.</doc>
<arguments>
<arg>2s</arg>
</arguments>
<msg timestamp="20210205 15:48:55.813" level="INFO">Slept 2 seconds</msg>
<status status="PASS" starttime="20210205 15:48:53.805" endtime="20210205 15:48:55.814"></status>
</kw>
<kw name="Click Button" library="SeleniumLibrary">
<doc>Clicks the button identified by ``locator``.</doc>
<arguments>
<arg>//mat-dialog-container/app-guideline-parent/form/mat-card/div/button[2]</arg>
</arguments>
<msg timestamp="20210205 15:48:55.815" level="INFO">Clicking button '//mat-dialog-container/app-guideline-parent/form/mat-card/div/button[2]'.</msg>
<status status="PASS" starttime="20210205 15:48:55.814" endtime="20210205 15:48:55.970"></status>
</kw>
<status status="PASS" starttime="20210205 15:48:53.804" endtime="20210205 15:48:55.970"></status>
</kw>
<status status="PASS" starttime="20210205 15:48:53.804" endtime="20210205 15:48:55.970"></status>
</kw>
<status status="PASS" starttime="20210205 15:48:53.803" endtime="20210205 15:48:55.971" critical="yes"></status>
</test>
<doc>this suite verifies Guidelines page.</doc>
<status status="PASS" starttime="20210205 15:48:48.390" endtime="20210205 15:48:55.973"></status>
</suite>
<suite id="s1-s5" name="T1 verify capex prebudget" source="E:\QAautomation\Budget-Automation\budget_admin\test_suites\T1_verify_capex_prebudget.robot">
<test id="s1-s5-t1" name="Verify Capex Prebudget">
<kw name="Run Keyword And Continue On Failure" library="BuiltIn">
<doc>Runs the keyword and continues execution even if a failure occurs.</doc>
<arguments>
<arg>Click on Prebudget menu</arg>
</arguments>
<kw name="Click on Prebudget menu" library="navigateSidebar">
<kw name="Wait Until Element Is Visible" library="SeleniumLibrary">
<doc>Waits until the element ``locator`` is visible.</doc>
<arguments>
<arg>xpath=//li[@id="${menu_prebudget_xpath}"]//span</arg>
</arguments>
<status status="PASS" starttime="20210205 15:48:56.024" endtime="20210205 15:48:56.107"></status>
</kw>
<kw name="Click Element" library="SeleniumLibrary">
<doc>Click the element identified by ``locator``.</doc>
<arguments>
<arg>xpath=//li[@id="${menu_prebudget_xpath}"]//span</arg>
</arguments>
<msg timestamp="20210205 15:48:56.107" level="INFO">Clicking element 'xpath=//li[@id="prebudget"]//span'.</msg>
<status status="PASS" starttime="20210205 15:48:56.107" endtime="20210205 15:48:56.179"></status>
</kw>
<kw name="Sleep" library="BuiltIn">
<doc>Pauses the test executed for the given time.</doc>
<arguments>
<arg>2s</arg>
</arguments>
<msg timestamp="20210205 15:48:58.188" level="INFO">Slept 2 seconds</msg>
<status status="PASS" starttime="20210205 15:48:56.179" endtime="20210205 15:48:58.188"></status>
</kw>
<status status="PASS" starttime="20210205 15:48:56.023" endtime="20210205 15:48:58.189"></status>
</kw>
<status status="PASS" starttime="20210205 15:48:56.021" endtime="20210205 15:48:58.189"></status>
</kw>
<kw name="Run Keyword And Continue On Failure" library="BuiltIn">
<doc>Runs the keyword and continues execution even if a failure occurs.</doc>
<arguments>
<arg>Click Capex Prebudget Sidebar</arg>
</arguments>
<kw name="Click Capex Prebudget Sidebar" library="capexPrebudget">
<kw name="Wait Until Element Is Visible" library="SeleniumLibrary">
<doc>Waits until the element ``locator`` is visible.</doc>
<arguments>
<arg>xpath=//a[@id='${menu_name_xpath}_3']</arg>
<arg>timeout=5s</arg>
</arguments>
<status status="PASS" starttime="20210205 15:48:58.194" endtime="20210205 15:48:58.223"></status>
</kw>
<kw name="Click Element" library="SeleniumLibrary">
<doc>Click the element identified by ``locator``.</doc>
<arguments>
<arg>xpath=//a[@id='${menu_name_xpath}_3']</arg>
</arguments>
<msg timestamp="20210205 15:48:58.223" level="INFO">Clicking element 'xpath=//a[@id='prebudget_3']'.</msg>
<status status="PASS" starttime="20210205 15:48:58.223" endtime="20210205 15:48:58.631"></status>
</kw>
<kw name="Sleep" library="BuiltIn">
<doc>Pauses the test executed for the given time.</doc>
<arguments>
<arg>2s</arg>
</arguments>
<msg timestamp="20210205 15:49:00.634" level="INFO">Slept 2 seconds</msg>
<status status="PASS" starttime="20210205 15:48:58.631" endtime="20210205 15:49:00.634"></status>
</kw>
<status status="PASS" starttime="20210205 15:48:58.193" endtime="20210205 15:49:00.635"></status>
</kw>
<status status="PASS" starttime="20210205 15:48:58.191" endtime="20210205 15:49:00.635"></status>
</kw>
<status status="PASS" starttime="20210205 15:48:56.017" endtime="20210205 15:49:00.635" critical="yes"></status>
</test>
<test id="s1-s5-t2" name="Test api">
<kw name="Compare capex Land month1" library="commonApiKeywords">
<kw name="Compare capex Land data" library="commonApiKeywords">
<assign>
<var>${capex}</var>
</assign>
<kw name="Create Session" library="RequestsLibrary">
<doc>Create Session: create a HTTP session to a server</doc>
<arguments>
<arg>sessionstest</arg>
<arg>${base_url}</arg>
<arg>verify=FALSE</arg>
</arguments>
<msg timestamp="20210205 15:49:00.640" level="INFO">Creating Session using : alias=sessionstest, url=https://10.13.189.56:8443/budget, headers={},                     cookies={}, auth=None, timeout=None, proxies=None, verify=False,                     debug=0 </msg>
<status status="PASS" starttime="20210205 15:49:00.638" endtime="20210205 15:49:00.640"></status>
</kw>
<kw name="Create Dictionary" library="BuiltIn">
<doc>Creates and returns a dictionary based on the given ``items``.</doc>
<arguments>
<arg>Cookie=JSESSIONID=3388648A676CDB26EFAE26707056EA55</arg>
</arguments>
<assign>
<var>&amp;{headers}</var>
</assign>
<msg timestamp="20210205 15:49:00.642" level="INFO">&amp;{headers} = { Cookie=JSESSIONID=3388648A676CDB26EFAE26707056EA55 }</msg>
<status status="PASS" starttime="20210205 15:49:00.640" endtime="20210205 15:49:00.642"></status>
</kw>
<kw name="Get Request" library="RequestsLibrary">
<doc>Send a GET request on the session object found using the
given `alias`</doc>
<arguments>
<arg>sessionstest</arg>
<arg>/api/budgets/budgetbyBranch/999/1</arg>
<arg>data=None</arg>
<arg>headers=${headers}</arg>
</arguments>
<assign>
<var>${response}</var>
</assign>
<msg timestamp="20210205 15:49:01.490" level="INFO">GET Request : url=https://10.13.189.56:8443/budget/api/budgets/budgetbyBranch/999/1 
 path_url=/budget/api/budgets/budgetbyBranch/999/1 
 headers={'User-Agent': 'python-requests/2.25.0', 'Accept-Encoding': 'gzip, deflate', 'Accept': '*/*', 'Connection': 'keep-alive', 'Cookie': 'JSESSIONID=3388648A676CDB26EFAE26707056EA55'} 
 body=None 
 </msg>
<msg timestamp="20210205 15:49:01.495" level="INFO">GET Response : url=https://10.13.189.56:8443/budget/api/budgets/budgetbyBranch/999/1 
 status=200, reason= 
 body=[{"remaining_value":0.0,"quarter_2":1.87775E7,"monthly_id":4393,"quarter_1":1.87775E7,"act_unt_count":0.0,"description":"N/A","status_id":1,"target_value":0.0,"month_7_rate":0.0,"is_intertemplate":0,"is_number_base":false,"account_category_id":386,"curr_bud_var":147159800890.14,"this_year_ytd_count":0.0,"this_year_budget_count":0.0,"lst_yr_curr_mth_ytd_unt_count":0.0,"growth_rate":-97.34,"month_4":4.2905041265288E9,"lst_yr_curr_mth_wght_avg_rate":0.00,"quarter_4_amount":0.0,"branch_id":999,"budget_rate":0.0,"lst_mth_ytd_unt_count":0.0,"month_6_rate":0.0,"this_yr_curr_wght_avg_rate":0.00,"month_11_rate":0.0,"month_9_rate":0.0,"forcasted_year_count":0.0,"cy_fees":0.0,"quarter_4":1.87775E7,"quarter_2_amount":0.0,"has_exception":1,"quarter_3":1.87775E7,"id":9253,"weighted_avg_rate":0.0,"month_9_amount":0.0,"end_date":null,"month_3":4.1381173086845E9,"month_2":3.4876784793457E9,"curr_mth_ytd_var":0.00,"mth_ytd":156390230876.46,"exp_list":"[{\"eid\":1,\"ecode\":\"BLY\",\"ename\":\"Budget Less Than Last Year\"}]","remarks":"test","start_date":null,"curr_this_yr_mth_bud_var":0.00,"month_6":4.5914786741892E9,"month_5_rate":0.0,"month_8_rate":0.0,"month_10_rate":0.0,"created_date":"2020-01-21T07:53:16.000+0000","month_2_rate":0.0,"budget_period":10,"month_5":4.4416210542244E9,"lst_mth_act":0.00,"mth_ytd_lst_yr_mth_ytd_var":0.00,"is_editable":1,"actual_value":5.538570527578754E9,"name":"Assets","month_2_amount":0.0,"lst_mth_ytd":0.00,"month_7":4.7400974806543E9,"spended_budget":0,"modified_by":null,"month_6_amount":0.0,"quarter_1_amount":0.0,"this_yr_curr_bud_unt_count":0.0,"template_id":1,"month_1":2.7199732774915E9,"month_10_amount":0.0,"lst_yr_curr_mth_ytd":0.00,"is_computational":0,"lst_mth_act_unt":0.0,"month_10":5.1785246539499E9,"month_8":4.8874578803988E9,"this_yr_curr_mth_bud":9230429986.32,"month_9":5.0336001934789E9,"ytd_unt_count":0.00,"mth_ytd_this_yr_mth_bud_var":0.00,"month_1_rate":0.0,"ytd_unt_this_yr_mth_bud_unt_var":0.0,"forcasted_year":2.0852030783791132E11,"curr_unt_lst_mth_unt_var":0.0,"lst_yr_curr_mth_act":0.00,"curr_unt_lst_yr_mth_ytd_unt_var":0.0,"curr_lst_mth_var":156390230876.46,"modified_date":null,"created_by":null,"mth_act":156390230876.46,"month_11_amount":0.0,"month_3_rate":0.0,"lst_yr_curr_mth_act_unt_count":0.0,"mth_bud_unt_count":0.0,"month_3_amount":0.0,"parent_id":0,"month_1_amount":0.0,"curr_lst_yr_mth_var":156390230876.46,"month_5_amount":0.0,"measure_id":1,"month_7_amount":0.0,"month_8_amount":0.0,"curr_unt_ytd_unt_var":0.0,"carried_over_budget":0.0,"this_year_budget":1.56390230876461E11,"mth_bud":9230429986.32,"cat_item_id":"386","account_item_id":null,"suggested_rate":0.0,"month_11":5.3222414105836E9,"month_4_rate":0.0,"budget_id":9253,"suggested_actual_value":0.0,"curr_unt_this_yr_mth_bud_unt_var":0.0,"month_12":5.4647605275788E9,"quarter_3_amount":0.0,"month_12_rate":0.0,"month_4_amount":0.0,"this_year_ytd":1.56390230876461E11,"month_12_amount":0.0,"budget_amount":0.0},{"remaining_value":0.0,"month_11":5.3209414105836E9,"act_unt_count":0.0,"description":"N/A","status_id":1,"this_year_budget":1.88266407879E9,"quarter_4":0.0,"target_value":0.0,"month_7_rate":0.0,"quarter_3":0.0,"is_intertemplate":0,"is_number_base":false,"this_year_ytd_count":0.0,"this_year_budget_count":0.0,"lst_yr_curr_mth_ytd_unt_count":0.0,"this_year_ytd":1.88266407879E9,"curr_bud_var":1595154077.79,"month_12":5.4634605275788E9,"month_5":4.4403210542244E9,"quarter_2":0.0,"quarter_1":0.0,"month_6":4.5901786741892E9,"lst_yr_curr_mth_wght_avg_rate":0.00,"quarter_4_amount":0.0,"branch_id":999,"budget_rate":0.0,"parent_id":386,"lst_mth_ytd_unt_count":0.0,"month_6_rate":0.0,"this_yr_curr_wght_avg_rate":0.00,"month_11_rate":0.0,"month_9_rate":0.0,"forcasted_year_count":0.0,"cy_fees":0.0,"quarter_2_amount":0.0,"has_exception":0,"weighted_avg_rate":0.0,"month_9_amount":0.0,"end_date":null,"month_10":5.1772246539499E9,"month_8":4.8861578803988E9,"curr_mth_ytd_var":0.00,"month_4":4.2892041265288E9,"id":9281,"start_date":null,"curr_this_yr_mth_bud_var":0.00,"month_5_rate":0.0,"month_8_rate":0.0,"month_10_rate":0.0,"created_date":"2020-01-21T07:53:16.000+0000","month_2_rate":0.0,"budget_period":10,"account_category_id":1521,"lst_mth_act":0.00,"mth_ytd_lst_yr_mth_ytd_var":0.00,"is_editable":1,"month_1":2.6591732774915E9,"monthly_id":4421,"month_2_amount":0.0,"lst_mth_ytd":0.00,"mth_ytd":1882664078.79,"spended_budget":0,"modified_by":null,"month_6_amount":0.0,"quarter_1_amount":0.0,"this_yr_curr_bud_unt_count":0.0,"template_id":1,"month_10_amount":0.0,"lst_yr_curr_mth_ytd":0.00,"is_computational":0,"lst_mth_act_unt":0.0,"budget_id":9281,"curr_lst_mth_var":1882664078.79,"mth_act":1882664078.79,"mth_bud":287510001.00,"ytd_unt_count":0.00,"mth_ytd_this_yr_mth_bud_var":0.00,"month_1_rate":0.0,"curr_lst_yr_mth_var":1882664078.79,"ytd_unt_this_yr_mth_bud_unt_var":0.0,"curr_unt_lst_mth_unt_var":0.0,"lst_yr_curr_mth_act":0.00,"curr_unt_lst_yr_mth_ytd_unt_var":0.0,"modified_date":null,"created_by":null,"month_11_amount":0.0,"month_3_rate":0.0,"lst_yr_curr_mth_act_unt_count":0.0,"mth_bud_unt_count":0.0,"month_3_amount":0.0,"month_1_amount":0.0,"month_7":4.7387874806543E9,"month_5_amount":0.0,"measure_id":1,"month_2":3.4863784793457E9,"month_7_amount":0.0,"month_8_amount":0.0,"curr_unt_ytd_unt_var":0.0,"carried_over_budget":0.0,"month_3":4.1368173086845E9,"exp_list":null,"actual_value":5.463460527578754E9,"cat_item_id":"1521","remarks":"-","this_yr_curr_mth_bud":287510001.00,"growth_rate":117.65,"month_9":5.0323001934789E9,"account_item_id":null,"suggested_rate":0.0,"month_4_rate":0.0,"forcasted_year":2.510218771420001E9,"suggested_actual_value":0.0,"curr_unt_this_yr_mth_bud_unt_var":0.0,"quarter_3_amount":0.0,"name":"Property And Equipment","month_12_rate":0.0,"month_4_amount":0.0,"month_12_amount":0.0,"budget_amount":0.0},{"remaining_value":0.0,"this_year_budget":2.4481165906E8,"act_unt_count":0.0,"description":"N/A","status_id":1,"quarter_4":0.0,"is_intertemplate":1,"target_value":0.0,"month_7_rate":0.0,"quarter_3":0.0,"is_number_base":false,"month_6":3.181468914624E8,"cat_item_id":"63","this_year_ytd_count":0.0,"month_8":3.141700826388E8,"this_year_budget_count":0.0,"lst_yr_curr_mth_ytd_unt_count":0.0,"quarter_2":0.0,"quarter_1":0.0,"lst_yr_curr_mth_wght_avg_rate":0.00,"this_year_ytd":2.4481165906E8,"quarter_4_amount":0.0,"branch_id":999,"budget_rate":0.0,"lst_mth_ytd_unt_count":0.0,"month_6_rate":0.0,"this_yr_curr_wght_avg_rate":0.00,"month_11_rate":0.0,"month_9_rate":0.0,"forcasted_year_count":0.0,"cy_fees":0.0,"quarter_2_amount":0.0,"has_exception":1,"weighted_avg_rate":0.0,"month_9_amount":0.0,"end_date":null,"parent_id":1521,"forcasted_year":3.26415545413333E8,"curr_mth_ytd_var":0.00,"id":9282,"month_7":3.161501673669E8,"start_date":null,"curr_this_yr_mth_bud_var":0.00,"month_5_rate":0.0,"month_8_rate":0.0,"month_10_rate":0.0,"created_date":"2020-01-21T07:53:16.000+0000","curr_lst_yr_mth_var":244811659.06,"month_2_rate":0.0,"budget_period":10,"lst_mth_act":0.00,"is_editable":0,"mth_ytd_lst_yr_mth_ytd_var":0.00,"monthly_id":4422,"month_2_amount":0.0,"lst_mth_ytd":0.00,"mth_act":244811659.06,"curr_lst_mth_var":244811659.06,"spended_budget":0,"modified_by":null,"month_6_amount":0.0,"quarter_1_amount":0.0,"this_yr_curr_bud_unt_count":0.0,"template_id":1,"month_10_amount":0.0,"lst_yr_curr_mth_ytd":0.00,"is_computational":0,"month_4":3.221908182373E8,"lst_mth_act_unt":0.0,"budget_id":9282,"month_2":3.24562995736E8,"month_10":3.10259277795E8,"mth_ytd":244811659.06,"ytd_unt_count":0.00,"mth_ytd_this_yr_mth_bud_var":0.00,"name":"Land","actual_value":3.0641338144829065E8,"month_1_rate":0.0,"month_5":3.20160394752E8,"ytd_unt_this_yr_mth_bud_unt_var":0.0,"account_category_id":63,"curr_unt_lst_mth_unt_var":0.0,"lst_yr_curr_mth_act":0.00,"curr_unt_lst_yr_mth_ytd_unt_var":0.0,"modified_date":null,"created_by":null,"mth_bud":88000000.00,"month_11_amount":0.0,"month_3_rate":0.0,"lst_yr_curr_mth_act_unt_count":0.0,"mth_bud_unt_count":0.0,"month_3_amount":0.0,"month_1_amount":0.0,"month_5_amount":0.0,"measure_id":1,"growth_rate":-6.13,"month_7_amount":0.0,"month_8_amount":0.0,"curr_unt_ytd_unt_var":0.0,"carried_over_budget":0.0,"month_12":3.064133814483E8,"remarks":"-","curr_bud_var":156811659.06,"account_item_id":null,"suggested_rate":0.0,"month_4_rate":0.0,"exp_list":"[{\"eid\":13,\"ecode\":\"TGB\",\"ename\":\"Growth Rate Between - 5 And -10\"},{\"eid\":1,\"ecode\":\"BLY\",\"ename\":\"Budget Less Than Last Year\"}]","month_9":3.122064986168E8,"suggested_actual_value":0.0,"curr_unt_this_yr_mth_bud_unt_var":0.0,"month_3":3.242383041049E8,"this_yr_curr_mth_bud":88000000.00,"month_11":3.083282838134E8,"quarter_3_amount":0.0,"month_12_rate":0.0,"month_4_amount":0.0,"month_1":3.242904158682E8,"month_12_amount":0.0,"budget_amount":0.0},{"remaining_value":0.0,"month_3":9.86692991296E7,"month_6":9.91438400821E7,"month_1":9.22043222559E7,"act_unt_count":0.0,"description":"N/A","status_id":1,"mth_bud":1.00,"quarter_4":0.0,"is_intertemplate":1,"target_value":0.0,"month_7_rate":0.0,"quarter_3":0.0,"is_number_base":false,"cat_item_id":"64","month_4":9.88288049701E7,"month_10":9.97583109647E7,"month_2":9.58984529038E7,"this_year_ytd_count":0.0,"forcasted_year":9.2079148493333E7,"this_year_budget_count":0.0,"lst_yr_curr_mth_ytd_unt_count":0.0,"actual_value":1.0005791885915317E8,"quarter_2":0.0,"quarter_1":0.0,"lst_yr_curr_mth_wght_avg_rate":0.00,"quarter_4_amount":0.0,"branch_id":999,"budget_rate":0.0,"lst_mth_ytd_unt_count":0.0,"month_6_rate":0.0,"this_yr_curr_wght_avg_rate":0.00,"month_11_rate":0.0,"month_9_rate":0.0,"forcasted_year_count":0.0,"cy_fees":0.0,"quarter_2_amount":0.0,"has_exception":1,"weighted_avg_rate":0.0,"month_9_amount":0.0,"end_date":null,"this_year_budget":6.905936137E7,"parent_id":1521,"curr_mth_ytd_var":0.00,"month_5":9.89869815954E7,"this_yr_curr_mth_bud":1.00,"id":9283,"name":"Buildings","month_11":9.99087417067E7,"start_date":null,"month_8":9.94536464863E7,"curr_this_yr_mth_bud_var":0.00,"month_5_rate":0.0,"month_8_rate":0.0,"month... (set the log level to DEBUG or TRACE to see the full content) 
 </msg>
<msg timestamp="20210205 15:49:01.495" level="INFO">e:\python\lib\site-packages\urllib3\connectionpool.py:1020: InsecureRequestWarning: Unverified HTTPS request is being made to host '10.13.189.56'. Adding certificate verification is strongly advised. See: https://urllib3.readthedocs.io/en/latest/advanced-usage.html#ssl-warnings
  InsecureRequestWarning,</msg>
<msg timestamp="20210205 15:49:01.495" level="INFO">${response} = &lt;Response [200]&gt;</msg>
<status status="PASS" starttime="20210205 15:49:00.643" endtime="20210205 15:49:01.495"></status>
</kw>
<kw name="To Json" library="RequestsLibrary">
<doc>Convert a string to a JSON object</doc>
<arguments>
<arg>${response.text}</arg>
</arguments>
<assign>
<var>${responseJSON}</var>
</assign>
<msg timestamp="20210205 15:49:01.506" level="INFO">To JSON using : content=[{"remaining_value":0.0,"quarter_2":1.87775E7,"monthly_id":4393,"quarter_1":1.87775E7,"act_unt_count":0.0,"description":"N/A","status_id":1,"target_value":0.0,"month_7_rate":0.0,"is_intertemplate":0,"is_number_base":false,"account_category_id":386,"curr_bud_var":147159800890.14,"this_year_ytd_count":0.0,"this_year_budget_count":0.0,"lst_yr_curr_mth_ytd_unt_count":0.0,"growth_rate":-97.34,"month_4":4.2905041265288E9,"lst_yr_curr_mth_wght_avg_rate":0.00,"quarter_4_amount":0.0,"branch_id":999,"budget_rate":0.0,"lst_mth_ytd_unt_count":0.0,"month_6_rate":0.0,"this_yr_curr_wght_avg_rate":0.00,"month_11_rate":0.0,"month_9_rate":0.0,"forcasted_year_count":0.0,"cy_fees":0.0,"quarter_4":1.87775E7,"quarter_2_amount":0.0,"has_exception":1,"quarter_3":1.87775E7,"id":9253,"weighted_avg_rate":0.0,"month_9_amount":0.0,"end_date":null,"month_3":4.1381173086845E9,"month_2":3.4876784793457E9,"curr_mth_ytd_var":0.00,"mth_ytd":156390230876.46,"exp_list":"[{\"eid\":1,\"ecode\":\"BLY\",\"ename\":\"Budget Less Than Last Year\"}]","remarks":"test","start_date":null,"curr_this_yr_mth_bud_var":0.00,"month_6":4.5914786741892E9,"month_5_rate":0.0,"month_8_rate":0.0,"month_10_rate":0.0,"created_date":"2020-01-21T07:53:16.000+0000","month_2_rate":0.0,"budget_period":10,"month_5":4.4416210542244E9,"lst_mth_act":0.00,"mth_ytd_lst_yr_mth_ytd_var":0.00,"is_editable":1,"actual_value":5.538570527578754E9,"name":"Assets","month_2_amount":0.0,"lst_mth_ytd":0.00,"month_7":4.7400974806543E9,"spended_budget":0,"modified_by":null,"month_6_amount":0.0,"quarter_1_amount":0.0,"this_yr_curr_bud_unt_count":0.0,"template_id":1,"month_1":2.7199732774915E9,"month_10_amount":0.0,"lst_yr_curr_mth_ytd":0.00,"is_computational":0,"lst_mth_act_unt":0.0,"month_10":5.1785246539499E9,"month_8":4.8874578803988E9,"this_yr_curr_mth_bud":9230429986.32,"month_9":5.0336001934789E9,"ytd_unt_count":0.00,"mth_ytd_this_yr_mth_bud_var":0.00,"month_1_rate":0.0,"ytd_unt_this_yr_mth_bud_unt_var":0.0,"forcasted_year":2.0852030783791132E11,"curr_unt_lst_mth_unt_var":0.0,"lst_yr_curr_mth_act":0.00,"curr_unt_lst_yr_mth_ytd_unt_var":0.0,"curr_lst_mth_var":156390230876.46,"modified_date":null,"created_by":null,"mth_act":156390230876.46,"month_11_amount":0.0,"month_3_rate":0.0,"lst_yr_curr_mth_act_unt_count":0.0,"mth_bud_unt_count":0.0,"month_3_amount":0.0,"parent_id":0,"month_1_amount":0.0,"curr_lst_yr_mth_var":156390230876.46,"month_5_amount":0.0,"measure_id":1,"month_7_amount":0.0,"month_8_amount":0.0,"curr_unt_ytd_unt_var":0.0,"carried_over_budget":0.0,"this_year_budget":1.56390230876461E11,"mth_bud":9230429986.32,"cat_item_id":"386","account_item_id":null,"suggested_rate":0.0,"month_11":5.3222414105836E9,"month_4_rate":0.0,"budget_id":9253,"suggested_actual_value":0.0,"curr_unt_this_yr_mth_bud_unt_var":0.0,"month_12":5.4647605275788E9,"quarter_3_amount":0.0,"month_12_rate":0.0,"month_4_amount":0.0,"this_year_ytd":1.56390230876461E11,"month_12_amount":0.0,"budget_amount":0.0},{"remaining_value":0.0,"month_11":5.3209414105836E9,"act_unt_count":0.0,"description":"N/A","status_id":1,"this_year_budget":1.88266407879E9,"quarter_4":0.0,"target_value":0.0,"month_7_rate":0.0,"quarter_3":0.0,"is_intertemplate":0,"is_number_base":false,"this_year_ytd_count":0.0,"this_year_budget_count":0.0,"lst_yr_curr_mth_ytd_unt_count":0.0,"this_year_ytd":1.88266407879E9,"curr_bud_var":1595154077.79,"month_12":5.4634605275788E9,"month_5":4.4403210542244E9,"quarter_2":0.0,"quarter_1":0.0,"month_6":4.5901786741892E9,"lst_yr_curr_mth_wght_avg_rate":0.00,"quarter_4_amount":0.0,"branch_id":999,"budget_rate":0.0,"parent_id":386,"lst_mth_ytd_unt_count":0.0,"month_6_rate":0.0,"this_yr_curr_wght_avg_rate":0.00,"month_11_rate":0.0,"month_9_rate":0.0,"forcasted_year_count":0.0,"cy_fees":0.0,"quarter_2_amount":0.0,"has_exception":0,"weighted_avg_rate":0.0,"month_9_amount":0.0,"end_date":null,"month_10":5.1772246539499E9,"month_8":4.8861578803988E9,"curr_mth_ytd_var":0.00,"month_4":4.2892041265288E9,"id":9281,"start_date":null,"curr_this_yr_mth_bud_var":0.00,"month_5_rate":0.0,"month_8_rate":0.0,"month_10_rate":0.0,"created_date":"2020-01-21T07:53:16.000+0000","month_2_rate":0.0,"budget_period":10,"account_category_id":1521,"lst_mth_act":0.00,"mth_ytd_lst_yr_mth_ytd_var":0.00,"is_editable":1,"month_1":2.6591732774915E9,"monthly_id":4421,"month_2_amount":0.0,"lst_mth_ytd":0.00,"mth_ytd":1882664078.79,"spended_budget":0,"modified_by":null,"month_6_amount":0.0,"quarter_1_amount":0.0,"this_yr_curr_bud_unt_count":0.0,"template_id":1,"month_10_amount":0.0,"lst_yr_curr_mth_ytd":0.00,"is_computational":0,"lst_mth_act_unt":0.0,"budget_id":9281,"curr_lst_mth_var":1882664078.79,"mth_act":1882664078.79,"mth_bud":287510001.00,"ytd_unt_count":0.00,"mth_ytd_this_yr_mth_bud_var":0.00,"month_1_rate":0.0,"curr_lst_yr_mth_var":1882664078.79,"ytd_unt_this_yr_mth_bud_unt_var":0.0,"curr_unt_lst_mth_unt_var":0.0,"lst_yr_curr_mth_act":0.00,"curr_unt_lst_yr_mth_ytd_unt_var":0.0,"modified_date":null,"created_by":null,"month_11_amount":0.0,"month_3_rate":0.0,"lst_yr_curr_mth_act_unt_count":0.0,"mth_bud_unt_count":0.0,"month_3_amount":0.0,"month_1_amount":0.0,"month_7":4.7387874806543E9,"month_5_amount":0.0,"measure_id":1,"month_2":3.4863784793457E9,"month_7_amount":0.0,"month_8_amount":0.0,"curr_unt_ytd_unt_var":0.0,"carried_over_budget":0.0,"month_3":4.1368173086845E9,"exp_list":null,"actual_value":5.463460527578754E9,"cat_item_id":"1521","remarks":"-","this_yr_curr_mth_bud":287510001.00,"growth_rate":117.65,"month_9":5.0323001934789E9,"account_item_id":null,"suggested_rate":0.0,"month_4_rate":0.0,"forcasted_year":2.510218771420001E9,"suggested_actual_value":0.0,"curr_unt_this_yr_mth_bud_unt_var":0.0,"quarter_3_amount":0.0,"name":"Property And Equipment","month_12_rate":0.0,"month_4_amount":0.0,"month_12_amount":0.0,"budget_amount":0.0},{"remaining_value":0.0,"this_year_budget":2.4481165906E8,"act_unt_count":0.0,"description":"N/A","status_id":1,"quarter_4":0.0,"is_intertemplate":1,"target_value":0.0,"month_7_rate":0.0,"quarter_3":0.0,"is_number_base":false,"month_6":3.181468914624E8,"cat_item_id":"63","this_year_ytd_count":0.0,"month_8":3.141700826388E8,"this_year_budget_count":0.0,"lst_yr_curr_mth_ytd_unt_count":0.0,"quarter_2":0.0,"quarter_1":0.0,"lst_yr_curr_mth_wght_avg_rate":0.00,"this_year_ytd":2.4481165906E8,"quarter_4_amount":0.0,"branch_id":999,"budget_rate":0.0,"lst_mth_ytd_unt_count":0.0,"month_6_rate":0.0,"this_yr_curr_wght_avg_rate":0.00,"month_11_rate":0.0,"month_9_rate":0.0,"forcasted_year_count":0.0,"cy_fees":0.0,"quarter_2_amount":0.0,"has_exception":1,"weighted_avg_rate":0.0,"month_9_amount":0.0,"end_date":null,"parent_id":1521,"forcasted_year":3.26415545413333E8,"curr_mth_ytd_var":0.00,"id":9282,"month_7":3.161501673669E8,"start_date":null,"curr_this_yr_mth_bud_var":0.00,"month_5_rate":0.0,"month_8_rate":0.0,"month_10_rate":0.0,"created_date":"2020-01-21T07:53:16.000+0000","curr_lst_yr_mth_var":244811659.06,"month_2_rate":0.0,"budget_period":10,"lst_mth_act":0.00,"is_editable":0,"mth_ytd_lst_yr_mth_ytd_var":0.00,"monthly_id":4422,"month_2_amount":0.0,"lst_mth_ytd":0.00,"mth_act":244811659.06,"curr_lst_mth_var":244811659.06,"spended_budget":0,"modified_by":null,"month_6_amount":0.0,"quarter_1_amount":0.0,"this_yr_curr_bud_unt_count":0.0,"template_id":1,"month_10_amount":0.0,"lst_yr_curr_mth_ytd":0.00,"is_computational":0,"month_4":3.221908182373E8,"lst_mth_act_unt":0.0,"budget_id":9282,"month_2":3.24562995736E8,"month_10":3.10259277795E8,"mth_ytd":244811659.06,"ytd_unt_count":0.00,"mth_ytd_this_yr_mth_bud_var":0.00,"name":"Land","actual_value":3.0641338144829065E8,"month_1_rate":0.0,"month_5":3.20160394752E8,"ytd_unt_this_yr_mth_bud_unt_var":0.0,"account_category_id":63,"curr_unt_lst_mth_unt_var":0.0,"lst_yr_curr_mth_act":0.00,"curr_unt_lst_yr_mth_ytd_unt_var":0.0,"modified_date":null,"created_by":null,"mth_bud":88000000.00,"month_11_amount":0.0,"month_3_rate":0.0,"lst_yr_curr_mth_act_unt_count":0.0,"mth_bud_unt_count":0.0,"month_3_amount":0.0,"month_1_amount":0.0,"month_5_amount":0.0,"measure_id":1,"growth_rate":-6.13,"month_7_amount":0.0,"month_8_amount":0.0,"curr_unt_ytd_unt_var":0.0,"carried_over_budget":0.0,"month_12":3.064133814483E8,"remarks":"-","curr_bud_var":156811659.06,"account_item_id":null,"suggested_rate":0.0,"month_4_rate":0.0,"exp_list":"[{\"eid\":13,\"ecode\":\"TGB\",\"ename\":\"Growth Rate Between - 5 And -10\"},{\"eid\":1,\"ecode\":\"BLY\",\"ename\":\"Budget Less Than Last Year\"}]","month_9":3.122064986168E8,"suggested_actual_value":0.0,"curr_unt_this_yr_mth_bud_unt_var":0.0,"month_3":3.242383041049E8,"this_yr_curr_mth_bud":88000000.00,"month_11":3.083282838134E8,"quarter_3_amount":0.0,"month_12_rate":0.0,"month_4_amount":0.0,"month_1":3.242904158682E8,"month_12_amount":0.0,"budget_amount":0.0},{"remaining_value":0.0,"month_3":9.86692991296E7,"month_6":9.91438400821E7,"month_1":9.22043222559E7,"act_unt_count":0.0,"description":"N/A","status_id":1,"mth_bud":1.00,"quarter_4":0.0,"is_intertemplate":1,"target_value":0.0,"month_7_rate":0.0,"quarter_3":0.0,"is_number_base":false,"cat_item_id":"64","month_4":9.88288049701E7,"month_10":9.97583109647E7,"month_2":9.58984529038E7,"this_year_ytd_count":0.0,"forcasted_year":9.2079148493333E7,"this_year_budget_count":0.0,"lst_yr_curr_mth_ytd_unt_count":0.0,"actual_value":1.0005791885915317E8,"quarter_2":0.0,"quarter_1":0.0,"lst_yr_curr_mth_wght_avg_rate":0.00,"quarter_4_amount":0.0,"branch_id":999,"budget_rate":0.0,"lst_mth_ytd_unt_count":0.0,"month_6_rate":0.0,"this_yr_curr_wght_avg_rate":0.00,"month_11_rate":0.0,"month_9_rate":0.0,"forcasted_year_count":0.0,"cy_fees":0.0,"quarter_2_amount":0.0,"has_exception":1,"weighted_avg_rate":0.0,"month_9_amount":0.0,"end_date":null,"this_year_budget":6.905936137E7,"parent_id":1521,"curr_mth_ytd_var":0.00,"month_5":9.89869815954E7,"this_yr_curr_mth_bud":1.00,"id":9283,"name":"Buildings","month_11":9.99087417067E7,"start_date":null,"month_8":9.94536464863E7,"curr_this_yr_mth_bud_var":0.00,"month_5_rate":0.0,"month_8_rate":0.0,"month_10_rate":0.0,"created_date":"2020-01-21T07:53:16.000+0000","month_2_rate":0.0,"budget_period":10,"month_12":1.000579188592E8,"mth_ytd":69059361.37,"lst_mth_act":0.00,"is_editable":0,"mth_ytd_lst_yr_mth_ytd_var":0.00,"month_7":9.92993914147E7,"monthly_id":4423,"month_2_amount":0.0,"lst_mth_ytd":0.00,"this_year_ytd":6.905936137E7,"spended_budget":0,"modified_by":null,"month_6_amount":0.0,"quarter_1_amount":0.0,"this_yr_curr_bud_unt_count":0.0,"template_id":1,"month_10_amount":0.0,"curr_lst_yr_mth_var":69059361.37,"lst_yr_curr_mth_ytd":0.00,"is_computational":0,"lst_mth_act_unt":0.0,"budget_id":9283,"curr_lst_mth_var":69059361.37,"ytd_unt_count":0.00,"mth_ytd_this_yr_mth_bud_var":0.00,"mth_act":69059361.37,"month_1_rate":0.0,"growth_rate":8.67,"ytd_unt_this_yr_mth_bud_unt_var":0.0,"curr_unt_lst_mth_unt_var":0.0,"lst_yr_curr_mth_act":0.00,"curr_unt_lst_yr_mth_ytd_unt_var":0.0,"modified_date":null,"created_by":null,"month_11_amount":0.0,"month_3_rate":0.0,"lst_yr_curr_mth_act_unt_count":0.0,"mth_bud_unt_count":0.0,"month_3_amount":0.0,"month_1_amount":0.0,"month_5_amount":0.0,"exp_list":"[{\"eid\":11,\"ecode\":\"TGB\",\"ename\":\"Growth Rate Between 5 And 10\"}]","measure_id":1,"month_7_amount":0.0,"month_8_amount":0.0,"curr_unt_ytd_unt_var":0.0,"carried_over_budget":0.0,"remarks":"-","account_item_id":null,"suggested_rate":0.0,"account_category_id":64,"month_4_rate":0.0,"suggested_actual_value":0.0,"curr_unt_this_yr_mth_bud_unt_var":0.0,"quarter_3_amount":0.0,"month_12_rate":0.0,"month_4_amount":0.0,"month_9":9.96066160989E7,"curr_bud_var":69059360.37,"month_12_amount":0.0,"budget_amount":0.0},{"remaining_value":0.0,"act_unt_count":0.0,"description":"N/A","status_id":1,"this_year_budget":1.385218484E8,"month_5":1.1265540993117E9,"quarter_4":0.0,"is_intertemplate":1,"target_value":0.0,"month_7_rate":0.0,"quarter_3":0.0,"is_number_base":false,"cat_item_id":"65","this_year_ytd_count":0.0,"this_year_budget_count":0.0,"lst_yr_curr_mth_ytd_unt_count":0.0,"this_year_ytd":1.385218484E8,"quarter_2":0.0,"quarter_1":0.0,"lst_yr_curr_mth_wght_avg_rate":0.00,"quarter_4_amount":0.0,"branch_id":999,"month_2":6.569692495549E8,"budget_rate":0.0,"lst_mth_ytd_unt_count":0.0,"month_6_rate":0.0,"this_yr_curr_wght_avg_rate":0.00,"month_11_rate":0.0,"month_9_rate":0.0,"forcasted_year_count":0.0,"cy_fees":0.0,"quarter_2_amount":0.0,"has_exception":0,"weighted_avg_rate":0.0,"month_9_amount":0.0,"end_date":null,"month_8":1.3582486871771E9,"parent_id":1521,"curr_lst_yr_mth_var":138521848.40,"curr_mth_ytd_var":0.00,"curr_lst_mth_var":138521848.40,"mth_act":138521848.40,"id":9284,"start_date":null,"curr_this_yr_mth_bud_var":0.00,"month_5_rate":0.0,"month_8_rate":0.0,"monthly_id":4424,"month_10_rate":0.0,"created_date":"2020-01-21T07:53:16.000+0000","curr_bud_var":130511848.40,"month_2_rate":0.0,"budget_period":10,"lst_mth_act":0.00,"is_editable":0,"mth_ytd_lst_yr_mth_ytd_var":0.00,"month_2_amount":0.0,"lst_mth_ytd":0.00,"spended_budget":0,"modified_by":null,"month_6_amount":0.0,"month_1":2.624899995511E8,"quarter_1_amount":0.0,"this_yr_curr_bud_unt_count":0.0,"actual_value":1.6582640539193776E9,"template_id":1,"month_10_amount":0.0,"budget_id":9284,"lst_yr_curr_mth_ytd":0.00,"is_computational":0,"lst_mth_act_unt":0.0,"this_yr_curr_mth_bud":8010000.00,"month_9":1.4341966147839E9,"month_3":9.688278391419E8,"month_7":1.2816625416912E9,"ytd_unt_count":0.00,"mth_ytd_this_yr_mth_bud_var":0.00,"month_1_rate":0.0,"ytd_unt_this_yr_mth_bud_unt_var":0.0,"mth_ytd":138521848.40,"month_6":1.2044328151508E9,"curr_unt_lst_mth_unt_var":0.0,"lst_yr_curr_mth_act":0.00,"curr_unt_lst_yr_mth_ytd_unt_var":0.0,"month_10":1.5095116429941E9,"month_12":1.6582640539194E9,"modified_date":null,"created_by":null,"month_11_amount":0.0,"month_3_rate":0.0,"lst_yr_curr_mth_act_unt_count":0.0,"mth_bud_unt_count":0.0,"month_3_amount":0.0,"month_1_amount":0.0,"name":"Vehicles","month_5_amount":0.0,"forcasted_year":1.84695797866667E8,"measure_id":1,"mth_bud":8010000.00,"month_7_amount":0.0,"month_8_amount":0.0,"curr_unt_ytd_unt_var":0.0,"carried_over_budget":0.0,"exp_list":null,"remarks":"-","account_item_id":null,"suggested_rate":0.0,"growth_rate":797.84,"account_category_id":65,"month_4_rate":0.0,"suggested_actual_value":0.0,"curr_unt_this_yr_mth_bud_unt_var":0.0,"month_11":1.5841990459691E9,"quarter_3_amount":0.0,"month_12_rate":0.0,"month_4_amount":0.0,"month_4":1.0480209404824E9,"month_12_amount":0.0,"budget_amount":0.0},{"remaining_value":0.0,"act_unt_count":0.0,"description":"N/A","name":"Furnitures And Fixtures","status_id":1,"quarter_4":0.0,"is_intertemplate":1,"target_value":0.0,"month_7_rate":0.0,"quarter_3":0.0,"is_number_base":false,"this_year_ytd_count":0.0,"this_year_budget_count":0.0,"lst_yr_curr_mth_ytd_unt_count":0.0,"month_5":1.115774815627E9,"quarter_2":0.0,"quarter_1":0.0,"lst_yr_curr_mth_wght_avg_rate":0.00,"quarter_4_amount":0.0,"branch_id":999,"month_9":1.4237721740872E9,"budget_rate":0.0,"lst_mth_ytd_unt_count":0.0,"month_6_rate":0.0,"this_yr_curr_wght_avg_rate":0.00,"month_11_rate":0.0,"month_9_rate":0.0,"forcasted_year_count":0.0,"cy_fees":0.0,"quarter_2_amount":0.0,"remarks":"this is test remarks","has_exception":0,"weighted_avg_rate":0.0,"month_9_amount":0.0,"end_date":null,"parent_id":1521,"mth_ytd":130091945.45,"curr_mth_ytd_var":0.00,"month_7":1.2710621641732E9,"this_year_budget":1.3009194545E8,"id":9285,"
[...]
</arguments>
<status status="PASS" starttime="20210205 15:52:45.863" endtime="20210205 15:52:45.893"></status>
</kw>
<kw name="Click Element" library="SeleniumLibrary">
<doc>Click the element identified by ``locator``.</doc>
<arguments>
<arg>xpath=//li[@id='${specialReports}']//div</arg>
</arguments>
<msg timestamp="20210205 15:52:45.894" level="INFO">Clicking element 'xpath=//li[@id='specialReports']//div'.</msg>
<status status="PASS" starttime="20210205 15:52:45.893" endtime="20210205 15:52:46.027"></status>
</kw>
<kw name="Sleep" library="BuiltIn">
<doc>Pauses the test executed for the given time.</doc>
<arguments>
<arg>3s</arg>
</arguments>
<msg timestamp="20210205 15:52:49.038" level="INFO">Slept 3 seconds</msg>
<status status="PASS" starttime="20210205 15:52:46.027" endtime="20210205 15:52:49.038"></status>
</kw>
<status status="PASS" starttime="20210205 15:52:45.863" endtime="20210205 15:52:49.038"></status>
</kw>
<status status="PASS" starttime="20210205 15:52:45.862" endtime="20210205 15:52:49.038"></status>
</kw>
<status status="PASS" starttime="20210205 15:52:32.652" endtime="20210205 15:52:49.039" critical="yes"></status>
</test>
<status status="PASS" starttime="20210205 15:52:29.539" endtime="20210205 15:52:49.041"></status>
</suite>
<suite id="s1-s13" name="T9 template Consolidation" source="E:\QAautomation\Budget-Automation\budget_admin\test_suites\T9_template_Consolidation.robot">
<test id="s1-s13-t1" name="Click template Consolidation">
<kw name="Run Keyword And Continue On Failure" library="BuiltIn">
<doc>Runs the keyword and continues execution even if a failure occurs.</doc>
<arguments>
<arg>Click template Consolidation</arg>
</arguments>
<kw name="Click template Consolidation" library="templateButtonPage">
<kw name="Click Element" library="SeleniumLibrary">
<doc>Click the element identified by ``locator``.</doc>
<arguments>
<arg>${click_template_consolidate_xpath}</arg>
</arguments>
<msg timestamp="20210205 15:52:49.063" level="INFO">Clicking element '//li[@id="template"]//div'.</msg>
<status status="PASS" starttime="20210205 15:52:49.063" endtime="20210205 15:52:49.199"></status>
</kw>
<kw name="Sleep" library="BuiltIn">
<doc>Pauses the test executed for the given time.</doc>
<arguments>
<arg>2s</arg>
</arguments>
<msg timestamp="20210205 15:52:51.212" level="INFO">Slept 2 seconds</msg>
<status status="PASS" starttime="20210205 15:52:49.200" endtime="20210205 15:52:51.212"></status>
</kw>
<status status="PASS" starttime="20210205 15:52:49.063" endtime="20210205 15:52:51.213"></status>
</kw>
<status status="PASS" starttime="20210205 15:52:49.063" endtime="20210205 15:52:51.213"></status>
</kw>
<status status="PASS" starttime="20210205 15:52:49.062" endtime="20210205 15:52:51.213" critical="yes"></status>
</test>
<test id="s1-s13-t2" name="Balance sheet Template Consolidation">
<kw name="Run Keyword And Continue On Failure" library="BuiltIn">
<doc>Runs the keyword and continues execution even if a failure occurs.</doc>
<arguments>
<arg>Balance sheet Template Consolidation</arg>
</arguments>
<kw name="Balance sheet Template Consolidation" library="templateButtonPage">
<kw name="Click Element" library="SeleniumLibrary">
<doc>Click the element identified by ``locator``.</doc>
<arguments>
<arg>xpath=//a[@id='${template_consolidate}_1']</arg>
</arguments>
<msg timestamp="20210205 15:52:51.218" level="INFO">Clicking element 'xpath=//a[@id='template_consolidate_1']'.</msg>
<status status="PASS" starttime="20210205 15:52:51.217" endtime="20210205 15:52:51.493"></status>
</kw>
<kw name="Sleep" library="BuiltIn">
<doc>Pauses the test executed for the given time.</doc>
<arguments>
<arg>1s</arg>
</arguments>
<msg timestamp="20210205 15:52:52.500" level="INFO">Slept 1 second</msg>
<status status="PASS" starttime="20210205 15:52:51.493" endtime="20210205 15:52:52.500"></status>
</kw>
<status status="PASS" starttime="20210205 15:52:51.217" endtime="20210205 15:52:52.500"></status>
</kw>
<status status="PASS" starttime="20210205 15:52:51.216" endtime="20210205 15:52:52.500"></status>
</kw>
<status status="PASS" starttime="20210205 15:52:51.215" endtime="20210205 15:52:52.501" critical="yes"></status>
</test>
<test id="s1-s13-t3" name="Click Download template Consolidation">
<kw name="Run Keyword And Continue On Failure" library="BuiltIn">
<doc>Runs the keyword and continues execution even if a failure occurs.</doc>
<arguments>
<arg>Download template Consolidation</arg>
</arguments>
<kw name="Download template Consolidation" library="templateButtonPage">
<kw name="Click Element" library="SeleniumLibrary">
<doc>Click the element identified by ``locator``.</doc>
<arguments>
<arg>xpath=//app-budget-consolidated-treetable/div[1]/span[2]/span/nz-dropdown/span</arg>
</arguments>
<msg timestamp="20210205 15:52:52.506" level="INFO">Clicking element 'xpath=//app-budget-consolidated-treetable/div[1]/span[2]/span/nz-dropdown/span'.</msg>
<status status="PASS" starttime="20210205 15:52:52.505" endtime="20210205 15:52:52.572"></status>
</kw>
<kw name="Sleep" library="BuiltIn">
<doc>Pauses the test executed for the given time.</doc>
<arguments>
<arg>1s</arg>
</arguments>
<msg timestamp="20210205 15:52:53.580" level="INFO">Slept 1 second</msg>
<status status="PASS" starttime="20210205 15:52:52.573" endtime="20210205 15:52:53.580"></status>
</kw>
<kw name="Click Element" library="SeleniumLibrary">
<doc>Click the element identified by ``locator``.</doc>
<arguments>
<arg>//li[@class='ant-dropdown-menu-item']</arg>
</arguments>
<msg timestamp="20210205 15:52:53.580" level="INFO">Clicking element '//li[@class='ant-dropdown-menu-item']'.</msg>
<status status="PASS" starttime="20210205 15:52:53.580" endtime="20210205 15:52:53.652"></status>
</kw>
<status status="PASS" starttime="20210205 15:52:52.505" endtime="20210205 15:52:53.653"></status>
</kw>
<status status="PASS" starttime="20210205 15:52:52.505" endtime="20210205 15:52:53.653"></status>
</kw>
<status status="PASS" starttime="20210205 15:52:52.504" endtime="20210205 15:52:53.654" critical="yes"></status>
</test>
<test id="s1-s13-t4" name="Click refresh template Consolidation">
<kw name="Run Keyword And Continue On Failure" library="BuiltIn">
<doc>Runs the keyword and continues execution even if a failure occurs.</doc>
<arguments>
<arg>Click refresh template Consolidation</arg>
</arguments>
<kw name="Click refresh template Consolidation" library="templateButtonPage">
<kw name="Click Element" library="SeleniumLibrary">
<doc>Click the element identified by ``locator``.</doc>
<arguments>
<arg>xpath=//app-budget-consolidated-treetable/div[1]/span[2]/span/i</arg>
</arguments>
<msg timestamp="20210205 15:52:53.657" level="INFO">Clicking element 'xpath=//app-budget-consolidated-treetable/div[1]/span[2]/span/i'.</msg>
<status status="PASS" starttime="20210205 15:52:53.656" endtime="20210205 15:52:54.237"></status>
</kw>
<kw name="Sleep" library="BuiltIn">
<doc>Pauses the test executed for the given time.</doc>
<arguments>
<arg>1s</arg>
</arguments>
<msg timestamp="20210205 15:52:55.251" level="INFO">Slept 1 second</msg>
<status status="PASS" starttime="20210205 15:52:54.237" endtime="20210205 15:52:55.251"></status>
</kw>
<status status="PASS" starttime="20210205 15:52:53.656" endtime="20210205 15:52:55.252"></status>
</kw>
<status status="PASS" starttime="20210205 15:52:53.656" endtime="20210205 15:52:55.252"></status>
</kw>
<kw name="Run Keyword And Continue On Failure" library="BuiltIn">
<doc>Runs the keyword and continues execution even if a failure occurs.</doc>
<arguments>
<arg>Click template Consolidation</arg>
</arguments>
<kw name="Click template Consolidation" library="templateButtonPage">
<kw name="Click Element" library="SeleniumLibrary">
<doc>Click the element identified by ``locator``.</doc>
<arguments>
<arg>${click_template_consolidate_xpath}</arg>
</arguments>
<msg timestamp="20210205 15:52:55.255" level="INFO">Clicking element '//li[@id="template"]//div'.</msg>
<status status="PASS" starttime="20210205 15:52:55.255" endtime="20210205 15:52:55.922"></status>
</kw>
<kw name="Sleep" library="BuiltIn">
<doc>Pauses the test executed for the given time.</doc>
<arguments>
<arg>2s</arg>
</arguments>
<msg timestamp="20210205 15:52:57.929" level="INFO">Slept 2 seconds</msg>
<status status="PASS" starttime="20210205 15:52:55.922" endtime="20210205 15:52:57.929"></status>
</kw>
<status status="PASS" starttime="20210205 15:52:55.254" endtime="20210205 15:52:57.930"></status>
</kw>
<status status="PASS" starttime="20210205 15:52:55.254" endtime="20210205 15:52:57.930"></status>
</kw>
<status status="PASS" starttime="20210205 15:52:53.655" endtime="20210205 15:52:57.930" critical="yes"></status>
</test>
<test id="s1-s13-t5" name="click logout">
<kw name="Run Keyword And Continue On Failure" library="BuiltIn">
<doc>Runs the keyword and continues execution even if a failure occurs.</doc>
<arguments>
<arg>Click Logout</arg>
</arguments>
<kw name="Click Logout">
<msg timestamp="20210205 15:52:57.936" level="FAIL">No keyword with name 'Click Logout' found.</msg>
<status status="FAIL" starttime="20210205 15:52:57.936" endtime="20210205 15:52:57.936"></status>
</kw>
<status status="FAIL" starttime="20210205 15:52:57.933" endtime="20210205 15:52:57.936"></status>
</kw>
<status status="FAIL" starttime="20210205 15:52:57.932" endtime="20210205 15:52:57.937" critical="yes">No keyword with name 'Click Logout' found.</status>
</test>
<status status="FAIL" starttime="20210205 15:52:49.045" endtime="20210205 15:52:57.939"></status>
</suite>
<suite id="s1-s14" name="Test" source="E:\QAautomation\Budget-Automation\budget_admin\test_suites\test.robot">
<test id="s1-s14-t1" name="db test">
<kw name="Connection to Db">
<kw name="Connect To Database" library="DatabaseLibrary">
<doc>Loads the DB API 2.0 module given `dbapiModuleName` then uses it to
connect to the database using `dbName`, `dbUsername`, and `dbPassword`.</doc>
<arguments>
<arg>pymysql</arg>
<arg>${DBName}</arg>
<arg>${DBUser}</arg>
<arg>${DBpass}</arg>
<arg>${DBHost}</arg>
<arg>${DBPort}</arg>
</arguments>
<msg timestamp="20210205 15:52:57.963" level="INFO">Connecting using : pymysql.connect(db=budgetdb, user=application, passwd=Application@123, host=10.13.189.56, port=3306, charset=None) </msg>
<status status="PASS" starttime="20210205 15:52:57.963" endtime="20210205 15:52:58.101"></status>
</kw>
<status status="PASS" starttime="20210205 15:52:57.962" endtime="20210205 15:52:58.101"></status>
</kw>
<kw name="Execute Sql Script" library="DatabaseLibrary">
<doc>Executes the content of the `sqlScriptFileName` as SQL commands. Useful for setting the database to a known
state before running your tests, or clearing out your test data after running each a test. Set optional input
`sansTran` to True to run command without an explicit transaction commit or rollback.</doc>
<arguments>
<arg>${EXECDIR}/databases/cpx.sql</arg>
</arguments>
<msg timestamp="20210205 15:52:58.102" level="INFO">Executing : Execute SQL Script  |  E:\QAautomation\Budget-Automation\budget_admin/databases/cpx.sql </msg>
<status status="PASS" starttime="20210205 15:52:58.102" endtime="20210205 15:52:58.837"></status>
</kw>
<status status="PASS" starttime="20210205 15:52:57.962" endtime="20210205 15:52:58.838" critical="yes"></status>
</test>
<status status="PASS" starttime="20210205 15:52:57.944" endtime="20210205 15:52:58.840"></status>
</suite>
<status status="FAIL" starttime="20210205 15:47:59.317" endtime="20210205 15:52:58.851"></status>
</suite>
<statistics>
<total>
<stat pass="57" fail="2">Critical Tests</stat>
<stat pass="57" fail="2">All Tests</stat>
</total>
<tag>
</tag>
<suite>
<stat pass="57" fail="2" id="s1" name="T0 verify admin &amp; T0 verify test adhoc assign &amp; T1 user management &amp; T1 verify budget guidelines &amp; T1 verify capex prebudget &amp; T2 verify hr prebudget &amp; T3 verify activity prebudget &amp; T4 verify bs prebudget &amp; T5 verify profitloss prebudget &amp; T6 simulation after prebudget &amp; T7 quarterlyReport consolidation &amp; T8 specialReport consolidation &amp; T9 template Consolidation &amp; Test">T0 verify admin &amp; T0 verify test adhoc assign &amp; T1 user management &amp; T1 verify budget guidelines &amp; T1 verify capex prebudget &amp; T2 verify hr prebudget &amp; T3 verify activity prebudget &amp; T4 verify bs prebudget &amp; T5 verify profitloss prebudget &amp; T6 simulation after prebudget &amp; T7 quarterlyReport consolidation &amp; T8 specialReport consolidation &amp; T9 template Consolidation &amp; Test</stat>
<stat pass="1" fail="0" id="s1-s1" name="T0 verify admin">T0 verify admin &amp; T0 verify test adhoc assign &amp; T1 user management &amp; T1 verify budget guidelines &amp; T1 verify capex prebudget &amp; T2 verify hr prebudget &amp; T3 verify activity prebudget &amp; T4 verify bs prebudget &amp; T5 verify profitloss prebudget &amp; T6 simulation after prebudget &amp; T7 quarterlyReport consolidation &amp; T8 specialReport consolidation &amp; T9 template Consolidation &amp; Test.T0 verify admin</stat>
<stat pass="1" fail="0" id="s1-s2" name="T0 verify test adhoc assign">T0 verify admin &amp; T0 verify test adhoc assign &amp; T1 user management &amp; T1 verify budget guidelines &amp; T1 verify capex prebudget &amp; T2 verify hr prebudget &amp; T3 verify activity prebudget &amp; T4 verify bs prebudget &amp; T5 verify profitloss prebudget &amp; T6 simulation after prebudget &amp; T7 quarterlyReport consolidation &amp; T8 specialReport consolidation &amp; T9 template Consolidation &amp; Test.T0 verify test adhoc assign</stat>
<stat pass="13" fail="0" id="s1-s3" name="T1 user management">T0 verify admin &amp; T0 verify test adhoc assign &amp; T1 user management &amp; T1 verify budget guidelines &amp; T1 verify capex prebudget &amp; T2 verify hr prebudget &amp; T3 verify activity prebudget &amp; T4 verify bs prebudget &amp; T5 verify profitloss prebudget &amp; T6 simulation after prebudget &amp; T7 quarterlyReport consolidation &amp; T8 specialReport consolidation &amp; T9 template Consolidation &amp; Test.T1 user management</stat>
<stat pass="5" fail="0" id="s1-s4" name="T1 verify budget guidelines">T0 verify admin &amp; T0 verify test adhoc assign &amp; T1 user management &amp; T1 verify budget guidelines &amp; T1 verify capex prebudget &amp; T2 verify hr prebudget &amp; T3 verify activity prebudget &amp; T4 verify bs prebudget &amp; T5 verify profitloss prebudget &amp; T6 simulation after prebudget &amp; T7 quarterlyReport consolidation &amp; T8 specialReport consolidation &amp; T9 template Consolidation &amp; Test.T1 verify budget guidelines</stat>
<stat pass="16" fail="1" id="s1-s5" name="T1 verify capex prebudget">T0 verify admin &amp; T0 verify test adhoc assign &amp; T1 user management &amp; T1 verify budget guidelines &amp; T1 verify capex prebudget &amp; T2 verify hr prebudget &amp; T3 verify activity prebudget &amp; T4 verify bs prebudget &amp; T5 verify profitloss prebudget &amp; T6 simulation after prebudget &amp; T7 quarterlyReport consolidation &amp; T8 specialReport consolidation &amp; T9 template Consolidation &amp; Test.T1 verify capex prebudget</stat>
<stat pass="1" fail="0" id="s1-s6" name="T2 verify hr prebudget">T0 verify admin &amp; T0 verify test adhoc assign &amp; T1 user management &amp; T1 verify budget guidelines &amp; T1 verify capex prebudget &amp; T2 verify hr prebudget &amp; T3 verify activity prebudget &amp; T4 verify bs prebudget &amp; T5 verify profitloss prebudget &amp; T6 simulation after prebudget &amp; T7 quarterlyReport consolidation &amp; T8 specialReport consolidation &amp; T9 template Consolidation &amp; Test.T2 verify hr prebudget</stat>
<stat pass="1" fail="0" id="s1-s7" name="T3 verify activity prebudget">T0 verify admin &amp; T0 verify test adhoc assign &amp; T1 user management &amp; T1 verify budget guidelines &amp; T1 verify capex prebudget &amp; T2 verify hr prebudget &amp; T3 verify activity prebudget &amp; T4 verify bs prebudget &amp; T5 verify profitloss prebudget &amp; T6 simulation after prebudget &amp; T7 quarterlyReport consolidation &amp; T8 specialReport consolidation &amp; T9 template Consolidation &amp; Test.T3 verify activity prebudget</stat>
<stat pass="1" fail="0" id="s1-s8" name="T4 verify bs prebudget">T0 verify admin &amp; T0 verify test adhoc assign &amp; T1 user management &amp; T1 verify budget guidelines &amp; T1 verify capex prebudget &amp; T2 verify hr prebudget &amp; T3 verify activity prebudget &amp; T4 verify bs prebudget &amp; T5 verify profitloss prebudget &amp; T6 simulation after prebudget &amp; T7 quarterlyReport consolidation &amp; T8 specialReport consolidation &amp; T9 template Consolidation &amp; Test.T4 verify bs prebudget</stat>
<stat pass="1" fail="0" id="s1-s9" name="T5 verify profitloss prebudget">T0 verify admin &amp; T0 verify test adhoc assign &amp; T1 user management &amp; T1 verify budget guidelines &amp; T1 verify capex prebudget &amp; T2 verify hr prebudget &amp; T3 verify activity prebudget &amp; T4 verify bs prebudget &amp; T5 verify profitloss prebudget &amp; T6 simulation after prebudget &amp; T7 quarterlyReport consolidation &amp; T8 specialReport consolidation &amp; T9 template Consolidation &amp; Test.T5 verify profitloss prebudget</stat>
<stat pass="8" fail="0" id="s1-s10" name="T6 simulation after prebudget">T0 verify admin &amp; T0 verify test adhoc assign &amp; T1 user management &amp; T1 verify budget guidelines &amp; T1 verify capex prebudget &amp; T2 verify hr prebudget &amp; T3 verify activity prebudget &amp; T4 verify bs prebudget &amp; T5 verify profitloss prebudget &amp; T6 simulation after prebudget &amp; T7 quarterlyReport consolidation &amp; T8 specialReport consolidation &amp; T9 template Consolidation &amp; Test.T6 simulation after prebudget</stat>
<stat pass="2" fail="0" id="s1-s11" name="T7 quarterlyReport consolidation">T0 verify admin &amp; T0 verify test adhoc assign &amp; T1 user management &amp; T1 verify budget guidelines &amp; T1 verify capex prebudget &amp; T2 verify hr prebudget &amp; T3 verify activity prebudget &amp; T4 verify bs prebudget &amp; T5 verify profitloss prebudget &amp; T6 simulation after prebudget &amp; T7 quarterlyReport consolidation &amp; T8 specialReport consolidation &amp; T9 template Consolidation &amp; Test.T7 quarterlyReport consolidation</stat>
<stat pass="2" fail="0" id="s1-s12" name="T8 specialReport consolidation">T0 verify admin &amp; T0 verify test adhoc assign &amp; T1 user management &amp; T1 verify budget guidelines &amp; T1 verify capex prebudget &amp; T2 verify hr prebudget &amp; T3 verify activity prebudget &amp; T4 verify bs prebudget &amp; T5 verify profitloss prebudget &amp; T6 simulation after prebudget &amp; T7 quarterlyReport consolidation &amp; T8 specialReport consolidation &amp; T9 template Consolidation &amp; Test.T8 specialReport consolidation</stat>
<stat pass="4" fail="1" id="s1-s13" name="T9 template Consolidation">T0 verify admin &amp; T0 verify test adhoc assign &amp; T1 user management &amp; T1 verify budget guidelines &amp; T1 verify capex prebudget &amp; T2 verify hr prebudget &amp; T3 verify activity prebudget &amp; T4 verify bs prebudget &amp; T5 verify profitloss prebudget &amp; T6 simulation after prebudget &amp; T7 quarterlyReport consolidation &amp; T8 specialReport consolidation &amp; T9 template Consolidation &amp; Test.T9 template Consolidation</stat>
<stat pass="1" fail="0" id="s1-s14" name="Test">T0 verify admin &amp; T0 verify test adhoc assign &amp; T1 user management &amp; T1 verify budget guidelines &amp; T1 verify capex prebudget &amp; T2 verify hr prebudget &amp; T3 verify activity prebudget &amp; T4 verify bs prebudget &amp; T5 verify profitloss prebudget &amp; T6 simulation after prebudget &amp; T7 quarterlyReport consolidation &amp; T8 specialReport consolidation &amp; T9 template Consolidation &amp; Test.Test</stat>
</suite>
</statistics>
<errors>
</errors>
</robot>
