<?xml version="1.0" encoding="UTF-8"?>
<robot generator="Robot 3.2.2 (Python 3.6.8 on win32)" generated="20201124 21:52:15.064" rpa="false">
<suite id="s1" name="Verify Admin" source="E:\budget_admin\test_suites\verify_admin.robot">
<kw name="Open Budget Application" type="setup">
<kw name="Open Browser" library="SeleniumLibrary">
<doc>Opens a new browser instance to the optional ``url``.</doc>
<arguments>
<arg>${url}</arg>
<arg>Chrome</arg>
</arguments>
<msg timestamp="20201124 21:52:15.319" level="INFO">Opening browser 'Chrome' to base url 'https://10.13.189.8:8443/cas/login?service=https%3A%2F%2F10.13.189.8%3A8443%2Fbudget%2Flogin%2Fcas'.</msg>
<status status="PASS" starttime="20201124 21:52:15.319" endtime="20201124 21:52:19.541"></status>
</kw>
<kw name="Maximize Browser Window" library="SeleniumLibrary">
<doc>Maximizes current browser window.</doc>
<status status="PASS" starttime="20201124 21:52:19.541" endtime="20201124 21:52:21.692"></status>
</kw>
<kw name="Click Button" library="SeleniumLibrary">
<doc>Clicks the button identified by ``locator``.</doc>
<arguments>
<arg>details-button</arg>
</arguments>
<msg timestamp="20201124 21:52:21.692" level="INFO">Clicking button 'details-button'.</msg>
<status status="PASS" starttime="20201124 21:52:21.692" endtime="20201124 21:52:21.789"></status>
</kw>
<kw name="Click Element" library="SeleniumLibrary">
<doc>Click the element identified by ``locator``.</doc>
<arguments>
<arg>proceed-link</arg>
</arguments>
<msg timestamp="20201124 21:52:21.790" level="INFO">Clicking element 'proceed-link'.</msg>
<status status="PASS" starttime="20201124 21:52:21.790" endtime="20201124 21:52:27.281"></status>
</kw>
<kw name="Sleep" library="BuiltIn">
<doc>Pauses the test executed for the given time.</doc>
<arguments>
<arg>2S</arg>
</arguments>
<msg timestamp="20201124 21:52:29.297" level="INFO">Slept 2 seconds</msg>
<status status="PASS" starttime="20201124 21:52:27.282" endtime="20201124 21:52:29.297"></status>
</kw>
<status status="PASS" starttime="20201124 21:52:15.317" endtime="20201124 21:52:29.297"></status>
</kw>
<test id="s1-t1" name="Verify Login Page">
<kw name="Login user" library="loginPage">
<kw name="Input Text" library="SeleniumLibrary">
<doc>Types the given ``text`` into the text field identified by ``locator``.</doc>
<arguments>
<arg>id=username</arg>
<arg>${username}</arg>
</arguments>
<msg timestamp="20201124 21:52:29.307" level="INFO">Typing text 'admin' into text field 'id=username'.</msg>
<status status="PASS" starttime="20201124 21:52:29.306" endtime="20201124 21:52:29.532"></status>
</kw>
<kw name="Input Text" library="SeleniumLibrary">
<doc>Types the given ``text`` into the text field identified by ``locator``.</doc>
<arguments>
<arg>id=password</arg>
<arg>${password}</arg>
</arguments>
<msg timestamp="20201124 21:52:29.534" level="INFO">Typing text 'admin123' into text field 'id=password'.</msg>
<status status="PASS" starttime="20201124 21:52:29.532" endtime="20201124 21:52:29.740"></status>
</kw>
<kw name="Press Keys" library="SeleniumLibrary">
<doc>Simulates the user pressing key(s) to an element or on the active browser.</doc>
<arguments>
<arg>name=submit</arg>
<arg>RETURN</arg>
</arguments>
<msg timestamp="20201124 21:52:29.741" level="INFO">Sending key(s) ('RETURN',) to name=submit element.</msg>
<msg timestamp="20201124 21:52:50.305" level="INFO">Pressing special key RETURN to element.</msg>
<msg timestamp="20201124 21:52:50.305" level="INFO">Releasing special key RETURN.</msg>
<status status="PASS" starttime="20201124 21:52:29.740" endtime="20201124 21:52:50.537"></status>
</kw>
<kw name="Sleep" library="BuiltIn">
<doc>Pauses the test executed for the given time.</doc>
<arguments>
<arg>2s</arg>
</arguments>
<msg timestamp="20201124 21:52:52.550" level="INFO">Slept 2 seconds</msg>
<status status="PASS" starttime="20201124 21:52:50.537" endtime="20201124 21:52:52.551"></status>
</kw>
<status status="PASS" starttime="20201124 21:52:29.301" endtime="20201124 21:52:52.552"></status>
</kw>
<kw name="Verify Capex Prebudget" library="capexPrebudget">
<kw name="Toggle Prebudget" library="capexPrebudget">
<kw name="Wait Until Element Is Visible" library="SeleniumLibrary">
<doc>Waits until the element ``locator`` is visible.</doc>
<arguments>
<arg>xpath=//li[@id="${menu_name}"]//span</arg>
</arguments>
<status status="PASS" starttime="20201124 21:52:52.558" endtime="20201124 21:52:52.661"></status>
</kw>
<kw name="Click Element" library="SeleniumLibrary">
<doc>Click the element identified by ``locator``.</doc>
<arguments>
<arg>xpath=//li[@id="${menu_name}"]//span</arg>
</arguments>
<msg timestamp="20201124 21:52:52.661" level="INFO">Clicking element 'xpath=//li[@id="prebudget"]//span'.</msg>
<status status="PASS" starttime="20201124 21:52:52.661" endtime="20201124 21:52:52.856"></status>
</kw>
<kw name="Sleep" library="BuiltIn">
<doc>Pauses the test executed for the given time.</doc>
<arguments>
<arg>2s</arg>
</arguments>
<msg timestamp="20201124 21:52:54.873" level="INFO">Slept 2 seconds</msg>
<status status="PASS" starttime="20201124 21:52:52.856" endtime="20201124 21:52:54.874"></status>
</kw>
<status status="PASS" starttime="20201124 21:52:52.557" endtime="20201124 21:52:54.875"></status>
</kw>
<kw name="Open Capex Prebudget" library="capexPrebudget">
<kw name="Wait Until Element Is Visible" library="SeleniumLibrary">
<doc>Waits until the element ``locator`` is visible.</doc>
<arguments>
<arg>xpath=//a[@id='${menu_name}_3']</arg>
</arguments>
<status status="PASS" starttime="20201124 21:52:54.875" endtime="20201124 21:52:54.969"></status>
</kw>
<kw name="Click Element" library="SeleniumLibrary">
<doc>Click the element identified by ``locator``.</doc>
<arguments>
<arg>xpath=//a[@id='${menu_name}_3']</arg>
</arguments>
<msg timestamp="20201124 21:52:54.969" level="INFO">Clicking element 'xpath=//a[@id='prebudget_3']'.</msg>
<status status="PASS" starttime="20201124 21:52:54.969" endtime="20201124 21:52:55.541"></status>
</kw>
<kw name="Sleep" library="BuiltIn">
<doc>Pauses the test executed for the given time.</doc>
<arguments>
<arg>2s</arg>
</arguments>
<msg timestamp="20201124 21:52:57.556" level="INFO">Slept 2 seconds</msg>
<status status="PASS" starttime="20201124 21:52:55.541" endtime="20201124 21:52:57.557"></status>
</kw>
<status status="PASS" starttime="20201124 21:52:54.875" endtime="20201124 21:52:57.558"></status>
</kw>
<kw name="Capex Download Worksheet" library="capexPrebudget">
<kw name="Download Dropdown" library="capexPrebudget">
<kw name="Wait Until Element Is Visible" library="SeleniumLibrary">
<doc>Waits until the element ``locator`` is visible.</doc>
<arguments>
<arg>${download_dropdown}</arg>
</arguments>
<status status="PASS" starttime="20201124 21:52:57.560" endtime="20201124 21:52:57.656"></status>
</kw>
<kw name="Click Element" library="SeleniumLibrary">
<doc>Click the element identified by ``locator``.</doc>
<arguments>
<arg>${download_dropdown}</arg>
</arguments>
<msg timestamp="20201124 21:52:57.656" level="INFO">Clicking element '//span[@class='ant-dropdown-trigger']//i'.</msg>
<status status="PASS" starttime="20201124 21:52:57.656" endtime="20201124 21:52:57.841"></status>
</kw>
<kw name="Sleep" library="BuiltIn">
<doc>Pauses the test executed for the given time.</doc>
<arguments>
<arg>1s</arg>
</arguments>
<msg timestamp="20201124 21:52:58.844" level="INFO">Slept 1 second</msg>
<status status="PASS" starttime="20201124 21:52:57.843" endtime="20201124 21:52:58.845"></status>
</kw>
<status status="PASS" starttime="20201124 21:52:57.560" endtime="20201124 21:52:58.845"></status>
</kw>
<kw name="Wait Until Element Is Visible" library="SeleniumLibrary">
<doc>Waits until the element ``locator`` is visible.</doc>
<arguments>
<arg>${download_worksheet_xpath}</arg>
</arguments>
<status status="PASS" starttime="20201124 21:52:58.845" endtime="20201124 21:52:58.922"></status>
</kw>
<kw name="Click Element" library="SeleniumLibrary">
<doc>Click the element identified by ``locator``.</doc>
<arguments>
<arg>${download_worksheet_xpath}</arg>
</arguments>
<msg timestamp="20201124 21:52:58.922" level="INFO">Clicking element '//app-download-worksheet[@id='download_worksheet_btn']'.</msg>
<status status="PASS" starttime="20201124 21:52:58.922" endtime="20201124 21:52:59.125"></status>
</kw>
<kw name="Sleep" library="BuiltIn">
<doc>Pauses the test executed for the given time.</doc>
<arguments>
<arg>5s</arg>
</arguments>
<msg timestamp="20201124 21:53:04.138" level="INFO">Slept 5 seconds</msg>
<status status="PASS" starttime="20201124 21:52:59.125" endtime="20201124 21:53:04.139"></status>
</kw>
<status status="PASS" starttime="20201124 21:52:57.559" endtime="20201124 21:53:04.139"></status>
</kw>
<kw name="Capex Download Excel" library="capexPrebudget">
<kw name="Download Dropdown" library="capexPrebudget">
<kw name="Wait Until Element Is Visible" library="SeleniumLibrary">
<doc>Waits until the element ``locator`` is visible.</doc>
<arguments>
<arg>${download_dropdown}</arg>
</arguments>
<status status="PASS" starttime="20201124 21:53:04.140" endtime="20201124 21:53:04.204"></status>
</kw>
<kw name="Click Element" library="SeleniumLibrary">
<doc>Click the element identified by ``locator``.</doc>
<arguments>
<arg>${download_dropdown}</arg>
</arguments>
<msg timestamp="20201124 21:53:04.204" level="INFO">Clicking element '//span[@class='ant-dropdown-trigger']//i'.</msg>
<status status="PASS" starttime="20201124 21:53:04.204" endtime="20201124 21:53:04.387"></status>
</kw>
<kw name="Sleep" library="BuiltIn">
<doc>Pauses the test executed for the given time.</doc>
<arguments>
<arg>1s</arg>
</arguments>
<msg timestamp="20201124 21:53:05.387" level="INFO">Slept 1 second</msg>
<status status="PASS" starttime="20201124 21:53:04.387" endtime="20201124 21:53:05.387"></status>
</kw>
<status status="PASS" starttime="20201124 21:53:04.140" endtime="20201124 21:53:05.388"></status>
</kw>
<kw name="Wait Until Element Is Visible" library="SeleniumLibrary">
<doc>Waits until the element ``locator`` is visible.</doc>
<arguments>
<arg>${download_excel_xpath}</arg>
</arguments>
<status status="PASS" starttime="20201124 21:53:05.388" endtime="20201124 21:53:05.453"></status>
</kw>
<kw name="Click Element" library="SeleniumLibrary">
<doc>Click the element identified by ``locator``.</doc>
<arguments>
<arg>${download_excel_xpath}</arg>
</arguments>
<msg timestamp="20201124 21:53:05.453" level="INFO">Clicking element '//li[@id='download_template_btn']'.</msg>
<status status="PASS" starttime="20201124 21:53:05.453" endtime="20201124 21:53:05.627"></status>
</kw>
<kw name="Sleep" library="BuiltIn">
<doc>Pauses the test executed for the given time.</doc>
<arguments>
<arg>2s</arg>
</arguments>
<msg timestamp="20201124 21:53:07.636" level="INFO">Slept 2 seconds</msg>
<status status="PASS" starttime="20201124 21:53:05.627" endtime="20201124 21:53:07.636"></status>
</kw>
<status status="PASS" starttime="20201124 21:53:04.140" endtime="20201124 21:53:07.637"></status>
</kw>
<status status="PASS" starttime="20201124 21:52:52.552" endtime="20201124 21:53:07.638"></status>
</kw>
<status status="PASS" starttime="20201124 21:52:29.297" endtime="20201124 21:53:07.638" critical="yes"></status>
</test>
<doc>this suite verifies admin pge.</doc>
<status status="PASS" starttime="20201124 21:52:15.066" endtime="20201124 21:53:07.646"></status>
</suite>
<statistics>
<total>
<stat pass="1" fail="0">Critical Tests</stat>
<stat pass="1" fail="0">All Tests</stat>
</total>
<tag>
</tag>
<suite>
<stat pass="1" fail="0" id="s1" name="Verify Admin">Verify Admin</stat>
</suite>
</statistics>
<errors>
</errors>
</robot>
